2025-01-27 05:56:07,790 - INFO - Hyperparameter tuning is disabled. Using predefined training configuration.
2025-01-27 05:56:07,790 - INFO - 

2025-01-27 05:56:07,910 - INFO - Initialized Conv2d weights with Xavier initialization.
2025-01-27 05:56:07,912 - INFO - Initialized Conv2d weights with Xavier initialization.
2025-01-27 05:56:07,912 - INFO - Initialized Conv2d weights with Xavier initialization.
2025-01-27 05:56:07,914 - INFO - Initialized Conv2d weights with Xavier initialization.
2025-01-27 05:56:08,009 - INFO - Initialized Linear weights with Xavier initialization.
2025-01-27 05:56:08,009 - INFO - Initialized Linear weights with Xavier initialization.
2025-01-27 05:56:08,605 - INFO - Split Results:
2025-01-27 05:56:08,605 - INFO - 
+-------------------+---------+--------------+
| Metric            |   Count | Percentage   |
+===================+=========+==============+
| Train People      |    1520 |              |
+-------------------+---------+--------------+
| Train Pairs       |    1572 | (71.45%)     |
+-------------------+---------+--------------+
| Validation People |     612 |              |
+-------------------+---------+--------------+
| Validation Pairs  |     628 | (28.55%)     |
+-------------------+---------+--------------+
| Dropped Pairs     |       0 | (0.00%)      |
+-------------------+---------+--------------+
2025-01-27 05:56:08,606 - INFO - Data prepared: 1572 training pairs, 628 validation pairs (Batch Size = 116).
2025-01-27 05:56:08,606 - INFO - _regularized_loss function defined as loss function.
2025-01-27 05:56:08,606 - INFO - Adam optimizer initialized with parameters: {'lr': 0.0004589905310509041, 'betas': (0.5, 0.9), 'weight_decay': 2.204425101193955e-06}
2025-01-27 05:56:08,606 - INFO - Trainer attributes updated from configuration.
2025-01-27 05:56:10,260 - INFO - Epoch 1, Batch 5: Loss = 0.6968, Accuracy = 0.5121
2025-01-27 05:56:11,069 - INFO - Epoch 1, Batch 10: Loss = 0.6917, Accuracy = 0.5276
2025-01-27 05:56:12,166 - INFO - Validation: Loss = 0.6588, Accuracy = 0.5175, Precision = 0.7500, Recall = 0.1015, F1 = 0.1789
2025-01-27 05:56:12,168 - INFO - Epoch 1/200: Train Loss = 0.6907, Val Loss = 0.6588
2025-01-27 05:56:12,784 - INFO - Checkpoint saved at ./output/checkpoints//best_model.pth
2025-01-27 05:56:13,736 - INFO - Epoch 2, Batch 5: Loss = 0.6843, Accuracy = 0.5259
2025-01-27 05:56:14,547 - INFO - Epoch 2, Batch 10: Loss = 0.6565, Accuracy = 0.5353
2025-01-27 05:56:15,660 - INFO - Validation: Loss = 0.6526, Accuracy = 0.6099, Precision = 0.6724, Recall = 0.4800, F1 = 0.5601
2025-01-27 05:56:15,662 - INFO - Epoch 2/200: Train Loss = 0.6815, Val Loss = 0.6526
2025-01-27 05:56:16,243 - INFO - Checkpoint saved at ./output/checkpoints//best_model.pth
2025-01-27 05:56:17,398 - INFO - Epoch 3, Batch 5: Loss = 0.5968, Accuracy = 0.6241
2025-01-27 05:56:18,199 - INFO - Epoch 3, Batch 10: Loss = 0.6391, Accuracy = 0.6224
2025-01-27 05:56:19,307 - INFO - Validation: Loss = 0.6372, Accuracy = 0.6226, Precision = 0.6164, Recall = 0.7169, F1 = 0.6629
2025-01-27 05:56:19,310 - INFO - Epoch 3/200: Train Loss = 0.6419, Val Loss = 0.6372
2025-01-27 05:56:19,909 - INFO - Checkpoint saved at ./output/checkpoints//best_model.pth
2025-01-27 05:56:21,542 - INFO - Epoch 4, Batch 5: Loss = 0.6066, Accuracy = 0.6690
2025-01-27 05:56:22,346 - INFO - Epoch 4, Batch 10: Loss = 0.5895, Accuracy = 0.6586
2025-01-27 05:56:23,441 - INFO - Validation: Loss = 0.6366, Accuracy = 0.6194, Precision = 0.6272, Recall = 0.6523, F1 = 0.6395
2025-01-27 05:56:23,443 - INFO - Epoch 4/200: Train Loss = 0.6223, Val Loss = 0.6366
2025-01-27 05:56:24,314 - INFO - Checkpoint saved at ./output/checkpoints//best_model.pth
2025-01-27 05:56:25,801 - INFO - Epoch 5, Batch 5: Loss = 0.6164, Accuracy = 0.6690
2025-01-27 05:56:26,567 - INFO - Epoch 5, Batch 10: Loss = 0.6508, Accuracy = 0.6698
2025-01-27 05:56:27,670 - INFO - Validation: Loss = 0.6164, Accuracy = 0.6561, Precision = 0.6823, Recall = 0.6277, F1 = 0.6538
2025-01-27 05:56:27,672 - INFO - Epoch 5/200: Train Loss = 0.6124, Val Loss = 0.6164
2025-01-27 05:56:28,558 - INFO - Checkpoint saved at ./output/checkpoints//best_model.pth
2025-01-27 05:56:30,056 - INFO - Epoch 6, Batch 5: Loss = 0.5992, Accuracy = 0.7000
2025-01-27 05:56:30,859 - INFO - Epoch 6, Batch 10: Loss = 0.4825, Accuracy = 0.7000
2025-01-27 05:56:31,945 - INFO - Validation: Loss = 0.5743, Accuracy = 0.6847, Precision = 0.7396, Recall = 0.6031, F1 = 0.6644
2025-01-27 05:56:31,947 - INFO - Epoch 6/200: Train Loss = 0.5897, Val Loss = 0.5743
2025-01-27 05:56:32,825 - INFO - Checkpoint saved at ./output/checkpoints//best_model.pth
2025-01-27 05:56:33,949 - INFO - Epoch 7, Batch 5: Loss = 0.5746, Accuracy = 0.7069
2025-01-27 05:56:34,720 - INFO - Epoch 7, Batch 10: Loss = 0.5731, Accuracy = 0.6948
2025-01-27 05:56:35,780 - INFO - Validation: Loss = 0.5877, Accuracy = 0.6545, Precision = 0.7061, Recall = 0.5692, F1 = 0.6303
2025-01-27 05:56:35,782 - INFO - Epoch 7/200: Train Loss = 0.5821, Val Loss = 0.5877
2025-01-27 05:56:36,549 - INFO - Epoch 8, Batch 5: Loss = 0.5482, Accuracy = 0.7172
2025-01-27 05:56:37,340 - INFO - Epoch 8, Batch 10: Loss = 0.5041, Accuracy = 0.7121
2025-01-27 05:56:38,442 - INFO - Validation: Loss = 0.5900, Accuracy = 0.6879, Precision = 0.6891, Recall = 0.7231, F1 = 0.7057
2025-01-27 05:56:38,444 - INFO - Epoch 8/200: Train Loss = 0.5579, Val Loss = 0.5900
2025-01-27 05:56:39,242 - INFO - Epoch 9, Batch 5: Loss = 0.5074, Accuracy = 0.7431
2025-01-27 05:56:40,045 - INFO - Epoch 9, Batch 10: Loss = 0.5513, Accuracy = 0.7388
2025-01-27 05:56:41,157 - INFO - Validation: Loss = 0.6178, Accuracy = 0.6863, Precision = 0.6641, Recall = 0.7969, F1 = 0.7245
2025-01-27 05:56:41,159 - INFO - Epoch 9/200: Train Loss = 0.5144, Val Loss = 0.6178
2025-01-27 05:56:41,963 - INFO - Epoch 10, Batch 5: Loss = 0.5419, Accuracy = 0.7655
2025-01-27 05:56:42,772 - INFO - Epoch 10, Batch 10: Loss = 0.5219, Accuracy = 0.7569
2025-01-27 05:56:43,872 - INFO - Validation: Loss = 0.5684, Accuracy = 0.7134, Precision = 0.7736, Recall = 0.6308, F1 = 0.6949
2025-01-27 05:56:43,874 - INFO - Epoch 10/200: Train Loss = 0.4968, Val Loss = 0.5684
2025-01-27 05:56:44,498 - INFO - Checkpoint saved at ./output/checkpoints//best_model.pth
2025-01-27 05:56:45,626 - INFO - Epoch 11, Batch 5: Loss = 0.4459, Accuracy = 0.7862
2025-01-27 05:56:46,421 - INFO - Epoch 11, Batch 10: Loss = 0.4819, Accuracy = 0.7784
2025-01-27 05:56:47,530 - INFO - Validation: Loss = 0.5710, Accuracy = 0.6847, Precision = 0.7378, Recall = 0.6062, F1 = 0.6655
2025-01-27 05:56:47,532 - INFO - Epoch 11/200: Train Loss = 0.4806, Val Loss = 0.5710
2025-01-27 05:56:48,332 - INFO - Epoch 12, Batch 5: Loss = 0.4725, Accuracy = 0.8052
2025-01-27 05:56:49,128 - INFO - Epoch 12, Batch 10: Loss = 0.4512, Accuracy = 0.8026
2025-01-27 05:56:50,220 - INFO - Validation: Loss = 0.5918, Accuracy = 0.6943, Precision = 0.6773, Recall = 0.7815, F1 = 0.7257
2025-01-27 05:56:50,222 - INFO - Epoch 12/200: Train Loss = 0.4462, Val Loss = 0.5918
2025-01-27 05:56:51,024 - INFO - Epoch 13, Batch 5: Loss = 0.3667, Accuracy = 0.8310
2025-01-27 05:56:51,827 - INFO - Epoch 13, Batch 10: Loss = 0.5298, Accuracy = 0.8043
2025-01-27 05:56:52,937 - INFO - Validation: Loss = 0.5920, Accuracy = 0.6815, Precision = 0.7273, Recall = 0.6154, F1 = 0.6667
2025-01-27 05:56:52,939 - INFO - Epoch 13/200: Train Loss = 0.4166, Val Loss = 0.5920
2025-01-27 05:56:53,751 - INFO - Epoch 14, Batch 5: Loss = 0.3527, Accuracy = 0.8379
2025-01-27 05:56:54,547 - INFO - Epoch 14, Batch 10: Loss = 0.4932, Accuracy = 0.8293
2025-01-27 05:56:55,634 - INFO - Validation: Loss = 0.5853, Accuracy = 0.7022, Precision = 0.6938, Recall = 0.7600, F1 = 0.7254
2025-01-27 05:56:55,636 - INFO - Epoch 14/200: Train Loss = 0.3914, Val Loss = 0.5853
2025-01-27 05:56:56,422 - INFO - Epoch 15, Batch 5: Loss = 0.3660, Accuracy = 0.8534
2025-01-27 05:56:57,201 - INFO - Epoch 15, Batch 10: Loss = 0.2469, Accuracy = 0.8526
2025-01-27 05:56:58,269 - INFO - Validation: Loss = 0.6142, Accuracy = 0.7086, Precision = 0.7500, Recall = 0.6554, F1 = 0.6995
2025-01-27 05:56:58,271 - INFO - Epoch 15/200: Train Loss = 0.3564, Val Loss = 0.6142
2025-01-27 05:56:59,050 - INFO - Epoch 16, Batch 5: Loss = 0.3065, Accuracy = 0.8603
2025-01-27 05:56:59,839 - INFO - Epoch 16, Batch 10: Loss = 0.2740, Accuracy = 0.8672
2025-01-27 05:57:00,920 - INFO - Validation: Loss = 0.5947, Accuracy = 0.7182, Precision = 0.7500, Recall = 0.6831, F1 = 0.7150
2025-01-27 05:57:00,922 - INFO - Epoch 16/200: Train Loss = 0.3135, Val Loss = 0.5947
2025-01-27 05:57:01,713 - INFO - Epoch 17, Batch 5: Loss = 0.2797, Accuracy = 0.8793
2025-01-27 05:57:02,482 - INFO - Epoch 17, Batch 10: Loss = 0.2296, Accuracy = 0.8888
2025-01-27 05:57:03,557 - INFO - Validation: Loss = 0.7406, Accuracy = 0.6879, Precision = 0.6641, Recall = 0.8031, F1 = 0.7270
2025-01-27 05:57:03,559 - INFO - Epoch 17/200: Train Loss = 0.2763, Val Loss = 0.7406
2025-01-27 05:57:04,365 - INFO - Epoch 18, Batch 5: Loss = 0.2285, Accuracy = 0.8966
2025-01-27 05:57:05,144 - INFO - Epoch 18, Batch 10: Loss = 0.2144, Accuracy = 0.9026
2025-01-27 05:57:06,203 - INFO - Validation: Loss = 0.6303, Accuracy = 0.7118, Precision = 0.7156, Recall = 0.7354, F1 = 0.7253
2025-01-27 05:57:06,205 - INFO - Epoch 18/200: Train Loss = 0.2456, Val Loss = 0.6303
2025-01-27 05:57:06,989 - INFO - Epoch 19, Batch 5: Loss = 0.3389, Accuracy = 0.9000
2025-01-27 05:57:07,766 - INFO - Epoch 19, Batch 10: Loss = 0.2352, Accuracy = 0.9078
2025-01-27 05:57:08,850 - INFO - Validation: Loss = 0.7125, Accuracy = 0.6911, Precision = 0.6775, Recall = 0.7692, F1 = 0.7205
2025-01-27 05:57:08,852 - INFO - Epoch 19/200: Train Loss = 0.2330, Val Loss = 0.7125
2025-01-27 05:57:09,623 - INFO - Epoch 20, Batch 5: Loss = 0.1891, Accuracy = 0.9328
2025-01-27 05:57:10,413 - INFO - Epoch 20, Batch 10: Loss = 0.1706, Accuracy = 0.9328
2025-01-27 05:57:11,499 - INFO - Validation: Loss = 0.6725, Accuracy = 0.6927, Precision = 0.7215, Recall = 0.6615, F1 = 0.6902
2025-01-27 05:57:11,501 - INFO - Epoch 20/200: Train Loss = 0.1915, Val Loss = 0.6725
2025-01-27 05:57:12,271 - INFO - Epoch 21, Batch 5: Loss = 0.2321, Accuracy = 0.9310
2025-01-27 05:57:13,045 - INFO - Epoch 21, Batch 10: Loss = 0.1873, Accuracy = 0.9293
2025-01-27 05:57:14,108 - INFO - Validation: Loss = 0.6566, Accuracy = 0.7373, Precision = 0.7395, Recall = 0.7600, F1 = 0.7496
2025-01-27 05:57:14,110 - INFO - Epoch 21/200: Train Loss = 0.1965, Val Loss = 0.6566
2025-01-27 05:57:14,880 - INFO - Epoch 22, Batch 5: Loss = 0.2317, Accuracy = 0.9362
2025-01-27 05:57:15,656 - INFO - Epoch 22, Batch 10: Loss = 0.1778, Accuracy = 0.9328
2025-01-27 05:57:16,724 - INFO - Validation: Loss = 0.6862, Accuracy = 0.7102, Precision = 0.7698, Recall = 0.6277, F1 = 0.6915
2025-01-27 05:57:16,726 - INFO - Epoch 22/200: Train Loss = 0.1712, Val Loss = 0.6862
2025-01-27 05:57:17,501 - INFO - Epoch 23, Batch 5: Loss = 0.0926, Accuracy = 0.9741
2025-01-27 05:57:18,274 - INFO - Epoch 23, Batch 10: Loss = 0.1375, Accuracy = 0.9664
2025-01-27 05:57:19,362 - INFO - Validation: Loss = 0.7899, Accuracy = 0.6975, Precision = 0.6781, Recall = 0.7908, F1 = 0.7301
2025-01-27 05:57:19,364 - INFO - Epoch 23/200: Train Loss = 0.1232, Val Loss = 0.7899
2025-01-27 05:57:20,146 - INFO - Epoch 24, Batch 5: Loss = 0.1600, Accuracy = 0.9517
2025-01-27 05:57:20,931 - INFO - Epoch 24, Batch 10: Loss = 0.1123, Accuracy = 0.9578
2025-01-27 05:57:22,006 - INFO - Validation: Loss = 0.7146, Accuracy = 0.7070, Precision = 0.7169, Recall = 0.7169, F1 = 0.7169
2025-01-27 05:57:22,008 - INFO - Epoch 24/200: Train Loss = 0.1190, Val Loss = 0.7146
2025-01-27 05:57:22,805 - INFO - Epoch 25, Batch 5: Loss = 0.1090, Accuracy = 0.9690
2025-01-27 05:57:23,581 - INFO - Epoch 25, Batch 10: Loss = 0.1027, Accuracy = 0.9655
2025-01-27 05:57:24,666 - INFO - Validation: Loss = 0.6931, Accuracy = 0.7213, Precision = 0.7358, Recall = 0.7200, F1 = 0.7278
2025-01-27 05:57:24,668 - INFO - Epoch 25/200: Train Loss = 0.1150, Val Loss = 0.6931
2025-01-27 05:57:25,447 - INFO - Epoch 26, Batch 5: Loss = 0.1022, Accuracy = 0.9793
2025-01-27 05:57:26,218 - INFO - Epoch 26, Batch 10: Loss = 0.0602, Accuracy = 0.9810
2025-01-27 05:57:27,326 - INFO - Validation: Loss = 0.7724, Accuracy = 0.7118, Precision = 0.7323, Recall = 0.6985, F1 = 0.7150
2025-01-27 05:57:27,328 - INFO - Epoch 26/200: Train Loss = 0.0862, Val Loss = 0.7724
2025-01-27 05:57:28,132 - INFO - Epoch 27, Batch 5: Loss = 0.0920, Accuracy = 0.9793
2025-01-27 05:57:28,909 - INFO - Epoch 27, Batch 10: Loss = 0.1045, Accuracy = 0.9793
2025-01-27 05:57:29,968 - INFO - Validation: Loss = 0.8848, Accuracy = 0.6879, Precision = 0.6711, Recall = 0.7785, F1 = 0.7208
2025-01-27 05:57:29,970 - INFO - Epoch 27/200: Train Loss = 0.0929, Val Loss = 0.8848
2025-01-27 05:57:30,736 - INFO - Epoch 28, Batch 5: Loss = 0.0408, Accuracy = 0.9810
2025-01-27 05:57:31,542 - INFO - Epoch 28, Batch 10: Loss = 0.0706, Accuracy = 0.9810
2025-01-27 05:57:32,661 - INFO - Validation: Loss = 0.7954, Accuracy = 0.7102, Precision = 0.7284, Recall = 0.7015, F1 = 0.7147
2025-01-27 05:57:32,663 - INFO - Epoch 28/200: Train Loss = 0.0646, Val Loss = 0.7954
2025-01-27 05:57:33,456 - INFO - Epoch 29, Batch 5: Loss = 0.0498, Accuracy = 0.9914
2025-01-27 05:57:34,252 - INFO - Epoch 29, Batch 10: Loss = 0.0754, Accuracy = 0.9793
2025-01-27 05:57:35,361 - INFO - Validation: Loss = 0.7738, Accuracy = 0.7182, Precision = 0.7114, Recall = 0.7662, F1 = 0.7378
2025-01-27 05:57:35,363 - INFO - Epoch 29/200: Train Loss = 0.0714, Val Loss = 0.7738
2025-01-27 05:57:36,152 - INFO - Epoch 30, Batch 5: Loss = 0.0476, Accuracy = 0.9931
2025-01-27 05:57:36,943 - INFO - Epoch 30, Batch 10: Loss = 0.0781, Accuracy = 0.9853
2025-01-27 05:57:38,135 - INFO - Validation: Loss = 0.8022, Accuracy = 0.7213, Precision = 0.7435, Recall = 0.7046, F1 = 0.7235
2025-01-27 05:57:38,138 - INFO - Epoch 30/200: Train Loss = 0.0569, Val Loss = 0.8022
2025-01-27 05:57:39,067 - INFO - Epoch 31, Batch 5: Loss = 0.0518, Accuracy = 0.9879
2025-01-27 05:57:39,992 - INFO - Epoch 31, Batch 10: Loss = 0.0519, Accuracy = 0.9836
2025-01-27 05:57:41,143 - INFO - Validation: Loss = 0.8041, Accuracy = 0.7182, Precision = 0.7270, Recall = 0.7292, F1 = 0.7281
2025-01-27 05:57:41,145 - INFO - Epoch 31/200: Train Loss = 0.0469, Val Loss = 0.8041
2025-01-27 05:57:42,030 - INFO - Epoch 32, Batch 5: Loss = 0.0345, Accuracy = 0.9914
2025-01-27 05:57:42,809 - INFO - Epoch 32, Batch 10: Loss = 0.0473, Accuracy = 0.9853
2025-01-27 05:57:43,898 - INFO - Validation: Loss = 0.8024, Accuracy = 0.6975, Precision = 0.7090, Recall = 0.7046, F1 = 0.7068
2025-01-27 05:57:43,900 - INFO - Epoch 32/200: Train Loss = 0.0539, Val Loss = 0.8024
2025-01-27 05:57:44,698 - INFO - Epoch 33, Batch 5: Loss = 0.0451, Accuracy = 0.9914
2025-01-27 05:57:45,470 - INFO - Epoch 33, Batch 10: Loss = 0.0779, Accuracy = 0.9914
2025-01-27 05:57:46,548 - INFO - Validation: Loss = 0.8265, Accuracy = 0.7150, Precision = 0.7226, Recall = 0.7292, F1 = 0.7259
2025-01-27 05:57:46,550 - INFO - Epoch 33/200: Train Loss = 0.0415, Val Loss = 0.8265
2025-01-27 05:57:47,329 - INFO - Epoch 34, Batch 5: Loss = 0.0232, Accuracy = 0.9983
2025-01-27 05:57:48,097 - INFO - Epoch 34, Batch 10: Loss = 0.1315, Accuracy = 0.9914
2025-01-27 05:57:49,187 - INFO - Validation: Loss = 0.8775, Accuracy = 0.6959, Precision = 0.7428, Recall = 0.6308, F1 = 0.6822
2025-01-27 05:57:49,189 - INFO - Epoch 34/200: Train Loss = 0.0491, Val Loss = 0.8775
2025-01-27 05:57:49,967 - INFO - Epoch 35, Batch 5: Loss = 0.0312, Accuracy = 0.9879
2025-01-27 05:57:50,743 - INFO - Epoch 35, Batch 10: Loss = 0.0486, Accuracy = 0.9879
2025-01-27 05:57:51,842 - INFO - Validation: Loss = 0.9421, Accuracy = 0.7134, Precision = 0.7393, Recall = 0.6892, F1 = 0.7134
2025-01-27 05:57:51,844 - INFO - Epoch 35/200: Train Loss = 0.0339, Val Loss = 0.9421
2025-01-27 05:57:52,627 - INFO - Epoch 36, Batch 5: Loss = 0.0207, Accuracy = 0.9966
2025-01-27 05:57:53,408 - INFO - Epoch 36, Batch 10: Loss = 0.0335, Accuracy = 0.9948
2025-01-27 05:57:54,624 - INFO - Validation: Loss = 0.8979, Accuracy = 0.7150, Precision = 0.7517, Recall = 0.6708, F1 = 0.7089
2025-01-27 05:57:54,626 - INFO - Epoch 36/200: Train Loss = 0.0251, Val Loss = 0.8979
2025-01-27 05:57:55,475 - INFO - Epoch 37, Batch 5: Loss = 0.0112, Accuracy = 0.9966
2025-01-27 05:57:56,404 - INFO - Epoch 37, Batch 10: Loss = 0.0195, Accuracy = 0.9948
2025-01-27 05:57:57,533 - INFO - Validation: Loss = 0.9214, Accuracy = 0.6927, Precision = 0.7276, Recall = 0.6492, F1 = 0.6862
2025-01-27 05:57:57,535 - INFO - Epoch 37/200: Train Loss = 0.0247, Val Loss = 0.9214
2025-01-27 05:57:58,312 - INFO - Epoch 38, Batch 5: Loss = 0.0152, Accuracy = 0.9983
2025-01-27 05:57:59,080 - INFO - Epoch 38, Batch 10: Loss = 0.0278, Accuracy = 0.9974
2025-01-27 05:58:00,286 - INFO - Validation: Loss = 0.9534, Accuracy = 0.6975, Precision = 0.7027, Recall = 0.7200, F1 = 0.7112
2025-01-27 05:58:00,288 - INFO - Epoch 38/200: Train Loss = 0.0229, Val Loss = 0.9534
2025-01-27 05:58:01,134 - INFO - Epoch 39, Batch 5: Loss = 0.0548, Accuracy = 0.9879
2025-01-27 05:58:01,913 - INFO - Epoch 39, Batch 10: Loss = 0.0181, Accuracy = 0.9914
2025-01-27 05:58:02,989 - INFO - Validation: Loss = 0.9319, Accuracy = 0.7245, Precision = 0.7275, Recall = 0.7477, F1 = 0.7375
2025-01-27 05:58:02,991 - INFO - Epoch 39/200: Train Loss = 0.0308, Val Loss = 0.9319
2025-01-27 05:58:03,763 - INFO - Epoch 40, Batch 5: Loss = 0.0308, Accuracy = 0.9931
2025-01-27 05:58:04,534 - INFO - Epoch 40, Batch 10: Loss = 0.0226, Accuracy = 0.9957
2025-01-27 05:58:05,655 - INFO - Validation: Loss = 0.9805, Accuracy = 0.7022, Precision = 0.7078, Recall = 0.7231, F1 = 0.7154
2025-01-27 05:58:05,657 - INFO - Epoch 40/200: Train Loss = 0.0224, Val Loss = 0.9805
2025-01-27 05:58:06,453 - INFO - Epoch 41, Batch 5: Loss = nan, Accuracy = 0.8948
2025-01-27 05:58:07,230 - INFO - Epoch 41, Batch 10: Loss = nan, Accuracy = 0.7060
2025-01-27 05:58:08,308 - INFO - Validation: Loss = nan, Accuracy = 0.4825, Precision = 1.0000, Recall = 0.0000, F1 = 0.0000
2025-01-27 05:58:08,310 - INFO - Epoch 41/200: Train Loss = nan, Val Loss = nan
2025-01-27 05:58:09,094 - INFO - Epoch 42, Batch 5: Loss = nan, Accuracy = 0.5086
2025-01-27 05:58:09,870 - INFO - Epoch 42, Batch 10: Loss = nan, Accuracy = 0.5129
2025-01-27 05:58:10,987 - INFO - Validation: Loss = nan, Accuracy = 0.4825, Precision = 1.0000, Recall = 0.0000, F1 = 0.0000
2025-01-27 05:58:10,989 - INFO - Epoch 42/200: Train Loss = nan, Val Loss = nan
2025-01-27 05:58:11,766 - INFO - Epoch 43, Batch 5: Loss = nan, Accuracy = 0.5034
2025-01-27 05:58:12,554 - INFO - Epoch 43, Batch 10: Loss = nan, Accuracy = 0.5078
2025-01-27 05:58:13,666 - INFO - Validation: Loss = nan, Accuracy = 0.4825, Precision = 1.0000, Recall = 0.0000, F1 = 0.0000
2025-01-27 05:58:13,668 - INFO - Epoch 43/200: Train Loss = nan, Val Loss = nan
2025-01-27 05:58:14,480 - INFO - Epoch 44, Batch 5: Loss = nan, Accuracy = 0.5207
2025-01-27 05:58:15,278 - INFO - Epoch 44, Batch 10: Loss = nan, Accuracy = 0.5207
2025-01-27 05:58:16,389 - INFO - Validation: Loss = nan, Accuracy = 0.4825, Precision = 1.0000, Recall = 0.0000, F1 = 0.0000
2025-01-27 05:58:16,391 - INFO - Epoch 44/200: Train Loss = nan, Val Loss = nan
2025-01-27 05:58:17,187 - INFO - Epoch 45, Batch 5: Loss = nan, Accuracy = 0.5017
2025-01-27 05:58:18,000 - INFO - Epoch 45, Batch 10: Loss = nan, Accuracy = 0.5069
2025-01-27 05:58:19,088 - INFO - Validation: Loss = nan, Accuracy = 0.4825, Precision = 1.0000, Recall = 0.0000, F1 = 0.0000
2025-01-27 05:58:19,090 - INFO - Epoch 45/200: Train Loss = nan, Val Loss = nan
2025-01-27 05:58:19,897 - INFO - Epoch 46, Batch 5: Loss = nan, Accuracy = 0.5172
2025-01-27 05:58:20,685 - INFO - Epoch 46, Batch 10: Loss = nan, Accuracy = 0.5043
2025-01-27 05:58:21,783 - INFO - Validation: Loss = nan, Accuracy = 0.4825, Precision = 1.0000, Recall = 0.0000, F1 = 0.0000
2025-01-27 05:58:21,785 - INFO - Epoch 46/200: Train Loss = nan, Val Loss = nan
2025-01-27 05:58:22,584 - INFO - Epoch 47, Batch 5: Loss = nan, Accuracy = 0.5293
2025-01-27 05:58:23,369 - INFO - Epoch 47, Batch 10: Loss = nan, Accuracy = 0.5086
2025-01-27 05:58:24,437 - INFO - Validation: Loss = nan, Accuracy = 0.4825, Precision = 1.0000, Recall = 0.0000, F1 = 0.0000
2025-01-27 05:58:24,439 - INFO - Epoch 47/200: Train Loss = nan, Val Loss = nan
2025-01-27 05:58:25,215 - INFO - Epoch 48, Batch 5: Loss = nan, Accuracy = 0.5293
2025-01-27 05:58:26,013 - INFO - Epoch 48, Batch 10: Loss = nan, Accuracy = 0.5190
2025-01-27 05:58:27,131 - INFO - Validation: Loss = nan, Accuracy = 0.4825, Precision = 1.0000, Recall = 0.0000, F1 = 0.0000
2025-01-27 05:58:27,133 - INFO - Epoch 48/200: Train Loss = nan, Val Loss = nan
2025-01-27 05:58:27,930 - INFO - Epoch 49, Batch 5: Loss = nan, Accuracy = 0.5103
2025-01-27 05:58:28,712 - INFO - Epoch 49, Batch 10: Loss = nan, Accuracy = 0.5112
2025-01-27 05:58:29,799 - INFO - Validation: Loss = nan, Accuracy = 0.4825, Precision = 1.0000, Recall = 0.0000, F1 = 0.0000
2025-01-27 05:58:29,801 - INFO - Epoch 49/200: Train Loss = nan, Val Loss = nan
2025-01-27 05:58:30,561 - INFO - Epoch 50, Batch 5: Loss = nan, Accuracy = 0.5259
2025-01-27 05:58:31,348 - INFO - Epoch 50, Batch 10: Loss = nan, Accuracy = 0.5155
2025-01-27 05:58:32,418 - INFO - Validation: Loss = nan, Accuracy = 0.4825, Precision = 1.0000, Recall = 0.0000, F1 = 0.0000
2025-01-27 05:58:32,420 - INFO - Epoch 50/200: Train Loss = nan, Val Loss = nan
2025-01-27 05:58:33,197 - INFO - Epoch 51, Batch 5: Loss = nan, Accuracy = 0.5086
2025-01-27 05:58:33,980 - INFO - Epoch 51, Batch 10: Loss = nan, Accuracy = 0.5086
2025-01-27 05:58:35,055 - INFO - Validation: Loss = nan, Accuracy = 0.4825, Precision = 1.0000, Recall = 0.0000, F1 = 0.0000
2025-01-27 05:58:35,057 - INFO - Epoch 51/200: Train Loss = nan, Val Loss = nan
2025-01-27 05:58:35,822 - INFO - Epoch 52, Batch 5: Loss = nan, Accuracy = 0.4845
2025-01-27 05:58:36,581 - INFO - Epoch 52, Batch 10: Loss = nan, Accuracy = 0.5052
2025-01-27 05:58:37,650 - INFO - Validation: Loss = nan, Accuracy = 0.4825, Precision = 1.0000, Recall = 0.0000, F1 = 0.0000
2025-01-27 05:58:37,652 - INFO - Epoch 52/200: Train Loss = nan, Val Loss = nan
2025-01-27 05:58:38,419 - INFO - Epoch 53, Batch 5: Loss = nan, Accuracy = 0.4828
2025-01-27 05:58:39,207 - INFO - Epoch 53, Batch 10: Loss = nan, Accuracy = 0.5009
2025-01-27 05:58:40,279 - INFO - Validation: Loss = nan, Accuracy = 0.4825, Precision = 1.0000, Recall = 0.0000, F1 = 0.0000
2025-01-27 05:58:40,281 - INFO - Epoch 53/200: Train Loss = nan, Val Loss = nan
2025-01-27 05:58:41,083 - INFO - Epoch 54, Batch 5: Loss = nan, Accuracy = 0.4793
2025-01-27 05:58:41,885 - INFO - Epoch 54, Batch 10: Loss = nan, Accuracy = 0.4914
2025-01-27 05:58:42,987 - INFO - Validation: Loss = nan, Accuracy = 0.4825, Precision = 1.0000, Recall = 0.0000, F1 = 0.0000
2025-01-27 05:58:42,989 - INFO - Epoch 54/200: Train Loss = nan, Val Loss = nan
2025-01-27 05:58:43,764 - INFO - Epoch 55, Batch 5: Loss = nan, Accuracy = 0.4741
2025-01-27 05:58:44,555 - INFO - Epoch 55, Batch 10: Loss = nan, Accuracy = 0.4991
2025-01-27 05:58:45,630 - INFO - Validation: Loss = nan, Accuracy = 0.4825, Precision = 1.0000, Recall = 0.0000, F1 = 0.0000
2025-01-27 05:58:45,632 - INFO - Epoch 55/200: Train Loss = nan, Val Loss = nan
2025-01-27 05:58:46,419 - INFO - Epoch 56, Batch 5: Loss = nan, Accuracy = 0.5103
2025-01-27 05:58:47,206 - INFO - Epoch 56, Batch 10: Loss = nan, Accuracy = 0.5129
2025-01-27 05:58:48,303 - INFO - Validation: Loss = nan, Accuracy = 0.4825, Precision = 1.0000, Recall = 0.0000, F1 = 0.0000
2025-01-27 05:58:48,304 - INFO - Epoch 56/200: Train Loss = nan, Val Loss = nan
2025-01-27 05:58:49,066 - INFO - Epoch 57, Batch 5: Loss = nan, Accuracy = 0.5000
2025-01-27 05:58:49,831 - INFO - Epoch 57, Batch 10: Loss = nan, Accuracy = 0.5043
2025-01-27 05:58:50,914 - INFO - Validation: Loss = nan, Accuracy = 0.4825, Precision = 1.0000, Recall = 0.0000, F1 = 0.0000
2025-01-27 05:58:50,916 - INFO - Epoch 57/200: Train Loss = nan, Val Loss = nan
2025-01-27 05:58:51,729 - INFO - Epoch 58, Batch 5: Loss = nan, Accuracy = 0.5069
2025-01-27 05:58:52,523 - INFO - Epoch 58, Batch 10: Loss = nan, Accuracy = 0.5052
2025-01-27 05:58:53,620 - INFO - Validation: Loss = nan, Accuracy = 0.4825, Precision = 1.0000, Recall = 0.0000, F1 = 0.0000
2025-01-27 05:58:53,622 - INFO - Epoch 58/200: Train Loss = nan, Val Loss = nan
2025-01-27 05:58:54,419 - INFO - Epoch 59, Batch 5: Loss = nan, Accuracy = 0.5000
2025-01-27 05:58:55,206 - INFO - Epoch 59, Batch 10: Loss = nan, Accuracy = 0.5009
2025-01-27 05:58:56,268 - INFO - Validation: Loss = nan, Accuracy = 0.4825, Precision = 1.0000, Recall = 0.0000, F1 = 0.0000
2025-01-27 05:58:56,270 - INFO - Epoch 59/200: Train Loss = nan, Val Loss = nan
2025-01-27 05:58:57,046 - INFO - Epoch 60, Batch 5: Loss = nan, Accuracy = 0.5052
2025-01-27 05:58:57,818 - INFO - Epoch 60, Batch 10: Loss = nan, Accuracy = 0.4931
2025-01-27 05:58:58,906 - INFO - Validation: Loss = nan, Accuracy = 0.4825, Precision = 1.0000, Recall = 0.0000, F1 = 0.0000
2025-01-27 05:58:58,908 - INFO - Epoch 60/200: Train Loss = nan, Val Loss = nan
2025-01-27 05:58:58,908 - INFO - Early stopping triggered.
