2025-01-20 14:53:15,714 - INFO - Initialized Conv2d weights with mean=0.0, std=0.01
2025-01-20 14:53:15,714 - INFO - Initialized Conv2d bias with mean=0.5, std=0.01
2025-01-20 14:53:15,716 - INFO - Initialized Conv2d weights with mean=0.0, std=0.01
2025-01-20 14:53:15,717 - INFO - Initialized Conv2d bias with mean=0.5, std=0.01
2025-01-20 14:53:15,718 - INFO - Initialized Conv2d weights with mean=0.0, std=0.01
2025-01-20 14:53:15,718 - INFO - Initialized Conv2d bias with mean=0.5, std=0.01
2025-01-20 14:53:15,721 - INFO - Initialized Conv2d weights with mean=0.0, std=0.01
2025-01-20 14:53:15,721 - INFO - Initialized Conv2d bias with mean=0.5, std=0.01
2025-01-20 14:53:15,906 - INFO - Initialized Linear weights with mean=0.0, std=0.2
2025-01-20 14:53:15,906 - INFO - Initialized Linear bias with mean=0.5, std=0.01
2025-01-20 14:53:15,906 - INFO - Initialized Linear weights with mean=0.0, std=0.2
2025-01-20 14:53:15,906 - INFO - Initialized Linear bias with mean=0.5, std=0.01
2025-01-20 14:53:16,575 - INFO - Data prepared: 1953 training pairs, 247 validation pairs.
2025-01-20 14:53:16,575 - INFO - nn.BCELoss function defined as loss function.
2025-01-20 14:53:16,575 - INFO - Adam optimizer defined with lr=1e-05, weight_decay=1e-05
2025-01-20 14:53:19,154 - INFO - Epoch 1, Batch 5: Loss = 0.7052, Accuracy = 0.4172
2025-01-20 14:53:20,985 - INFO - Epoch 1, Batch 10: Loss = 0.6743, Accuracy = 0.4914
2025-01-20 14:53:22,836 - INFO - Epoch 1, Batch 15: Loss = 0.6823, Accuracy = 0.5182
2025-01-20 14:53:23,331 - INFO - Validation: Loss = 0.7431, Accuracy = 0.3563, Precision = 0.9623, Recall = 0.2452, F1 = 0.3908
2025-01-20 14:53:23,335 - INFO - Epoch 1/200: Train Loss = 0.6957, Val Loss = 0.7431
2025-01-20 14:53:24,260 - INFO - Checkpoint saved at ./output/checkpoints//best_model.pth
2025-01-20 14:53:24,545 - INFO - Model improved at epoch 1. Checkpoint saved.
2025-01-20 14:53:26,404 - INFO - Epoch 2, Batch 5: Loss = 0.6477, Accuracy = 0.5844
2025-01-20 14:53:28,231 - INFO - Epoch 2, Batch 10: Loss = 0.6690, Accuracy = 0.5617
2025-01-20 14:53:30,065 - INFO - Epoch 2, Batch 15: Loss = 0.6414, Accuracy = 0.5917
2025-01-20 14:53:30,539 - INFO - Validation: Loss = 0.7443, Accuracy = 0.3482, Precision = 0.9434, Recall = 0.2404, F1 = 0.3831
2025-01-20 14:53:30,544 - INFO - Epoch 2/200: Train Loss = 0.6685, Val Loss = 0.7443
2025-01-20 14:53:32,348 - INFO - Epoch 3, Batch 5: Loss = 0.6619, Accuracy = 0.6094
2025-01-20 14:53:34,324 - INFO - Epoch 3, Batch 10: Loss = 0.6522, Accuracy = 0.6086
2025-01-20 14:53:36,203 - INFO - Epoch 3, Batch 15: Loss = 0.6569, Accuracy = 0.6078
2025-01-20 14:53:36,699 - INFO - Validation: Loss = 0.7238, Accuracy = 0.4251, Precision = 0.9125, Recall = 0.3510, F1 = 0.5069
2025-01-20 14:53:36,703 - INFO - Epoch 3/200: Train Loss = 0.6601, Val Loss = 0.7238
2025-01-20 14:53:37,633 - INFO - Checkpoint saved at ./output/checkpoints//best_model.pth
2025-01-20 14:53:38,097 - INFO - Model improved at epoch 3. Checkpoint saved.
2025-01-20 14:53:39,880 - INFO - Epoch 4, Batch 5: Loss = 0.6420, Accuracy = 0.6219
2025-01-20 14:53:41,748 - INFO - Epoch 4, Batch 10: Loss = 0.6721, Accuracy = 0.6086
2025-01-20 14:53:43,549 - INFO - Epoch 4, Batch 15: Loss = 0.6678, Accuracy = 0.6182
2025-01-20 14:53:44,016 - INFO - Validation: Loss = 0.7511, Accuracy = 0.3806, Precision = 0.9104, Recall = 0.2933, F1 = 0.4436
2025-01-20 14:53:44,020 - INFO - Epoch 4/200: Train Loss = 0.6539, Val Loss = 0.7511
2025-01-20 14:53:45,862 - INFO - Epoch 5, Batch 5: Loss = 0.6582, Accuracy = 0.6000
2025-01-20 14:53:47,781 - INFO - Epoch 5, Batch 10: Loss = 0.6424, Accuracy = 0.6242
2025-01-20 14:53:49,675 - INFO - Epoch 5, Batch 15: Loss = 0.6454, Accuracy = 0.6250
2025-01-20 14:53:50,159 - INFO - Validation: Loss = 0.7628, Accuracy = 0.3684, Precision = 0.9194, Recall = 0.2740, F1 = 0.4222
2025-01-20 14:53:50,163 - INFO - Epoch 5/200: Train Loss = 0.6473, Val Loss = 0.7628
2025-01-20 14:53:52,000 - INFO - Epoch 6, Batch 5: Loss = 0.6280, Accuracy = 0.6531
2025-01-20 14:53:53,938 - INFO - Epoch 6, Batch 10: Loss = 0.6454, Accuracy = 0.6469
2025-01-20 14:53:55,809 - INFO - Epoch 6, Batch 15: Loss = 0.6688, Accuracy = 0.6354
2025-01-20 14:53:56,307 - INFO - Validation: Loss = 0.7817, Accuracy = 0.3401, Precision = 0.8947, Recall = 0.2452, F1 = 0.3849
2025-01-20 14:53:56,311 - INFO - Epoch 6/200: Train Loss = 0.6415, Val Loss = 0.7817
2025-01-20 14:53:58,186 - INFO - Epoch 7, Batch 5: Loss = 0.6579, Accuracy = 0.6000
2025-01-20 14:54:00,017 - INFO - Epoch 7, Batch 10: Loss = 0.6309, Accuracy = 0.6297
2025-01-20 14:54:01,856 - INFO - Epoch 7, Batch 15: Loss = 0.6278, Accuracy = 0.6260
2025-01-20 14:54:02,349 - INFO - Validation: Loss = 0.7244, Accuracy = 0.4818, Precision = 0.8922, Recall = 0.4375, F1 = 0.5871
2025-01-20 14:54:02,353 - INFO - Epoch 7/200: Train Loss = 0.6390, Val Loss = 0.7244
2025-01-20 14:54:04,224 - INFO - Epoch 8, Batch 5: Loss = 0.6506, Accuracy = 0.6422
2025-01-20 14:54:05,983 - INFO - Epoch 8, Batch 10: Loss = 0.5892, Accuracy = 0.6656
2025-01-20 14:54:07,733 - INFO - Epoch 8, Batch 15: Loss = 0.6321, Accuracy = 0.6542
2025-01-20 14:54:08,205 - INFO - Validation: Loss = 0.7175, Accuracy = 0.5061, Precision = 0.8981, Recall = 0.4663, F1 = 0.6139
2025-01-20 14:54:08,210 - INFO - Epoch 8/200: Train Loss = 0.6337, Val Loss = 0.7175
2025-01-20 14:54:09,097 - INFO - Checkpoint saved at ./output/checkpoints//best_model.pth
2025-01-20 14:54:09,544 - INFO - Model improved at epoch 8. Checkpoint saved.
2025-01-20 14:54:11,358 - INFO - Epoch 9, Batch 5: Loss = 0.6212, Accuracy = 0.6578
2025-01-20 14:54:13,112 - INFO - Epoch 9, Batch 10: Loss = 0.6327, Accuracy = 0.6562
2025-01-20 14:54:14,892 - INFO - Epoch 9, Batch 15: Loss = 0.6314, Accuracy = 0.6510
2025-01-20 14:54:15,363 - INFO - Validation: Loss = 0.7281, Accuracy = 0.4980, Precision = 0.8818, Recall = 0.4663, F1 = 0.6101
2025-01-20 14:54:15,368 - INFO - Epoch 9/200: Train Loss = 0.6304, Val Loss = 0.7281
2025-01-20 14:54:17,142 - INFO - Epoch 10, Batch 5: Loss = 0.5975, Accuracy = 0.6828
2025-01-20 14:54:18,928 - INFO - Epoch 10, Batch 10: Loss = 0.6230, Accuracy = 0.6625
2025-01-20 14:54:20,689 - INFO - Epoch 10, Batch 15: Loss = 0.6119, Accuracy = 0.6599
2025-01-20 14:54:21,156 - INFO - Validation: Loss = 0.6748, Accuracy = 0.5951, Precision = 0.8913, Recall = 0.5913, F1 = 0.7110
2025-01-20 14:54:21,160 - INFO - Epoch 10/200: Train Loss = 0.6285, Val Loss = 0.6748
2025-01-20 14:54:22,113 - INFO - Checkpoint saved at ./output/checkpoints//best_model.pth
2025-01-20 14:54:22,598 - INFO - Model improved at epoch 10. Checkpoint saved.
2025-01-20 14:54:24,344 - INFO - Epoch 11, Batch 5: Loss = 0.6238, Accuracy = 0.6672
2025-01-20 14:54:26,097 - INFO - Epoch 11, Batch 10: Loss = 0.6508, Accuracy = 0.6508
2025-01-20 14:54:27,908 - INFO - Epoch 11, Batch 15: Loss = 0.5949, Accuracy = 0.6578
2025-01-20 14:54:28,371 - INFO - Validation: Loss = 0.7600, Accuracy = 0.4615, Precision = 0.9213, Recall = 0.3942, F1 = 0.5522
2025-01-20 14:54:28,375 - INFO - Epoch 11/200: Train Loss = 0.6192, Val Loss = 0.7600
2025-01-20 14:54:30,144 - INFO - Epoch 12, Batch 5: Loss = 0.6004, Accuracy = 0.6578
2025-01-20 14:54:31,902 - INFO - Epoch 12, Batch 10: Loss = 0.6379, Accuracy = 0.6438
2025-01-20 14:54:33,723 - INFO - Epoch 12, Batch 15: Loss = 0.6646, Accuracy = 0.6458
2025-01-20 14:54:34,216 - INFO - Validation: Loss = 0.7666, Accuracy = 0.4737, Precision = 0.9239, Recall = 0.4087, F1 = 0.5667
2025-01-20 14:54:34,220 - INFO - Epoch 12/200: Train Loss = 0.6232, Val Loss = 0.7666
2025-01-20 14:54:36,016 - INFO - Epoch 13, Batch 5: Loss = 0.6636, Accuracy = 0.6687
2025-01-20 14:54:37,754 - INFO - Epoch 13, Batch 10: Loss = 0.5933, Accuracy = 0.6695
2025-01-20 14:54:39,533 - INFO - Epoch 13, Batch 15: Loss = 0.5910, Accuracy = 0.6703
2025-01-20 14:54:40,011 - INFO - Validation: Loss = 0.6915, Accuracy = 0.5992, Precision = 0.9037, Recall = 0.5865, F1 = 0.7114
2025-01-20 14:54:40,015 - INFO - Epoch 13/200: Train Loss = 0.6146, Val Loss = 0.6915
2025-01-20 14:54:41,799 - INFO - Epoch 14, Batch 5: Loss = 0.6182, Accuracy = 0.6703
2025-01-20 14:54:43,556 - INFO - Epoch 14, Batch 10: Loss = 0.6611, Accuracy = 0.6562
2025-01-20 14:54:45,336 - INFO - Epoch 14, Batch 15: Loss = 0.6340, Accuracy = 0.6562
2025-01-20 14:54:45,860 - INFO - Validation: Loss = 0.7076, Accuracy = 0.5628, Precision = 0.9032, Recall = 0.5385, F1 = 0.6747
2025-01-20 14:54:45,864 - INFO - Epoch 14/200: Train Loss = 0.6162, Val Loss = 0.7076
2025-01-20 14:54:47,654 - INFO - Epoch 15, Batch 5: Loss = 0.6330, Accuracy = 0.6625
2025-01-20 14:54:49,483 - INFO - Epoch 15, Batch 10: Loss = 0.5950, Accuracy = 0.6773
2025-01-20 14:54:51,273 - INFO - Epoch 15, Batch 15: Loss = 0.6409, Accuracy = 0.6760
2025-01-20 14:54:51,743 - INFO - Validation: Loss = 0.6782, Accuracy = 0.6073, Precision = 0.8993, Recall = 0.6010, F1 = 0.7205
2025-01-20 14:54:51,747 - INFO - Epoch 15/200: Train Loss = 0.6097, Val Loss = 0.6782
2025-01-20 14:54:53,518 - INFO - Epoch 16, Batch 5: Loss = 0.6374, Accuracy = 0.6672
2025-01-20 14:54:55,256 - INFO - Epoch 16, Batch 10: Loss = 0.6071, Accuracy = 0.6750
2025-01-20 14:54:57,022 - INFO - Epoch 16, Batch 15: Loss = 0.5930, Accuracy = 0.6682
2025-01-20 14:54:57,499 - INFO - Validation: Loss = 0.7394, Accuracy = 0.5101, Precision = 0.9307, Recall = 0.4519, F1 = 0.6084
2025-01-20 14:54:57,503 - INFO - Epoch 16/200: Train Loss = 0.6109, Val Loss = 0.7394
2025-01-20 14:54:59,280 - INFO - Epoch 17, Batch 5: Loss = 0.6128, Accuracy = 0.6813
2025-01-20 14:55:01,039 - INFO - Epoch 17, Batch 10: Loss = 0.5993, Accuracy = 0.6711
2025-01-20 14:55:02,813 - INFO - Epoch 17, Batch 15: Loss = 0.6057, Accuracy = 0.6745
2025-01-20 14:55:03,290 - INFO - Validation: Loss = 0.6754, Accuracy = 0.6275, Precision = 0.9028, Recall = 0.6250, F1 = 0.7386
2025-01-20 14:55:03,294 - INFO - Epoch 17/200: Train Loss = 0.6059, Val Loss = 0.6754
2025-01-20 14:55:05,109 - INFO - Epoch 18, Batch 5: Loss = 0.6027, Accuracy = 0.6703
2025-01-20 14:55:06,883 - INFO - Epoch 18, Batch 10: Loss = 0.5861, Accuracy = 0.6586
2025-01-20 14:55:08,671 - INFO - Epoch 18, Batch 15: Loss = 0.5308, Accuracy = 0.6646
2025-01-20 14:55:09,145 - INFO - Validation: Loss = 0.6806, Accuracy = 0.6113, Precision = 0.9000, Recall = 0.6058, F1 = 0.7241
2025-01-20 14:55:09,149 - INFO - Epoch 18/200: Train Loss = 0.6076, Val Loss = 0.6806
2025-01-20 14:55:10,933 - INFO - Epoch 19, Batch 5: Loss = 0.5893, Accuracy = 0.7047
2025-01-20 14:55:12,725 - INFO - Epoch 19, Batch 10: Loss = 0.5982, Accuracy = 0.6781
2025-01-20 14:55:14,473 - INFO - Epoch 19, Batch 15: Loss = 0.6082, Accuracy = 0.6802
2025-01-20 14:55:14,942 - INFO - Validation: Loss = 0.7156, Accuracy = 0.5789, Precision = 0.9062, Recall = 0.5577, F1 = 0.6905
2025-01-20 14:55:14,946 - INFO - Epoch 19/200: Train Loss = 0.6065, Val Loss = 0.7156
2025-01-20 14:55:16,764 - INFO - Epoch 20, Batch 5: Loss = 0.6173, Accuracy = 0.6547
2025-01-20 14:55:18,534 - INFO - Epoch 20, Batch 10: Loss = 0.5813, Accuracy = 0.6937
2025-01-20 14:55:20,405 - INFO - Epoch 20, Batch 15: Loss = 0.6124, Accuracy = 0.6948
2025-01-20 14:55:20,985 - INFO - Validation: Loss = 0.7121, Accuracy = 0.5830, Precision = 0.9134, Recall = 0.5577, F1 = 0.6925
2025-01-20 14:55:20,990 - INFO - Epoch 20/200: Train Loss = 0.6019, Val Loss = 0.7121
2025-01-20 14:55:22,889 - INFO - Epoch 21, Batch 5: Loss = 0.5700, Accuracy = 0.7047
2025-01-20 14:55:24,735 - INFO - Epoch 21, Batch 10: Loss = 0.6126, Accuracy = 0.6891
2025-01-20 14:55:26,618 - INFO - Epoch 21, Batch 15: Loss = 0.5817, Accuracy = 0.6875
2025-01-20 14:55:27,096 - INFO - Validation: Loss = 0.7081, Accuracy = 0.5870, Precision = 0.9206, Recall = 0.5577, F1 = 0.6946
2025-01-20 14:55:27,100 - INFO - Epoch 21/200: Train Loss = 0.5967, Val Loss = 0.7081
2025-01-20 14:55:28,923 - INFO - Epoch 22, Batch 5: Loss = 0.5929, Accuracy = 0.7094
2025-01-20 14:55:30,713 - INFO - Epoch 22, Batch 10: Loss = 0.5762, Accuracy = 0.6914
2025-01-20 14:55:32,492 - INFO - Epoch 22, Batch 15: Loss = 0.5888, Accuracy = 0.6906
2025-01-20 14:55:32,978 - INFO - Validation: Loss = 0.6333, Accuracy = 0.6680, Precision = 0.8841, Recall = 0.6971, F1 = 0.7796
2025-01-20 14:55:32,982 - INFO - Epoch 22/200: Train Loss = 0.5936, Val Loss = 0.6333
2025-01-20 14:55:33,707 - INFO - Checkpoint saved at ./output/checkpoints//best_model.pth
2025-01-20 14:55:34,176 - INFO - Model improved at epoch 22. Checkpoint saved.
2025-01-20 14:55:36,027 - INFO - Epoch 23, Batch 5: Loss = 0.5823, Accuracy = 0.6875
2025-01-20 14:55:37,886 - INFO - Epoch 23, Batch 10: Loss = 0.5451, Accuracy = 0.6859
2025-01-20 14:55:39,661 - INFO - Epoch 23, Batch 15: Loss = 0.5923, Accuracy = 0.6885
2025-01-20 14:55:40,142 - INFO - Validation: Loss = 0.6532, Accuracy = 0.6478, Precision = 0.8954, Recall = 0.6587, F1 = 0.7590
2025-01-20 14:55:40,146 - INFO - Epoch 23/200: Train Loss = 0.5858, Val Loss = 0.6532
2025-01-20 14:55:41,978 - INFO - Epoch 24, Batch 5: Loss = 0.5568, Accuracy = 0.6984
2025-01-20 14:55:43,777 - INFO - Epoch 24, Batch 10: Loss = 0.5690, Accuracy = 0.7000
2025-01-20 14:55:45,574 - INFO - Epoch 24, Batch 15: Loss = 0.5757, Accuracy = 0.6990
2025-01-20 14:55:46,055 - INFO - Validation: Loss = 0.7556, Accuracy = 0.5425, Precision = 0.9204, Recall = 0.5000, F1 = 0.6480
2025-01-20 14:55:46,059 - INFO - Epoch 24/200: Train Loss = 0.5794, Val Loss = 0.7556
2025-01-20 14:55:47,870 - INFO - Epoch 25, Batch 5: Loss = 0.6072, Accuracy = 0.7125
2025-01-20 14:55:49,749 - INFO - Epoch 25, Batch 10: Loss = 0.5491, Accuracy = 0.7063
2025-01-20 14:55:51,646 - INFO - Epoch 25, Batch 15: Loss = 0.5739, Accuracy = 0.7010
2025-01-20 14:55:52,126 - INFO - Validation: Loss = 0.6525, Accuracy = 0.6478, Precision = 0.8954, Recall = 0.6587, F1 = 0.7590
2025-01-20 14:55:52,130 - INFO - Epoch 25/200: Train Loss = 0.5875, Val Loss = 0.6525
2025-01-20 14:55:53,978 - INFO - Epoch 26, Batch 5: Loss = 0.6118, Accuracy = 0.6844
2025-01-20 14:55:56,000 - INFO - Epoch 26, Batch 10: Loss = 0.5762, Accuracy = 0.6977
2025-01-20 14:55:57,780 - INFO - Epoch 26, Batch 15: Loss = 0.5875, Accuracy = 0.6974
2025-01-20 14:55:58,263 - INFO - Validation: Loss = 0.6634, Accuracy = 0.6478, Precision = 0.9007, Recall = 0.6538, F1 = 0.7577
2025-01-20 14:55:58,286 - INFO - Epoch 26/200: Train Loss = 0.5811, Val Loss = 0.6634
2025-01-20 14:56:00,142 - INFO - Epoch 27, Batch 5: Loss = 0.5668, Accuracy = 0.6844
2025-01-20 14:56:01,982 - INFO - Epoch 27, Batch 10: Loss = 0.5976, Accuracy = 0.7070
2025-01-20 14:56:03,968 - INFO - Epoch 27, Batch 15: Loss = 0.5526, Accuracy = 0.7010
2025-01-20 14:56:04,482 - INFO - Validation: Loss = 0.7159, Accuracy = 0.5951, Precision = 0.9286, Recall = 0.5625, F1 = 0.7006
2025-01-20 14:56:04,486 - INFO - Epoch 27/200: Train Loss = 0.5800, Val Loss = 0.7159
2025-01-20 14:56:06,340 - INFO - Epoch 28, Batch 5: Loss = 0.5876, Accuracy = 0.7172
2025-01-20 14:56:08,127 - INFO - Epoch 28, Batch 10: Loss = 0.5934, Accuracy = 0.7102
2025-01-20 14:56:09,893 - INFO - Epoch 28, Batch 15: Loss = 0.5809, Accuracy = 0.7010
2025-01-20 14:56:10,363 - INFO - Validation: Loss = 0.6941, Accuracy = 0.6073, Precision = 0.9111, Recall = 0.5913, F1 = 0.7172
2025-01-20 14:56:10,367 - INFO - Epoch 28/200: Train Loss = 0.5729, Val Loss = 0.6941
2025-01-20 14:56:12,152 - INFO - Epoch 29, Batch 5: Loss = 0.6511, Accuracy = 0.7031
2025-01-20 14:56:13,885 - INFO - Epoch 29, Batch 10: Loss = 0.5639, Accuracy = 0.7141
2025-01-20 14:56:15,640 - INFO - Epoch 29, Batch 15: Loss = 0.5476, Accuracy = 0.7130
2025-01-20 14:56:16,108 - INFO - Validation: Loss = 0.7291, Accuracy = 0.5870, Precision = 0.9206, Recall = 0.5577, F1 = 0.6946
2025-01-20 14:56:16,112 - INFO - Epoch 29/200: Train Loss = 0.5672, Val Loss = 0.7291
2025-01-20 14:56:17,940 - INFO - Epoch 30, Batch 5: Loss = 0.6026, Accuracy = 0.6906
2025-01-20 14:56:19,773 - INFO - Epoch 30, Batch 10: Loss = 0.5870, Accuracy = 0.7008
2025-01-20 14:56:21,576 - INFO - Epoch 30, Batch 15: Loss = 0.5685, Accuracy = 0.7057
2025-01-20 14:56:22,049 - INFO - Validation: Loss = 0.6589, Accuracy = 0.6356, Precision = 0.9041, Recall = 0.6346, F1 = 0.7458
2025-01-20 14:56:22,053 - INFO - Epoch 30/200: Train Loss = 0.5674, Val Loss = 0.6589
2025-01-20 14:56:23,847 - INFO - Epoch 31, Batch 5: Loss = 0.5015, Accuracy = 0.7219
2025-01-20 14:56:25,618 - INFO - Epoch 31, Batch 10: Loss = 0.5439, Accuracy = 0.7109
2025-01-20 14:56:27,373 - INFO - Epoch 31, Batch 15: Loss = 0.5831, Accuracy = 0.7052
2025-01-20 14:56:27,840 - INFO - Validation: Loss = 0.6880, Accuracy = 0.6235, Precision = 0.9137, Recall = 0.6106, F1 = 0.7320
2025-01-20 14:56:27,845 - INFO - Epoch 31/200: Train Loss = 0.5687, Val Loss = 0.6880
2025-01-20 14:56:29,620 - INFO - Epoch 32, Batch 5: Loss = 0.5754, Accuracy = 0.7109
2025-01-20 14:56:31,425 - INFO - Epoch 32, Batch 10: Loss = 0.5650, Accuracy = 0.7180
2025-01-20 14:56:33,224 - INFO - Epoch 32, Batch 15: Loss = 0.5644, Accuracy = 0.7068
2025-01-20 14:56:33,721 - INFO - Validation: Loss = 0.6175, Accuracy = 0.6883, Precision = 0.8876, Recall = 0.7212, F1 = 0.7958
2025-01-20 14:56:33,725 - INFO - Epoch 32/200: Train Loss = 0.5654, Val Loss = 0.6175
2025-01-20 14:56:34,642 - INFO - Checkpoint saved at ./output/checkpoints//best_model.pth
2025-01-20 14:56:35,125 - INFO - Model improved at epoch 32. Checkpoint saved.
2025-01-20 14:56:36,895 - INFO - Epoch 33, Batch 5: Loss = 0.5644, Accuracy = 0.7141
2025-01-20 14:56:38,662 - INFO - Epoch 33, Batch 10: Loss = 0.5576, Accuracy = 0.7125
2025-01-20 14:56:40,562 - INFO - Epoch 33, Batch 15: Loss = 0.5205, Accuracy = 0.7089
2025-01-20 14:56:41,047 - INFO - Validation: Loss = 0.7602, Accuracy = 0.5547, Precision = 0.9153, Recall = 0.5192, F1 = 0.6626
2025-01-20 14:56:41,051 - INFO - Epoch 33/200: Train Loss = 0.5627, Val Loss = 0.7602
2025-01-20 14:56:42,887 - INFO - Epoch 34, Batch 5: Loss = 0.5406, Accuracy = 0.7172
2025-01-20 14:56:44,741 - INFO - Epoch 34, Batch 10: Loss = 0.5165, Accuracy = 0.7266
2025-01-20 14:56:46,564 - INFO - Epoch 34, Batch 15: Loss = 0.5503, Accuracy = 0.7229
2025-01-20 14:56:47,042 - INFO - Validation: Loss = 0.7174, Accuracy = 0.5951, Precision = 0.9091, Recall = 0.5769, F1 = 0.7059
2025-01-20 14:56:47,046 - INFO - Epoch 34/200: Train Loss = 0.5483, Val Loss = 0.7174
2025-01-20 14:56:48,955 - INFO - Epoch 35, Batch 5: Loss = 0.5763, Accuracy = 0.7312
2025-01-20 14:56:50,726 - INFO - Epoch 35, Batch 10: Loss = 0.4905, Accuracy = 0.7328
2025-01-20 14:56:52,577 - INFO - Epoch 35, Batch 15: Loss = 0.5697, Accuracy = 0.7297
2025-01-20 14:56:53,093 - INFO - Validation: Loss = 0.7128, Accuracy = 0.6032, Precision = 0.9104, Recall = 0.5865, F1 = 0.7135
2025-01-20 14:56:53,097 - INFO - Epoch 35/200: Train Loss = 0.5567, Val Loss = 0.7128
2025-01-20 14:56:54,921 - INFO - Epoch 36, Batch 5: Loss = 0.5589, Accuracy = 0.7250
2025-01-20 14:56:56,689 - INFO - Epoch 36, Batch 10: Loss = 0.5771, Accuracy = 0.7219
2025-01-20 14:56:58,449 - INFO - Epoch 36, Batch 15: Loss = 0.5056, Accuracy = 0.7266
2025-01-20 14:56:58,933 - INFO - Validation: Loss = 0.6902, Accuracy = 0.6113, Precision = 0.9058, Recall = 0.6010, F1 = 0.7225
2025-01-20 14:56:58,937 - INFO - Epoch 36/200: Train Loss = 0.5435, Val Loss = 0.6902
2025-01-20 14:57:00,734 - INFO - Epoch 37, Batch 5: Loss = 0.5251, Accuracy = 0.7438
2025-01-20 14:57:02,505 - INFO - Epoch 37, Batch 10: Loss = 0.5314, Accuracy = 0.7320
2025-01-20 14:57:04,333 - INFO - Epoch 37, Batch 15: Loss = 0.5664, Accuracy = 0.7432
2025-01-20 14:57:04,837 - INFO - Validation: Loss = 0.6700, Accuracy = 0.6559, Precision = 0.9128, Recall = 0.6538, F1 = 0.7619
2025-01-20 14:57:04,841 - INFO - Epoch 37/200: Train Loss = 0.5366, Val Loss = 0.6700
2025-01-20 14:57:06,656 - INFO - Epoch 38, Batch 5: Loss = 0.5401, Accuracy = 0.7375
2025-01-20 14:57:08,465 - INFO - Epoch 38, Batch 10: Loss = 0.5913, Accuracy = 0.7234
2025-01-20 14:57:10,255 - INFO - Epoch 38, Batch 15: Loss = 0.5816, Accuracy = 0.7318
2025-01-20 14:57:10,729 - INFO - Validation: Loss = 0.7115, Accuracy = 0.6235, Precision = 0.9137, Recall = 0.6106, F1 = 0.7320
2025-01-20 14:57:10,733 - INFO - Epoch 38/200: Train Loss = 0.5383, Val Loss = 0.7115
2025-01-20 14:57:12,539 - INFO - Epoch 39, Batch 5: Loss = 0.5528, Accuracy = 0.7250
2025-01-20 14:57:14,321 - INFO - Epoch 39, Batch 10: Loss = 0.4898, Accuracy = 0.7430
2025-01-20 14:57:16,129 - INFO - Epoch 39, Batch 15: Loss = 0.5232, Accuracy = 0.7411
2025-01-20 14:57:16,605 - INFO - Validation: Loss = 0.7031, Accuracy = 0.6275, Precision = 0.9203, Recall = 0.6106, F1 = 0.7341
2025-01-20 14:57:16,609 - INFO - Epoch 39/200: Train Loss = 0.5421, Val Loss = 0.7031
2025-01-20 14:57:18,467 - INFO - Epoch 40, Batch 5: Loss = 0.5117, Accuracy = 0.7422
2025-01-20 14:57:20,442 - INFO - Epoch 40, Batch 10: Loss = 0.5404, Accuracy = 0.7508
2025-01-20 14:57:22,278 - INFO - Epoch 40, Batch 15: Loss = 0.5795, Accuracy = 0.7401
2025-01-20 14:57:22,754 - INFO - Validation: Loss = 0.7748, Accuracy = 0.5425, Precision = 0.9060, Recall = 0.5096, F1 = 0.6523
2025-01-20 14:57:22,758 - INFO - Epoch 40/200: Train Loss = 0.5303, Val Loss = 0.7748
2025-01-20 14:57:24,589 - INFO - Epoch 41, Batch 5: Loss = 0.5397, Accuracy = 0.7312
2025-01-20 14:57:26,372 - INFO - Epoch 41, Batch 10: Loss = 0.5067, Accuracy = 0.7367
2025-01-20 14:57:28,177 - INFO - Epoch 41, Batch 15: Loss = 0.5328, Accuracy = 0.7365
2025-01-20 14:57:28,671 - INFO - Validation: Loss = 0.7272, Accuracy = 0.5951, Precision = 0.9154, Recall = 0.5721, F1 = 0.7041
2025-01-20 14:57:28,675 - INFO - Epoch 41/200: Train Loss = 0.5373, Val Loss = 0.7272
2025-01-20 14:57:30,546 - INFO - Epoch 42, Batch 5: Loss = 0.5062, Accuracy = 0.7547
2025-01-20 14:57:32,355 - INFO - Epoch 42, Batch 10: Loss = 0.6047, Accuracy = 0.7422
2025-01-20 14:57:34,221 - INFO - Epoch 42, Batch 15: Loss = 0.5521, Accuracy = 0.7443
2025-01-20 14:57:34,782 - INFO - Validation: Loss = 0.6959, Accuracy = 0.6194, Precision = 0.9191, Recall = 0.6010, F1 = 0.7267
2025-01-20 14:57:34,786 - INFO - Epoch 42/200: Train Loss = 0.5250, Val Loss = 0.6959
2025-01-20 14:57:36,624 - INFO - Epoch 43, Batch 5: Loss = 0.4884, Accuracy = 0.7328
2025-01-20 14:57:38,415 - INFO - Epoch 43, Batch 10: Loss = 0.5137, Accuracy = 0.7375
2025-01-20 14:57:40,231 - INFO - Epoch 43, Batch 15: Loss = 0.4708, Accuracy = 0.7432
2025-01-20 14:57:40,703 - INFO - Validation: Loss = 0.7421, Accuracy = 0.6032, Precision = 0.9167, Recall = 0.5817, F1 = 0.7118
2025-01-20 14:57:40,707 - INFO - Epoch 43/200: Train Loss = 0.5206, Val Loss = 0.7421
2025-01-20 14:57:42,554 - INFO - Epoch 44, Batch 5: Loss = 0.5114, Accuracy = 0.7438
2025-01-20 14:57:44,431 - INFO - Epoch 44, Batch 10: Loss = 0.4804, Accuracy = 0.7445
2025-01-20 14:57:46,227 - INFO - Epoch 44, Batch 15: Loss = 0.5176, Accuracy = 0.7547
2025-01-20 14:57:46,702 - INFO - Validation: Loss = 0.7384, Accuracy = 0.5911, Precision = 0.9084, Recall = 0.5721, F1 = 0.7021
2025-01-20 14:57:46,706 - INFO - Epoch 44/200: Train Loss = 0.5211, Val Loss = 0.7384
2025-01-20 14:57:48,524 - INFO - Epoch 45, Batch 5: Loss = 0.5176, Accuracy = 0.7484
2025-01-20 14:57:50,384 - INFO - Epoch 45, Batch 10: Loss = 0.5312, Accuracy = 0.7492
2025-01-20 14:57:52,217 - INFO - Epoch 45, Batch 15: Loss = 0.5552, Accuracy = 0.7495
2025-01-20 14:57:52,693 - INFO - Validation: Loss = 0.7248, Accuracy = 0.6113, Precision = 0.9118, Recall = 0.5962, F1 = 0.7209
2025-01-20 14:57:52,697 - INFO - Epoch 45/200: Train Loss = 0.5217, Val Loss = 0.7248
2025-01-20 14:57:54,519 - INFO - Epoch 46, Batch 5: Loss = 0.4457, Accuracy = 0.7641
2025-01-20 14:57:56,348 - INFO - Epoch 46, Batch 10: Loss = 0.4729, Accuracy = 0.7539
2025-01-20 14:57:58,183 - INFO - Epoch 46, Batch 15: Loss = 0.4572, Accuracy = 0.7510
2025-01-20 14:57:58,671 - INFO - Validation: Loss = 0.6657, Accuracy = 0.6518, Precision = 0.9067, Recall = 0.6538, F1 = 0.7598
2025-01-20 14:57:58,675 - INFO - Epoch 46/200: Train Loss = 0.5154, Val Loss = 0.6657
2025-01-20 14:58:00,529 - INFO - Epoch 47, Batch 5: Loss = 0.5030, Accuracy = 0.7766
2025-01-20 14:58:02,352 - INFO - Epoch 47, Batch 10: Loss = 0.5191, Accuracy = 0.7617
2025-01-20 14:58:04,218 - INFO - Epoch 47, Batch 15: Loss = 0.4992, Accuracy = 0.7578
2025-01-20 14:58:04,700 - INFO - Validation: Loss = 0.7732, Accuracy = 0.5547, Precision = 0.9083, Recall = 0.5240, F1 = 0.6646
2025-01-20 14:58:04,704 - INFO - Epoch 47/200: Train Loss = 0.5058, Val Loss = 0.7732
2025-01-20 14:58:06,561 - INFO - Epoch 48, Batch 5: Loss = 0.5853, Accuracy = 0.7500
2025-01-20 14:58:08,482 - INFO - Epoch 48, Batch 10: Loss = 0.4524, Accuracy = 0.7438
2025-01-20 14:58:10,377 - INFO - Epoch 48, Batch 15: Loss = 0.5184, Accuracy = 0.7484
2025-01-20 14:58:10,855 - INFO - Validation: Loss = 0.7008, Accuracy = 0.6518, Precision = 0.9122, Recall = 0.6490, F1 = 0.7584
2025-01-20 14:58:10,859 - INFO - Epoch 48/200: Train Loss = 0.5109, Val Loss = 0.7008
2025-01-20 14:58:12,807 - INFO - Epoch 49, Batch 5: Loss = 0.5308, Accuracy = 0.7344
2025-01-20 14:58:14,743 - INFO - Epoch 49, Batch 10: Loss = 0.5163, Accuracy = 0.7391
2025-01-20 14:58:16,548 - INFO - Epoch 49, Batch 15: Loss = 0.5118, Accuracy = 0.7432
2025-01-20 14:58:17,042 - INFO - Validation: Loss = 0.6571, Accuracy = 0.6721, Precision = 0.9150, Recall = 0.6731, F1 = 0.7756
2025-01-20 14:58:17,046 - INFO - Epoch 49/200: Train Loss = 0.5098, Val Loss = 0.6571
2025-01-20 14:58:18,895 - INFO - Epoch 50, Batch 5: Loss = 0.4694, Accuracy = 0.7750
2025-01-20 14:58:20,764 - INFO - Epoch 50, Batch 10: Loss = 0.4676, Accuracy = 0.7734
2025-01-20 14:58:22,626 - INFO - Epoch 50, Batch 15: Loss = 0.4936, Accuracy = 0.7708
2025-01-20 14:58:23,122 - INFO - Validation: Loss = 0.6801, Accuracy = 0.6437, Precision = 0.9110, Recall = 0.6394, F1 = 0.7514
2025-01-20 14:58:23,126 - INFO - Epoch 50/200: Train Loss = 0.5010, Val Loss = 0.6801
2025-01-20 14:58:24,954 - INFO - Epoch 51, Batch 5: Loss = 0.4198, Accuracy = 0.7891
2025-01-20 14:58:26,735 - INFO - Epoch 51, Batch 10: Loss = 0.5159, Accuracy = 0.7820
2025-01-20 14:58:28,611 - INFO - Epoch 51, Batch 15: Loss = 0.5412, Accuracy = 0.7635
2025-01-20 14:58:29,096 - INFO - Validation: Loss = 0.7611, Accuracy = 0.5749, Precision = 0.8992, Recall = 0.5577, F1 = 0.6884
2025-01-20 14:58:29,100 - INFO - Epoch 51/200: Train Loss = 0.4972, Val Loss = 0.7611
2025-01-20 14:58:30,921 - INFO - Epoch 52, Batch 5: Loss = 0.4506, Accuracy = 0.7797
2025-01-20 14:58:32,727 - INFO - Epoch 52, Batch 10: Loss = 0.4332, Accuracy = 0.7633
2025-01-20 14:58:34,581 - INFO - Epoch 52, Batch 15: Loss = 0.4749, Accuracy = 0.7625
2025-01-20 14:58:35,048 - INFO - Validation: Loss = 0.8187, Accuracy = 0.5466, Precision = 0.9211, Recall = 0.5048, F1 = 0.6522
2025-01-20 14:58:35,052 - INFO - Epoch 52/200: Train Loss = 0.4938, Val Loss = 0.8187
2025-01-20 14:58:36,861 - INFO - Epoch 53, Batch 5: Loss = 0.5152, Accuracy = 0.7937
2025-01-20 14:58:38,720 - INFO - Epoch 53, Batch 10: Loss = 0.4749, Accuracy = 0.7789
2025-01-20 14:58:40,488 - INFO - Epoch 53, Batch 15: Loss = 0.4915, Accuracy = 0.7750
2025-01-20 14:58:40,970 - INFO - Validation: Loss = 0.7482, Accuracy = 0.5911, Precision = 0.8963, Recall = 0.5817, F1 = 0.7055
2025-01-20 14:58:40,974 - INFO - Epoch 53/200: Train Loss = 0.4835, Val Loss = 0.7482
2025-01-20 14:58:42,804 - INFO - Epoch 54, Batch 5: Loss = 0.5024, Accuracy = 0.7688
2025-01-20 14:58:44,651 - INFO - Epoch 54, Batch 10: Loss = 0.5095, Accuracy = 0.7727
2025-01-20 14:58:46,464 - INFO - Epoch 54, Batch 15: Loss = 0.5063, Accuracy = 0.7714
2025-01-20 14:58:46,948 - INFO - Validation: Loss = 0.7295, Accuracy = 0.6032, Precision = 0.9104, Recall = 0.5865, F1 = 0.7135
2025-01-20 14:58:46,952 - INFO - Epoch 54/200: Train Loss = 0.4874, Val Loss = 0.7295
2025-01-20 14:58:48,867 - INFO - Epoch 55, Batch 5: Loss = 0.4508, Accuracy = 0.7953
2025-01-20 14:58:50,779 - INFO - Epoch 55, Batch 10: Loss = 0.4734, Accuracy = 0.7820
2025-01-20 14:58:52,636 - INFO - Epoch 55, Batch 15: Loss = 0.5016, Accuracy = 0.7682
2025-01-20 14:58:53,131 - INFO - Validation: Loss = 0.6810, Accuracy = 0.6680, Precision = 0.9145, Recall = 0.6683, F1 = 0.7722
2025-01-20 14:58:53,136 - INFO - Epoch 55/200: Train Loss = 0.4844, Val Loss = 0.6810
2025-01-20 14:58:54,946 - INFO - Epoch 56, Batch 5: Loss = 0.4992, Accuracy = 0.7859
2025-01-20 14:58:56,747 - INFO - Epoch 56, Batch 10: Loss = 0.5222, Accuracy = 0.7789
2025-01-20 14:58:58,520 - INFO - Epoch 56, Batch 15: Loss = 0.5102, Accuracy = 0.7734
2025-01-20 14:58:58,991 - INFO - Validation: Loss = 0.6650, Accuracy = 0.6964, Precision = 0.9182, Recall = 0.7019, F1 = 0.7956
2025-01-20 14:58:58,995 - INFO - Epoch 56/200: Train Loss = 0.4775, Val Loss = 0.6650
2025-01-20 14:59:00,775 - INFO - Epoch 57, Batch 5: Loss = 0.4554, Accuracy = 0.7625
2025-01-20 14:59:02,534 - INFO - Epoch 57, Batch 10: Loss = 0.4621, Accuracy = 0.7734
2025-01-20 14:59:04,303 - INFO - Epoch 57, Batch 15: Loss = 0.4640, Accuracy = 0.7766
2025-01-20 14:59:04,769 - INFO - Validation: Loss = 0.7549, Accuracy = 0.6073, Precision = 0.9111, Recall = 0.5913, F1 = 0.7172
2025-01-20 14:59:04,773 - INFO - Epoch 57/200: Train Loss = 0.4713, Val Loss = 0.7549
2025-01-20 14:59:06,574 - INFO - Epoch 58, Batch 5: Loss = 0.4417, Accuracy = 0.7781
2025-01-20 14:59:08,332 - INFO - Epoch 58, Batch 10: Loss = 0.4261, Accuracy = 0.7844
2025-01-20 14:59:10,099 - INFO - Epoch 58, Batch 15: Loss = 0.5569, Accuracy = 0.7776
2025-01-20 14:59:10,568 - INFO - Validation: Loss = 0.7287, Accuracy = 0.6437, Precision = 0.9225, Recall = 0.6298, F1 = 0.7486
2025-01-20 14:59:10,572 - INFO - Epoch 58/200: Train Loss = 0.4705, Val Loss = 0.7287
2025-01-20 14:59:12,375 - INFO - Epoch 59, Batch 5: Loss = 0.4845, Accuracy = 0.7984
2025-01-20 14:59:14,163 - INFO - Epoch 59, Batch 10: Loss = 0.5123, Accuracy = 0.7742
2025-01-20 14:59:15,916 - INFO - Epoch 59, Batch 15: Loss = 0.4196, Accuracy = 0.7740
2025-01-20 14:59:16,388 - INFO - Validation: Loss = 0.7834, Accuracy = 0.5951, Precision = 0.9154, Recall = 0.5721, F1 = 0.7041
2025-01-20 14:59:16,392 - INFO - Epoch 59/200: Train Loss = 0.4781, Val Loss = 0.7834
2025-01-20 14:59:18,158 - INFO - Epoch 60, Batch 5: Loss = 0.4540, Accuracy = 0.7937
2025-01-20 14:59:19,942 - INFO - Epoch 60, Batch 10: Loss = 0.4639, Accuracy = 0.7719
2025-01-20 14:59:21,705 - INFO - Epoch 60, Batch 15: Loss = 0.4279, Accuracy = 0.7703
2025-01-20 14:59:22,181 - INFO - Validation: Loss = 0.8176, Accuracy = 0.5830, Precision = 0.9200, Recall = 0.5529, F1 = 0.6907
2025-01-20 14:59:22,185 - INFO - Epoch 60/200: Train Loss = 0.4764, Val Loss = 0.8176
2025-01-20 14:59:23,992 - INFO - Epoch 61, Batch 5: Loss = 0.4292, Accuracy = 0.8016
2025-01-20 14:59:25,791 - INFO - Epoch 61, Batch 10: Loss = 0.4607, Accuracy = 0.7891
2025-01-20 14:59:27,584 - INFO - Epoch 61, Batch 15: Loss = 0.5055, Accuracy = 0.7854
2025-01-20 14:59:28,057 - INFO - Validation: Loss = 0.6646, Accuracy = 0.6721, Precision = 0.9045, Recall = 0.6827, F1 = 0.7781
2025-01-20 14:59:28,061 - INFO - Epoch 61/200: Train Loss = 0.4686, Val Loss = 0.6646
2025-01-20 14:59:29,877 - INFO - Epoch 62, Batch 5: Loss = 0.4339, Accuracy = 0.7906
2025-01-20 14:59:31,647 - INFO - Epoch 62, Batch 10: Loss = 0.4813, Accuracy = 0.7844
2025-01-20 14:59:33,415 - INFO - Epoch 62, Batch 15: Loss = 0.4961, Accuracy = 0.7698
2025-01-20 14:59:33,885 - INFO - Validation: Loss = 0.7267, Accuracy = 0.6275, Precision = 0.9028, Recall = 0.6250, F1 = 0.7386
2025-01-20 14:59:33,889 - INFO - Epoch 62/200: Train Loss = 0.4709, Val Loss = 0.7267
2025-01-20 14:59:35,711 - INFO - Epoch 63, Batch 5: Loss = 0.4714, Accuracy = 0.8063
2025-01-20 14:59:37,467 - INFO - Epoch 63, Batch 10: Loss = 0.5778, Accuracy = 0.7922
2025-01-20 14:59:39,266 - INFO - Epoch 63, Batch 15: Loss = 0.4343, Accuracy = 0.7885
2025-01-20 14:59:39,737 - INFO - Validation: Loss = 0.8055, Accuracy = 0.5749, Precision = 0.9256, Recall = 0.5385, F1 = 0.6809
2025-01-20 14:59:39,741 - INFO - Epoch 63/200: Train Loss = 0.4632, Val Loss = 0.8055
2025-01-20 14:59:41,525 - INFO - Epoch 64, Batch 5: Loss = 0.4784, Accuracy = 0.7719
2025-01-20 14:59:43,280 - INFO - Epoch 64, Batch 10: Loss = 0.4497, Accuracy = 0.7781
2025-01-20 14:59:45,028 - INFO - Epoch 64, Batch 15: Loss = 0.4460, Accuracy = 0.7870
2025-01-20 14:59:45,498 - INFO - Validation: Loss = 0.7548, Accuracy = 0.6073, Precision = 0.9173, Recall = 0.5865, F1 = 0.7155
2025-01-20 14:59:45,502 - INFO - Epoch 64/200: Train Loss = 0.4741, Val Loss = 0.7548
2025-01-20 14:59:47,274 - INFO - Epoch 65, Batch 5: Loss = 0.4998, Accuracy = 0.7797
2025-01-20 14:59:49,046 - INFO - Epoch 65, Batch 10: Loss = 0.4849, Accuracy = 0.7828
2025-01-20 14:59:50,806 - INFO - Epoch 65, Batch 15: Loss = 0.5421, Accuracy = 0.7844
2025-01-20 14:59:51,275 - INFO - Validation: Loss = 0.7741, Accuracy = 0.6235, Precision = 0.9197, Recall = 0.6058, F1 = 0.7304
2025-01-20 14:59:51,279 - INFO - Epoch 65/200: Train Loss = 0.4645, Val Loss = 0.7741
2025-01-20 14:59:53,085 - INFO - Epoch 66, Batch 5: Loss = 0.4793, Accuracy = 0.7625
2025-01-20 14:59:54,844 - INFO - Epoch 66, Batch 10: Loss = 0.4443, Accuracy = 0.7750
2025-01-20 14:59:56,650 - INFO - Epoch 66, Batch 15: Loss = 0.4826, Accuracy = 0.7807
2025-01-20 14:59:57,134 - INFO - Validation: Loss = 0.7610, Accuracy = 0.5992, Precision = 0.9160, Recall = 0.5769, F1 = 0.7080
2025-01-20 14:59:57,138 - INFO - Epoch 66/200: Train Loss = 0.4493, Val Loss = 0.7610
2025-01-20 14:59:58,961 - INFO - Epoch 67, Batch 5: Loss = 0.4912, Accuracy = 0.7969
2025-01-20 15:00:00,757 - INFO - Epoch 67, Batch 10: Loss = 0.4153, Accuracy = 0.8102
2025-01-20 15:00:02,521 - INFO - Epoch 67, Batch 15: Loss = 0.4328, Accuracy = 0.7932
2025-01-20 15:00:02,995 - INFO - Validation: Loss = 0.6633, Accuracy = 0.6721, Precision = 0.9097, Recall = 0.6779, F1 = 0.7769
2025-01-20 15:00:02,999 - INFO - Epoch 67/200: Train Loss = 0.4530, Val Loss = 0.6633
2025-01-20 15:00:04,834 - INFO - Epoch 68, Batch 5: Loss = 0.4857, Accuracy = 0.7984
2025-01-20 15:00:06,591 - INFO - Epoch 68, Batch 10: Loss = 0.5049, Accuracy = 0.8008
2025-01-20 15:00:08,316 - INFO - Epoch 68, Batch 15: Loss = 0.4489, Accuracy = 0.7922
2025-01-20 15:00:08,787 - INFO - Validation: Loss = 0.6653, Accuracy = 0.6680, Precision = 0.9091, Recall = 0.6731, F1 = 0.7735
2025-01-20 15:00:08,791 - INFO - Epoch 68/200: Train Loss = 0.4582, Val Loss = 0.6653
2025-01-20 15:00:10,636 - INFO - Epoch 69, Batch 5: Loss = 0.4159, Accuracy = 0.7984
2025-01-20 15:00:12,391 - INFO - Epoch 69, Batch 10: Loss = 0.4419, Accuracy = 0.7977
2025-01-20 15:00:14,166 - INFO - Epoch 69, Batch 15: Loss = 0.4048, Accuracy = 0.7995
2025-01-20 15:00:14,641 - INFO - Validation: Loss = 0.6935, Accuracy = 0.6559, Precision = 0.9184, Recall = 0.6490, F1 = 0.7606
2025-01-20 15:00:14,645 - INFO - Epoch 69/200: Train Loss = 0.4373, Val Loss = 0.6935
2025-01-20 15:00:16,456 - INFO - Epoch 70, Batch 5: Loss = 0.4476, Accuracy = 0.7969
2025-01-20 15:00:18,240 - INFO - Epoch 70, Batch 10: Loss = 0.3822, Accuracy = 0.8070
2025-01-20 15:00:20,008 - INFO - Epoch 70, Batch 15: Loss = 0.3962, Accuracy = 0.8031
2025-01-20 15:00:20,482 - INFO - Validation: Loss = 0.8210, Accuracy = 0.5709, Precision = 0.9180, Recall = 0.5385, F1 = 0.6788
2025-01-20 15:00:20,486 - INFO - Epoch 70/200: Train Loss = 0.4461, Val Loss = 0.8210
2025-01-20 15:00:22,288 - INFO - Epoch 71, Batch 5: Loss = 0.4473, Accuracy = 0.7937
2025-01-20 15:00:24,067 - INFO - Epoch 71, Batch 10: Loss = 0.5063, Accuracy = 0.7961
2025-01-20 15:00:25,845 - INFO - Epoch 71, Batch 15: Loss = 0.4420, Accuracy = 0.7870
2025-01-20 15:00:26,344 - INFO - Validation: Loss = 0.7625, Accuracy = 0.5951, Precision = 0.9219, Recall = 0.5673, F1 = 0.7024
2025-01-20 15:00:26,348 - INFO - Epoch 71/200: Train Loss = 0.4512, Val Loss = 0.7625
2025-01-20 15:00:28,128 - INFO - Epoch 72, Batch 5: Loss = 0.4560, Accuracy = 0.8047
2025-01-20 15:00:29,919 - INFO - Epoch 72, Batch 10: Loss = 0.4369, Accuracy = 0.7937
2025-01-20 15:00:31,681 - INFO - Epoch 72, Batch 15: Loss = 0.4211, Accuracy = 0.8005
2025-01-20 15:00:32,152 - INFO - Validation: Loss = 0.7400, Accuracy = 0.6235, Precision = 0.9259, Recall = 0.6010, F1 = 0.7289
2025-01-20 15:00:32,157 - INFO - Epoch 72/200: Train Loss = 0.4332, Val Loss = 0.7400
2025-01-20 15:00:33,987 - INFO - Epoch 73, Batch 5: Loss = 0.3967, Accuracy = 0.8047
2025-01-20 15:00:35,766 - INFO - Epoch 73, Batch 10: Loss = 0.4186, Accuracy = 0.8000
2025-01-20 15:00:37,515 - INFO - Epoch 73, Batch 15: Loss = 0.4134, Accuracy = 0.8042
2025-01-20 15:00:37,983 - INFO - Validation: Loss = 0.6675, Accuracy = 0.6559, Precision = 0.9073, Recall = 0.6587, F1 = 0.7632
2025-01-20 15:00:37,987 - INFO - Epoch 73/200: Train Loss = 0.4277, Val Loss = 0.6675
2025-01-20 15:00:39,786 - INFO - Epoch 74, Batch 5: Loss = 0.4225, Accuracy = 0.8047
2025-01-20 15:00:41,908 - INFO - Epoch 74, Batch 10: Loss = 0.4277, Accuracy = 0.8023
2025-01-20 15:00:43,715 - INFO - Epoch 74, Batch 15: Loss = 0.3607, Accuracy = 0.8036
2025-01-20 15:00:44,193 - INFO - Validation: Loss = 0.6947, Accuracy = 0.6518, Precision = 0.9236, Recall = 0.6394, F1 = 0.7557
2025-01-20 15:00:44,212 - INFO - Epoch 74/200: Train Loss = 0.4311, Val Loss = 0.6947
2025-01-20 15:00:45,982 - INFO - Epoch 75, Batch 5: Loss = 0.4260, Accuracy = 0.7953
2025-01-20 15:00:47,754 - INFO - Epoch 75, Batch 10: Loss = 0.4158, Accuracy = 0.7891
2025-01-20 15:00:49,556 - INFO - Epoch 75, Batch 15: Loss = 0.3966, Accuracy = 0.8021
2025-01-20 15:00:50,020 - INFO - Validation: Loss = 0.6065, Accuracy = 0.7368, Precision = 0.9086, Recall = 0.7644, F1 = 0.8303
2025-01-20 15:00:50,025 - INFO - Epoch 75/200: Train Loss = 0.4425, Val Loss = 0.6065
2025-01-20 15:00:50,999 - INFO - Checkpoint saved at ./output/checkpoints//best_model.pth
2025-01-20 15:00:51,468 - INFO - Model improved at epoch 75. Checkpoint saved.
2025-01-20 15:00:53,246 - INFO - Epoch 76, Batch 5: Loss = 0.4498, Accuracy = 0.7875
2025-01-20 15:00:55,040 - INFO - Epoch 76, Batch 10: Loss = 0.4089, Accuracy = 0.7789
2025-01-20 15:00:56,819 - INFO - Epoch 76, Batch 15: Loss = 0.3866, Accuracy = 0.7948
2025-01-20 15:00:57,298 - INFO - Validation: Loss = 0.7383, Accuracy = 0.6235, Precision = 0.9259, Recall = 0.6010, F1 = 0.7289
2025-01-20 15:00:57,302 - INFO - Epoch 76/200: Train Loss = 0.4431, Val Loss = 0.7383
2025-01-20 15:00:59,101 - INFO - Epoch 77, Batch 5: Loss = 0.4189, Accuracy = 0.7891
2025-01-20 15:01:00,908 - INFO - Epoch 77, Batch 10: Loss = 0.3708, Accuracy = 0.8016
2025-01-20 15:01:02,672 - INFO - Epoch 77, Batch 15: Loss = 0.4422, Accuracy = 0.7974
2025-01-20 15:01:03,155 - INFO - Validation: Loss = 0.7610, Accuracy = 0.6154, Precision = 0.9248, Recall = 0.5913, F1 = 0.7214
2025-01-20 15:01:03,159 - INFO - Epoch 77/200: Train Loss = 0.4351, Val Loss = 0.7610
2025-01-20 15:01:04,967 - INFO - Epoch 78, Batch 5: Loss = 0.3998, Accuracy = 0.8219
2025-01-20 15:01:06,778 - INFO - Epoch 78, Batch 10: Loss = 0.4495, Accuracy = 0.8055
2025-01-20 15:01:08,544 - INFO - Epoch 78, Batch 15: Loss = 0.4622, Accuracy = 0.8120
2025-01-20 15:01:09,017 - INFO - Validation: Loss = 0.8021, Accuracy = 0.5951, Precision = 0.9286, Recall = 0.5625, F1 = 0.7006
2025-01-20 15:01:09,021 - INFO - Epoch 78/200: Train Loss = 0.4272, Val Loss = 0.8021
2025-01-20 15:01:10,786 - INFO - Epoch 79, Batch 5: Loss = 0.4340, Accuracy = 0.8125
2025-01-20 15:01:12,550 - INFO - Epoch 79, Batch 10: Loss = 0.4590, Accuracy = 0.7992
2025-01-20 15:01:14,349 - INFO - Epoch 79, Batch 15: Loss = 0.4474, Accuracy = 0.8036
2025-01-20 15:01:14,823 - INFO - Validation: Loss = 0.8695, Accuracy = 0.5385, Precision = 0.9273, Recall = 0.4904, F1 = 0.6415
2025-01-20 15:01:14,827 - INFO - Epoch 79/200: Train Loss = 0.4383, Val Loss = 0.8695
2025-01-20 15:01:16,619 - INFO - Epoch 80, Batch 5: Loss = 0.3928, Accuracy = 0.8250
2025-01-20 15:01:18,402 - INFO - Epoch 80, Batch 10: Loss = 0.4331, Accuracy = 0.8180
2025-01-20 15:01:20,168 - INFO - Epoch 80, Batch 15: Loss = 0.4122, Accuracy = 0.8146
2025-01-20 15:01:20,634 - INFO - Validation: Loss = 0.8282, Accuracy = 0.5830, Precision = 0.9200, Recall = 0.5529, F1 = 0.6907
2025-01-20 15:01:20,638 - INFO - Epoch 80/200: Train Loss = 0.4251, Val Loss = 0.8282
2025-01-20 15:01:22,425 - INFO - Epoch 81, Batch 5: Loss = 0.4852, Accuracy = 0.8031
2025-01-20 15:01:24,172 - INFO - Epoch 81, Batch 10: Loss = 0.4272, Accuracy = 0.8031
2025-01-20 15:01:25,932 - INFO - Epoch 81, Batch 15: Loss = 0.4054, Accuracy = 0.8068
2025-01-20 15:01:26,402 - INFO - Validation: Loss = 0.7958, Accuracy = 0.5830, Precision = 0.9268, Recall = 0.5481, F1 = 0.6888
2025-01-20 15:01:26,406 - INFO - Epoch 81/200: Train Loss = 0.4335, Val Loss = 0.7958
2025-01-20 15:01:28,186 - INFO - Epoch 82, Batch 5: Loss = 0.4102, Accuracy = 0.8297
2025-01-20 15:01:30,027 - INFO - Epoch 82, Batch 10: Loss = 0.5293, Accuracy = 0.8008
2025-01-20 15:01:31,878 - INFO - Epoch 82, Batch 15: Loss = 0.4558, Accuracy = 0.8000
2025-01-20 15:01:32,370 - INFO - Validation: Loss = 0.8153, Accuracy = 0.5911, Precision = 0.9213, Recall = 0.5625, F1 = 0.6985
2025-01-20 15:01:32,374 - INFO - Epoch 82/200: Train Loss = 0.4271, Val Loss = 0.8153
2025-01-20 15:01:34,151 - INFO - Epoch 83, Batch 5: Loss = 0.4015, Accuracy = 0.8109
2025-01-20 15:01:35,947 - INFO - Epoch 83, Batch 10: Loss = 0.3894, Accuracy = 0.8242
2025-01-20 15:01:37,734 - INFO - Epoch 83, Batch 15: Loss = 0.3913, Accuracy = 0.8224
2025-01-20 15:01:38,203 - INFO - Validation: Loss = 0.7235, Accuracy = 0.6559, Precision = 0.9128, Recall = 0.6538, F1 = 0.7619
2025-01-20 15:01:38,208 - INFO - Epoch 83/200: Train Loss = 0.4143, Val Loss = 0.7235
2025-01-20 15:01:40,023 - INFO - Epoch 84, Batch 5: Loss = 0.4524, Accuracy = 0.8344
2025-01-20 15:01:41,786 - INFO - Epoch 84, Batch 10: Loss = 0.3768, Accuracy = 0.8172
2025-01-20 15:01:43,571 - INFO - Epoch 84, Batch 15: Loss = 0.4414, Accuracy = 0.8187
2025-01-20 15:01:44,052 - INFO - Validation: Loss = 0.7281, Accuracy = 0.6356, Precision = 0.9155, Recall = 0.6250, F1 = 0.7429
2025-01-20 15:01:44,056 - INFO - Epoch 84/200: Train Loss = 0.4186, Val Loss = 0.7281
2025-01-20 15:01:45,865 - INFO - Epoch 85, Batch 5: Loss = 0.3895, Accuracy = 0.8391
2025-01-20 15:01:47,638 - INFO - Epoch 85, Batch 10: Loss = 0.3957, Accuracy = 0.8219
2025-01-20 15:01:49,413 - INFO - Epoch 85, Batch 15: Loss = 0.4042, Accuracy = 0.8214
2025-01-20 15:01:49,884 - INFO - Validation: Loss = 0.7600, Accuracy = 0.6113, Precision = 0.9242, Recall = 0.5865, F1 = 0.7176
2025-01-20 15:01:49,889 - INFO - Epoch 85/200: Train Loss = 0.4062, Val Loss = 0.7600
2025-01-20 15:01:51,666 - INFO - Epoch 86, Batch 5: Loss = 0.3618, Accuracy = 0.8453
2025-01-20 15:01:53,445 - INFO - Epoch 86, Batch 10: Loss = 0.3736, Accuracy = 0.8305
2025-01-20 15:01:55,239 - INFO - Epoch 86, Batch 15: Loss = 0.3994, Accuracy = 0.8161
2025-01-20 15:01:55,708 - INFO - Validation: Loss = 0.8116, Accuracy = 0.5951, Precision = 0.9286, Recall = 0.5625, F1 = 0.7006
2025-01-20 15:01:55,712 - INFO - Epoch 86/200: Train Loss = 0.4073, Val Loss = 0.8116
2025-01-20 15:01:57,550 - INFO - Epoch 87, Batch 5: Loss = 0.4259, Accuracy = 0.8031
2025-01-20 15:01:59,289 - INFO - Epoch 87, Batch 10: Loss = 0.3717, Accuracy = 0.8086
2025-01-20 15:02:01,093 - INFO - Epoch 87, Batch 15: Loss = 0.3987, Accuracy = 0.8146
2025-01-20 15:02:01,563 - INFO - Validation: Loss = 0.7713, Accuracy = 0.6113, Precision = 0.9179, Recall = 0.5913, F1 = 0.7193
2025-01-20 15:02:01,567 - INFO - Epoch 87/200: Train Loss = 0.4136, Val Loss = 0.7713
2025-01-20 15:02:03,361 - INFO - Epoch 88, Batch 5: Loss = 0.4100, Accuracy = 0.8344
2025-01-20 15:02:05,175 - INFO - Epoch 88, Batch 10: Loss = 0.4238, Accuracy = 0.8313
2025-01-20 15:02:06,945 - INFO - Epoch 88, Batch 15: Loss = 0.4639, Accuracy = 0.8255
2025-01-20 15:02:07,417 - INFO - Validation: Loss = 0.7665, Accuracy = 0.6113, Precision = 0.9179, Recall = 0.5913, F1 = 0.7193
2025-01-20 15:02:07,421 - INFO - Epoch 88/200: Train Loss = 0.4046, Val Loss = 0.7665
2025-01-20 15:02:09,222 - INFO - Epoch 89, Batch 5: Loss = 0.4113, Accuracy = 0.8344
2025-01-20 15:02:11,009 - INFO - Epoch 89, Batch 10: Loss = 0.4201, Accuracy = 0.8305
2025-01-20 15:02:12,800 - INFO - Epoch 89, Batch 15: Loss = 0.3628, Accuracy = 0.8255
2025-01-20 15:02:13,274 - INFO - Validation: Loss = 0.8054, Accuracy = 0.5992, Precision = 0.9291, Recall = 0.5673, F1 = 0.7045
2025-01-20 15:02:13,278 - INFO - Epoch 89/200: Train Loss = 0.4090, Val Loss = 0.8054
2025-01-20 15:02:15,051 - INFO - Epoch 90, Batch 5: Loss = 0.4122, Accuracy = 0.8344
2025-01-20 15:02:16,859 - INFO - Epoch 90, Batch 10: Loss = 0.4580, Accuracy = 0.8281
2025-01-20 15:02:18,603 - INFO - Epoch 90, Batch 15: Loss = 0.3801, Accuracy = 0.8214
2025-01-20 15:02:19,075 - INFO - Validation: Loss = 0.7607, Accuracy = 0.6113, Precision = 0.9242, Recall = 0.5865, F1 = 0.7176
2025-01-20 15:02:19,079 - INFO - Epoch 90/200: Train Loss = 0.4090, Val Loss = 0.7607
2025-01-20 15:02:20,885 - INFO - Epoch 91, Batch 5: Loss = 0.3874, Accuracy = 0.8375
2025-01-20 15:02:22,666 - INFO - Epoch 91, Batch 10: Loss = 0.4499, Accuracy = 0.8344
2025-01-20 15:02:24,461 - INFO - Epoch 91, Batch 15: Loss = 0.3581, Accuracy = 0.8318
2025-01-20 15:02:24,930 - INFO - Validation: Loss = 0.8196, Accuracy = 0.6032, Precision = 0.9297, Recall = 0.5721, F1 = 0.7083
2025-01-20 15:02:24,934 - INFO - Epoch 91/200: Train Loss = 0.3947, Val Loss = 0.8196
2025-01-20 15:02:26,747 - INFO - Epoch 92, Batch 5: Loss = 0.3877, Accuracy = 0.8203
2025-01-20 15:02:28,525 - INFO - Epoch 92, Batch 10: Loss = 0.4590, Accuracy = 0.8133
2025-01-20 15:02:30,293 - INFO - Epoch 92, Batch 15: Loss = 0.3741, Accuracy = 0.8177
2025-01-20 15:02:30,773 - INFO - Validation: Loss = 0.8961, Accuracy = 0.5547, Precision = 0.9375, Recall = 0.5048, F1 = 0.6562
2025-01-20 15:02:30,777 - INFO - Epoch 92/200: Train Loss = 0.4033, Val Loss = 0.8961
2025-01-20 15:02:32,562 - INFO - Epoch 93, Batch 5: Loss = 0.3436, Accuracy = 0.8406
2025-01-20 15:02:34,337 - INFO - Epoch 93, Batch 10: Loss = 0.4244, Accuracy = 0.8336
2025-01-20 15:02:36,118 - INFO - Epoch 93, Batch 15: Loss = 0.4467, Accuracy = 0.8307
2025-01-20 15:02:36,592 - INFO - Validation: Loss = 0.8096, Accuracy = 0.6032, Precision = 0.9365, Recall = 0.5673, F1 = 0.7066
2025-01-20 15:02:36,596 - INFO - Epoch 93/200: Train Loss = 0.4119, Val Loss = 0.8096
2025-01-20 15:02:38,422 - INFO - Epoch 94, Batch 5: Loss = 0.3818, Accuracy = 0.8281
2025-01-20 15:02:40,263 - INFO - Epoch 94, Batch 10: Loss = 0.3410, Accuracy = 0.8398
2025-01-20 15:02:42,144 - INFO - Epoch 94, Batch 15: Loss = 0.4052, Accuracy = 0.8328
2025-01-20 15:02:42,616 - INFO - Validation: Loss = 0.7389, Accuracy = 0.6275, Precision = 0.9265, Recall = 0.6058, F1 = 0.7326
2025-01-20 15:02:42,620 - INFO - Epoch 94/200: Train Loss = 0.4052, Val Loss = 0.7389
2025-01-20 15:02:44,411 - INFO - Epoch 95, Batch 5: Loss = 0.4049, Accuracy = 0.8234
2025-01-20 15:02:46,221 - INFO - Epoch 95, Batch 10: Loss = 0.4661, Accuracy = 0.8242
2025-01-20 15:02:48,086 - INFO - Epoch 95, Batch 15: Loss = 0.4331, Accuracy = 0.8224
2025-01-20 15:02:48,583 - INFO - Validation: Loss = 0.6789, Accuracy = 0.6599, Precision = 0.9133, Recall = 0.6587, F1 = 0.7654
2025-01-20 15:02:48,587 - INFO - Epoch 95/200: Train Loss = 0.4018, Val Loss = 0.6789
2025-01-20 15:02:50,498 - INFO - Epoch 96, Batch 5: Loss = 0.4475, Accuracy = 0.8063
2025-01-20 15:02:52,250 - INFO - Epoch 96, Batch 10: Loss = 0.3613, Accuracy = 0.8156
2025-01-20 15:02:54,055 - INFO - Epoch 96, Batch 15: Loss = 0.4178, Accuracy = 0.8250
2025-01-20 15:02:54,541 - INFO - Validation: Loss = 0.7742, Accuracy = 0.5992, Precision = 0.9160, Recall = 0.5769, F1 = 0.7080
2025-01-20 15:02:54,545 - INFO - Epoch 96/200: Train Loss = 0.4014, Val Loss = 0.7742
2025-01-20 15:02:56,318 - INFO - Epoch 97, Batch 5: Loss = 0.4377, Accuracy = 0.8266
2025-01-20 15:02:58,110 - INFO - Epoch 97, Batch 10: Loss = 0.3962, Accuracy = 0.8227
2025-01-20 15:02:59,911 - INFO - Epoch 97, Batch 15: Loss = 0.4023, Accuracy = 0.8250
2025-01-20 15:03:00,396 - INFO - Validation: Loss = 0.7908, Accuracy = 0.6032, Precision = 0.9231, Recall = 0.5769, F1 = 0.7101
2025-01-20 15:03:00,400 - INFO - Epoch 97/200: Train Loss = 0.3896, Val Loss = 0.7908
2025-01-20 15:03:02,244 - INFO - Epoch 98, Batch 5: Loss = 0.3992, Accuracy = 0.8109
2025-01-20 15:03:04,028 - INFO - Epoch 98, Batch 10: Loss = 0.4145, Accuracy = 0.8125
2025-01-20 15:03:05,880 - INFO - Epoch 98, Batch 15: Loss = 0.3579, Accuracy = 0.8229
2025-01-20 15:03:06,365 - INFO - Validation: Loss = 0.8007, Accuracy = 0.6032, Precision = 0.9167, Recall = 0.5817, F1 = 0.7118
2025-01-20 15:03:06,370 - INFO - Epoch 98/200: Train Loss = 0.3976, Val Loss = 0.8007
2025-01-20 15:03:08,182 - INFO - Epoch 99, Batch 5: Loss = 0.3733, Accuracy = 0.8438
2025-01-20 15:03:09,967 - INFO - Epoch 99, Batch 10: Loss = 0.3726, Accuracy = 0.8359
2025-01-20 15:03:11,775 - INFO - Epoch 99, Batch 15: Loss = 0.4805, Accuracy = 0.8349
2025-01-20 15:03:12,256 - INFO - Validation: Loss = 0.7013, Accuracy = 0.6559, Precision = 0.9073, Recall = 0.6587, F1 = 0.7632
2025-01-20 15:03:12,260 - INFO - Epoch 99/200: Train Loss = 0.3934, Val Loss = 0.7013
2025-01-20 15:03:14,168 - INFO - Epoch 100, Batch 5: Loss = 0.4447, Accuracy = 0.8219
2025-01-20 15:03:15,945 - INFO - Epoch 100, Batch 10: Loss = 0.4088, Accuracy = 0.8234
2025-01-20 15:03:17,774 - INFO - Epoch 100, Batch 15: Loss = 0.3419, Accuracy = 0.8349
2025-01-20 15:03:18,273 - INFO - Validation: Loss = 0.7078, Accuracy = 0.6397, Precision = 0.9220, Recall = 0.6250, F1 = 0.7450
2025-01-20 15:03:18,277 - INFO - Epoch 100/200: Train Loss = 0.3864, Val Loss = 0.7078
2025-01-20 15:03:20,089 - INFO - Epoch 101, Batch 5: Loss = 0.3943, Accuracy = 0.8109
2025-01-20 15:03:21,920 - INFO - Epoch 101, Batch 10: Loss = 0.3787, Accuracy = 0.8344
2025-01-20 15:03:23,854 - INFO - Epoch 101, Batch 15: Loss = 0.3779, Accuracy = 0.8307
2025-01-20 15:03:24,350 - INFO - Validation: Loss = 0.7716, Accuracy = 0.6113, Precision = 0.9179, Recall = 0.5913, F1 = 0.7193
2025-01-20 15:03:24,354 - INFO - Epoch 101/200: Train Loss = 0.3879, Val Loss = 0.7716
2025-01-20 15:03:26,263 - INFO - Epoch 102, Batch 5: Loss = 0.3454, Accuracy = 0.8250
2025-01-20 15:03:28,185 - INFO - Epoch 102, Batch 10: Loss = 0.3700, Accuracy = 0.8320
2025-01-20 15:03:29,971 - INFO - Epoch 102, Batch 15: Loss = 0.4107, Accuracy = 0.8297
2025-01-20 15:03:30,446 - INFO - Validation: Loss = 0.8036, Accuracy = 0.5870, Precision = 0.9141, Recall = 0.5625, F1 = 0.6964
2025-01-20 15:03:30,451 - INFO - Epoch 102/200: Train Loss = 0.3906, Val Loss = 0.8036
2025-01-20 15:03:32,306 - INFO - Epoch 103, Batch 5: Loss = 0.3739, Accuracy = 0.8391
2025-01-20 15:03:34,119 - INFO - Epoch 103, Batch 10: Loss = 0.3091, Accuracy = 0.8438
2025-01-20 15:03:35,889 - INFO - Epoch 103, Batch 15: Loss = 0.3857, Accuracy = 0.8302
2025-01-20 15:03:36,360 - INFO - Validation: Loss = 0.8321, Accuracy = 0.5911, Precision = 0.9280, Recall = 0.5577, F1 = 0.6967
2025-01-20 15:03:36,364 - INFO - Epoch 103/200: Train Loss = 0.3839, Val Loss = 0.8321
2025-01-20 15:03:38,273 - INFO - Epoch 104, Batch 5: Loss = 0.3580, Accuracy = 0.8438
2025-01-20 15:03:40,094 - INFO - Epoch 104, Batch 10: Loss = 0.4276, Accuracy = 0.8336
2025-01-20 15:03:41,894 - INFO - Epoch 104, Batch 15: Loss = 0.3830, Accuracy = 0.8323
2025-01-20 15:03:42,377 - INFO - Validation: Loss = 0.7967, Accuracy = 0.6073, Precision = 0.9302, Recall = 0.5769, F1 = 0.7122
2025-01-20 15:03:42,382 - INFO - Epoch 104/200: Train Loss = 0.3971, Val Loss = 0.7967
2025-01-20 15:03:44,220 - INFO - Epoch 105, Batch 5: Loss = 0.4065, Accuracy = 0.8531
2025-01-20 15:03:46,026 - INFO - Epoch 105, Batch 10: Loss = 0.4211, Accuracy = 0.8547
2025-01-20 15:03:47,859 - INFO - Epoch 105, Batch 15: Loss = 0.3733, Accuracy = 0.8484
2025-01-20 15:03:48,361 - INFO - Validation: Loss = 0.7822, Accuracy = 0.5911, Precision = 0.9147, Recall = 0.5673, F1 = 0.7003
2025-01-20 15:03:48,365 - INFO - Epoch 105/200: Train Loss = 0.3809, Val Loss = 0.7822
2025-01-20 15:03:50,186 - INFO - Epoch 106, Batch 5: Loss = 0.3458, Accuracy = 0.8500
2025-01-20 15:03:51,988 - INFO - Epoch 106, Batch 10: Loss = 0.4017, Accuracy = 0.8477
2025-01-20 15:03:53,801 - INFO - Epoch 106, Batch 15: Loss = 0.3776, Accuracy = 0.8432
2025-01-20 15:03:54,287 - INFO - Validation: Loss = 0.7573, Accuracy = 0.5992, Precision = 0.9098, Recall = 0.5817, F1 = 0.7097
2025-01-20 15:03:54,291 - INFO - Epoch 106/200: Train Loss = 0.3849, Val Loss = 0.7573
2025-01-20 15:03:56,175 - INFO - Epoch 107, Batch 5: Loss = 0.3889, Accuracy = 0.8484
2025-01-20 15:03:58,010 - INFO - Epoch 107, Batch 10: Loss = 0.3988, Accuracy = 0.8398
2025-01-20 15:03:59,811 - INFO - Epoch 107, Batch 15: Loss = 0.3453, Accuracy = 0.8385
2025-01-20 15:04:00,300 - INFO - Validation: Loss = 0.7288, Accuracy = 0.6235, Precision = 0.9137, Recall = 0.6106, F1 = 0.7320
2025-01-20 15:04:00,304 - INFO - Epoch 107/200: Train Loss = 0.3873, Val Loss = 0.7288
2025-01-20 15:04:02,215 - INFO - Epoch 108, Batch 5: Loss = 0.3743, Accuracy = 0.8500
2025-01-20 15:04:04,066 - INFO - Epoch 108, Batch 10: Loss = 0.3329, Accuracy = 0.8547
2025-01-20 15:04:05,915 - INFO - Epoch 108, Batch 15: Loss = 0.4383, Accuracy = 0.8521
2025-01-20 15:04:06,393 - INFO - Validation: Loss = 0.7080, Accuracy = 0.6437, Precision = 0.9167, Recall = 0.6346, F1 = 0.7500
2025-01-20 15:04:06,397 - INFO - Epoch 108/200: Train Loss = 0.3811, Val Loss = 0.7080
2025-01-20 15:04:08,311 - INFO - Epoch 109, Batch 5: Loss = 0.4003, Accuracy = 0.8391
2025-01-20 15:04:10,180 - INFO - Epoch 109, Batch 10: Loss = 0.4215, Accuracy = 0.8305
2025-01-20 15:04:12,049 - INFO - Epoch 109, Batch 15: Loss = 0.3615, Accuracy = 0.8281
2025-01-20 15:04:12,523 - INFO - Validation: Loss = 0.7265, Accuracy = 0.6397, Precision = 0.9161, Recall = 0.6298, F1 = 0.7464
2025-01-20 15:04:12,527 - INFO - Epoch 109/200: Train Loss = 0.3842, Val Loss = 0.7265
2025-01-20 15:04:14,396 - INFO - Epoch 110, Batch 5: Loss = 0.4051, Accuracy = 0.8344
2025-01-20 15:04:16,390 - INFO - Epoch 110, Batch 10: Loss = 0.3711, Accuracy = 0.8391
2025-01-20 15:04:18,176 - INFO - Epoch 110, Batch 15: Loss = 0.4090, Accuracy = 0.8339
2025-01-20 15:04:18,648 - INFO - Validation: Loss = 0.7679, Accuracy = 0.6275, Precision = 0.9203, Recall = 0.6106, F1 = 0.7341
2025-01-20 15:04:18,652 - INFO - Epoch 110/200: Train Loss = 0.3860, Val Loss = 0.7679
2025-01-20 15:04:20,450 - INFO - Epoch 111, Batch 5: Loss = 0.3425, Accuracy = 0.8641
2025-01-20 15:04:22,217 - INFO - Epoch 111, Batch 10: Loss = 0.3844, Accuracy = 0.8555
2025-01-20 15:04:24,046 - INFO - Epoch 111, Batch 15: Loss = 0.3670, Accuracy = 0.8516
2025-01-20 15:04:24,532 - INFO - Validation: Loss = 0.7899, Accuracy = 0.5992, Precision = 0.9098, Recall = 0.5817, F1 = 0.7097
2025-01-20 15:04:24,537 - INFO - Epoch 111/200: Train Loss = 0.3818, Val Loss = 0.7899
2025-01-20 15:04:26,368 - INFO - Epoch 112, Batch 5: Loss = 0.3979, Accuracy = 0.8688
2025-01-20 15:04:28,204 - INFO - Epoch 112, Batch 10: Loss = 0.3986, Accuracy = 0.8578
2025-01-20 15:04:30,100 - INFO - Epoch 112, Batch 15: Loss = 0.3229, Accuracy = 0.8589
2025-01-20 15:04:30,578 - INFO - Validation: Loss = 0.7859, Accuracy = 0.6073, Precision = 0.9173, Recall = 0.5865, F1 = 0.7155
2025-01-20 15:04:30,583 - INFO - Epoch 112/200: Train Loss = 0.3687, Val Loss = 0.7859
2025-01-20 15:04:32,426 - INFO - Epoch 113, Batch 5: Loss = 0.4198, Accuracy = 0.8359
2025-01-20 15:04:34,282 - INFO - Epoch 113, Batch 10: Loss = 0.3634, Accuracy = 0.8438
2025-01-20 15:04:36,067 - INFO - Epoch 113, Batch 15: Loss = 0.3842, Accuracy = 0.8505
2025-01-20 15:04:36,549 - INFO - Validation: Loss = 0.8010, Accuracy = 0.5911, Precision = 0.9147, Recall = 0.5673, F1 = 0.7003
2025-01-20 15:04:36,553 - INFO - Epoch 113/200: Train Loss = 0.3754, Val Loss = 0.8010
2025-01-20 15:04:38,404 - INFO - Epoch 114, Batch 5: Loss = 0.3734, Accuracy = 0.8438
2025-01-20 15:04:40,308 - INFO - Epoch 114, Batch 10: Loss = 0.4032, Accuracy = 0.8281
2025-01-20 15:04:42,135 - INFO - Epoch 114, Batch 15: Loss = 0.4004, Accuracy = 0.8370
2025-01-20 15:04:42,610 - INFO - Validation: Loss = 0.8053, Accuracy = 0.5992, Precision = 0.9160, Recall = 0.5769, F1 = 0.7080
2025-01-20 15:04:42,614 - INFO - Epoch 114/200: Train Loss = 0.3807, Val Loss = 0.8053
2025-01-20 15:04:44,459 - INFO - Epoch 115, Batch 5: Loss = 0.3818, Accuracy = 0.8297
2025-01-20 15:04:46,407 - INFO - Epoch 115, Batch 10: Loss = 0.3708, Accuracy = 0.8367
2025-01-20 15:04:48,315 - INFO - Epoch 115, Batch 15: Loss = 0.4117, Accuracy = 0.8365
2025-01-20 15:04:48,868 - INFO - Validation: Loss = 0.7538, Accuracy = 0.6316, Precision = 0.9149, Recall = 0.6202, F1 = 0.7393
2025-01-20 15:04:48,872 - INFO - Epoch 115/200: Train Loss = 0.3752, Val Loss = 0.7538
2025-01-20 15:04:50,763 - INFO - Epoch 116, Batch 5: Loss = 0.3943, Accuracy = 0.8828
2025-01-20 15:04:52,595 - INFO - Epoch 116, Batch 10: Loss = 0.3619, Accuracy = 0.8539
2025-01-20 15:04:54,492 - INFO - Epoch 116, Batch 15: Loss = 0.3141, Accuracy = 0.8474
2025-01-20 15:04:54,974 - INFO - Validation: Loss = 0.7872, Accuracy = 0.5992, Precision = 0.9098, Recall = 0.5817, F1 = 0.7097
2025-01-20 15:04:54,978 - INFO - Epoch 116/200: Train Loss = 0.3747, Val Loss = 0.7872
2025-01-20 15:04:56,874 - INFO - Epoch 117, Batch 5: Loss = 0.3749, Accuracy = 0.8344
2025-01-20 15:04:58,654 - INFO - Epoch 117, Batch 10: Loss = 0.3680, Accuracy = 0.8430
2025-01-20 15:05:00,482 - INFO - Epoch 117, Batch 15: Loss = 0.3358, Accuracy = 0.8536
2025-01-20 15:05:00,960 - INFO - Validation: Loss = 0.7763, Accuracy = 0.6032, Precision = 0.9104, Recall = 0.5865, F1 = 0.7135
2025-01-20 15:05:00,965 - INFO - Epoch 117/200: Train Loss = 0.3653, Val Loss = 0.7763
2025-01-20 15:05:02,818 - INFO - Epoch 118, Batch 5: Loss = 0.2895, Accuracy = 0.8703
2025-01-20 15:05:04,607 - INFO - Epoch 118, Batch 10: Loss = 0.3859, Accuracy = 0.8602
2025-01-20 15:05:06,445 - INFO - Epoch 118, Batch 15: Loss = 0.3847, Accuracy = 0.8557
2025-01-20 15:05:06,923 - INFO - Validation: Loss = 0.8252, Accuracy = 0.5789, Precision = 0.9062, Recall = 0.5577, F1 = 0.6905
2025-01-20 15:05:06,927 - INFO - Epoch 118/200: Train Loss = 0.3594, Val Loss = 0.8252
2025-01-20 15:05:08,761 - INFO - Epoch 119, Batch 5: Loss = 0.3380, Accuracy = 0.8484
2025-01-20 15:05:10,561 - INFO - Epoch 119, Batch 10: Loss = 0.3645, Accuracy = 0.8422
2025-01-20 15:05:12,356 - INFO - Epoch 119, Batch 15: Loss = 0.3697, Accuracy = 0.8422
2025-01-20 15:05:12,874 - INFO - Validation: Loss = 0.7638, Accuracy = 0.6113, Precision = 0.9242, Recall = 0.5865, F1 = 0.7176
2025-01-20 15:05:12,878 - INFO - Epoch 119/200: Train Loss = 0.3650, Val Loss = 0.7638
2025-01-20 15:05:14,808 - INFO - Epoch 120, Batch 5: Loss = 0.3306, Accuracy = 0.8297
2025-01-20 15:05:16,631 - INFO - Epoch 120, Batch 10: Loss = 0.4242, Accuracy = 0.8406
2025-01-20 15:05:18,488 - INFO - Epoch 120, Batch 15: Loss = 0.3948, Accuracy = 0.8344
2025-01-20 15:05:18,964 - INFO - Validation: Loss = 0.7642, Accuracy = 0.6154, Precision = 0.9185, Recall = 0.5962, F1 = 0.7230
2025-01-20 15:05:18,968 - INFO - Epoch 120/200: Train Loss = 0.3744, Val Loss = 0.7642
2025-01-20 15:05:20,844 - INFO - Epoch 121, Batch 5: Loss = 0.3352, Accuracy = 0.8438
2025-01-20 15:05:22,661 - INFO - Epoch 121, Batch 10: Loss = 0.3477, Accuracy = 0.8477
2025-01-20 15:05:24,513 - INFO - Epoch 121, Batch 15: Loss = 0.3434, Accuracy = 0.8469
2025-01-20 15:05:25,001 - INFO - Validation: Loss = 0.8026, Accuracy = 0.5911, Precision = 0.9147, Recall = 0.5673, F1 = 0.7003
2025-01-20 15:05:25,005 - INFO - Epoch 121/200: Train Loss = 0.3578, Val Loss = 0.8026
2025-01-20 15:05:26,846 - INFO - Epoch 122, Batch 5: Loss = 0.3996, Accuracy = 0.8438
2025-01-20 15:05:28,670 - INFO - Epoch 122, Batch 10: Loss = 0.3291, Accuracy = 0.8523
2025-01-20 15:05:30,533 - INFO - Epoch 122, Batch 15: Loss = 0.3752, Accuracy = 0.8427
2025-01-20 15:05:31,005 - INFO - Validation: Loss = 0.7428, Accuracy = 0.6356, Precision = 0.9155, Recall = 0.6250, F1 = 0.7429
2025-01-20 15:05:31,009 - INFO - Epoch 122/200: Train Loss = 0.3638, Val Loss = 0.7428
2025-01-20 15:05:32,835 - INFO - Epoch 123, Batch 5: Loss = 0.3319, Accuracy = 0.8391
2025-01-20 15:05:34,679 - INFO - Epoch 123, Batch 10: Loss = 0.3263, Accuracy = 0.8445
2025-01-20 15:05:36,477 - INFO - Epoch 123, Batch 15: Loss = 0.3339, Accuracy = 0.8531
2025-01-20 15:05:36,958 - INFO - Validation: Loss = 0.7507, Accuracy = 0.6113, Precision = 0.9242, Recall = 0.5865, F1 = 0.7176
2025-01-20 15:05:36,963 - INFO - Epoch 123/200: Train Loss = 0.3635, Val Loss = 0.7507
2025-01-20 15:05:38,775 - INFO - Epoch 124, Batch 5: Loss = 0.3203, Accuracy = 0.8484
2025-01-20 15:05:40,570 - INFO - Epoch 124, Batch 10: Loss = 0.3626, Accuracy = 0.8523
2025-01-20 15:05:42,387 - INFO - Epoch 124, Batch 15: Loss = 0.3111, Accuracy = 0.8557
2025-01-20 15:05:42,858 - INFO - Validation: Loss = 0.7288, Accuracy = 0.6437, Precision = 0.9225, Recall = 0.6298, F1 = 0.7486
2025-01-20 15:05:42,862 - INFO - Epoch 124/200: Train Loss = 0.3696, Val Loss = 0.7288
2025-01-20 15:05:44,693 - INFO - Epoch 125, Batch 5: Loss = 0.3978, Accuracy = 0.8391
2025-01-20 15:05:46,503 - INFO - Epoch 125, Batch 10: Loss = 0.3285, Accuracy = 0.8484
2025-01-20 15:05:48,336 - INFO - Epoch 125, Batch 15: Loss = 0.3598, Accuracy = 0.8479
2025-01-20 15:05:48,813 - INFO - Validation: Loss = 0.7753, Accuracy = 0.6073, Precision = 0.9173, Recall = 0.5865, F1 = 0.7155
2025-01-20 15:05:48,817 - INFO - Epoch 125/200: Train Loss = 0.3636, Val Loss = 0.7753
2025-01-20 15:05:48,817 - INFO - Early stopping triggered.
