2025-01-20 12:27:19,609 - INFO - Initialized Conv2d weights with mean=0.0, std=0.01
2025-01-20 12:27:19,609 - INFO - Initialized Conv2d bias with mean=0.5, std=0.01
2025-01-20 12:27:19,612 - INFO - Initialized Conv2d weights with mean=0.0, std=0.01
2025-01-20 12:27:19,612 - INFO - Initialized Conv2d bias with mean=0.5, std=0.01
2025-01-20 12:27:19,613 - INFO - Initialized Conv2d weights with mean=0.0, std=0.01
2025-01-20 12:27:19,613 - INFO - Initialized Conv2d bias with mean=0.5, std=0.01
2025-01-20 12:27:19,616 - INFO - Initialized Conv2d weights with mean=0.0, std=0.01
2025-01-20 12:27:19,616 - INFO - Initialized Conv2d bias with mean=0.5, std=0.01
2025-01-20 12:27:19,803 - INFO - Initialized Linear weights with mean=0.0, std=0.2
2025-01-20 12:27:19,804 - INFO - Initialized Linear bias with mean=0.5, std=0.01
2025-01-20 12:27:19,804 - INFO - Initialized Linear weights with mean=0.0, std=0.2
2025-01-20 12:27:19,804 - INFO - Initialized Linear bias with mean=0.5, std=0.01
2025-01-20 12:27:20,451 - INFO - Data prepared: 1953 training pairs, 247 validation pairs.
2025-01-20 12:27:20,451 - INFO - nn.BCELoss function defined.
2025-01-20 12:27:20,451 - INFO - SGD optimizer defined with lr=1e-05, momentum=0.5, weight_decay=1e-05
2025-01-20 12:27:23,016 - INFO - Epoch 1, Batch 5: Loss = 0.7561, Accuracy = 0.4516
2025-01-20 12:27:24,792 - INFO - Epoch 1, Batch 10: Loss = 0.7648, Accuracy = 0.4516
2025-01-20 12:27:26,570 - INFO - Epoch 1, Batch 15: Loss = 0.7579, Accuracy = 0.4552
2025-01-20 12:27:27,049 - INFO - Validation: Loss = 0.5477, Accuracy = 0.8421, Precision = 0.8421, Recall = 1.0000, F1 = 0.9143
2025-01-20 12:27:27,054 - INFO - Epoch 1/200: Train Loss = 0.7525, Val Loss = 0.5477
2025-01-20 12:27:27,470 - INFO - Checkpoint saved at ./output/checkpoints//best_model.pth
2025-01-20 12:27:27,616 - INFO - Model improved at epoch 1. Checkpoint saved.
2025-01-20 12:27:29,369 - INFO - Epoch 2, Batch 5: Loss = 0.7214, Accuracy = 0.4313
2025-01-20 12:27:31,192 - INFO - Epoch 2, Batch 10: Loss = 0.7242, Accuracy = 0.4461
2025-01-20 12:27:32,880 - INFO - Epoch 2, Batch 15: Loss = 0.7118, Accuracy = 0.4583
2025-01-20 12:27:33,344 - INFO - Validation: Loss = 0.5486, Accuracy = 0.8421, Precision = 0.8421, Recall = 1.0000, F1 = 0.9143
2025-01-20 12:27:33,348 - INFO - Epoch 2/200: Train Loss = 0.7559, Val Loss = 0.5486
2025-01-20 12:27:35,045 - INFO - Epoch 3, Batch 5: Loss = 0.7502, Accuracy = 0.4766
2025-01-20 12:27:36,732 - INFO - Epoch 3, Batch 10: Loss = 0.7579, Accuracy = 0.4492
2025-01-20 12:27:38,431 - INFO - Epoch 3, Batch 15: Loss = 0.7491, Accuracy = 0.4562
2025-01-20 12:27:38,899 - INFO - Validation: Loss = 0.5494, Accuracy = 0.8421, Precision = 0.8421, Recall = 1.0000, F1 = 0.9143
2025-01-20 12:27:38,903 - INFO - Epoch 3/200: Train Loss = 0.7518, Val Loss = 0.5494
2025-01-20 12:27:40,820 - INFO - Epoch 4, Batch 5: Loss = 0.7483, Accuracy = 0.4578
2025-01-20 12:27:42,519 - INFO - Epoch 4, Batch 10: Loss = 0.7445, Accuracy = 0.4469
2025-01-20 12:27:44,196 - INFO - Epoch 4, Batch 15: Loss = 0.7386, Accuracy = 0.4552
2025-01-20 12:27:44,652 - INFO - Validation: Loss = 0.5502, Accuracy = 0.8421, Precision = 0.8421, Recall = 1.0000, F1 = 0.9143
2025-01-20 12:27:44,656 - INFO - Epoch 4/200: Train Loss = 0.7494, Val Loss = 0.5502
2025-01-20 12:27:46,348 - INFO - Epoch 5, Batch 5: Loss = 0.7529, Accuracy = 0.4578
2025-01-20 12:27:48,016 - INFO - Epoch 5, Batch 10: Loss = 0.7601, Accuracy = 0.4461
2025-01-20 12:27:49,686 - INFO - Epoch 5, Batch 15: Loss = 0.7732, Accuracy = 0.4562
2025-01-20 12:27:50,145 - INFO - Validation: Loss = 0.5509, Accuracy = 0.8421, Precision = 0.8421, Recall = 1.0000, F1 = 0.9143
2025-01-20 12:27:50,149 - INFO - Epoch 5/200: Train Loss = 0.7500, Val Loss = 0.5509
2025-01-20 12:27:51,890 - INFO - Epoch 6, Batch 5: Loss = 0.7526, Accuracy = 0.4406
2025-01-20 12:27:53,698 - INFO - Epoch 6, Batch 10: Loss = 0.7555, Accuracy = 0.4547
2025-01-20 12:27:55,389 - INFO - Epoch 6, Batch 15: Loss = 0.7609, Accuracy = 0.4542
2025-01-20 12:27:55,854 - INFO - Validation: Loss = 0.5517, Accuracy = 0.8421, Precision = 0.8421, Recall = 1.0000, F1 = 0.9143
2025-01-20 12:27:55,858 - INFO - Epoch 6/200: Train Loss = 0.7465, Val Loss = 0.5517
2025-01-20 12:27:57,575 - INFO - Epoch 7, Batch 5: Loss = 0.7899, Accuracy = 0.4453
2025-01-20 12:27:59,237 - INFO - Epoch 7, Batch 10: Loss = 0.7435, Accuracy = 0.4602
2025-01-20 12:28:00,901 - INFO - Epoch 7, Batch 15: Loss = 0.7371, Accuracy = 0.4568
2025-01-20 12:28:01,355 - INFO - Validation: Loss = 0.5525, Accuracy = 0.8421, Precision = 0.8421, Recall = 1.0000, F1 = 0.9143
2025-01-20 12:28:01,359 - INFO - Epoch 7/200: Train Loss = 0.7486, Val Loss = 0.5525
2025-01-20 12:28:03,035 - INFO - Epoch 8, Batch 5: Loss = 0.7333, Accuracy = 0.4859
2025-01-20 12:28:04,704 - INFO - Epoch 8, Batch 10: Loss = 0.7480, Accuracy = 0.4641
2025-01-20 12:28:06,371 - INFO - Epoch 8, Batch 15: Loss = 0.7653, Accuracy = 0.4562
2025-01-20 12:28:06,827 - INFO - Validation: Loss = 0.5532, Accuracy = 0.8421, Precision = 0.8421, Recall = 1.0000, F1 = 0.9143
2025-01-20 12:28:06,831 - INFO - Epoch 8/200: Train Loss = 0.7476, Val Loss = 0.5532
2025-01-20 12:28:08,509 - INFO - Epoch 9, Batch 5: Loss = 0.7724, Accuracy = 0.4406
2025-01-20 12:28:10,168 - INFO - Epoch 9, Batch 10: Loss = 0.7180, Accuracy = 0.4523
2025-01-20 12:28:11,842 - INFO - Epoch 9, Batch 15: Loss = 0.7613, Accuracy = 0.4557
2025-01-20 12:28:12,294 - INFO - Validation: Loss = 0.5539, Accuracy = 0.8421, Precision = 0.8421, Recall = 1.0000, F1 = 0.9143
2025-01-20 12:28:12,298 - INFO - Epoch 9/200: Train Loss = 0.7460, Val Loss = 0.5539
2025-01-20 12:28:13,982 - INFO - Epoch 10, Batch 5: Loss = 0.7569, Accuracy = 0.4891
2025-01-20 12:28:15,638 - INFO - Epoch 10, Batch 10: Loss = 0.7618, Accuracy = 0.4742
2025-01-20 12:28:17,303 - INFO - Epoch 10, Batch 15: Loss = 0.7951, Accuracy = 0.4562
2025-01-20 12:28:17,756 - INFO - Validation: Loss = 0.5547, Accuracy = 0.8421, Precision = 0.8421, Recall = 1.0000, F1 = 0.9143
2025-01-20 12:28:17,760 - INFO - Epoch 10/200: Train Loss = 0.7458, Val Loss = 0.5547
2025-01-20 12:28:19,444 - INFO - Epoch 11, Batch 5: Loss = 0.7410, Accuracy = 0.4625
2025-01-20 12:28:21,115 - INFO - Epoch 11, Batch 10: Loss = 0.7582, Accuracy = 0.4523
2025-01-20 12:28:22,774 - INFO - Epoch 11, Batch 15: Loss = 0.7663, Accuracy = 0.4568
2025-01-20 12:28:23,228 - INFO - Validation: Loss = 0.5554, Accuracy = 0.8421, Precision = 0.8421, Recall = 1.0000, F1 = 0.9143
2025-01-20 12:28:23,232 - INFO - Epoch 11/200: Train Loss = 0.7453, Val Loss = 0.5554
2025-01-20 12:28:24,927 - INFO - Epoch 12, Batch 5: Loss = 0.7471, Accuracy = 0.4500
2025-01-20 12:28:26,591 - INFO - Epoch 12, Batch 10: Loss = 0.7289, Accuracy = 0.4383
2025-01-20 12:28:28,262 - INFO - Epoch 12, Batch 15: Loss = 0.7335, Accuracy = 0.4552
2025-01-20 12:28:28,731 - INFO - Validation: Loss = 0.5561, Accuracy = 0.8421, Precision = 0.8421, Recall = 1.0000, F1 = 0.9143
2025-01-20 12:28:28,735 - INFO - Epoch 12/200: Train Loss = 0.7425, Val Loss = 0.5561
2025-01-20 12:28:30,648 - INFO - Epoch 13, Batch 5: Loss = 0.7253, Accuracy = 0.4875
2025-01-20 12:28:32,356 - INFO - Epoch 13, Batch 10: Loss = 0.7689, Accuracy = 0.4633
2025-01-20 12:28:34,060 - INFO - Epoch 13, Batch 15: Loss = 0.7298, Accuracy = 0.4573
2025-01-20 12:28:34,517 - INFO - Validation: Loss = 0.5568, Accuracy = 0.8421, Precision = 0.8421, Recall = 1.0000, F1 = 0.9143
2025-01-20 12:28:34,521 - INFO - Epoch 13/200: Train Loss = 0.7444, Val Loss = 0.5568
2025-01-20 12:28:36,226 - INFO - Epoch 14, Batch 5: Loss = 0.7520, Accuracy = 0.4406
2025-01-20 12:28:37,902 - INFO - Epoch 14, Batch 10: Loss = 0.7538, Accuracy = 0.4508
2025-01-20 12:28:39,576 - INFO - Epoch 14, Batch 15: Loss = 0.7487, Accuracy = 0.4557
2025-01-20 12:28:40,031 - INFO - Validation: Loss = 0.5574, Accuracy = 0.8421, Precision = 0.8421, Recall = 1.0000, F1 = 0.9143
2025-01-20 12:28:40,035 - INFO - Epoch 14/200: Train Loss = 0.7419, Val Loss = 0.5574
2025-01-20 12:28:41,765 - INFO - Epoch 15, Batch 5: Loss = 0.7433, Accuracy = 0.4688
2025-01-20 12:28:43,424 - INFO - Epoch 15, Batch 10: Loss = 0.7635, Accuracy = 0.4477
2025-01-20 12:28:45,089 - INFO - Epoch 15, Batch 15: Loss = 0.7561, Accuracy = 0.4568
2025-01-20 12:28:45,542 - INFO - Validation: Loss = 0.5581, Accuracy = 0.8421, Precision = 0.8421, Recall = 1.0000, F1 = 0.9143
2025-01-20 12:28:45,546 - INFO - Epoch 15/200: Train Loss = 0.7426, Val Loss = 0.5581
2025-01-20 12:28:47,242 - INFO - Epoch 16, Batch 5: Loss = 0.7575, Accuracy = 0.4484
2025-01-20 12:28:48,915 - INFO - Epoch 16, Batch 10: Loss = 0.7325, Accuracy = 0.4633
2025-01-20 12:28:50,578 - INFO - Epoch 16, Batch 15: Loss = 0.7695, Accuracy = 0.4557
2025-01-20 12:28:51,032 - INFO - Validation: Loss = 0.5587, Accuracy = 0.8421, Precision = 0.8421, Recall = 1.0000, F1 = 0.9143
2025-01-20 12:28:51,036 - INFO - Epoch 16/200: Train Loss = 0.7405, Val Loss = 0.5587
2025-01-20 12:28:52,731 - INFO - Epoch 17, Batch 5: Loss = 0.7698, Accuracy = 0.4500
2025-01-20 12:28:54,411 - INFO - Epoch 17, Batch 10: Loss = 0.7582, Accuracy = 0.4516
2025-01-20 12:28:56,080 - INFO - Epoch 17, Batch 15: Loss = 0.7095, Accuracy = 0.4573
2025-01-20 12:28:56,535 - INFO - Validation: Loss = 0.5594, Accuracy = 0.8421, Precision = 0.8421, Recall = 1.0000, F1 = 0.9143
2025-01-20 12:28:56,539 - INFO - Epoch 17/200: Train Loss = 0.7418, Val Loss = 0.5594
2025-01-20 12:28:58,226 - INFO - Epoch 18, Batch 5: Loss = 0.7349, Accuracy = 0.4578
2025-01-20 12:28:59,882 - INFO - Epoch 18, Batch 10: Loss = 0.7429, Accuracy = 0.4539
2025-01-20 12:29:01,561 - INFO - Epoch 18, Batch 15: Loss = 0.7002, Accuracy = 0.4578
2025-01-20 12:29:02,019 - INFO - Validation: Loss = 0.5600, Accuracy = 0.8421, Precision = 0.8421, Recall = 1.0000, F1 = 0.9143
2025-01-20 12:29:02,023 - INFO - Epoch 18/200: Train Loss = 0.7418, Val Loss = 0.5600
2025-01-20 12:29:03,712 - INFO - Epoch 19, Batch 5: Loss = 0.7257, Accuracy = 0.4734
2025-01-20 12:29:05,383 - INFO - Epoch 19, Batch 10: Loss = 0.7647, Accuracy = 0.4492
2025-01-20 12:29:07,051 - INFO - Epoch 19, Batch 15: Loss = 0.7460, Accuracy = 0.4573
2025-01-20 12:29:07,506 - INFO - Validation: Loss = 0.5607, Accuracy = 0.8421, Precision = 0.8421, Recall = 1.0000, F1 = 0.9143
2025-01-20 12:29:07,510 - INFO - Epoch 19/200: Train Loss = 0.7406, Val Loss = 0.5607
2025-01-20 12:29:09,199 - INFO - Epoch 20, Batch 5: Loss = 0.7618, Accuracy = 0.4516
2025-01-20 12:29:10,876 - INFO - Epoch 20, Batch 10: Loss = 0.7331, Accuracy = 0.4523
2025-01-20 12:29:12,543 - INFO - Epoch 20, Batch 15: Loss = 0.7573, Accuracy = 0.4568
2025-01-20 12:29:12,998 - INFO - Validation: Loss = 0.5613, Accuracy = 0.8421, Precision = 0.8421, Recall = 1.0000, F1 = 0.9143
2025-01-20 12:29:13,002 - INFO - Epoch 20/200: Train Loss = 0.7394, Val Loss = 0.5613
2025-01-20 12:29:14,691 - INFO - Epoch 21, Batch 5: Loss = 0.7563, Accuracy = 0.4719
2025-01-20 12:29:16,371 - INFO - Epoch 21, Batch 10: Loss = 0.7701, Accuracy = 0.4570
2025-01-20 12:29:18,039 - INFO - Epoch 21, Batch 15: Loss = 0.7387, Accuracy = 0.4557
2025-01-20 12:29:18,493 - INFO - Validation: Loss = 0.5619, Accuracy = 0.8421, Precision = 0.8421, Recall = 1.0000, F1 = 0.9143
2025-01-20 12:29:18,497 - INFO - Epoch 21/200: Train Loss = 0.7365, Val Loss = 0.5619
2025-01-20 12:29:20,180 - INFO - Epoch 22, Batch 5: Loss = 0.7355, Accuracy = 0.4391
2025-01-20 12:29:21,855 - INFO - Epoch 22, Batch 10: Loss = 0.7171, Accuracy = 0.4586
2025-01-20 12:29:23,515 - INFO - Epoch 22, Batch 15: Loss = 0.7675, Accuracy = 0.4573
2025-01-20 12:29:23,970 - INFO - Validation: Loss = 0.5625, Accuracy = 0.8421, Precision = 0.8421, Recall = 1.0000, F1 = 0.9143
2025-01-20 12:29:23,974 - INFO - Epoch 22/200: Train Loss = 0.7385, Val Loss = 0.5625
2025-01-20 12:29:25,659 - INFO - Epoch 23, Batch 5: Loss = 0.7354, Accuracy = 0.4406
2025-01-20 12:29:27,336 - INFO - Epoch 23, Batch 10: Loss = 0.7706, Accuracy = 0.4516
2025-01-20 12:29:29,008 - INFO - Epoch 23, Batch 15: Loss = 0.7523, Accuracy = 0.4542
2025-01-20 12:29:29,464 - INFO - Validation: Loss = 0.5631, Accuracy = 0.8421, Precision = 0.8421, Recall = 1.0000, F1 = 0.9143
2025-01-20 12:29:29,468 - INFO - Epoch 23/200: Train Loss = 0.7341, Val Loss = 0.5631
2025-01-20 12:29:31,155 - INFO - Epoch 24, Batch 5: Loss = 0.7508, Accuracy = 0.4625
2025-01-20 12:29:32,825 - INFO - Epoch 24, Batch 10: Loss = 0.7427, Accuracy = 0.4508
2025-01-20 12:29:34,504 - INFO - Epoch 24, Batch 15: Loss = 0.7125, Accuracy = 0.4568
2025-01-20 12:29:34,962 - INFO - Validation: Loss = 0.5636, Accuracy = 0.8421, Precision = 0.8421, Recall = 1.0000, F1 = 0.9143
2025-01-20 12:29:34,966 - INFO - Epoch 24/200: Train Loss = 0.7362, Val Loss = 0.5636
2025-01-20 12:29:36,657 - INFO - Epoch 25, Batch 5: Loss = 0.7333, Accuracy = 0.4719
2025-01-20 12:29:38,327 - INFO - Epoch 25, Batch 10: Loss = 0.7341, Accuracy = 0.4664
2025-01-20 12:29:40,004 - INFO - Epoch 25, Batch 15: Loss = 0.7023, Accuracy = 0.4542
2025-01-20 12:29:40,462 - INFO - Validation: Loss = 0.5642, Accuracy = 0.8421, Precision = 0.8421, Recall = 1.0000, F1 = 0.9143
2025-01-20 12:29:40,466 - INFO - Epoch 25/200: Train Loss = 0.7327, Val Loss = 0.5642
2025-01-20 12:29:42,168 - INFO - Epoch 26, Batch 5: Loss = 0.7500, Accuracy = 0.4484
2025-01-20 12:29:43,863 - INFO - Epoch 26, Batch 10: Loss = 0.7538, Accuracy = 0.4539
2025-01-20 12:29:45,535 - INFO - Epoch 26, Batch 15: Loss = 0.7429, Accuracy = 0.4568
2025-01-20 12:29:45,996 - INFO - Validation: Loss = 0.5647, Accuracy = 0.8421, Precision = 0.8421, Recall = 1.0000, F1 = 0.9143
2025-01-20 12:29:46,000 - INFO - Epoch 26/200: Train Loss = 0.7353, Val Loss = 0.5647
2025-01-20 12:29:47,693 - INFO - Epoch 27, Batch 5: Loss = 0.7618, Accuracy = 0.4391
2025-01-20 12:29:49,372 - INFO - Epoch 27, Batch 10: Loss = 0.7546, Accuracy = 0.4516
2025-01-20 12:29:51,039 - INFO - Epoch 27, Batch 15: Loss = 0.7469, Accuracy = 0.4583
2025-01-20 12:29:51,498 - INFO - Validation: Loss = 0.5653, Accuracy = 0.8421, Precision = 0.8421, Recall = 1.0000, F1 = 0.9143
2025-01-20 12:29:51,502 - INFO - Epoch 27/200: Train Loss = 0.7366, Val Loss = 0.5653
2025-01-20 12:29:53,199 - INFO - Epoch 28, Batch 5: Loss = 0.7532, Accuracy = 0.4797
2025-01-20 12:29:54,874 - INFO - Epoch 28, Batch 10: Loss = 0.7448, Accuracy = 0.4617
2025-01-20 12:29:56,551 - INFO - Epoch 28, Batch 15: Loss = 0.7211, Accuracy = 0.4583
2025-01-20 12:29:57,010 - INFO - Validation: Loss = 0.5658, Accuracy = 0.8421, Precision = 0.8421, Recall = 1.0000, F1 = 0.9143
2025-01-20 12:29:57,014 - INFO - Epoch 28/200: Train Loss = 0.7357, Val Loss = 0.5658
2025-01-20 12:29:58,701 - INFO - Epoch 29, Batch 5: Loss = 0.7322, Accuracy = 0.4500
2025-01-20 12:30:00,375 - INFO - Epoch 29, Batch 10: Loss = 0.7250, Accuracy = 0.4516
2025-01-20 12:30:02,053 - INFO - Epoch 29, Batch 15: Loss = 0.7428, Accuracy = 0.4583
2025-01-20 12:30:02,539 - INFO - Validation: Loss = 0.5664, Accuracy = 0.8421, Precision = 0.8421, Recall = 1.0000, F1 = 0.9143
2025-01-20 12:30:02,543 - INFO - Epoch 29/200: Train Loss = 0.7354, Val Loss = 0.5664
2025-01-20 12:30:04,247 - INFO - Epoch 30, Batch 5: Loss = 0.7589, Accuracy = 0.4625
2025-01-20 12:30:05,932 - INFO - Epoch 30, Batch 10: Loss = 0.7483, Accuracy = 0.4562
2025-01-20 12:30:07,621 - INFO - Epoch 30, Batch 15: Loss = 0.7639, Accuracy = 0.4609
2025-01-20 12:30:08,079 - INFO - Validation: Loss = 0.5669, Accuracy = 0.8421, Precision = 0.8421, Recall = 1.0000, F1 = 0.9143
2025-01-20 12:30:08,083 - INFO - Epoch 30/200: Train Loss = 0.7382, Val Loss = 0.5669
2025-01-20 12:30:09,768 - INFO - Epoch 31, Batch 5: Loss = 0.7235, Accuracy = 0.4703
2025-01-20 12:30:11,436 - INFO - Epoch 31, Batch 10: Loss = 0.7196, Accuracy = 0.4594
2025-01-20 12:30:13,122 - INFO - Epoch 31, Batch 15: Loss = 0.7492, Accuracy = 0.4568
2025-01-20 12:30:13,576 - INFO - Validation: Loss = 0.5675, Accuracy = 0.8421, Precision = 0.8421, Recall = 1.0000, F1 = 0.9143
2025-01-20 12:30:13,581 - INFO - Epoch 31/200: Train Loss = 0.7323, Val Loss = 0.5675
2025-01-20 12:30:15,277 - INFO - Epoch 32, Batch 5: Loss = 0.7469, Accuracy = 0.4688
2025-01-20 12:30:16,955 - INFO - Epoch 32, Batch 10: Loss = 0.7380, Accuracy = 0.4508
2025-01-20 12:30:18,626 - INFO - Epoch 32, Batch 15: Loss = 0.7392, Accuracy = 0.4562
2025-01-20 12:30:19,084 - INFO - Validation: Loss = 0.5680, Accuracy = 0.8421, Precision = 0.8421, Recall = 1.0000, F1 = 0.9143
2025-01-20 12:30:19,088 - INFO - Epoch 32/200: Train Loss = 0.7317, Val Loss = 0.5680
2025-01-20 12:30:20,792 - INFO - Epoch 33, Batch 5: Loss = 0.7507, Accuracy = 0.4719
2025-01-20 12:30:22,475 - INFO - Epoch 33, Batch 10: Loss = 0.7529, Accuracy = 0.4695
2025-01-20 12:30:24,147 - INFO - Epoch 33, Batch 15: Loss = 0.7223, Accuracy = 0.4578
2025-01-20 12:30:24,606 - INFO - Validation: Loss = 0.5685, Accuracy = 0.8421, Precision = 0.8421, Recall = 1.0000, F1 = 0.9143
2025-01-20 12:30:24,610 - INFO - Epoch 33/200: Train Loss = 0.7329, Val Loss = 0.5685
2025-01-20 12:30:26,304 - INFO - Epoch 34, Batch 5: Loss = 0.7348, Accuracy = 0.4500
2025-01-20 12:30:27,976 - INFO - Epoch 34, Batch 10: Loss = 0.7137, Accuracy = 0.4531
2025-01-20 12:30:29,651 - INFO - Epoch 34, Batch 15: Loss = 0.7461, Accuracy = 0.4542
2025-01-20 12:30:30,111 - INFO - Validation: Loss = 0.5690, Accuracy = 0.8421, Precision = 0.8421, Recall = 1.0000, F1 = 0.9143
2025-01-20 12:30:30,115 - INFO - Epoch 34/200: Train Loss = 0.7286, Val Loss = 0.5690
2025-01-20 12:30:31,810 - INFO - Epoch 35, Batch 5: Loss = 0.7282, Accuracy = 0.4594
2025-01-20 12:30:33,493 - INFO - Epoch 35, Batch 10: Loss = 0.7126, Accuracy = 0.4719
2025-01-20 12:30:35,173 - INFO - Epoch 35, Batch 15: Loss = 0.7284, Accuracy = 0.4578
2025-01-20 12:30:35,639 - INFO - Validation: Loss = 0.5694, Accuracy = 0.8421, Precision = 0.8421, Recall = 1.0000, F1 = 0.9143
2025-01-20 12:30:35,644 - INFO - Epoch 35/200: Train Loss = 0.7318, Val Loss = 0.5694
2025-01-20 12:30:37,353 - INFO - Epoch 36, Batch 5: Loss = 0.7345, Accuracy = 0.4594
2025-01-20 12:30:39,026 - INFO - Epoch 36, Batch 10: Loss = 0.7431, Accuracy = 0.4469
2025-01-20 12:30:40,705 - INFO - Epoch 36, Batch 15: Loss = 0.7036, Accuracy = 0.4552
2025-01-20 12:30:41,169 - INFO - Validation: Loss = 0.5699, Accuracy = 0.8421, Precision = 0.8421, Recall = 1.0000, F1 = 0.9143
2025-01-20 12:30:41,174 - INFO - Epoch 36/200: Train Loss = 0.7286, Val Loss = 0.5699
2025-01-20 12:30:43,197 - INFO - Epoch 37, Batch 5: Loss = 0.6961, Accuracy = 0.4406
2025-01-20 12:30:45,235 - INFO - Epoch 37, Batch 10: Loss = 0.7215, Accuracy = 0.4539
2025-01-20 12:30:47,097 - INFO - Epoch 37, Batch 15: Loss = 0.7417, Accuracy = 0.4557
2025-01-20 12:30:47,597 - INFO - Validation: Loss = 0.5704, Accuracy = 0.8421, Precision = 0.8421, Recall = 1.0000, F1 = 0.9143
2025-01-20 12:30:47,601 - INFO - Epoch 37/200: Train Loss = 0.7281, Val Loss = 0.5704
2025-01-20 12:30:49,368 - INFO - Epoch 38, Batch 5: Loss = 0.7272, Accuracy = 0.4656
2025-01-20 12:30:51,029 - INFO - Epoch 38, Batch 10: Loss = 0.7414, Accuracy = 0.4461
2025-01-20 12:30:52,702 - INFO - Epoch 38, Batch 15: Loss = 0.7120, Accuracy = 0.4531
2025-01-20 12:30:53,157 - INFO - Validation: Loss = 0.5708, Accuracy = 0.8421, Precision = 0.8421, Recall = 1.0000, F1 = 0.9143
2025-01-20 12:30:53,161 - INFO - Epoch 38/200: Train Loss = 0.7255, Val Loss = 0.5708
2025-01-20 12:30:54,854 - INFO - Epoch 39, Batch 5: Loss = 0.7288, Accuracy = 0.4437
2025-01-20 12:30:56,543 - INFO - Epoch 39, Batch 10: Loss = 0.7289, Accuracy = 0.4578
2025-01-20 12:30:58,229 - INFO - Epoch 39, Batch 15: Loss = 0.7446, Accuracy = 0.4557
2025-01-20 12:30:58,728 - INFO - Validation: Loss = 0.5713, Accuracy = 0.8421, Precision = 0.8421, Recall = 1.0000, F1 = 0.9143
2025-01-20 12:30:58,732 - INFO - Epoch 39/200: Train Loss = 0.7280, Val Loss = 0.5713
2025-01-20 12:31:00,430 - INFO - Epoch 40, Batch 5: Loss = 0.7175, Accuracy = 0.4609
2025-01-20 12:31:02,142 - INFO - Epoch 40, Batch 10: Loss = 0.7614, Accuracy = 0.4617
2025-01-20 12:31:03,801 - INFO - Epoch 40, Batch 15: Loss = 0.7335, Accuracy = 0.4557
2025-01-20 12:31:04,253 - INFO - Validation: Loss = 0.5717, Accuracy = 0.8421, Precision = 0.8421, Recall = 1.0000, F1 = 0.9143
2025-01-20 12:31:04,257 - INFO - Epoch 40/200: Train Loss = 0.7276, Val Loss = 0.5717
2025-01-20 12:31:05,948 - INFO - Epoch 41, Batch 5: Loss = 0.7251, Accuracy = 0.4453
2025-01-20 12:31:07,641 - INFO - Epoch 41, Batch 10: Loss = 0.7575, Accuracy = 0.4594
2025-01-20 12:31:09,366 - INFO - Epoch 41, Batch 15: Loss = 0.7467, Accuracy = 0.4562
2025-01-20 12:31:09,828 - INFO - Validation: Loss = 0.5722, Accuracy = 0.8421, Precision = 0.8421, Recall = 1.0000, F1 = 0.9143
2025-01-20 12:31:09,832 - INFO - Epoch 41/200: Train Loss = 0.7277, Val Loss = 0.5722
2025-01-20 12:31:11,542 - INFO - Epoch 42, Batch 5: Loss = 0.7162, Accuracy = 0.4641
2025-01-20 12:31:13,249 - INFO - Epoch 42, Batch 10: Loss = 0.7216, Accuracy = 0.4594
2025-01-20 12:31:15,046 - INFO - Epoch 42, Batch 15: Loss = 0.7393, Accuracy = 0.4583
2025-01-20 12:31:15,569 - INFO - Validation: Loss = 0.5726, Accuracy = 0.8421, Precision = 0.8421, Recall = 1.0000, F1 = 0.9143
2025-01-20 12:31:15,573 - INFO - Epoch 42/200: Train Loss = 0.7294, Val Loss = 0.5726
2025-01-20 12:31:17,618 - INFO - Epoch 43, Batch 5: Loss = 0.7317, Accuracy = 0.4453
2025-01-20 12:31:19,360 - INFO - Epoch 43, Batch 10: Loss = 0.7219, Accuracy = 0.4680
2025-01-20 12:31:21,044 - INFO - Epoch 43, Batch 15: Loss = 0.7473, Accuracy = 0.4589
2025-01-20 12:31:21,504 - INFO - Validation: Loss = 0.5731, Accuracy = 0.8421, Precision = 0.8421, Recall = 1.0000, F1 = 0.9143
2025-01-20 12:31:21,508 - INFO - Epoch 43/200: Train Loss = 0.7295, Val Loss = 0.5731
2025-01-20 12:31:23,212 - INFO - Epoch 44, Batch 5: Loss = 0.7683, Accuracy = 0.4656
2025-01-20 12:31:24,963 - INFO - Epoch 44, Batch 10: Loss = 0.7361, Accuracy = 0.4547
2025-01-20 12:31:26,666 - INFO - Epoch 44, Batch 15: Loss = 0.7376, Accuracy = 0.4547
2025-01-20 12:31:27,122 - INFO - Validation: Loss = 0.5735, Accuracy = 0.8421, Precision = 0.8421, Recall = 1.0000, F1 = 0.9143
2025-01-20 12:31:27,126 - INFO - Epoch 44/200: Train Loss = 0.7245, Val Loss = 0.5735
2025-01-20 12:31:28,870 - INFO - Epoch 45, Batch 5: Loss = 0.7371, Accuracy = 0.4453
2025-01-20 12:31:30,545 - INFO - Epoch 45, Batch 10: Loss = 0.7513, Accuracy = 0.4406
2025-01-20 12:31:32,216 - INFO - Epoch 45, Batch 15: Loss = 0.7217, Accuracy = 0.4557
2025-01-20 12:31:32,668 - INFO - Validation: Loss = 0.5739, Accuracy = 0.8421, Precision = 0.8421, Recall = 1.0000, F1 = 0.9143
2025-01-20 12:31:32,672 - INFO - Epoch 45/200: Train Loss = 0.7258, Val Loss = 0.5739
2025-01-20 12:31:34,354 - INFO - Epoch 46, Batch 5: Loss = 0.7073, Accuracy = 0.4422
2025-01-20 12:31:36,028 - INFO - Epoch 46, Batch 10: Loss = 0.7236, Accuracy = 0.4570
2025-01-20 12:31:37,740 - INFO - Epoch 46, Batch 15: Loss = 0.7430, Accuracy = 0.4568
2025-01-20 12:31:38,212 - INFO - Validation: Loss = 0.5743, Accuracy = 0.8421, Precision = 0.8421, Recall = 1.0000, F1 = 0.9143
2025-01-20 12:31:38,217 - INFO - Epoch 46/200: Train Loss = 0.7266, Val Loss = 0.5743
2025-01-20 12:31:39,974 - INFO - Epoch 47, Batch 5: Loss = 0.7222, Accuracy = 0.4656
2025-01-20 12:31:41,702 - INFO - Epoch 47, Batch 10: Loss = 0.7244, Accuracy = 0.4688
2025-01-20 12:31:43,475 - INFO - Epoch 47, Batch 15: Loss = 0.7409, Accuracy = 0.4599
2025-01-20 12:31:43,949 - INFO - Validation: Loss = 0.5747, Accuracy = 0.8421, Precision = 0.8421, Recall = 1.0000, F1 = 0.9143
2025-01-20 12:31:43,953 - INFO - Epoch 47/200: Train Loss = 0.7294, Val Loss = 0.5747
2025-01-20 12:31:45,852 - INFO - Epoch 48, Batch 5: Loss = 0.7021, Accuracy = 0.4859
2025-01-20 12:31:47,591 - INFO - Epoch 48, Batch 10: Loss = 0.7241, Accuracy = 0.4523
2025-01-20 12:31:49,353 - INFO - Epoch 48, Batch 15: Loss = 0.6974, Accuracy = 0.4552
2025-01-20 12:31:49,845 - INFO - Validation: Loss = 0.5751, Accuracy = 0.8421, Precision = 0.8421, Recall = 1.0000, F1 = 0.9143
2025-01-20 12:31:49,849 - INFO - Epoch 48/200: Train Loss = 0.7235, Val Loss = 0.5751
2025-01-20 12:31:51,675 - INFO - Epoch 49, Batch 5: Loss = 0.7060, Accuracy = 0.4531
2025-01-20 12:31:53,504 - INFO - Epoch 49, Batch 10: Loss = 0.7347, Accuracy = 0.4570
2025-01-20 12:31:55,248 - INFO - Epoch 49, Batch 15: Loss = 0.7435, Accuracy = 0.4578
2025-01-20 12:31:55,747 - INFO - Validation: Loss = 0.5755, Accuracy = 0.8421, Precision = 0.8421, Recall = 1.0000, F1 = 0.9143
2025-01-20 12:31:55,751 - INFO - Epoch 49/200: Train Loss = 0.7261, Val Loss = 0.5755
2025-01-20 12:31:57,666 - INFO - Epoch 50, Batch 5: Loss = 0.7527, Accuracy = 0.4625
2025-01-20 12:31:59,545 - INFO - Epoch 50, Batch 10: Loss = 0.7303, Accuracy = 0.4586
2025-01-20 12:32:01,264 - INFO - Epoch 50, Batch 15: Loss = 0.7287, Accuracy = 0.4583
2025-01-20 12:32:01,723 - INFO - Validation: Loss = 0.5759, Accuracy = 0.8421, Precision = 0.8421, Recall = 1.0000, F1 = 0.9143
2025-01-20 12:32:01,727 - INFO - Epoch 50/200: Train Loss = 0.7266, Val Loss = 0.5759
2025-01-20 12:32:03,552 - INFO - Epoch 51, Batch 5: Loss = 0.7227, Accuracy = 0.4531
2025-01-20 12:32:05,319 - INFO - Epoch 51, Batch 10: Loss = 0.7118, Accuracy = 0.4609
2025-01-20 12:32:07,123 - INFO - Epoch 51, Batch 15: Loss = 0.7322, Accuracy = 0.4557
2025-01-20 12:32:07,599 - INFO - Validation: Loss = 0.5763, Accuracy = 0.8421, Precision = 0.8421, Recall = 1.0000, F1 = 0.9143
2025-01-20 12:32:07,603 - INFO - Epoch 51/200: Train Loss = 0.7233, Val Loss = 0.5763
2025-01-20 12:32:07,605 - INFO - Early stopping triggered.
