Experiment 10: Best Params, BCE, Accuracy Greedy (Early Stopping & Best Model)

2025-01-27 06:31:53,816 - INFO - Hyperparameter tuning is disabled. Using predefined training configuration.
2025-01-27 06:31:53,816 - INFO - 

2025-01-27 06:31:53,944 - INFO - Initialized Conv2d weights with Xavier initialization.
2025-01-27 06:31:53,945 - INFO - Initialized Conv2d weights with Xavier initialization.
2025-01-27 06:31:53,946 - INFO - Initialized Conv2d weights with Xavier initialization.
2025-01-27 06:31:53,948 - INFO - Initialized Conv2d weights with Xavier initialization.
2025-01-27 06:31:54,049 - INFO - Initialized Linear weights with Xavier initialization.
2025-01-27 06:31:54,049 - INFO - Initialized Linear weights with Xavier initialization.
2025-01-27 06:31:54,677 - INFO - Split Results:
2025-01-27 06:31:54,677 - INFO - 
+-------------------+---------+--------------+
| Metric            |   Count | Percentage   |
+===================+=========+==============+
| Train People      |    1520 |              |
+-------------------+---------+--------------+
| Train Pairs       |    1572 | (71.45%)     |
+-------------------+---------+--------------+
| Validation People |     612 |              |
+-------------------+---------+--------------+
| Validation Pairs  |     628 | (28.55%)     |
+-------------------+---------+--------------+
| Dropped Pairs     |       0 | (0.00%)      |
+-------------------+---------+--------------+
2025-01-27 06:31:54,678 - INFO - Data prepared: 1572 training pairs, 628 validation pairs (Batch Size = 116).
2025-01-27 06:31:54,678 - INFO - nn.BCELoss function defined as loss function.
2025-01-27 06:31:54,678 - INFO - Adam optimizer initialized with parameters: {'lr': 0.0004589905310509041, 'betas': (0.5, 0.9), 'weight_decay': 2.204425101193955e-06}
2025-01-27 06:31:54,678 - INFO - Trainer attributes updated from configuration.
2025-01-27 06:31:56,273 - INFO - Epoch 1, Batch 5: Loss = 0.6940, Accuracy = 0.5379
2025-01-27 06:31:57,035 - INFO - Epoch 1, Batch 10: Loss = 0.6801, Accuracy = 0.5190
2025-01-27 06:31:58,094 - INFO - Validation: Loss = 0.6740, Accuracy = 0.4952, Precision = 0.5408, Recall = 0.1631, F1 = 0.2506
2025-01-27 06:31:58,097 - INFO - Epoch 1/200 Summary: Train Loss = 0.6872, Val Loss = 0.6740, Val Accuracy =  0.4952
2025-01-27 06:31:58,674 - INFO - Checkpoint saved at ./output/checkpoints//best_model.pth
2025-01-27 06:31:59,600 - INFO - Epoch 2, Batch 5: Loss = 0.6649, Accuracy = 0.5586
2025-01-27 06:32:00,355 - INFO - Epoch 2, Batch 10: Loss = 0.6660, Accuracy = 0.5629
2025-01-27 06:32:01,412 - INFO - Validation: Loss = 0.6825, Accuracy = 0.5334, Precision = 0.5833, Recall = 0.3446, F1 = 0.4333
2025-01-27 06:32:01,414 - INFO - Epoch 2/200 Summary: Train Loss = 0.6765, Val Loss = 0.6825, Val Accuracy =  0.5334
2025-01-27 06:32:02,037 - INFO - Checkpoint saved at ./output/checkpoints//best_model.pth
2025-01-27 06:32:03,133 - INFO - Epoch 3, Batch 5: Loss = 0.6203, Accuracy = 0.5724
2025-01-27 06:32:03,893 - INFO - Epoch 3, Batch 10: Loss = 0.6754, Accuracy = 0.5862
2025-01-27 06:32:04,954 - INFO - Validation: Loss = 0.6457, Accuracy = 0.5876, Precision = 0.6196, Recall = 0.5262, F1 = 0.5691
2025-01-27 06:32:04,956 - INFO - Epoch 3/200 Summary: Train Loss = 0.6643, Val Loss = 0.6457, Val Accuracy =  0.5876
2025-01-27 06:32:05,569 - INFO - Checkpoint saved at ./output/checkpoints//best_model.pth
2025-01-27 06:32:06,662 - INFO - Epoch 4, Batch 5: Loss = 0.6386, Accuracy = 0.6155
2025-01-27 06:32:07,420 - INFO - Epoch 4, Batch 10: Loss = 0.6690, Accuracy = 0.6250
2025-01-27 06:32:08,469 - INFO - Validation: Loss = 0.6439, Accuracy = 0.6035, Precision = 0.6418, Recall = 0.5292, F1 = 0.5801
2025-01-27 06:32:08,471 - INFO - Epoch 4/200 Summary: Train Loss = 0.6499, Val Loss = 0.6439, Val Accuracy =  0.6035
2025-01-27 06:32:09,092 - INFO - Checkpoint saved at ./output/checkpoints//best_model.pth
2025-01-27 06:32:10,194 - INFO - Epoch 5, Batch 5: Loss = 0.6256, Accuracy = 0.6569
2025-01-27 06:32:10,953 - INFO - Epoch 5, Batch 10: Loss = 0.6378, Accuracy = 0.6440
2025-01-27 06:32:11,997 - INFO - Validation: Loss = 0.6208, Accuracy = 0.6704, Precision = 0.6766, Recall = 0.6954, F1 = 0.6859
2025-01-27 06:32:11,999 - INFO - Epoch 5/200 Summary: Train Loss = 0.6290, Val Loss = 0.6208, Val Accuracy =  0.6704
2025-01-27 06:32:12,567 - INFO - Checkpoint saved at ./output/checkpoints//best_model.pth
2025-01-27 06:32:13,714 - INFO - Epoch 6, Batch 5: Loss = 0.5967, Accuracy = 0.6552
2025-01-27 06:32:14,471 - INFO - Epoch 6, Batch 10: Loss = 0.5439, Accuracy = 0.6655
2025-01-27 06:32:15,521 - INFO - Validation: Loss = 0.6236, Accuracy = 0.6592, Precision = 0.6657, Recall = 0.6862, F1 = 0.6758
2025-01-27 06:32:15,523 - INFO - Epoch 6/200 Summary: Train Loss = 0.6100, Val Loss = 0.6236, Val Accuracy =  0.6592
2025-01-27 06:32:16,279 - INFO - Epoch 7, Batch 5: Loss = 0.5575, Accuracy = 0.6845
2025-01-27 06:32:17,032 - INFO - Epoch 7, Batch 10: Loss = 0.5339, Accuracy = 0.6784
2025-01-27 06:32:18,087 - INFO - Validation: Loss = 0.5759, Accuracy = 0.6990, Precision = 0.7636, Recall = 0.6062, F1 = 0.6758
2025-01-27 06:32:18,089 - INFO - Epoch 7/200 Summary: Train Loss = 0.5911, Val Loss = 0.5759, Val Accuracy =  0.6990
2025-01-27 06:32:18,696 - INFO - Checkpoint saved at ./output/checkpoints//best_model.pth
2025-01-27 06:32:19,873 - INFO - Epoch 8, Batch 5: Loss = 0.5756, Accuracy = 0.7259
2025-01-27 06:32:20,618 - INFO - Epoch 8, Batch 10: Loss = 0.5457, Accuracy = 0.7138
2025-01-27 06:32:21,659 - INFO - Validation: Loss = 0.5844, Accuracy = 0.6592, Precision = 0.6907, Recall = 0.6185, F1 = 0.6526
2025-01-27 06:32:21,661 - INFO - Epoch 8/200 Summary: Train Loss = 0.5716, Val Loss = 0.5844, Val Accuracy =  0.6592
2025-01-27 06:32:22,414 - INFO - Epoch 9, Batch 5: Loss = 0.5395, Accuracy = 0.7362
2025-01-27 06:32:23,166 - INFO - Epoch 9, Batch 10: Loss = 0.5809, Accuracy = 0.7190
2025-01-27 06:32:24,207 - INFO - Validation: Loss = 0.5901, Accuracy = 0.6847, Precision = 0.6789, Recall = 0.7415, F1 = 0.7088
2025-01-27 06:32:24,208 - INFO - Epoch 9/200 Summary: Train Loss = 0.5515, Val Loss = 0.5901, Val Accuracy =  0.6847
2025-01-27 06:32:24,953 - INFO - Epoch 10, Batch 5: Loss = 0.5028, Accuracy = 0.7552
2025-01-27 06:32:25,698 - INFO - Epoch 10, Batch 10: Loss = 0.5399, Accuracy = 0.7276
2025-01-27 06:32:26,742 - INFO - Validation: Loss = 0.5803, Accuracy = 0.6927, Precision = 0.7500, Recall = 0.6092, F1 = 0.6723
2025-01-27 06:32:26,744 - INFO - Epoch 10/200 Summary: Train Loss = 0.5223, Val Loss = 0.5803, Val Accuracy =  0.6927
2025-01-27 06:32:27,514 - INFO - Epoch 11, Batch 5: Loss = 0.5170, Accuracy = 0.7655
2025-01-27 06:32:28,277 - INFO - Epoch 11, Batch 10: Loss = 0.4995, Accuracy = 0.7440
2025-01-27 06:32:29,324 - INFO - Validation: Loss = 0.5895, Accuracy = 0.6704, Precision = 0.7438, Recall = 0.5538, F1 = 0.6349
2025-01-27 06:32:29,326 - INFO - Epoch 11/200 Summary: Train Loss = 0.4870, Val Loss = 0.5895, Val Accuracy =  0.6704
2025-01-27 06:32:30,081 - INFO - Epoch 12, Batch 5: Loss = 0.4637, Accuracy = 0.7793
2025-01-27 06:32:30,833 - INFO - Epoch 12, Batch 10: Loss = 0.4530, Accuracy = 0.7767
2025-01-27 06:32:31,879 - INFO - Validation: Loss = 0.6953, Accuracy = 0.6465, Precision = 0.6103, Recall = 0.8769, F1 = 0.7197
2025-01-27 06:32:31,881 - INFO - Epoch 12/200 Summary: Train Loss = 0.4845, Val Loss = 0.6953, Val Accuracy =  0.6465
2025-01-27 06:32:32,637 - INFO - Epoch 13, Batch 5: Loss = 0.4382, Accuracy = 0.7741
2025-01-27 06:32:33,394 - INFO - Epoch 13, Batch 10: Loss = 0.4165, Accuracy = 0.7845
2025-01-27 06:32:34,439 - INFO - Validation: Loss = 0.5838, Accuracy = 0.6990, Precision = 0.7345, Recall = 0.6554, F1 = 0.6927
2025-01-27 06:32:34,441 - INFO - Epoch 13/200 Summary: Train Loss = 0.4591, Val Loss = 0.5838, Val Accuracy =  0.6990
2025-01-27 06:32:35,194 - INFO - Epoch 14, Batch 5: Loss = 0.3541, Accuracy = 0.8328
2025-01-27 06:32:35,955 - INFO - Epoch 14, Batch 10: Loss = 0.4159, Accuracy = 0.8207
2025-01-27 06:32:37,006 - INFO - Validation: Loss = 0.6311, Accuracy = 0.6895, Precision = 0.6912, Recall = 0.7231, F1 = 0.7068
2025-01-27 06:32:37,008 - INFO - Epoch 14/200 Summary: Train Loss = 0.4012, Val Loss = 0.6311, Val Accuracy =  0.6895
2025-01-27 06:32:37,762 - INFO - Epoch 15, Batch 5: Loss = 0.3823, Accuracy = 0.8345
2025-01-27 06:32:38,515 - INFO - Epoch 15, Batch 10: Loss = 0.4130, Accuracy = 0.8345
2025-01-27 06:32:39,560 - INFO - Validation: Loss = 0.6235, Accuracy = 0.6959, Precision = 0.6936, Recall = 0.7385, F1 = 0.7154
2025-01-27 06:32:39,562 - INFO - Epoch 15/200 Summary: Train Loss = 0.3795, Val Loss = 0.6235, Val Accuracy =  0.6959
2025-01-27 06:32:40,319 - INFO - Epoch 16, Batch 5: Loss = 0.2913, Accuracy = 0.8690
2025-01-27 06:32:41,069 - INFO - Epoch 16, Batch 10: Loss = 0.2747, Accuracy = 0.8690
2025-01-27 06:32:42,113 - INFO - Validation: Loss = 0.6677, Accuracy = 0.6895, Precision = 0.7826, Recall = 0.5538, F1 = 0.6486
2025-01-27 06:32:42,115 - INFO - Epoch 16/200 Summary: Train Loss = 0.3358, Val Loss = 0.6677, Val Accuracy =  0.6895
2025-01-27 06:32:42,869 - INFO - Epoch 17, Batch 5: Loss = 0.3200, Accuracy = 0.8690
2025-01-27 06:32:43,621 - INFO - Epoch 17, Batch 10: Loss = 0.3593, Accuracy = 0.8690
2025-01-27 06:32:44,662 - INFO - Validation: Loss = 0.6463, Accuracy = 0.7182, Precision = 0.7517, Recall = 0.6800, F1 = 0.7141
2025-01-27 06:32:44,664 - INFO - Epoch 17/200 Summary: Train Loss = 0.3207, Val Loss = 0.6463, Val Accuracy =  0.7182
2025-01-27 06:32:45,251 - INFO - Checkpoint saved at ./output/checkpoints//best_model.pth
2025-01-27 06:32:46,321 - INFO - Epoch 18, Batch 5: Loss = 0.2854, Accuracy = 0.8845
2025-01-27 06:32:47,070 - INFO - Epoch 18, Batch 10: Loss = 0.2820, Accuracy = 0.8879
2025-01-27 06:32:48,104 - INFO - Validation: Loss = 0.6633, Accuracy = 0.6943, Precision = 0.7509, Recall = 0.6123, F1 = 0.6746
2025-01-27 06:32:48,106 - INFO - Epoch 18/200 Summary: Train Loss = 0.2735, Val Loss = 0.6633, Val Accuracy =  0.6943
2025-01-27 06:32:48,853 - INFO - Epoch 19, Batch 5: Loss = 0.1963, Accuracy = 0.9259
2025-01-27 06:32:49,598 - INFO - Epoch 19, Batch 10: Loss = 0.2338, Accuracy = 0.9155
2025-01-27 06:32:50,628 - INFO - Validation: Loss = 0.7214, Accuracy = 0.6959, Precision = 0.6736, Recall = 0.8000, F1 = 0.7314
2025-01-27 06:32:50,630 - INFO - Epoch 19/200 Summary: Train Loss = 0.2368, Val Loss = 0.7214, Val Accuracy =  0.6959
2025-01-27 06:32:51,376 - INFO - Epoch 20, Batch 5: Loss = 0.2716, Accuracy = 0.9052
2025-01-27 06:32:52,120 - INFO - Epoch 20, Batch 10: Loss = 0.2501, Accuracy = 0.9181
2025-01-27 06:32:53,157 - INFO - Validation: Loss = 0.6856, Accuracy = 0.6959, Precision = 0.6851, Recall = 0.7631, F1 = 0.7220
2025-01-27 06:32:53,159 - INFO - Epoch 20/200 Summary: Train Loss = 0.2456, Val Loss = 0.6856, Val Accuracy =  0.6959
2025-01-27 06:32:53,908 - INFO - Epoch 21, Batch 5: Loss = 0.1683, Accuracy = 0.9379
2025-01-27 06:32:54,652 - INFO - Epoch 21, Batch 10: Loss = 0.1615, Accuracy = 0.9388
2025-01-27 06:32:55,697 - INFO - Validation: Loss = 0.7024, Accuracy = 0.7054, Precision = 0.7465, Recall = 0.6523, F1 = 0.6962
2025-01-27 06:32:55,699 - INFO - Epoch 21/200 Summary: Train Loss = 0.1826, Val Loss = 0.7024, Val Accuracy =  0.7054
2025-01-27 06:32:56,450 - INFO - Epoch 22, Batch 5: Loss = 0.1801, Accuracy = 0.9362
2025-01-27 06:32:57,200 - INFO - Epoch 22, Batch 10: Loss = 0.1863, Accuracy = 0.9345
2025-01-27 06:32:58,240 - INFO - Validation: Loss = 0.7341, Accuracy = 0.6990, Precision = 0.7742, Recall = 0.5908, F1 = 0.6702
2025-01-27 06:32:58,242 - INFO - Epoch 22/200 Summary: Train Loss = 0.1735, Val Loss = 0.7341, Val Accuracy =  0.6990
2025-01-27 06:32:58,988 - INFO - Epoch 23, Batch 5: Loss = 0.1056, Accuracy = 0.9759
2025-01-27 06:32:59,743 - INFO - Epoch 23, Batch 10: Loss = 0.1683, Accuracy = 0.9664
2025-01-27 06:33:00,778 - INFO - Validation: Loss = 0.7694, Accuracy = 0.7166, Precision = 0.7143, Recall = 0.7538, F1 = 0.7335
2025-01-27 06:33:00,780 - INFO - Epoch 23/200 Summary: Train Loss = 0.1353, Val Loss = 0.7694, Val Accuracy =  0.7166
2025-01-27 06:33:01,526 - INFO - Epoch 24, Batch 5: Loss = 0.0859, Accuracy = 0.9724
2025-01-27 06:33:02,277 - INFO - Epoch 24, Batch 10: Loss = 0.1275, Accuracy = 0.9655
2025-01-27 06:33:03,328 - INFO - Validation: Loss = 0.7294, Accuracy = 0.6736, Precision = 0.6875, Recall = 0.6769, F1 = 0.6822
2025-01-27 06:33:03,330 - INFO - Epoch 24/200 Summary: Train Loss = 0.1269, Val Loss = 0.7294, Val Accuracy =  0.6736
2025-01-27 06:33:04,085 - INFO - Epoch 25, Batch 5: Loss = 0.1230, Accuracy = 0.9621
2025-01-27 06:33:04,836 - INFO - Epoch 25, Batch 10: Loss = 0.1011, Accuracy = 0.9612
2025-01-27 06:33:05,884 - INFO - Validation: Loss = 0.7912, Accuracy = 0.7006, Precision = 0.6887, Recall = 0.7692, F1 = 0.7267
2025-01-27 06:33:05,886 - INFO - Epoch 25/200 Summary: Train Loss = 0.1092, Val Loss = 0.7912, Val Accuracy =  0.7006
2025-01-27 06:33:06,640 - INFO - Epoch 26, Batch 5: Loss = 0.0927, Accuracy = 0.9810
2025-01-27 06:33:07,396 - INFO - Epoch 26, Batch 10: Loss = 0.1004, Accuracy = 0.9759
2025-01-27 06:33:08,453 - INFO - Validation: Loss = 0.8460, Accuracy = 0.7038, Precision = 0.7294, Recall = 0.6800, F1 = 0.7038
2025-01-27 06:33:08,455 - INFO - Epoch 26/200 Summary: Train Loss = 0.0976, Val Loss = 0.8460, Val Accuracy =  0.7038
2025-01-27 06:33:09,209 - INFO - Epoch 27, Batch 5: Loss = 0.0711, Accuracy = 0.9672
2025-01-27 06:33:09,962 - INFO - Epoch 27, Batch 10: Loss = 0.0848, Accuracy = 0.9672
2025-01-27 06:33:11,008 - INFO - Validation: Loss = 0.8078, Accuracy = 0.6879, Precision = 0.7074, Recall = 0.6769, F1 = 0.6918
2025-01-27 06:33:11,010 - INFO - Epoch 27/200 Summary: Train Loss = 0.0923, Val Loss = 0.8078, Val Accuracy =  0.6879
2025-01-27 06:33:11,762 - INFO - Epoch 28, Batch 5: Loss = 0.0456, Accuracy = 0.9931
2025-01-27 06:33:12,512 - INFO - Epoch 28, Batch 10: Loss = 0.0865, Accuracy = 0.9853
2025-01-27 06:33:13,544 - INFO - Validation: Loss = 0.8201, Accuracy = 0.7054, Precision = 0.7244, Recall = 0.6954, F1 = 0.7096
2025-01-27 06:33:13,546 - INFO - Epoch 28/200 Summary: Train Loss = 0.0668, Val Loss = 0.8201, Val Accuracy =  0.7054
2025-01-27 06:33:14,291 - INFO - Epoch 29, Batch 5: Loss = 0.0712, Accuracy = 0.9793
2025-01-27 06:33:15,039 - INFO - Epoch 29, Batch 10: Loss = 0.0633, Accuracy = 0.9845
2025-01-27 06:33:16,083 - INFO - Validation: Loss = 0.8426, Accuracy = 0.7102, Precision = 0.7003, Recall = 0.7692, F1 = 0.7331
2025-01-27 06:33:16,085 - INFO - Epoch 29/200 Summary: Train Loss = 0.0648, Val Loss = 0.8426, Val Accuracy =  0.7102
2025-01-27 06:33:16,829 - INFO - Epoch 30, Batch 5: Loss = 0.0553, Accuracy = 0.9879
2025-01-27 06:33:17,583 - INFO - Epoch 30, Batch 10: Loss = 0.0419, Accuracy = 0.9897
2025-01-27 06:33:18,626 - INFO - Validation: Loss = 0.8392, Accuracy = 0.7038, Precision = 0.7584, Recall = 0.6277, F1 = 0.6869
2025-01-27 06:33:18,628 - INFO - Epoch 30/200 Summary: Train Loss = 0.0754, Val Loss = 0.8392, Val Accuracy =  0.7038
2025-01-27 06:33:19,377 - INFO - Epoch 31, Batch 5: Loss = 0.0578, Accuracy = 0.9810
2025-01-27 06:33:20,125 - INFO - Epoch 31, Batch 10: Loss = 0.0931, Accuracy = 0.9810
2025-01-27 06:33:21,169 - INFO - Validation: Loss = 0.8224, Accuracy = 0.6943, Precision = 0.7491, Recall = 0.6154, F1 = 0.6757
2025-01-27 06:33:21,171 - INFO - Epoch 31/200 Summary: Train Loss = 0.0623, Val Loss = 0.8224, Val Accuracy =  0.6943
2025-01-27 06:33:21,958 - INFO - Epoch 32, Batch 5: Loss = 0.0572, Accuracy = 0.9948
2025-01-27 06:33:22,731 - INFO - Epoch 32, Batch 10: Loss = 0.0221, Accuracy = 0.9931
2025-01-27 06:33:23,801 - INFO - Validation: Loss = 1.0198, Accuracy = 0.6815, Precision = 0.6667, Recall = 0.7692, F1 = 0.7143
2025-01-27 06:33:23,803 - INFO - Epoch 32/200 Summary: Train Loss = 0.0424, Val Loss = 1.0198, Val Accuracy =  0.6815
2025-01-27 06:33:24,589 - INFO - Epoch 33, Batch 5: Loss = 0.0358, Accuracy = 0.9897
2025-01-27 06:33:25,370 - INFO - Epoch 33, Batch 10: Loss = 0.0247, Accuracy = 0.9922
2025-01-27 06:33:26,441 - INFO - Validation: Loss = 0.9893, Accuracy = 0.6959, Precision = 0.6982, Recall = 0.7262, F1 = 0.7119
2025-01-27 06:33:26,443 - INFO - Epoch 33/200 Summary: Train Loss = 0.0452, Val Loss = 0.9893, Val Accuracy =  0.6959
2025-01-27 06:33:27,191 - INFO - Epoch 34, Batch 5: Loss = 0.0435, Accuracy = 0.9810
2025-01-27 06:33:27,935 - INFO - Epoch 34, Batch 10: Loss = 0.0750, Accuracy = 0.9845
2025-01-27 06:33:28,982 - INFO - Validation: Loss = 0.9145, Accuracy = 0.6863, Precision = 0.6882, Recall = 0.7200, F1 = 0.7038
2025-01-27 06:33:28,984 - INFO - Epoch 34/200 Summary: Train Loss = 0.0539, Val Loss = 0.9145, Val Accuracy =  0.6863
2025-01-27 06:33:29,730 - INFO - Epoch 35, Batch 5: Loss = 0.0685, Accuracy = 0.9845
2025-01-27 06:33:30,475 - INFO - Epoch 35, Batch 10: Loss = 0.0384, Accuracy = 0.9905
2025-01-27 06:33:31,511 - INFO - Validation: Loss = 0.8984, Accuracy = 0.6911, Precision = 0.7015, Recall = 0.7015, F1 = 0.7015
2025-01-27 06:33:31,513 - INFO - Epoch 35/200 Summary: Train Loss = 0.0354, Val Loss = 0.8984, Val Accuracy =  0.6911
2025-01-27 06:33:32,260 - INFO - Epoch 36, Batch 5: Loss = 0.0353, Accuracy = 0.9948
2025-01-27 06:33:33,003 - INFO - Epoch 36, Batch 10: Loss = 0.0286, Accuracy = 0.9922
2025-01-27 06:33:34,036 - INFO - Validation: Loss = 1.0745, Accuracy = 0.6959, Precision = 0.6683, Recall = 0.8185, F1 = 0.7358
2025-01-27 06:33:34,038 - INFO - Epoch 36/200 Summary: Train Loss = 0.0338, Val Loss = 1.0745, Val Accuracy =  0.6959
2025-01-27 06:33:34,782 - INFO - Epoch 37, Batch 5: Loss = 0.0429, Accuracy = 0.9845
2025-01-27 06:33:35,528 - INFO - Epoch 37, Batch 10: Loss = 0.0425, Accuracy = 0.9879
2025-01-27 06:33:36,580 - INFO - Validation: Loss = 0.9491, Accuracy = 0.7166, Precision = 0.7561, Recall = 0.6677, F1 = 0.7092
2025-01-27 06:33:36,582 - INFO - Epoch 37/200 Summary: Train Loss = 0.0347, Val Loss = 0.9491, Val Accuracy =  0.7166
2025-01-27 06:33:37,335 - INFO - Epoch 38, Batch 5: Loss = 0.0225, Accuracy = 0.9966
2025-01-27 06:33:38,087 - INFO - Epoch 38, Batch 10: Loss = 0.0142, Accuracy = 0.9957
2025-01-27 06:33:39,131 - INFO - Validation: Loss = 0.9570, Accuracy = 0.7213, Precision = 0.7038, Recall = 0.7969, F1 = 0.7475
2025-01-27 06:33:39,133 - INFO - Epoch 38/200 Summary: Train Loss = 0.0238, Val Loss = 0.9570, Val Accuracy =  0.7213
2025-01-27 06:33:39,756 - INFO - Checkpoint saved at ./output/checkpoints//best_model.pth
2025-01-27 06:33:40,847 - INFO - Epoch 39, Batch 5: Loss = 0.0142, Accuracy = 1.0000
2025-01-27 06:33:41,600 - INFO - Epoch 39, Batch 10: Loss = 0.0199, Accuracy = 1.0000
2025-01-27 06:33:42,646 - INFO - Validation: Loss = 0.9708, Accuracy = 0.7054, Precision = 0.7000, Recall = 0.7538, F1 = 0.7259
2025-01-27 06:33:42,648 - INFO - Epoch 39/200 Summary: Train Loss = 0.0179, Val Loss = 0.9708, Val Accuracy =  0.7054
2025-01-27 06:33:43,402 - INFO - Epoch 40, Batch 5: Loss = 0.0177, Accuracy = 0.9983
2025-01-27 06:33:44,155 - INFO - Epoch 40, Batch 10: Loss = 0.0472, Accuracy = 0.9914
2025-01-27 06:33:45,206 - INFO - Validation: Loss = 1.0086, Accuracy = 0.7309, Precision = 0.7167, Recall = 0.7938, F1 = 0.7533
2025-01-27 06:33:45,208 - INFO - Epoch 40/200 Summary: Train Loss = 0.0267, Val Loss = 1.0086, Val Accuracy =  0.7309
2025-01-27 06:33:45,776 - INFO - Checkpoint saved at ./output/checkpoints//best_model.pth
2025-01-27 06:33:46,858 - INFO - Epoch 41, Batch 5: Loss = 0.0148, Accuracy = 0.9983
2025-01-27 06:33:47,610 - INFO - Epoch 41, Batch 10: Loss = 0.0071, Accuracy = 0.9983
2025-01-27 06:33:48,656 - INFO - Validation: Loss = 1.0326, Accuracy = 0.7054, Precision = 0.7071, Recall = 0.7354, F1 = 0.7210
2025-01-27 06:33:48,658 - INFO - Epoch 41/200 Summary: Train Loss = 0.0164, Val Loss = 1.0326, Val Accuracy =  0.7054
2025-01-27 06:33:49,410 - INFO - Epoch 42, Batch 5: Loss = 0.0158, Accuracy = 0.9948
2025-01-27 06:33:50,162 - INFO - Epoch 42, Batch 10: Loss = 0.0162, Accuracy = 0.9974
2025-01-27 06:33:51,214 - INFO - Validation: Loss = 0.9729, Accuracy = 0.7150, Precision = 0.7212, Recall = 0.7323, F1 = 0.7267
2025-01-27 06:33:51,216 - INFO - Epoch 42/200 Summary: Train Loss = 0.0177, Val Loss = 0.9729, Val Accuracy =  0.7150
2025-01-27 06:33:51,967 - INFO - Epoch 43, Batch 5: Loss = 0.0138, Accuracy = 1.0000
2025-01-27 06:33:52,722 - INFO - Epoch 43, Batch 10: Loss = 0.0223, Accuracy = 0.9983
2025-01-27 06:33:53,768 - INFO - Validation: Loss = 1.0245, Accuracy = 0.7197, Precision = 0.7596, Recall = 0.6708, F1 = 0.7124
2025-01-27 06:33:53,770 - INFO - Epoch 43/200 Summary: Train Loss = 0.0141, Val Loss = 1.0245, Val Accuracy =  0.7197
2025-01-27 06:33:54,521 - INFO - Epoch 44, Batch 5: Loss = 0.0325, Accuracy = 0.9897
2025-01-27 06:33:55,275 - INFO - Epoch 44, Batch 10: Loss = 0.0268, Accuracy = 0.9914
2025-01-27 06:33:56,326 - INFO - Validation: Loss = 0.9518, Accuracy = 0.7118, Precision = 0.7368, Recall = 0.6892, F1 = 0.7122
2025-01-27 06:33:56,328 - INFO - Epoch 44/200 Summary: Train Loss = 0.0228, Val Loss = 0.9518, Val Accuracy =  0.7118
2025-01-27 06:33:57,081 - INFO - Epoch 45, Batch 5: Loss = 0.0152, Accuracy = 0.9983
2025-01-27 06:33:57,834 - INFO - Epoch 45, Batch 10: Loss = 0.0082, Accuracy = 0.9983
2025-01-27 06:33:58,882 - INFO - Validation: Loss = 1.0207, Accuracy = 0.7022, Precision = 0.7130, Recall = 0.7108, F1 = 0.7119
2025-01-27 06:33:58,884 - INFO - Epoch 45/200 Summary: Train Loss = 0.0125, Val Loss = 1.0207, Val Accuracy =  0.7022
2025-01-27 06:33:59,638 - INFO - Epoch 46, Batch 5: Loss = 0.0037, Accuracy = 1.0000
2025-01-27 06:34:00,392 - INFO - Epoch 46, Batch 10: Loss = 0.0190, Accuracy = 0.9991
2025-01-27 06:34:01,439 - INFO - Validation: Loss = 1.0079, Accuracy = 0.7102, Precision = 0.7424, Recall = 0.6738, F1 = 0.7065
2025-01-27 06:34:01,441 - INFO - Epoch 46/200 Summary: Train Loss = 0.0091, Val Loss = 1.0079, Val Accuracy =  0.7102
2025-01-27 06:34:02,195 - INFO - Epoch 47, Batch 5: Loss = 0.0066, Accuracy = 0.9983
2025-01-27 06:34:02,952 - INFO - Epoch 47, Batch 10: Loss = 0.0077, Accuracy = 0.9991
2025-01-27 06:34:04,000 - INFO - Validation: Loss = 1.1561, Accuracy = 0.6959, Precision = 0.7769, Recall = 0.5785, F1 = 0.6631
2025-01-27 06:34:04,002 - INFO - Epoch 47/200 Summary: Train Loss = 0.0099, Val Loss = 1.1561, Val Accuracy =  0.6959
2025-01-27 06:34:04,755 - INFO - Epoch 48, Batch 5: Loss = 0.0108, Accuracy = 0.9983
2025-01-27 06:34:05,513 - INFO - Epoch 48, Batch 10: Loss = 0.0057, Accuracy = 0.9983
2025-01-27 06:34:06,554 - INFO - Validation: Loss = 1.1026, Accuracy = 0.6990, Precision = 0.7313, Recall = 0.6615, F1 = 0.6947
2025-01-27 06:34:06,556 - INFO - Epoch 48/200 Summary: Train Loss = 0.0127, Val Loss = 1.1026, Val Accuracy =  0.6990
2025-01-27 06:34:07,304 - INFO - Epoch 49, Batch 5: Loss = 0.0056, Accuracy = 0.9983
2025-01-27 06:34:08,054 - INFO - Epoch 49, Batch 10: Loss = 0.0230, Accuracy = 0.9966
2025-01-27 06:34:09,104 - INFO - Validation: Loss = 1.0298, Accuracy = 0.7038, Precision = 0.7473, Recall = 0.6462, F1 = 0.6931
2025-01-27 06:34:09,106 - INFO - Epoch 49/200 Summary: Train Loss = 0.0127, Val Loss = 1.0298, Val Accuracy =  0.7038
2025-01-27 06:34:09,855 - INFO - Epoch 50, Batch 5: Loss = 0.0044, Accuracy = 0.9983
2025-01-27 06:34:10,610 - INFO - Epoch 50, Batch 10: Loss = 0.0038, Accuracy = 0.9991
2025-01-27 06:34:11,655 - INFO - Validation: Loss = 1.1358, Accuracy = 0.7213, Precision = 0.7467, Recall = 0.6985, F1 = 0.7218
2025-01-27 06:34:11,657 - INFO - Epoch 50/200 Summary: Train Loss = 0.0067, Val Loss = 1.1358, Val Accuracy =  0.7213
2025-01-27 06:34:12,408 - INFO - Epoch 51, Batch 5: Loss = 0.0027, Accuracy = 1.0000
2025-01-27 06:34:13,159 - INFO - Epoch 51, Batch 10: Loss = 0.0044, Accuracy = 1.0000
2025-01-27 06:34:14,208 - INFO - Validation: Loss = 1.1378, Accuracy = 0.7022, Precision = 0.7143, Recall = 0.7077, F1 = 0.7110
2025-01-27 06:34:14,210 - INFO - Epoch 51/200 Summary: Train Loss = 0.0062, Val Loss = 1.1378, Val Accuracy =  0.7022
2025-01-27 06:34:14,964 - INFO - Epoch 52, Batch 5: Loss = 0.0070, Accuracy = 1.0000
2025-01-27 06:34:15,716 - INFO - Epoch 52, Batch 10: Loss = 0.0023, Accuracy = 1.0000
2025-01-27 06:34:16,770 - INFO - Validation: Loss = 1.1649, Accuracy = 0.7054, Precision = 0.7365, Recall = 0.6708, F1 = 0.7021
2025-01-27 06:34:16,772 - INFO - Epoch 52/200 Summary: Train Loss = 0.0066, Val Loss = 1.1649, Val Accuracy =  0.7054
2025-01-27 06:34:17,522 - INFO - Epoch 53, Batch 5: Loss = 0.0070, Accuracy = 0.9983
2025-01-27 06:34:18,269 - INFO - Epoch 53, Batch 10: Loss = 0.0033, Accuracy = 0.9991
2025-01-27 06:34:19,308 - INFO - Validation: Loss = 1.1534, Accuracy = 0.6879, Precision = 0.7312, Recall = 0.6277, F1 = 0.6755
2025-01-27 06:34:19,310 - INFO - Epoch 53/200 Summary: Train Loss = 0.0046, Val Loss = 1.1534, Val Accuracy =  0.6879
2025-01-27 06:34:20,068 - INFO - Epoch 54, Batch 5: Loss = 0.0016, Accuracy = 1.0000
2025-01-27 06:34:20,826 - INFO - Epoch 54, Batch 10: Loss = 0.0044, Accuracy = 1.0000
2025-01-27 06:34:21,878 - INFO - Validation: Loss = 1.1904, Accuracy = 0.6975, Precision = 0.7027, Recall = 0.7200, F1 = 0.7112
2025-01-27 06:34:21,880 - INFO - Epoch 54/200 Summary: Train Loss = 0.0042, Val Loss = 1.1904, Val Accuracy =  0.6975
2025-01-27 06:34:22,636 - INFO - Epoch 55, Batch 5: Loss = 0.0062, Accuracy = 1.0000
2025-01-27 06:34:23,391 - INFO - Epoch 55, Batch 10: Loss = 0.0036, Accuracy = 1.0000
2025-01-27 06:34:24,442 - INFO - Validation: Loss = 1.2192, Accuracy = 0.6895, Precision = 0.7097, Recall = 0.6769, F1 = 0.6929
2025-01-27 06:34:24,444 - INFO - Epoch 55/200 Summary: Train Loss = 0.0042, Val Loss = 1.2192, Val Accuracy =  0.6895
2025-01-27 06:34:25,196 - INFO - Epoch 56, Batch 5: Loss = 0.0023, Accuracy = 1.0000
2025-01-27 06:34:25,946 - INFO - Epoch 56, Batch 10: Loss = 0.0063, Accuracy = 1.0000
2025-01-27 06:34:26,998 - INFO - Validation: Loss = 1.2178, Accuracy = 0.7118, Precision = 0.7449, Recall = 0.6738, F1 = 0.7076
2025-01-27 06:34:27,000 - INFO - Epoch 56/200 Summary: Train Loss = 0.0042, Val Loss = 1.2178, Val Accuracy =  0.7118
2025-01-27 06:34:27,756 - INFO - Epoch 57, Batch 5: Loss = 0.0038, Accuracy = 0.9966
2025-01-27 06:34:28,510 - INFO - Epoch 57, Batch 10: Loss = 0.0090, Accuracy = 0.9983
2025-01-27 06:34:29,563 - INFO - Validation: Loss = 1.1374, Accuracy = 0.7102, Precision = 0.7375, Recall = 0.6831, F1 = 0.7093
2025-01-27 06:34:29,565 - INFO - Epoch 57/200 Summary: Train Loss = 0.0086, Val Loss = 1.1374, Val Accuracy =  0.7102
2025-01-27 06:34:30,319 - INFO - Epoch 58, Batch 5: Loss = 0.0053, Accuracy = 0.9966
2025-01-27 06:34:31,075 - INFO - Epoch 58, Batch 10: Loss = 0.0018, Accuracy = 0.9983
2025-01-27 06:34:32,123 - INFO - Validation: Loss = 1.2037, Accuracy = 0.7054, Precision = 0.7273, Recall = 0.6892, F1 = 0.7077
2025-01-27 06:34:32,125 - INFO - Epoch 58/200 Summary: Train Loss = 0.0053, Val Loss = 1.2037, Val Accuracy =  0.7054
2025-01-27 06:34:32,877 - INFO - Epoch 59, Batch 5: Loss = 0.0013, Accuracy = 1.0000
2025-01-27 06:34:33,638 - INFO - Epoch 59, Batch 10: Loss = 0.0012, Accuracy = 1.0000
2025-01-27 06:34:34,696 - INFO - Validation: Loss = 1.1958, Accuracy = 0.7102, Precision = 0.7122, Recall = 0.7385, F1 = 0.7251
2025-01-27 06:34:34,698 - INFO - Epoch 59/200 Summary: Train Loss = 0.0022, Val Loss = 1.1958, Val Accuracy =  0.7102
2025-01-27 06:34:35,455 - INFO - Epoch 60, Batch 5: Loss = 0.0024, Accuracy = 0.9983
2025-01-27 06:34:36,210 - INFO - Epoch 60, Batch 10: Loss = 0.0075, Accuracy = 0.9966
2025-01-27 06:34:37,255 - INFO - Validation: Loss = 1.2276, Accuracy = 0.6911, Precision = 0.6845, Recall = 0.7477, F1 = 0.7147
2025-01-27 06:34:37,257 - INFO - Epoch 60/200 Summary: Train Loss = 0.0142, Val Loss = 1.2276, Val Accuracy =  0.6911
2025-01-27 06:34:38,010 - INFO - Epoch 61, Batch 5: Loss = 0.0019, Accuracy = 1.0000
2025-01-27 06:34:38,764 - INFO - Epoch 61, Batch 10: Loss = 0.0040, Accuracy = 1.0000
2025-01-27 06:34:39,810 - INFO - Validation: Loss = 1.1886, Accuracy = 0.6895, Precision = 0.6970, Recall = 0.7077, F1 = 0.7023
2025-01-27 06:34:39,812 - INFO - Epoch 61/200 Summary: Train Loss = 0.0024, Val Loss = 1.1886, Val Accuracy =  0.6895
2025-01-27 06:34:40,565 - INFO - Epoch 62, Batch 5: Loss = 0.0019, Accuracy = 1.0000
2025-01-27 06:34:41,318 - INFO - Epoch 62, Batch 10: Loss = 0.0018, Accuracy = 1.0000
2025-01-27 06:34:42,362 - INFO - Validation: Loss = 1.2001, Accuracy = 0.6959, Precision = 0.7068, Recall = 0.7046, F1 = 0.7057
2025-01-27 06:34:42,364 - INFO - Epoch 62/200 Summary: Train Loss = 0.0011, Val Loss = 1.2001, Val Accuracy =  0.6959
2025-01-27 06:34:43,117 - INFO - Epoch 63, Batch 5: Loss = 0.0012, Accuracy = 1.0000
2025-01-27 06:34:43,874 - INFO - Epoch 63, Batch 10: Loss = 0.0019, Accuracy = 1.0000
2025-01-27 06:34:44,926 - INFO - Validation: Loss = 1.1631, Accuracy = 0.6927, Precision = 0.7115, Recall = 0.6831, F1 = 0.6970
2025-01-27 06:34:44,928 - INFO - Epoch 63/200 Summary: Train Loss = 0.0015, Val Loss = 1.1631, Val Accuracy =  0.6927
2025-01-27 06:34:45,683 - INFO - Epoch 64, Batch 5: Loss = 0.0014, Accuracy = 1.0000
2025-01-27 06:34:46,436 - INFO - Epoch 64, Batch 10: Loss = 0.0011, Accuracy = 1.0000
2025-01-27 06:34:47,480 - INFO - Validation: Loss = 1.1292, Accuracy = 0.7213, Precision = 0.7329, Recall = 0.7262, F1 = 0.7295
2025-01-27 06:34:47,482 - INFO - Epoch 64/200 Summary: Train Loss = 0.0010, Val Loss = 1.1292, Val Accuracy =  0.7213
2025-01-27 06:34:48,239 - INFO - Epoch 65, Batch 5: Loss = 0.0009, Accuracy = 1.0000
2025-01-27 06:34:48,995 - INFO - Epoch 65, Batch 10: Loss = 0.0007, Accuracy = 1.0000
2025-01-27 06:34:50,041 - INFO - Validation: Loss = 1.1708, Accuracy = 0.7102, Precision = 0.7270, Recall = 0.7046, F1 = 0.7156
2025-01-27 06:34:50,043 - INFO - Epoch 65/200 Summary: Train Loss = 0.0007, Val Loss = 1.1708, Val Accuracy =  0.7102
2025-01-27 06:34:50,797 - INFO - Epoch 66, Batch 5: Loss = 0.0010, Accuracy = 1.0000
2025-01-27 06:34:51,552 - INFO - Epoch 66, Batch 10: Loss = 0.0010, Accuracy = 1.0000
2025-01-27 06:34:52,604 - INFO - Validation: Loss = 1.3176, Accuracy = 0.7134, Precision = 0.7151, Recall = 0.7415, F1 = 0.7281
2025-01-27 06:34:52,606 - INFO - Epoch 66/200 Summary: Train Loss = 0.0022, Val Loss = 1.3176, Val Accuracy =  0.7134
2025-01-27 06:34:53,359 - INFO - Epoch 67, Batch 5: Loss = 0.0009, Accuracy = 1.0000
2025-01-27 06:34:54,111 - INFO - Epoch 67, Batch 10: Loss = 0.0057, Accuracy = 1.0000
2025-01-27 06:34:55,161 - INFO - Validation: Loss = 1.2203, Accuracy = 0.7086, Precision = 0.7247, Recall = 0.7046, F1 = 0.7145
2025-01-27 06:34:55,163 - INFO - Epoch 67/200 Summary: Train Loss = 0.0041, Val Loss = 1.2203, Val Accuracy =  0.7086
2025-01-27 06:34:55,917 - INFO - Epoch 68, Batch 5: Loss = 0.0014, Accuracy = 1.0000
2025-01-27 06:34:56,670 - INFO - Epoch 68, Batch 10: Loss = 0.0048, Accuracy = 1.0000
2025-01-27 06:34:57,716 - INFO - Validation: Loss = 1.2400, Accuracy = 0.7006, Precision = 0.7217, Recall = 0.6862, F1 = 0.7035
2025-01-27 06:34:57,718 - INFO - Epoch 68/200 Summary: Train Loss = 0.0033, Val Loss = 1.2400, Val Accuracy =  0.7006
2025-01-27 06:34:58,472 - INFO - Epoch 69, Batch 5: Loss = 0.0008, Accuracy = 1.0000
2025-01-27 06:34:59,227 - INFO - Epoch 69, Batch 10: Loss = 0.0006, Accuracy = 1.0000
2025-01-27 06:35:00,272 - INFO - Validation: Loss = 1.2601, Accuracy = 0.6959, Precision = 0.7343, Recall = 0.6462, F1 = 0.6874
2025-01-27 06:35:00,274 - INFO - Epoch 69/200 Summary: Train Loss = 0.0012, Val Loss = 1.2601, Val Accuracy =  0.6959
2025-01-27 06:35:01,028 - INFO - Epoch 70, Batch 5: Loss = 0.0006, Accuracy = 1.0000
2025-01-27 06:35:01,780 - INFO - Epoch 70, Batch 10: Loss = 0.0004, Accuracy = 1.0000
2025-01-27 06:35:02,826 - INFO - Validation: Loss = 1.3282, Accuracy = 0.6943, Precision = 0.6916, Recall = 0.7385, F1 = 0.7143
2025-01-27 06:35:02,828 - INFO - Epoch 70/200 Summary: Train Loss = 0.0006, Val Loss = 1.3282, Val Accuracy =  0.6943
2025-01-27 06:35:03,579 - INFO - Epoch 71, Batch 5: Loss = 0.0010, Accuracy = 1.0000
2025-01-27 06:35:04,330 - INFO - Epoch 71, Batch 10: Loss = 0.0007, Accuracy = 1.0000
2025-01-27 06:35:05,377 - INFO - Validation: Loss = 1.2775, Accuracy = 0.6943, Precision = 0.6962, Recall = 0.7262, F1 = 0.7108
2025-01-27 06:35:05,379 - INFO - Epoch 71/200 Summary: Train Loss = 0.0012, Val Loss = 1.2775, Val Accuracy =  0.6943
2025-01-27 06:35:06,136 - INFO - Epoch 72, Batch 5: Loss = 0.0020, Accuracy = 1.0000
2025-01-27 06:35:06,891 - INFO - Epoch 72, Batch 10: Loss = 0.0017, Accuracy = 1.0000
2025-01-27 06:35:07,936 - INFO - Validation: Loss = 1.4017, Accuracy = 0.7054, Precision = 0.7108, Recall = 0.7262, F1 = 0.7184
2025-01-27 06:35:07,938 - INFO - Epoch 72/200 Summary: Train Loss = 0.0018, Val Loss = 1.4017, Val Accuracy =  0.7054
2025-01-27 06:35:08,692 - INFO - Epoch 73, Batch 5: Loss = 0.0032, Accuracy = 1.0000
2025-01-27 06:35:09,444 - INFO - Epoch 73, Batch 10: Loss = 0.0020, Accuracy = 0.9991
2025-01-27 06:35:10,493 - INFO - Validation: Loss = 1.5442, Accuracy = 0.6847, Precision = 0.6599, Recall = 0.8062, F1 = 0.7258
2025-01-27 06:35:10,495 - INFO - Epoch 73/200 Summary: Train Loss = 0.0069, Val Loss = 1.5442, Val Accuracy =  0.6847
2025-01-27 06:35:11,249 - INFO - Epoch 74, Batch 5: Loss = 0.0017, Accuracy = 1.0000
2025-01-27 06:35:12,004 - INFO - Epoch 74, Batch 10: Loss = 0.0033, Accuracy = 1.0000
2025-01-27 06:35:13,048 - INFO - Validation: Loss = 1.2875, Accuracy = 0.6990, Precision = 0.7166, Recall = 0.6923, F1 = 0.7042
2025-01-27 06:35:13,050 - INFO - Epoch 74/200 Summary: Train Loss = 0.0029, Val Loss = 1.2875, Val Accuracy =  0.6990
2025-01-27 06:35:13,804 - INFO - Epoch 75, Batch 5: Loss = 0.0006, Accuracy = 1.0000
2025-01-27 06:35:14,556 - INFO - Epoch 75, Batch 10: Loss = 0.0004, Accuracy = 1.0000
2025-01-27 06:35:15,593 - INFO - Validation: Loss = 1.3639, Accuracy = 0.6879, Precision = 0.7345, Recall = 0.6215, F1 = 0.6733
2025-01-27 06:35:15,595 - INFO - Epoch 75/200 Summary: Train Loss = 0.0018, Val Loss = 1.3639, Val Accuracy =  0.6879
2025-01-27 06:35:16,339 - INFO - Epoch 76, Batch 5: Loss = 0.0007, Accuracy = 1.0000
2025-01-27 06:35:17,085 - INFO - Epoch 76, Batch 10: Loss = 0.0012, Accuracy = 1.0000
2025-01-27 06:35:18,129 - INFO - Validation: Loss = 1.3001, Accuracy = 0.7022, Precision = 0.7130, Recall = 0.7108, F1 = 0.7119
2025-01-27 06:35:18,131 - INFO - Epoch 76/200 Summary: Train Loss = 0.0012, Val Loss = 1.3001, Val Accuracy =  0.7022
2025-01-27 06:35:18,886 - INFO - Epoch 77, Batch 5: Loss = 0.0003, Accuracy = 1.0000
2025-01-27 06:35:19,638 - INFO - Epoch 77, Batch 10: Loss = 0.0004, Accuracy = 1.0000
2025-01-27 06:35:20,688 - INFO - Validation: Loss = 1.3708, Accuracy = 0.7070, Precision = 0.7196, Recall = 0.7108, F1 = 0.7152
2025-01-27 06:35:20,690 - INFO - Epoch 77/200 Summary: Train Loss = 0.0005, Val Loss = 1.3708, Val Accuracy =  0.7070
2025-01-27 06:35:21,442 - INFO - Epoch 78, Batch 5: Loss = 0.0003, Accuracy = 1.0000
2025-01-27 06:35:22,197 - INFO - Epoch 78, Batch 10: Loss = 0.0007, Accuracy = 1.0000
2025-01-27 06:35:23,244 - INFO - Validation: Loss = 1.2855, Accuracy = 0.7166, Precision = 0.7363, Recall = 0.7046, F1 = 0.7201
2025-01-27 06:35:23,246 - INFO - Epoch 78/200 Summary: Train Loss = 0.0004, Val Loss = 1.2855, Val Accuracy =  0.7166
2025-01-27 06:35:24,000 - INFO - Epoch 79, Batch 5: Loss = 0.0002, Accuracy = 1.0000
2025-01-27 06:35:24,755 - INFO - Epoch 79, Batch 10: Loss = 0.0002, Accuracy = 1.0000
2025-01-27 06:35:25,805 - INFO - Validation: Loss = 1.3925, Accuracy = 0.6959, Precision = 0.7055, Recall = 0.7077, F1 = 0.7066
2025-01-27 06:35:25,807 - INFO - Epoch 79/200 Summary: Train Loss = 0.0003, Val Loss = 1.3925, Val Accuracy =  0.6959
2025-01-27 06:35:26,561 - INFO - Epoch 80, Batch 5: Loss = 0.0002, Accuracy = 1.0000
2025-01-27 06:35:27,310 - INFO - Epoch 80, Batch 10: Loss = 0.0002, Accuracy = 1.0000
2025-01-27 06:35:28,358 - INFO - Validation: Loss = 1.3797, Accuracy = 0.6863, Precision = 0.7192, Recall = 0.6462, F1 = 0.6807
2025-01-27 06:35:28,360 - INFO - Epoch 80/200 Summary: Train Loss = 0.0013, Val Loss = 1.3797, Val Accuracy =  0.6863
2025-01-27 06:35:29,113 - INFO - Epoch 81, Batch 5: Loss = 0.0011, Accuracy = 0.9966
2025-01-27 06:35:29,862 - INFO - Epoch 81, Batch 10: Loss = 0.0016, Accuracy = 0.9974
2025-01-27 06:35:30,897 - INFO - Validation: Loss = 1.3111, Accuracy = 0.6959, Precision = 0.6971, Recall = 0.7292, F1 = 0.7128
2025-01-27 06:35:30,899 - INFO - Epoch 81/200 Summary: Train Loss = 0.0085, Val Loss = 1.3111, Val Accuracy =  0.6959
2025-01-27 06:35:31,644 - INFO - Epoch 82, Batch 5: Loss = 0.0003, Accuracy = 1.0000
2025-01-27 06:35:32,392 - INFO - Epoch 82, Batch 10: Loss = 0.0003, Accuracy = 1.0000
2025-01-27 06:35:33,426 - INFO - Validation: Loss = 1.3070, Accuracy = 0.7070, Precision = 0.7210, Recall = 0.7077, F1 = 0.7143
2025-01-27 06:35:33,428 - INFO - Epoch 82/200 Summary: Train Loss = 0.0005, Val Loss = 1.3070, Val Accuracy =  0.7070
2025-01-27 06:35:34,174 - INFO - Epoch 83, Batch 5: Loss = 0.0001, Accuracy = 1.0000
2025-01-27 06:35:34,926 - INFO - Epoch 83, Batch 10: Loss = 0.0001, Accuracy = 1.0000
2025-01-27 06:35:35,978 - INFO - Validation: Loss = 1.3323, Accuracy = 0.7006, Precision = 0.7203, Recall = 0.6892, F1 = 0.7044
2025-01-27 06:35:35,980 - INFO - Epoch 83/200 Summary: Train Loss = 0.0002, Val Loss = 1.3323, Val Accuracy =  0.7006
2025-01-27 06:35:36,732 - INFO - Epoch 84, Batch 5: Loss = 0.0001, Accuracy = 1.0000
2025-01-27 06:35:37,484 - INFO - Epoch 84, Batch 10: Loss = 0.0001, Accuracy = 1.0000
2025-01-27 06:35:38,543 - INFO - Validation: Loss = 1.3597, Accuracy = 0.7006, Precision = 0.7134, Recall = 0.7046, F1 = 0.7090
2025-01-27 06:35:38,545 - INFO - Epoch 84/200 Summary: Train Loss = 0.0001, Val Loss = 1.3597, Val Accuracy =  0.7006
2025-01-27 06:35:39,293 - INFO - Epoch 85, Batch 5: Loss = 0.0004, Accuracy = 1.0000
2025-01-27 06:35:40,043 - INFO - Epoch 85, Batch 10: Loss = 0.0004, Accuracy = 1.0000
2025-01-27 06:35:41,085 - INFO - Validation: Loss = 1.3656, Accuracy = 0.7054, Precision = 0.7147, Recall = 0.7169, F1 = 0.7158
2025-01-27 06:35:41,087 - INFO - Epoch 85/200 Summary: Train Loss = 0.0003, Val Loss = 1.3656, Val Accuracy =  0.7054
2025-01-27 06:35:41,840 - INFO - Epoch 86, Batch 5: Loss = 0.0002, Accuracy = 1.0000
2025-01-27 06:35:42,592 - INFO - Epoch 86, Batch 10: Loss = 0.0002, Accuracy = 1.0000
2025-01-27 06:35:43,637 - INFO - Validation: Loss = 1.4450, Accuracy = 0.7086, Precision = 0.7152, Recall = 0.7262, F1 = 0.7206
2025-01-27 06:35:43,639 - INFO - Epoch 86/200 Summary: Train Loss = 0.0003, Val Loss = 1.4450, Val Accuracy =  0.7086
2025-01-27 06:35:44,393 - INFO - Epoch 87, Batch 5: Loss = 0.0002, Accuracy = 1.0000
2025-01-27 06:35:45,139 - INFO - Epoch 87, Batch 10: Loss = 0.0012, Accuracy = 1.0000
2025-01-27 06:35:46,175 - INFO - Validation: Loss = 1.4816, Accuracy = 0.7006, Precision = 0.7057, Recall = 0.7231, F1 = 0.7143
2025-01-27 06:35:46,177 - INFO - Epoch 87/200 Summary: Train Loss = 0.0004, Val Loss = 1.4816, Val Accuracy =  0.7006
2025-01-27 06:35:46,923 - INFO - Epoch 88, Batch 5: Loss = 0.0021, Accuracy = 1.0000
2025-01-27 06:35:47,669 - INFO - Epoch 88, Batch 10: Loss = 0.0008, Accuracy = 0.9983
2025-01-27 06:35:48,706 - INFO - Validation: Loss = 1.3791, Accuracy = 0.7150, Precision = 0.7173, Recall = 0.7415, F1 = 0.7292
2025-01-27 06:35:48,708 - INFO - Epoch 88/200 Summary: Train Loss = 0.0034, Val Loss = 1.3791, Val Accuracy =  0.7150
2025-01-27 06:35:49,454 - INFO - Epoch 89, Batch 5: Loss = 0.0001, Accuracy = 1.0000
2025-01-27 06:35:50,206 - INFO - Epoch 89, Batch 10: Loss = 0.0002, Accuracy = 1.0000
2025-01-27 06:35:51,253 - INFO - Validation: Loss = 1.3804, Accuracy = 0.7022, Precision = 0.7347, Recall = 0.6646, F1 = 0.6979
2025-01-27 06:35:51,255 - INFO - Epoch 89/200 Summary: Train Loss = 0.0007, Val Loss = 1.3804, Val Accuracy =  0.7022
2025-01-27 06:35:52,006 - INFO - Epoch 90, Batch 5: Loss = 0.0018, Accuracy = 1.0000
2025-01-27 06:35:52,758 - INFO - Epoch 90, Batch 10: Loss = 0.0004, Accuracy = 1.0000
2025-01-27 06:35:53,807 - INFO - Validation: Loss = 1.3077, Accuracy = 0.7102, Precision = 0.7227, Recall = 0.7138, F1 = 0.7183
2025-01-27 06:35:53,810 - INFO - Epoch 90/200 Summary: Train Loss = 0.0011, Val Loss = 1.3077, Val Accuracy =  0.7102
2025-01-27 06:35:53,810 - INFO - Early stopping triggered.
