2025-01-22 14:05:40,534 - INFO - Initialized Conv2d weights with mean=0.0, std=0.01
2025-01-22 14:05:40,534 - INFO - Initialized Conv2d bias with mean=0.5, std=0.01
2025-01-22 14:05:40,536 - INFO - Initialized Conv2d weights with mean=0.0, std=0.01
2025-01-22 14:05:40,536 - INFO - Initialized Conv2d bias with mean=0.5, std=0.01
2025-01-22 14:05:40,538 - INFO - Initialized Conv2d weights with mean=0.0, std=0.01
2025-01-22 14:05:40,538 - INFO - Initialized Conv2d bias with mean=0.5, std=0.01
2025-01-22 14:05:40,540 - INFO - Initialized Conv2d weights with mean=0.0, std=0.01
2025-01-22 14:05:40,541 - INFO - Initialized Conv2d bias with mean=0.5, std=0.01
2025-01-22 14:05:40,725 - INFO - Initialized Linear weights with mean=0.0, std=0.2
2025-01-22 14:05:40,726 - INFO - Initialized Linear bias with mean=0.5, std=0.01
2025-01-22 14:05:40,726 - INFO - Initialized Linear weights with mean=0.0, std=0.2
2025-01-22 14:05:40,726 - INFO - Initialized Linear bias with mean=0.5, std=0.01
2025-01-22 14:05:41,439 - INFO - Split Results:
2025-01-22 14:05:41,440 - INFO - 
+-------------------+---------+--------------+
| Metric            |   Count | Percentage   |
+===================+=========+==============+
| Train People      |    1520 |              |
+-------------------+---------+--------------+
| Train Pairs       |    1572 | (71.45%)     |
+-------------------+---------+--------------+
| Validation People |     612 |              |
+-------------------+---------+--------------+
| Validation Pairs  |     628 | (28.55%)     |
+-------------------+---------+--------------+
| Dropped Pairs     |       0 | (0.00%)      |
+-------------------+---------+--------------+
2025-01-22 14:05:41,441 - INFO - Data prepared: 1572 training pairs, 628 validation pairs.
2025-01-22 14:05:41,441 - INFO - nn.BCELoss function defined as loss function.
2025-01-22 14:05:41,441 - INFO - Adam optimizer initialized with parameters: {'betas': (0.9, 0.999), 'weight_decay': 1e-05}
2025-01-22 14:05:44,134 - INFO - Epoch 1, Batch 5: Loss = 0.7353, Accuracy = 0.4984
2025-01-22 14:05:45,792 - INFO - Epoch 1, Batch 10: Loss = 0.7049, Accuracy = 0.4914
