2025-01-22 14:08:36,507 - INFO - Initialized Conv2d weights with mean=0.0, std=0.01
2025-01-22 14:08:36,507 - INFO - Initialized Conv2d bias with mean=0.5, std=0.01
2025-01-22 14:08:36,509 - INFO - Initialized Conv2d weights with mean=0.0, std=0.01
2025-01-22 14:08:36,509 - INFO - Initialized Conv2d bias with mean=0.5, std=0.01
2025-01-22 14:08:36,511 - INFO - Initialized Conv2d weights with mean=0.0, std=0.01
2025-01-22 14:08:36,511 - INFO - Initialized Conv2d bias with mean=0.5, std=0.01
2025-01-22 14:08:36,513 - INFO - Initialized Conv2d weights with mean=0.0, std=0.01
2025-01-22 14:08:36,514 - INFO - Initialized Conv2d bias with mean=0.5, std=0.01
2025-01-22 14:08:36,698 - INFO - Initialized Linear weights with mean=0.0, std=0.2
2025-01-22 14:08:36,698 - INFO - Initialized Linear bias with mean=0.5, std=0.01
2025-01-22 14:08:36,698 - INFO - Initialized Linear weights with mean=0.0, std=0.2
2025-01-22 14:08:36,698 - INFO - Initialized Linear bias with mean=0.5, std=0.01
2025-01-22 14:08:37,440 - INFO - Split Results:
2025-01-22 14:08:37,441 - INFO - 
+-------------------+---------+--------------+
| Metric            |   Count | Percentage   |
+===================+=========+==============+
| Train People      |    1520 |              |
+-------------------+---------+--------------+
| Train Pairs       |    1572 | (71.45%)     |
+-------------------+---------+--------------+
| Validation People |     612 |              |
+-------------------+---------+--------------+
| Validation Pairs  |     628 | (28.55%)     |
+-------------------+---------+--------------+
| Dropped Pairs     |       0 | (0.00%)      |
+-------------------+---------+--------------+
2025-01-22 14:08:37,442 - INFO - Data prepared: 1572 training pairs, 628 validation pairs.
2025-01-22 14:08:37,442 - INFO - nn.BCELoss function defined as loss function.
2025-01-22 14:08:37,443 - INFO - Adam optimizer initialized with parameters: {'betas': (0.9, 0.999), 'weight_decay': 1e-05}
2025-01-22 14:08:40,106 - INFO - Epoch 1, Batch 5: Loss = 0.7207, Accuracy = 0.4969
2025-01-22 14:08:41,757 - INFO - Epoch 1, Batch 10: Loss = 0.7435, Accuracy = 0.5188
