2025-01-22 14:13:17,266 - INFO - Initialized Conv2d weights with mean=0.0, std=0.01
2025-01-22 14:13:17,266 - INFO - Initialized Conv2d bias with mean=0.5, std=0.01
2025-01-22 14:13:17,268 - INFO - Initialized Conv2d weights with mean=0.0, std=0.01
2025-01-22 14:13:17,268 - INFO - Initialized Conv2d bias with mean=0.5, std=0.01
2025-01-22 14:13:17,270 - INFO - Initialized Conv2d weights with mean=0.0, std=0.01
2025-01-22 14:13:17,270 - INFO - Initialized Conv2d bias with mean=0.5, std=0.01
2025-01-22 14:13:17,273 - INFO - Initialized Conv2d weights with mean=0.0, std=0.01
2025-01-22 14:13:17,273 - INFO - Initialized Conv2d bias with mean=0.5, std=0.01
2025-01-22 14:13:17,460 - INFO - Initialized Linear weights with mean=0.0, std=0.2
2025-01-22 14:13:17,460 - INFO - Initialized Linear bias with mean=0.5, std=0.01
2025-01-22 14:13:17,461 - INFO - Initialized Linear weights with mean=0.0, std=0.2
2025-01-22 14:13:17,461 - INFO - Initialized Linear bias with mean=0.5, std=0.01
2025-01-22 14:13:18,276 - INFO - Split Results:
2025-01-22 14:13:18,277 - INFO - 
+-------------------+---------+--------------+
| Metric            |   Count | Percentage   |
+===================+=========+==============+
| Train People      |    1520 |              |
+-------------------+---------+--------------+
| Train Pairs       |    1572 | (71.45%)     |
+-------------------+---------+--------------+
| Validation People |     612 |              |
+-------------------+---------+--------------+
| Validation Pairs  |     628 | (28.55%)     |
+-------------------+---------+--------------+
| Dropped Pairs     |       0 | (0.00%)      |
+-------------------+---------+--------------+
2025-01-22 14:13:18,277 - INFO - Data prepared: 1572 training pairs, 628 validation pairs.
2025-01-22 14:13:18,277 - INFO - nn.BCELoss function defined as loss function.
2025-01-22 14:13:18,278 - INFO - Adam optimizer initialized with parameters: {'betas': (0.9, 0.999), 'weight_decay': 1e-05}
2025-01-22 14:13:21,037 - INFO - Epoch 1, Batch 5: Loss = 0.8236, Accuracy = 0.5016
2025-01-22 14:13:22,781 - INFO - Epoch 1, Batch 10: Loss = 0.7037, Accuracy = 0.5227
2025-01-22 14:13:23,705 - INFO - Epoch 1: AUC = 0.5262
2025-01-22 14:13:24,618 - INFO - Validation: Loss = 0.7486, Accuracy = 0.5096, Precision = 0.5140, Recall = 0.9631, F1 = 0.6702
2025-01-22 14:13:24,623 - INFO - Epoch 1/200: Train Loss = 0.7232, Val Loss = 0.7486
2025-01-22 14:13:25,745 - INFO - Checkpoint saved at ./output/checkpoints//best_model.pth
