2025-01-21 16:33:18,624 - INFO - Initialized Conv2d weights with mean=0.0, std=0.01
2025-01-21 16:33:18,624 - INFO - Initialized Conv2d bias with mean=0.5, std=0.01
2025-01-21 16:33:18,626 - INFO - Initialized Conv2d weights with mean=0.0, std=0.01
2025-01-21 16:33:18,626 - INFO - Initialized Conv2d bias with mean=0.5, std=0.01
2025-01-21 16:33:18,628 - INFO - Initialized Conv2d weights with mean=0.0, std=0.01
2025-01-21 16:33:18,628 - INFO - Initialized Conv2d bias with mean=0.5, std=0.01
2025-01-21 16:33:18,631 - INFO - Initialized Conv2d weights with mean=0.0, std=0.01
2025-01-21 16:33:18,631 - INFO - Initialized Conv2d bias with mean=0.5, std=0.01
2025-01-21 16:33:18,818 - INFO - Initialized Linear weights with mean=0.0, std=0.2
2025-01-21 16:33:18,818 - INFO - Initialized Linear bias with mean=0.5, std=0.01
2025-01-21 16:33:18,818 - INFO - Initialized Linear weights with mean=0.0, std=0.2
2025-01-21 16:33:18,818 - INFO - Initialized Linear bias with mean=0.5, std=0.01
2025-01-21 16:33:19,609 - INFO - Split Results:
2025-01-21 16:33:19,610 - INFO - 
+-------------------+---------+--------------+
| Metric            |   Count | Percentage   |
+===================+=========+==============+
| Train People      |    1520 |              |
+-------------------+---------+--------------+
| Train Pairs       |    1572 | (71.45%)     |
+-------------------+---------+--------------+
| Validation People |     612 |              |
+-------------------+---------+--------------+
| Validation Pairs  |     628 | (28.55%)     |
+-------------------+---------+--------------+
| Dropped Pairs     |       0 | (0.00%)      |
+-------------------+---------+--------------+
2025-01-21 16:33:19,610 - INFO - Data prepared: 1572 training pairs, 628 validation pairs.
2025-01-21 16:33:19,611 - INFO - nn.BCELoss function defined as loss function.
2025-01-21 16:33:19,611 - INFO - Adam optimizer defined with lr=1e-05, weight_decay=1e-05
2025-01-21 16:33:22,239 - INFO - Epoch 1, Batch 5: Loss = 0.6864, Accuracy = 0.4969
2025-01-21 16:33:23,750 - INFO - Epoch 1, Batch 10: Loss = 0.6797, Accuracy = 0.5297
2025-01-21 16:33:25,349 - INFO - Validation: Loss = 0.6742, Accuracy = 0.5908, Precision = 0.7024, Recall = 0.3631, F1 = 0.4787
2025-01-21 16:33:25,354 - INFO - Epoch 1/200: Train Loss = 0.6882, Val Loss = 0.6742
2025-01-21 16:33:26,291 - INFO - Checkpoint saved at ./output/checkpoints//best_model.pth
2025-01-21 16:33:26,537 - INFO - Model improved at epoch 1. Checkpoint saved.
2025-01-21 16:33:28,033 - INFO - Epoch 2, Batch 5: Loss = 0.6750, Accuracy = 0.5906
2025-01-21 16:33:29,532 - INFO - Epoch 2, Batch 10: Loss = 0.6645, Accuracy = 0.5813
2025-01-21 16:33:31,122 - INFO - Validation: Loss = 0.6697, Accuracy = 0.5987, Precision = 0.6540, Recall = 0.4769, F1 = 0.5516
2025-01-21 16:33:31,126 - INFO - Epoch 2/200: Train Loss = 0.6699, Val Loss = 0.6697
2025-01-21 16:33:32,101 - INFO - Checkpoint saved at ./output/checkpoints//best_model.pth
2025-01-21 16:33:32,599 - INFO - Model improved at epoch 2. Checkpoint saved.
2025-01-21 16:33:34,256 - INFO - Epoch 3, Batch 5: Loss = 0.6613, Accuracy = 0.6562
2025-01-21 16:33:35,769 - INFO - Epoch 3, Batch 10: Loss = 0.6692, Accuracy = 0.6500
2025-01-21 16:33:37,410 - INFO - Validation: Loss = 0.6664, Accuracy = 0.5939, Precision = 0.6923, Recall = 0.3877, F1 = 0.4970
2025-01-21 16:33:37,414 - INFO - Epoch 3/200: Train Loss = 0.6623, Val Loss = 0.6664
2025-01-21 16:33:38,387 - INFO - Checkpoint saved at ./output/checkpoints//best_model.pth
2025-01-21 16:33:38,920 - INFO - Model improved at epoch 3. Checkpoint saved.
2025-01-21 16:33:40,431 - INFO - Epoch 4, Batch 5: Loss = 0.6492, Accuracy = 0.6203
2025-01-21 16:33:41,965 - INFO - Epoch 4, Batch 10: Loss = 0.6575, Accuracy = 0.6164
2025-01-21 16:33:43,580 - INFO - Validation: Loss = 0.6625, Accuracy = 0.5971, Precision = 0.6765, Recall = 0.4246, F1 = 0.5217
2025-01-21 16:33:43,584 - INFO - Epoch 4/200: Train Loss = 0.6521, Val Loss = 0.6625
2025-01-21 16:33:44,540 - INFO - Checkpoint saved at ./output/checkpoints//best_model.pth
2025-01-21 16:33:45,049 - INFO - Model improved at epoch 4. Checkpoint saved.
2025-01-21 16:33:46,548 - INFO - Epoch 5, Batch 5: Loss = 0.6609, Accuracy = 0.6172
2025-01-21 16:33:48,073 - INFO - Epoch 5, Batch 10: Loss = 0.6391, Accuracy = 0.6352
2025-01-21 16:33:49,741 - INFO - Validation: Loss = 0.6585, Accuracy = 0.5939, Precision = 0.6683, Recall = 0.4277, F1 = 0.5216
2025-01-21 16:33:49,745 - INFO - Epoch 5/200: Train Loss = 0.6460, Val Loss = 0.6585
2025-01-21 16:33:50,728 - INFO - Checkpoint saved at ./output/checkpoints//best_model.pth
2025-01-21 16:33:51,278 - INFO - Model improved at epoch 5. Checkpoint saved.
2025-01-21 16:33:52,855 - INFO - Epoch 6, Batch 5: Loss = 0.6152, Accuracy = 0.6438
2025-01-21 16:33:54,361 - INFO - Epoch 6, Batch 10: Loss = 0.6517, Accuracy = 0.6344
2025-01-21 16:33:55,968 - INFO - Validation: Loss = 0.6562, Accuracy = 0.6162, Precision = 0.6346, Recall = 0.6092, F1 = 0.6217
2025-01-21 16:33:55,972 - INFO - Epoch 6/200: Train Loss = 0.6455, Val Loss = 0.6562
2025-01-21 16:33:56,937 - INFO - Checkpoint saved at ./output/checkpoints//best_model.pth
2025-01-21 16:33:57,379 - INFO - Model improved at epoch 6. Checkpoint saved.
2025-01-21 16:33:58,897 - INFO - Epoch 7, Batch 5: Loss = 0.6370, Accuracy = 0.6719
2025-01-21 16:34:00,407 - INFO - Epoch 7, Batch 10: Loss = 0.6317, Accuracy = 0.6672
2025-01-21 16:34:02,013 - INFO - Validation: Loss = 0.6548, Accuracy = 0.6019, Precision = 0.6016, Recall = 0.6831, F1 = 0.6398
2025-01-21 16:34:02,017 - INFO - Epoch 7/200: Train Loss = 0.6405, Val Loss = 0.6548
2025-01-21 16:34:03,004 - INFO - Checkpoint saved at ./output/checkpoints//best_model.pth
2025-01-21 16:34:03,479 - INFO - Model improved at epoch 7. Checkpoint saved.
2025-01-21 16:34:04,997 - INFO - Epoch 8, Batch 5: Loss = 0.6187, Accuracy = 0.6828
2025-01-21 16:34:06,520 - INFO - Epoch 8, Batch 10: Loss = 0.6321, Accuracy = 0.6695
2025-01-21 16:34:08,122 - INFO - Validation: Loss = 0.6506, Accuracy = 0.6131, Precision = 0.6349, Recall = 0.5938, F1 = 0.6137
2025-01-21 16:34:08,126 - INFO - Epoch 8/200: Train Loss = 0.6337, Val Loss = 0.6506
2025-01-21 16:34:09,102 - INFO - Checkpoint saved at ./output/checkpoints//best_model.pth
2025-01-21 16:34:09,640 - INFO - Model improved at epoch 8. Checkpoint saved.
2025-01-21 16:34:11,156 - INFO - Epoch 9, Batch 5: Loss = 0.6336, Accuracy = 0.6891
2025-01-21 16:34:12,674 - INFO - Epoch 9, Batch 10: Loss = 0.6370, Accuracy = 0.6844
2025-01-21 16:34:14,276 - INFO - Validation: Loss = 0.6497, Accuracy = 0.6099, Precision = 0.6389, Recall = 0.5662, F1 = 0.6003
2025-01-21 16:34:14,280 - INFO - Epoch 9/200: Train Loss = 0.6220, Val Loss = 0.6497
2025-01-21 16:34:15,223 - INFO - Checkpoint saved at ./output/checkpoints//best_model.pth
2025-01-21 16:34:15,692 - INFO - Model improved at epoch 9. Checkpoint saved.
2025-01-21 16:34:17,214 - INFO - Epoch 10, Batch 5: Loss = 0.5897, Accuracy = 0.7063
2025-01-21 16:34:18,725 - INFO - Epoch 10, Batch 10: Loss = 0.6026, Accuracy = 0.7055
2025-01-21 16:34:20,342 - INFO - Validation: Loss = 0.6465, Accuracy = 0.6322, Precision = 0.6497, Recall = 0.6277, F1 = 0.6385
2025-01-21 16:34:20,346 - INFO - Epoch 10/200: Train Loss = 0.6171, Val Loss = 0.6465
2025-01-21 16:34:21,349 - INFO - Checkpoint saved at ./output/checkpoints//best_model.pth
2025-01-21 16:34:21,868 - INFO - Model improved at epoch 10. Checkpoint saved.
2025-01-21 16:34:23,428 - INFO - Epoch 11, Batch 5: Loss = 0.5926, Accuracy = 0.6781
2025-01-21 16:34:24,981 - INFO - Epoch 11, Batch 10: Loss = 0.6230, Accuracy = 0.6820
2025-01-21 16:34:26,608 - INFO - Validation: Loss = 0.6450, Accuracy = 0.6242, Precision = 0.6404, Recall = 0.6246, F1 = 0.6324
2025-01-21 16:34:26,612 - INFO - Epoch 11/200: Train Loss = 0.6097, Val Loss = 0.6450
2025-01-21 16:34:27,607 - INFO - Checkpoint saved at ./output/checkpoints//best_model.pth
2025-01-21 16:34:28,099 - INFO - Model improved at epoch 11. Checkpoint saved.
2025-01-21 16:34:29,609 - INFO - Epoch 12, Batch 5: Loss = 0.6127, Accuracy = 0.7000
2025-01-21 16:34:31,110 - INFO - Epoch 12, Batch 10: Loss = 0.6029, Accuracy = 0.7055
2025-01-21 16:34:32,740 - INFO - Validation: Loss = 0.6438, Accuracy = 0.6338, Precision = 0.6644, Recall = 0.5908, F1 = 0.6254
2025-01-21 16:34:32,744 - INFO - Epoch 12/200: Train Loss = 0.6006, Val Loss = 0.6438
2025-01-21 16:34:33,653 - INFO - Checkpoint saved at ./output/checkpoints//best_model.pth
2025-01-21 16:34:34,142 - INFO - Model improved at epoch 12. Checkpoint saved.
2025-01-21 16:34:35,649 - INFO - Epoch 13, Batch 5: Loss = 0.6122, Accuracy = 0.7172
2025-01-21 16:34:37,161 - INFO - Epoch 13, Batch 10: Loss = 0.6269, Accuracy = 0.7070
2025-01-21 16:34:38,752 - INFO - Validation: Loss = 0.6421, Accuracy = 0.6369, Precision = 0.6570, Recall = 0.6246, F1 = 0.6404
2025-01-21 16:34:38,756 - INFO - Epoch 13/200: Train Loss = 0.6012, Val Loss = 0.6421
2025-01-21 16:34:39,698 - INFO - Checkpoint saved at ./output/checkpoints//best_model.pth
2025-01-21 16:34:40,161 - INFO - Model improved at epoch 13. Checkpoint saved.
2025-01-21 16:34:41,682 - INFO - Epoch 14, Batch 5: Loss = 0.6097, Accuracy = 0.7156
2025-01-21 16:34:43,194 - INFO - Epoch 14, Batch 10: Loss = 0.6108, Accuracy = 0.7156
2025-01-21 16:34:44,804 - INFO - Validation: Loss = 0.6392, Accuracy = 0.6465, Precision = 0.6556, Recall = 0.6677, F1 = 0.6616
2025-01-21 16:34:44,808 - INFO - Epoch 14/200: Train Loss = 0.5899, Val Loss = 0.6392
2025-01-21 16:34:45,799 - INFO - Checkpoint saved at ./output/checkpoints//best_model.pth
2025-01-21 16:34:46,269 - INFO - Model improved at epoch 14. Checkpoint saved.
2025-01-21 16:34:47,803 - INFO - Epoch 15, Batch 5: Loss = 0.5564, Accuracy = 0.7375
2025-01-21 16:34:49,309 - INFO - Epoch 15, Batch 10: Loss = 0.5910, Accuracy = 0.7258
2025-01-21 16:34:50,911 - INFO - Validation: Loss = 0.6396, Accuracy = 0.6449, Precision = 0.6614, Recall = 0.6431, F1 = 0.6521
2025-01-21 16:34:50,915 - INFO - Epoch 15/200: Train Loss = 0.5823, Val Loss = 0.6396
2025-01-21 16:34:52,452 - INFO - Epoch 16, Batch 5: Loss = 0.5800, Accuracy = 0.7422
2025-01-21 16:34:53,965 - INFO - Epoch 16, Batch 10: Loss = 0.5618, Accuracy = 0.7297
2025-01-21 16:34:55,557 - INFO - Validation: Loss = 0.6462, Accuracy = 0.6306, Precision = 0.7048, Recall = 0.4923, F1 = 0.5797
2025-01-21 16:34:55,561 - INFO - Epoch 16/200: Train Loss = 0.5732, Val Loss = 0.6462
2025-01-21 16:34:57,091 - INFO - Epoch 17, Batch 5: Loss = 0.5922, Accuracy = 0.7516
2025-01-21 16:34:58,601 - INFO - Epoch 17, Batch 10: Loss = 0.6162, Accuracy = 0.7242
2025-01-21 16:35:00,204 - INFO - Validation: Loss = 0.6358, Accuracy = 0.6545, Precision = 0.6570, Recall = 0.6954, F1 = 0.6756
2025-01-21 16:35:00,207 - INFO - Epoch 17/200: Train Loss = 0.5710, Val Loss = 0.6358
2025-01-21 16:35:01,177 - INFO - Checkpoint saved at ./output/checkpoints//best_model.pth
2025-01-21 16:35:01,721 - INFO - Model improved at epoch 17. Checkpoint saved.
2025-01-21 16:35:03,244 - INFO - Epoch 18, Batch 5: Loss = 0.5546, Accuracy = 0.7656
2025-01-21 16:35:04,758 - INFO - Epoch 18, Batch 10: Loss = 0.5838, Accuracy = 0.7484
2025-01-21 16:35:06,354 - INFO - Validation: Loss = 0.6377, Accuracy = 0.6513, Precision = 0.6410, Recall = 0.7415, F1 = 0.6876
2025-01-21 16:35:06,358 - INFO - Epoch 18/200: Train Loss = 0.5580, Val Loss = 0.6377
2025-01-21 16:35:07,901 - INFO - Epoch 19, Batch 5: Loss = 0.5319, Accuracy = 0.7609
2025-01-21 16:35:09,416 - INFO - Epoch 19, Batch 10: Loss = 0.5812, Accuracy = 0.7531
2025-01-21 16:35:11,021 - INFO - Validation: Loss = 0.6393, Accuracy = 0.6481, Precision = 0.6405, Recall = 0.7292, F1 = 0.6820
2025-01-21 16:35:11,025 - INFO - Epoch 19/200: Train Loss = 0.5560, Val Loss = 0.6393
2025-01-21 16:35:12,550 - INFO - Epoch 20, Batch 5: Loss = 0.5326, Accuracy = 0.7672
2025-01-21 16:35:14,057 - INFO - Epoch 20, Batch 10: Loss = 0.6169, Accuracy = 0.7680
2025-01-21 16:35:15,660 - INFO - Validation: Loss = 0.6402, Accuracy = 0.6608, Precision = 0.6591, Recall = 0.7138, F1 = 0.6854
2025-01-21 16:35:15,664 - INFO - Epoch 20/200: Train Loss = 0.5458, Val Loss = 0.6402
2025-01-21 16:35:17,185 - INFO - Epoch 21, Batch 5: Loss = 0.5603, Accuracy = 0.7891
2025-01-21 16:35:18,700 - INFO - Epoch 21, Batch 10: Loss = 0.5860, Accuracy = 0.7734
2025-01-21 16:35:20,299 - INFO - Validation: Loss = 0.6382, Accuracy = 0.6592, Precision = 0.6647, Recall = 0.6892, F1 = 0.6767
2025-01-21 16:35:20,303 - INFO - Epoch 21/200: Train Loss = 0.5392, Val Loss = 0.6382
2025-01-21 16:35:21,838 - INFO - Epoch 22, Batch 5: Loss = 0.5354, Accuracy = 0.7828
2025-01-21 16:35:23,353 - INFO - Epoch 22, Batch 10: Loss = 0.5201, Accuracy = 0.7773
2025-01-21 16:35:24,950 - INFO - Validation: Loss = 0.6385, Accuracy = 0.6545, Precision = 0.6525, Recall = 0.7108, F1 = 0.6804
2025-01-21 16:35:24,954 - INFO - Epoch 22/200: Train Loss = 0.5293, Val Loss = 0.6385
2025-01-21 16:35:26,480 - INFO - Epoch 23, Batch 5: Loss = 0.4735, Accuracy = 0.7906
2025-01-21 16:35:27,988 - INFO - Epoch 23, Batch 10: Loss = 0.5133, Accuracy = 0.7773
2025-01-21 16:35:29,606 - INFO - Validation: Loss = 0.6490, Accuracy = 0.6417, Precision = 0.6208, Recall = 0.7908, F1 = 0.6955
2025-01-21 16:35:29,610 - INFO - Epoch 23/200: Train Loss = 0.5132, Val Loss = 0.6490
2025-01-21 16:35:31,144 - INFO - Epoch 24, Batch 5: Loss = 0.5144, Accuracy = 0.7688
2025-01-21 16:35:32,662 - INFO - Epoch 24, Batch 10: Loss = 0.5025, Accuracy = 0.7781
2025-01-21 16:35:34,298 - INFO - Validation: Loss = 0.6409, Accuracy = 0.6624, Precision = 0.6647, Recall = 0.7015, F1 = 0.6826
2025-01-21 16:35:34,302 - INFO - Epoch 24/200: Train Loss = 0.5021, Val Loss = 0.6409
2025-01-21 16:35:35,843 - INFO - Epoch 25, Batch 5: Loss = 0.4950, Accuracy = 0.8063
2025-01-21 16:35:37,379 - INFO - Epoch 25, Batch 10: Loss = 0.4763, Accuracy = 0.7953
2025-01-21 16:35:38,983 - INFO - Validation: Loss = 0.6574, Accuracy = 0.6385, Precision = 0.6201, Recall = 0.7785, F1 = 0.6903
2025-01-21 16:35:38,987 - INFO - Epoch 25/200: Train Loss = 0.4922, Val Loss = 0.6574
2025-01-21 16:35:40,516 - INFO - Epoch 26, Batch 5: Loss = 0.4327, Accuracy = 0.7906
2025-01-21 16:35:42,029 - INFO - Epoch 26, Batch 10: Loss = 0.4937, Accuracy = 0.7977
2025-01-21 16:35:43,661 - INFO - Validation: Loss = 0.6465, Accuracy = 0.6576, Precision = 0.6554, Recall = 0.7138, F1 = 0.6834
2025-01-21 16:35:43,665 - INFO - Epoch 26/200: Train Loss = 0.4845, Val Loss = 0.6465
2025-01-21 16:35:45,202 - INFO - Epoch 27, Batch 5: Loss = 0.5180, Accuracy = 0.8156
2025-01-21 16:35:46,712 - INFO - Epoch 27, Batch 10: Loss = 0.4787, Accuracy = 0.8187
2025-01-21 16:35:48,321 - INFO - Validation: Loss = 0.6457, Accuracy = 0.6624, Precision = 0.6592, Recall = 0.7200, F1 = 0.6882
2025-01-21 16:35:48,325 - INFO - Epoch 27/200: Train Loss = 0.4692, Val Loss = 0.6457
2025-01-21 16:35:49,858 - INFO - Epoch 28, Batch 5: Loss = 0.4442, Accuracy = 0.8281
2025-01-21 16:35:51,373 - INFO - Epoch 28, Batch 10: Loss = 0.4707, Accuracy = 0.8180
2025-01-21 16:35:52,971 - INFO - Validation: Loss = 0.6556, Accuracy = 0.6433, Precision = 0.6361, Recall = 0.7262, F1 = 0.6782
2025-01-21 16:35:52,975 - INFO - Epoch 28/200: Train Loss = 0.4661, Val Loss = 0.6556
2025-01-21 16:35:54,529 - INFO - Epoch 29, Batch 5: Loss = 0.4626, Accuracy = 0.8156
2025-01-21 16:35:56,065 - INFO - Epoch 29, Batch 10: Loss = 0.4293, Accuracy = 0.8180
2025-01-21 16:35:57,673 - INFO - Validation: Loss = 0.6565, Accuracy = 0.6338, Precision = 0.6820, Recall = 0.5477, F1 = 0.6075
2025-01-21 16:35:57,677 - INFO - Epoch 29/200: Train Loss = 0.4465, Val Loss = 0.6565
2025-01-21 16:35:59,204 - INFO - Epoch 30, Batch 5: Loss = 0.4302, Accuracy = 0.8078
2025-01-21 16:36:00,707 - INFO - Epoch 30, Batch 10: Loss = 0.4470, Accuracy = 0.8055
2025-01-21 16:36:02,317 - INFO - Validation: Loss = 0.6664, Accuracy = 0.6497, Precision = 0.6259, Recall = 0.8031, F1 = 0.7035
2025-01-21 16:36:02,321 - INFO - Epoch 30/200: Train Loss = 0.4503, Val Loss = 0.6664
2025-01-21 16:36:03,868 - INFO - Epoch 31, Batch 5: Loss = 0.4169, Accuracy = 0.8313
2025-01-21 16:36:05,383 - INFO - Epoch 31, Batch 10: Loss = 0.4703, Accuracy = 0.8234
2025-01-21 16:36:07,001 - INFO - Validation: Loss = 0.6794, Accuracy = 0.6497, Precision = 0.6241, Recall = 0.8123, F1 = 0.7059
2025-01-21 16:36:07,005 - INFO - Epoch 31/200: Train Loss = 0.4435, Val Loss = 0.6794
2025-01-21 16:36:08,535 - INFO - Epoch 32, Batch 5: Loss = 0.4067, Accuracy = 0.8187
2025-01-21 16:36:10,046 - INFO - Epoch 32, Batch 10: Loss = 0.4007, Accuracy = 0.8203
2025-01-21 16:36:11,679 - INFO - Validation: Loss = 0.6531, Accuracy = 0.6688, Precision = 0.6657, Recall = 0.7231, F1 = 0.6932
2025-01-21 16:36:11,683 - INFO - Epoch 32/200: Train Loss = 0.4317, Val Loss = 0.6531
2025-01-21 16:36:13,214 - INFO - Epoch 33, Batch 5: Loss = 0.4042, Accuracy = 0.8453
2025-01-21 16:36:14,732 - INFO - Epoch 33, Batch 10: Loss = 0.4247, Accuracy = 0.8328
2025-01-21 16:36:16,336 - INFO - Validation: Loss = 0.6752, Accuracy = 0.6529, Precision = 0.6283, Recall = 0.8062, F1 = 0.7062
2025-01-21 16:36:16,340 - INFO - Epoch 33/200: Train Loss = 0.4062, Val Loss = 0.6752
2025-01-21 16:36:17,865 - INFO - Epoch 34, Batch 5: Loss = 0.3955, Accuracy = 0.8703
2025-01-21 16:36:19,378 - INFO - Epoch 34, Batch 10: Loss = 0.4202, Accuracy = 0.8430
2025-01-21 16:36:20,977 - INFO - Validation: Loss = 0.6642, Accuracy = 0.6417, Precision = 0.6613, Recall = 0.6308, F1 = 0.6457
2025-01-21 16:36:20,981 - INFO - Epoch 34/200: Train Loss = 0.4060, Val Loss = 0.6642
2025-01-21 16:36:22,502 - INFO - Epoch 35, Batch 5: Loss = 0.3859, Accuracy = 0.8672
2025-01-21 16:36:24,021 - INFO - Epoch 35, Batch 10: Loss = 0.3726, Accuracy = 0.8688
2025-01-21 16:36:25,647 - INFO - Validation: Loss = 0.6666, Accuracy = 0.6369, Precision = 0.6655, Recall = 0.6000, F1 = 0.6311
2025-01-21 16:36:25,651 - INFO - Epoch 35/200: Train Loss = 0.3873, Val Loss = 0.6666
2025-01-21 16:36:27,204 - INFO - Epoch 36, Batch 5: Loss = 0.3867, Accuracy = 0.8703
2025-01-21 16:36:28,715 - INFO - Epoch 36, Batch 10: Loss = 0.3566, Accuracy = 0.8594
2025-01-21 16:36:30,331 - INFO - Validation: Loss = 0.6617, Accuracy = 0.6417, Precision = 0.6736, Recall = 0.5969, F1 = 0.6330
2025-01-21 16:36:30,335 - INFO - Epoch 36/200: Train Loss = 0.3794, Val Loss = 0.6617
2025-01-21 16:36:31,869 - INFO - Epoch 37, Batch 5: Loss = 0.3999, Accuracy = 0.8547
2025-01-21 16:36:33,406 - INFO - Epoch 37, Batch 10: Loss = 0.3928, Accuracy = 0.8625
2025-01-21 16:36:35,043 - INFO - Validation: Loss = 0.6854, Accuracy = 0.6688, Precision = 0.6481, Recall = 0.7877, F1 = 0.7111
2025-01-21 16:36:35,047 - INFO - Epoch 37/200: Train Loss = 0.3720, Val Loss = 0.6854
2025-01-21 16:36:36,576 - INFO - Epoch 38, Batch 5: Loss = 0.3548, Accuracy = 0.8750
2025-01-21 16:36:38,090 - INFO - Epoch 38, Batch 10: Loss = 0.3587, Accuracy = 0.8734
2025-01-21 16:36:39,690 - INFO - Validation: Loss = 0.6705, Accuracy = 0.6640, Precision = 0.6549, Recall = 0.7415, F1 = 0.6955
2025-01-21 16:36:39,694 - INFO - Epoch 38/200: Train Loss = 0.3698, Val Loss = 0.6705
2025-01-21 16:36:41,223 - INFO - Epoch 39, Batch 5: Loss = 0.3297, Accuracy = 0.8891
2025-01-21 16:36:42,722 - INFO - Epoch 39, Batch 10: Loss = 0.3191, Accuracy = 0.8844
2025-01-21 16:36:44,320 - INFO - Validation: Loss = 0.6767, Accuracy = 0.6354, Precision = 0.6538, Recall = 0.6277, F1 = 0.6405
2025-01-21 16:36:44,324 - INFO - Epoch 39/200: Train Loss = 0.3565, Val Loss = 0.6767
2025-01-21 16:36:45,884 - INFO - Epoch 40, Batch 5: Loss = 0.3225, Accuracy = 0.8969
2025-01-21 16:36:47,436 - INFO - Epoch 40, Batch 10: Loss = 0.3723, Accuracy = 0.8930
2025-01-21 16:36:49,036 - INFO - Validation: Loss = 0.6745, Accuracy = 0.6465, Precision = 0.6700, Recall = 0.6246, F1 = 0.6465
2025-01-21 16:36:49,040 - INFO - Epoch 40/200: Train Loss = 0.3428, Val Loss = 0.6745
2025-01-21 16:36:50,567 - INFO - Epoch 41, Batch 5: Loss = 0.3429, Accuracy = 0.8938
2025-01-21 16:36:52,076 - INFO - Epoch 41, Batch 10: Loss = 0.3025, Accuracy = 0.9008
2025-01-21 16:36:53,686 - INFO - Validation: Loss = 0.6886, Accuracy = 0.6465, Precision = 0.6689, Recall = 0.6277, F1 = 0.6476
2025-01-21 16:36:53,690 - INFO - Epoch 41/200: Train Loss = 0.3293, Val Loss = 0.6886
2025-01-21 16:36:55,223 - INFO - Epoch 42, Batch 5: Loss = 0.3360, Accuracy = 0.8734
2025-01-21 16:36:56,729 - INFO - Epoch 42, Batch 10: Loss = 0.2877, Accuracy = 0.8938
2025-01-21 16:36:58,331 - INFO - Validation: Loss = 0.6836, Accuracy = 0.6561, Precision = 0.6553, Recall = 0.7077, F1 = 0.6805
2025-01-21 16:36:58,336 - INFO - Epoch 42/200: Train Loss = 0.3253, Val Loss = 0.6836
2025-01-21 16:36:59,868 - INFO - Epoch 43, Batch 5: Loss = 0.3286, Accuracy = 0.9281
2025-01-21 16:37:01,374 - INFO - Epoch 43, Batch 10: Loss = 0.2838, Accuracy = 0.9102
2025-01-21 16:37:02,976 - INFO - Validation: Loss = 0.6724, Accuracy = 0.6592, Precision = 0.6762, Recall = 0.6554, F1 = 0.6656
2025-01-21 16:37:02,980 - INFO - Epoch 43/200: Train Loss = 0.3195, Val Loss = 0.6724
2025-01-21 16:37:04,513 - INFO - Epoch 44, Batch 5: Loss = 0.2937, Accuracy = 0.8922
2025-01-21 16:37:06,027 - INFO - Epoch 44, Batch 10: Loss = 0.2900, Accuracy = 0.9055
2025-01-21 16:37:07,633 - INFO - Validation: Loss = 0.6757, Accuracy = 0.6640, Precision = 0.6839, Recall = 0.6523, F1 = 0.6677
2025-01-21 16:37:07,637 - INFO - Epoch 44/200: Train Loss = 0.3156, Val Loss = 0.6757
2025-01-21 16:37:09,166 - INFO - Epoch 45, Batch 5: Loss = 0.3048, Accuracy = 0.9219
2025-01-21 16:37:10,678 - INFO - Epoch 45, Batch 10: Loss = 0.3262, Accuracy = 0.9219
2025-01-21 16:37:12,285 - INFO - Validation: Loss = 0.6833, Accuracy = 0.6720, Precision = 0.6842, Recall = 0.6800, F1 = 0.6821
2025-01-21 16:37:12,307 - INFO - Epoch 45/200: Train Loss = 0.3031, Val Loss = 0.6833
2025-01-21 16:37:13,840 - INFO - Epoch 46, Batch 5: Loss = 0.3081, Accuracy = 0.9328
2025-01-21 16:37:15,351 - INFO - Epoch 46, Batch 10: Loss = 0.2989, Accuracy = 0.9234
2025-01-21 16:37:16,959 - INFO - Validation: Loss = 0.6837, Accuracy = 0.6592, Precision = 0.6740, Recall = 0.6615, F1 = 0.6677
2025-01-21 16:37:16,963 - INFO - Epoch 46/200: Train Loss = 0.2893, Val Loss = 0.6837
2025-01-21 16:37:18,495 - INFO - Epoch 47, Batch 5: Loss = 0.2683, Accuracy = 0.9328
2025-01-21 16:37:20,008 - INFO - Epoch 47, Batch 10: Loss = 0.2630, Accuracy = 0.9227
2025-01-21 16:37:21,615 - INFO - Validation: Loss = 0.6797, Accuracy = 0.6704, Precision = 0.6756, Recall = 0.6985, F1 = 0.6868
2025-01-21 16:37:21,619 - INFO - Epoch 47/200: Train Loss = 0.2862, Val Loss = 0.6797
2025-01-21 16:37:23,153 - INFO - Epoch 48, Batch 5: Loss = 0.3036, Accuracy = 0.9391
2025-01-21 16:37:24,666 - INFO - Epoch 48, Batch 10: Loss = 0.2889, Accuracy = 0.9352
2025-01-21 16:37:26,284 - INFO - Validation: Loss = 0.6906, Accuracy = 0.6481, Precision = 0.6548, Recall = 0.6769, F1 = 0.6657
2025-01-21 16:37:26,288 - INFO - Epoch 48/200: Train Loss = 0.2799, Val Loss = 0.6906
2025-01-21 16:37:27,826 - INFO - Epoch 49, Batch 5: Loss = 0.2905, Accuracy = 0.9328
2025-01-21 16:37:29,335 - INFO - Epoch 49, Batch 10: Loss = 0.2967, Accuracy = 0.9320
2025-01-21 16:37:30,947 - INFO - Validation: Loss = 0.6857, Accuracy = 0.6656, Precision = 0.6837, Recall = 0.6585, F1 = 0.6708
2025-01-21 16:37:30,951 - INFO - Epoch 49/200: Train Loss = 0.2714, Val Loss = 0.6857
2025-01-21 16:37:32,477 - INFO - Epoch 50, Batch 5: Loss = 0.2271, Accuracy = 0.9250
2025-01-21 16:37:33,998 - INFO - Epoch 50, Batch 10: Loss = 0.2412, Accuracy = 0.9313
2025-01-21 16:37:35,605 - INFO - Validation: Loss = 0.7098, Accuracy = 0.6529, Precision = 0.6989, Recall = 0.5785, F1 = 0.6330
2025-01-21 16:37:35,609 - INFO - Epoch 50/200: Train Loss = 0.2676, Val Loss = 0.7098
2025-01-21 16:37:37,157 - INFO - Epoch 51, Batch 5: Loss = 0.2787, Accuracy = 0.9281
2025-01-21 16:37:38,667 - INFO - Epoch 51, Batch 10: Loss = 0.2694, Accuracy = 0.9336
2025-01-21 16:37:40,281 - INFO - Validation: Loss = 0.6960, Accuracy = 0.6513, Precision = 0.6616, Recall = 0.6677, F1 = 0.6646
2025-01-21 16:37:40,285 - INFO - Epoch 51/200: Train Loss = 0.2584, Val Loss = 0.6960
2025-01-21 16:37:41,811 - INFO - Epoch 52, Batch 5: Loss = 0.2771, Accuracy = 0.9516
2025-01-21 16:37:43,320 - INFO - Epoch 52, Batch 10: Loss = 0.3008, Accuracy = 0.9430
2025-01-21 16:37:44,913 - INFO - Validation: Loss = 0.6983, Accuracy = 0.6624, Precision = 0.6667, Recall = 0.6954, F1 = 0.6807
2025-01-21 16:37:44,917 - INFO - Epoch 52/200: Train Loss = 0.2493, Val Loss = 0.6983
2025-01-21 16:37:46,441 - INFO - Epoch 53, Batch 5: Loss = 0.2311, Accuracy = 0.9406
2025-01-21 16:37:47,936 - INFO - Epoch 53, Batch 10: Loss = 0.2770, Accuracy = 0.9437
2025-01-21 16:37:49,527 - INFO - Validation: Loss = 0.7125, Accuracy = 0.6449, Precision = 0.6321, Recall = 0.7508, F1 = 0.6864
2025-01-21 16:37:49,531 - INFO - Epoch 53/200: Train Loss = 0.2464, Val Loss = 0.7125
2025-01-21 16:37:51,057 - INFO - Epoch 54, Batch 5: Loss = 0.2394, Accuracy = 0.9422
2025-01-21 16:37:52,569 - INFO - Epoch 54, Batch 10: Loss = 0.2304, Accuracy = 0.9445
2025-01-21 16:37:54,166 - INFO - Validation: Loss = 0.7342, Accuracy = 0.6385, Precision = 0.6219, Recall = 0.7692, F1 = 0.6878
2025-01-21 16:37:54,170 - INFO - Epoch 54/200: Train Loss = 0.2511, Val Loss = 0.7342
2025-01-21 16:37:55,708 - INFO - Epoch 55, Batch 5: Loss = 0.2102, Accuracy = 0.9469
2025-01-21 16:37:57,217 - INFO - Epoch 55, Batch 10: Loss = 0.2513, Accuracy = 0.9352
2025-01-21 16:37:58,820 - INFO - Validation: Loss = 0.7152, Accuracy = 0.6481, Precision = 0.6429, Recall = 0.7200, F1 = 0.6792
2025-01-21 16:37:58,824 - INFO - Epoch 55/200: Train Loss = 0.2487, Val Loss = 0.7152
2025-01-21 16:38:00,348 - INFO - Epoch 56, Batch 5: Loss = 0.1923, Accuracy = 0.9578
2025-01-21 16:38:01,855 - INFO - Epoch 56, Batch 10: Loss = 0.1969, Accuracy = 0.9523
2025-01-21 16:38:03,452 - INFO - Validation: Loss = 0.7081, Accuracy = 0.6561, Precision = 0.6477, Recall = 0.7354, F1 = 0.6888
2025-01-21 16:38:03,456 - INFO - Epoch 56/200: Train Loss = 0.2339, Val Loss = 0.7081
2025-01-21 16:38:04,980 - INFO - Epoch 57, Batch 5: Loss = 0.2335, Accuracy = 0.9594
2025-01-21 16:38:06,506 - INFO - Epoch 57, Batch 10: Loss = 0.2676, Accuracy = 0.9523
2025-01-21 16:38:08,105 - INFO - Validation: Loss = 0.7035, Accuracy = 0.6513, Precision = 0.6559, Recall = 0.6862, F1 = 0.6707
2025-01-21 16:38:08,109 - INFO - Epoch 57/200: Train Loss = 0.2335, Val Loss = 0.7035
2025-01-21 16:38:09,639 - INFO - Epoch 58, Batch 5: Loss = 0.2367, Accuracy = 0.9719
2025-01-21 16:38:11,151 - INFO - Epoch 58, Batch 10: Loss = 0.2276, Accuracy = 0.9641
2025-01-21 16:38:12,742 - INFO - Validation: Loss = 0.7093, Accuracy = 0.6561, Precision = 0.6535, Recall = 0.7138, F1 = 0.6824
2025-01-21 16:38:12,746 - INFO - Epoch 58/200: Train Loss = 0.2151, Val Loss = 0.7093
2025-01-21 16:38:14,274 - INFO - Epoch 59, Batch 5: Loss = 0.2167, Accuracy = 0.9594
2025-01-21 16:38:15,788 - INFO - Epoch 59, Batch 10: Loss = 0.1944, Accuracy = 0.9625
2025-01-21 16:38:17,391 - INFO - Validation: Loss = 0.7091, Accuracy = 0.6529, Precision = 0.6667, Recall = 0.6585, F1 = 0.6625
2025-01-21 16:38:17,395 - INFO - Epoch 59/200: Train Loss = 0.2168, Val Loss = 0.7091
2025-01-21 16:38:18,931 - INFO - Epoch 60, Batch 5: Loss = 0.1991, Accuracy = 0.9625
2025-01-21 16:38:20,463 - INFO - Epoch 60, Batch 10: Loss = 0.1883, Accuracy = 0.9680
2025-01-21 16:38:22,090 - INFO - Validation: Loss = 0.7153, Accuracy = 0.6529, Precision = 0.6499, Recall = 0.7138, F1 = 0.6804
2025-01-21 16:38:22,094 - INFO - Epoch 60/200: Train Loss = 0.2122, Val Loss = 0.7153
2025-01-21 16:38:23,630 - INFO - Epoch 61, Batch 5: Loss = 0.2095, Accuracy = 0.9688
2025-01-21 16:38:25,146 - INFO - Epoch 61, Batch 10: Loss = 0.2204, Accuracy = 0.9648
2025-01-21 16:38:26,744 - INFO - Validation: Loss = 0.7166, Accuracy = 0.6433, Precision = 0.6563, Recall = 0.6523, F1 = 0.6543
2025-01-21 16:38:26,748 - INFO - Epoch 61/200: Train Loss = 0.2065, Val Loss = 0.7166
2025-01-21 16:38:28,282 - INFO - Epoch 62, Batch 5: Loss = 0.1811, Accuracy = 0.9734
2025-01-21 16:38:29,792 - INFO - Epoch 62, Batch 10: Loss = 0.1967, Accuracy = 0.9648
2025-01-21 16:38:31,401 - INFO - Validation: Loss = 0.7129, Accuracy = 0.6561, Precision = 0.6553, Recall = 0.7077, F1 = 0.6805
2025-01-21 16:38:31,405 - INFO - Epoch 62/200: Train Loss = 0.2055, Val Loss = 0.7129
2025-01-21 16:38:32,941 - INFO - Epoch 63, Batch 5: Loss = 0.2111, Accuracy = 0.9719
2025-01-21 16:38:34,455 - INFO - Epoch 63, Batch 10: Loss = 0.2043, Accuracy = 0.9688
2025-01-21 16:38:36,048 - INFO - Validation: Loss = 0.7171, Accuracy = 0.6576, Precision = 0.6871, Recall = 0.6215, F1 = 0.6527
2025-01-21 16:38:36,052 - INFO - Epoch 63/200: Train Loss = 0.2019, Val Loss = 0.7171
2025-01-21 16:38:37,590 - INFO - Epoch 64, Batch 5: Loss = 0.1740, Accuracy = 0.9656
2025-01-21 16:38:39,114 - INFO - Epoch 64, Batch 10: Loss = 0.1930, Accuracy = 0.9688
2025-01-21 16:38:40,718 - INFO - Validation: Loss = 0.7123, Accuracy = 0.6513, Precision = 0.6803, Recall = 0.6154, F1 = 0.6462
2025-01-21 16:38:40,722 - INFO - Epoch 64/200: Train Loss = 0.1954, Val Loss = 0.7123
2025-01-21 16:38:42,262 - INFO - Epoch 65, Batch 5: Loss = 0.1807, Accuracy = 0.9734
2025-01-21 16:38:43,778 - INFO - Epoch 65, Batch 10: Loss = 0.2205, Accuracy = 0.9727
2025-01-21 16:38:45,375 - INFO - Validation: Loss = 0.7323, Accuracy = 0.6497, Precision = 0.6400, Recall = 0.7385, F1 = 0.6857
2025-01-21 16:38:45,379 - INFO - Epoch 65/200: Train Loss = 0.1887, Val Loss = 0.7323
2025-01-21 16:38:46,905 - INFO - Epoch 66, Batch 5: Loss = 0.1624, Accuracy = 0.9812
2025-01-21 16:38:48,417 - INFO - Epoch 66, Batch 10: Loss = 0.1905, Accuracy = 0.9719
2025-01-21 16:38:50,021 - INFO - Validation: Loss = 0.7299, Accuracy = 0.6433, Precision = 0.6369, Recall = 0.7231, F1 = 0.6772
2025-01-21 16:38:50,025 - INFO - Epoch 66/200: Train Loss = 0.1894, Val Loss = 0.7299
2025-01-21 16:38:51,559 - INFO - Epoch 67, Batch 5: Loss = 0.1764, Accuracy = 0.9859
2025-01-21 16:38:53,089 - INFO - Epoch 67, Batch 10: Loss = 0.1733, Accuracy = 0.9805
2025-01-21 16:38:54,699 - INFO - Validation: Loss = 0.7341, Accuracy = 0.6385, Precision = 0.6346, Recall = 0.7108, F1 = 0.6705
2025-01-21 16:38:54,716 - INFO - Epoch 67/200: Train Loss = 0.1819, Val Loss = 0.7341
2025-01-21 16:38:54,716 - INFO - Early stopping triggered.
