2025-01-27 04:14:26,010 - INFO - Hyperparameter tuning is disabled. Using predefined training configuration.
2025-01-27 04:14:26,010 - INFO - 

2025-01-27 04:14:26,138 - INFO - Initialized Conv2d weights with Xavier initialization.
2025-01-27 04:14:26,139 - INFO - Initialized Conv2d weights with Xavier initialization.
2025-01-27 04:14:26,140 - INFO - Initialized Conv2d weights with Xavier initialization.
2025-01-27 04:14:26,142 - INFO - Initialized Conv2d weights with Xavier initialization.
2025-01-27 04:14:26,245 - INFO - Initialized Linear weights with Xavier initialization.
2025-01-27 04:14:26,245 - INFO - Initialized Linear weights with Xavier initialization.
2025-01-27 04:14:26,877 - INFO - Split Results:
2025-01-27 04:14:26,877 - INFO - 
+-------------------+---------+--------------+
| Metric            |   Count | Percentage   |
+===================+=========+==============+
| Train People      |    1520 |              |
+-------------------+---------+--------------+
| Train Pairs       |    1572 | (71.45%)     |
+-------------------+---------+--------------+
| Validation People |     612 |              |
+-------------------+---------+--------------+
| Validation Pairs  |     628 | (28.55%)     |
+-------------------+---------+--------------+
| Dropped Pairs     |       0 | (0.00%)      |
+-------------------+---------+--------------+
2025-01-27 04:14:26,878 - INFO - Data prepared: 1572 training pairs, 628 validation pairs (Batch Size = 116).
2025-01-27 04:14:26,878 - INFO - _regularized_loss function defined as loss function.
2025-01-27 04:14:26,878 - INFO - Adam optimizer initialized with parameters: {'lr': 0.0004589905310509041, 'betas': (0.5, 0.9), 'weight_decay': 2.204425101193955e-06}
2025-01-27 04:14:26,878 - INFO - Trainer attributes updated from configuration.
2025-01-27 04:14:28,479 - INFO - Epoch 1, Batch 5: Loss = 0.6578, Accuracy = 0.5052
2025-01-27 04:14:29,293 - INFO - Epoch 1, Batch 10: Loss = 0.6882, Accuracy = 0.5060
2025-01-27 04:14:30,383 - INFO - Validation: Loss = 0.6684, Accuracy = 0.4777, Precision = 0.4651, Recall = 0.0615, F1 = 0.1087
2025-01-27 04:14:30,385 - INFO - Epoch 1/200: Train Accuracy = 0.5095, Val Loss = 0.4777
2025-01-27 04:14:30,997 - INFO - Checkpoint saved at ./output/checkpoints//best_model.pth
2025-01-27 04:14:31,926 - INFO - Epoch 2, Batch 5: Loss = 0.6923, Accuracy = 0.5224
2025-01-27 04:14:32,699 - INFO - Epoch 2, Batch 10: Loss = 0.7018, Accuracy = 0.5233
2025-01-27 04:14:33,771 - INFO - Validation: Loss = 0.6697, Accuracy = 0.5573, Precision = 0.6205, Recall = 0.3723, F1 = 0.4654
2025-01-27 04:14:33,773 - INFO - Epoch 2/200: Train Accuracy = 0.5274, Val Loss = 0.5573
2025-01-27 04:14:34,362 - INFO - Checkpoint saved at ./output/checkpoints//best_model.pth
2025-01-27 04:14:35,518 - INFO - Epoch 3, Batch 5: Loss = 0.6903, Accuracy = 0.5569
2025-01-27 04:14:36,298 - INFO - Epoch 3, Batch 10: Loss = 0.6988, Accuracy = 0.5353
2025-01-27 04:14:37,386 - INFO - Validation: Loss = 0.6639, Accuracy = 0.5494, Precision = 0.6694, Recall = 0.2554, F1 = 0.3697
2025-01-27 04:14:37,388 - INFO - Epoch 3/200: Train Accuracy = 0.5394, Val Loss = 0.5494
2025-01-27 04:14:38,160 - INFO - Epoch 4, Batch 5: Loss = 0.6763, Accuracy = 0.5448
2025-01-27 04:14:38,968 - INFO - Epoch 4, Batch 10: Loss = 0.6701, Accuracy = 0.5612
2025-01-27 04:14:40,097 - INFO - Validation: Loss = 0.6591, Accuracy = 0.5557, Precision = 0.6420, Recall = 0.3200, F1 = 0.4271
2025-01-27 04:14:40,099 - INFO - Epoch 4/200: Train Accuracy = 0.5642, Val Loss = 0.5557
2025-01-27 04:14:40,922 - INFO - Epoch 5, Batch 5: Loss = 0.6511, Accuracy = 0.6069
2025-01-27 04:14:41,737 - INFO - Epoch 5, Batch 10: Loss = 0.6788, Accuracy = 0.6086
2025-01-27 04:14:42,836 - INFO - Validation: Loss = 0.6466, Accuracy = 0.5828, Precision = 0.6760, Recall = 0.3723, F1 = 0.4802
2025-01-27 04:14:42,838 - INFO - Epoch 5/200: Train Accuracy = 0.6050, Val Loss = 0.5828
2025-01-27 04:14:43,404 - INFO - Checkpoint saved at ./output/checkpoints//best_model.pth
2025-01-27 04:14:44,537 - INFO - Epoch 6, Batch 5: Loss = 0.6347, Accuracy = 0.5828
2025-01-27 04:14:45,345 - INFO - Epoch 6, Batch 10: Loss = 0.6931, Accuracy = 0.6095
2025-01-27 04:14:46,455 - INFO - Validation: Loss = 0.6417, Accuracy = 0.5748, Precision = 0.7164, Recall = 0.2954, F1 = 0.4183
2025-01-27 04:14:46,457 - INFO - Epoch 6/200: Train Accuracy = 0.6094, Val Loss = 0.5748
2025-01-27 04:14:47,269 - INFO - Epoch 7, Batch 5: Loss = 0.6637, Accuracy = 0.5897
2025-01-27 04:14:48,052 - INFO - Epoch 7, Batch 10: Loss = 0.5998, Accuracy = 0.6207
2025-01-27 04:14:49,120 - INFO - Validation: Loss = 0.6439, Accuracy = 0.5685, Precision = 0.6957, Recall = 0.2954, F1 = 0.4147
2025-01-27 04:14:49,122 - INFO - Epoch 7/200: Train Accuracy = 0.6260, Val Loss = 0.5685
2025-01-27 04:14:49,894 - INFO - Epoch 8, Batch 5: Loss = 0.6330, Accuracy = 0.6379
2025-01-27 04:14:50,660 - INFO - Epoch 8, Batch 10: Loss = 0.6686, Accuracy = 0.6267
2025-01-27 04:14:51,722 - INFO - Validation: Loss = 0.6170, Accuracy = 0.6608, Precision = 0.6972, Recall = 0.6092, F1 = 0.6502
2025-01-27 04:14:51,724 - INFO - Epoch 8/200: Train Accuracy = 0.6291, Val Loss = 0.6608
2025-01-27 04:14:52,283 - INFO - Checkpoint saved at ./output/checkpoints//best_model.pth
2025-01-27 04:14:53,367 - INFO - Epoch 9, Batch 5: Loss = 0.6537, Accuracy = 0.6241
2025-01-27 04:14:54,134 - INFO - Epoch 9, Batch 10: Loss = 0.5525, Accuracy = 0.6440
2025-01-27 04:14:55,201 - INFO - Validation: Loss = 0.6117, Accuracy = 0.6226, Precision = 0.7245, Recall = 0.4369, F1 = 0.5451
2025-01-27 04:14:55,203 - INFO - Epoch 9/200: Train Accuracy = 0.6546, Val Loss = 0.6226
2025-01-27 04:14:55,974 - INFO - Epoch 10, Batch 5: Loss = 0.6664, Accuracy = 0.6759
2025-01-27 04:14:56,757 - INFO - Epoch 10, Batch 10: Loss = 0.5774, Accuracy = 0.6767
2025-01-27 04:14:57,862 - INFO - Validation: Loss = 0.6121, Accuracy = 0.6656, Precision = 0.6611, Recall = 0.7262, F1 = 0.6921
2025-01-27 04:14:57,864 - INFO - Epoch 10/200: Train Accuracy = 0.6775, Val Loss = 0.6656
2025-01-27 04:14:58,487 - INFO - Checkpoint saved at ./output/checkpoints//best_model.pth
2025-01-27 04:14:59,633 - INFO - Epoch 11, Batch 5: Loss = 0.5599, Accuracy = 0.7138
2025-01-27 04:15:00,412 - INFO - Epoch 11, Batch 10: Loss = 0.5758, Accuracy = 0.6957
2025-01-27 04:15:01,477 - INFO - Validation: Loss = 0.5872, Accuracy = 0.6736, Precision = 0.7174, Recall = 0.6092, F1 = 0.6589
2025-01-27 04:15:01,479 - INFO - Epoch 11/200: Train Accuracy = 0.6858, Val Loss = 0.6736
2025-01-27 04:15:04,075 - INFO - Checkpoint saved at ./output/checkpoints//best_model.pth
2025-01-27 04:15:05,665 - INFO - Epoch 12, Batch 5: Loss = 0.5588, Accuracy = 0.7017
2025-01-27 04:15:06,449 - INFO - Epoch 12, Batch 10: Loss = 0.5544, Accuracy = 0.6862
2025-01-27 04:15:07,541 - INFO - Validation: Loss = 0.5820, Accuracy = 0.7054, Precision = 0.7349, Recall = 0.6738, F1 = 0.7030
2025-01-27 04:15:07,543 - INFO - Epoch 12/200: Train Accuracy = 0.7004, Val Loss = 0.7054
2025-01-27 04:15:08,476 - INFO - Checkpoint saved at ./output/checkpoints//best_model.pth
2025-01-27 04:15:09,968 - INFO - Epoch 13, Batch 5: Loss = 0.5765, Accuracy = 0.7259
2025-01-27 04:15:10,770 - INFO - Epoch 13, Batch 10: Loss = 0.5272, Accuracy = 0.7164
2025-01-27 04:15:11,852 - INFO - Validation: Loss = 0.5708, Accuracy = 0.6943, Precision = 0.6973, Recall = 0.7231, F1 = 0.7100
2025-01-27 04:15:11,854 - INFO - Epoch 13/200: Train Accuracy = 0.7055, Val Loss = 0.6943
2025-01-27 04:15:12,650 - INFO - Epoch 14, Batch 5: Loss = 0.4760, Accuracy = 0.7207
2025-01-27 04:15:13,418 - INFO - Epoch 14, Batch 10: Loss = 0.5717, Accuracy = 0.7164
2025-01-27 04:15:14,482 - INFO - Validation: Loss = 0.6050, Accuracy = 0.6831, Precision = 0.6544, Recall = 0.8215, F1 = 0.7285
2025-01-27 04:15:14,483 - INFO - Epoch 14/200: Train Accuracy = 0.7182, Val Loss = 0.6831
2025-01-27 04:15:15,251 - INFO - Epoch 15, Batch 5: Loss = 0.5268, Accuracy = 0.7241
2025-01-27 04:15:16,017 - INFO - Epoch 15, Batch 10: Loss = 0.5718, Accuracy = 0.7397
2025-01-27 04:15:17,079 - INFO - Validation: Loss = 0.5931, Accuracy = 0.6783, Precision = 0.6694, Recall = 0.7477, F1 = 0.7064
2025-01-27 04:15:17,081 - INFO - Epoch 15/200: Train Accuracy = 0.7392, Val Loss = 0.6783
2025-01-27 04:15:17,846 - INFO - Epoch 16, Batch 5: Loss = 0.5875, Accuracy = 0.7345
2025-01-27 04:15:18,611 - INFO - Epoch 16, Batch 10: Loss = 0.4713, Accuracy = 0.7543
2025-01-27 04:15:19,714 - INFO - Validation: Loss = 0.5744, Accuracy = 0.6799, Precision = 0.7013, Recall = 0.6646, F1 = 0.6825
2025-01-27 04:15:19,716 - INFO - Epoch 16/200: Train Accuracy = 0.7436, Val Loss = 0.6799
2025-01-27 04:15:20,496 - INFO - Epoch 17, Batch 5: Loss = 0.4016, Accuracy = 0.7966
2025-01-27 04:15:21,267 - INFO - Epoch 17, Batch 10: Loss = 0.5279, Accuracy = 0.7776
2025-01-27 04:15:22,333 - INFO - Validation: Loss = 0.5689, Accuracy = 0.6975, Precision = 0.7586, Recall = 0.6092, F1 = 0.6758
2025-01-27 04:15:22,335 - INFO - Epoch 17/200: Train Accuracy = 0.7672, Val Loss = 0.6975
2025-01-27 04:15:23,100 - INFO - Epoch 18, Batch 5: Loss = 0.4445, Accuracy = 0.7793
2025-01-27 04:15:23,865 - INFO - Epoch 18, Batch 10: Loss = 0.4924, Accuracy = 0.7897
2025-01-27 04:15:24,939 - INFO - Validation: Loss = 0.5902, Accuracy = 0.6720, Precision = 0.7390, Recall = 0.5662, F1 = 0.6411
2025-01-27 04:15:24,941 - INFO - Epoch 18/200: Train Accuracy = 0.7875, Val Loss = 0.6720
2025-01-27 04:15:25,719 - INFO - Epoch 19, Batch 5: Loss = 0.4683, Accuracy = 0.7931
2025-01-27 04:15:26,491 - INFO - Epoch 19, Batch 10: Loss = 0.4087, Accuracy = 0.7948
2025-01-27 04:15:27,558 - INFO - Validation: Loss = 0.6116, Accuracy = 0.6736, Precision = 0.7913, Recall = 0.5015, F1 = 0.6139
2025-01-27 04:15:27,560 - INFO - Epoch 19/200: Train Accuracy = 0.7996, Val Loss = 0.6736
2025-01-27 04:15:28,328 - INFO - Epoch 20, Batch 5: Loss = 0.3087, Accuracy = 0.8328
2025-01-27 04:15:29,092 - INFO - Epoch 20, Batch 10: Loss = 0.4303, Accuracy = 0.8207
2025-01-27 04:15:30,157 - INFO - Validation: Loss = 0.5800, Accuracy = 0.6943, Precision = 0.7454, Recall = 0.6215, F1 = 0.6779
2025-01-27 04:15:30,159 - INFO - Epoch 20/200: Train Accuracy = 0.8251, Val Loss = 0.6943
2025-01-27 04:15:30,930 - INFO - Epoch 21, Batch 5: Loss = 0.2890, Accuracy = 0.8621
2025-01-27 04:15:31,699 - INFO - Epoch 21, Batch 10: Loss = 0.3904, Accuracy = 0.8474
2025-01-27 04:15:32,765 - INFO - Validation: Loss = 0.6247, Accuracy = 0.6990, Precision = 0.6943, Recall = 0.7477, F1 = 0.7200
2025-01-27 04:15:32,767 - INFO - Epoch 21/200: Train Accuracy = 0.8454, Val Loss = 0.6990
2025-01-27 04:15:33,538 - INFO - Epoch 22, Batch 5: Loss = 0.3645, Accuracy = 0.8655
2025-01-27 04:15:34,306 - INFO - Epoch 22, Batch 10: Loss = 0.3080, Accuracy = 0.8629
2025-01-27 04:15:35,370 - INFO - Validation: Loss = 0.6005, Accuracy = 0.6911, Precision = 0.7331, Recall = 0.6338, F1 = 0.6799
2025-01-27 04:15:35,372 - INFO - Epoch 22/200: Train Accuracy = 0.8645, Val Loss = 0.6911
2025-01-27 04:15:36,137 - INFO - Epoch 23, Batch 5: Loss = 0.2714, Accuracy = 0.8690
2025-01-27 04:15:37,021 - INFO - Epoch 23, Batch 10: Loss = 0.2965, Accuracy = 0.8784
2025-01-27 04:15:38,250 - INFO - Validation: Loss = 0.6537, Accuracy = 0.6927, Precision = 0.6864, Recall = 0.7477, F1 = 0.7158
2025-01-27 04:15:38,252 - INFO - Epoch 23/200: Train Accuracy = 0.8836, Val Loss = 0.6927
2025-01-27 04:15:39,070 - INFO - Epoch 24, Batch 5: Loss = 0.2282, Accuracy = 0.9086
2025-01-27 04:15:39,841 - INFO - Epoch 24, Batch 10: Loss = 0.2596, Accuracy = 0.9009
2025-01-27 04:15:40,915 - INFO - Validation: Loss = 0.6278, Accuracy = 0.6911, Precision = 0.7365, Recall = 0.6277, F1 = 0.6777
2025-01-27 04:15:40,917 - INFO - Epoch 24/200: Train Accuracy = 0.8919, Val Loss = 0.6911
2025-01-27 04:15:41,769 - INFO - Epoch 25, Batch 5: Loss = 0.2486, Accuracy = 0.9190
2025-01-27 04:15:42,689 - INFO - Epoch 25, Batch 10: Loss = 0.3130, Accuracy = 0.9129
2025-01-27 04:15:43,870 - INFO - Validation: Loss = 0.6488, Accuracy = 0.7054, Precision = 0.7652, Recall = 0.6215, F1 = 0.6859
2025-01-27 04:15:43,872 - INFO - Epoch 25/200: Train Accuracy = 0.9173, Val Loss = 0.7054
2025-01-27 04:15:44,652 - INFO - Epoch 26, Batch 5: Loss = 0.2295, Accuracy = 0.9448
2025-01-27 04:15:45,429 - INFO - Epoch 26, Batch 10: Loss = 0.2493, Accuracy = 0.9224
2025-01-27 04:15:46,503 - INFO - Validation: Loss = 0.6751, Accuracy = 0.6927, Precision = 0.6844, Recall = 0.7538, F1 = 0.7174
2025-01-27 04:15:46,505 - INFO - Epoch 26/200: Train Accuracy = 0.9186, Val Loss = 0.6927
2025-01-27 04:15:47,270 - INFO - Epoch 27, Batch 5: Loss = 0.1812, Accuracy = 0.9500
2025-01-27 04:15:48,036 - INFO - Epoch 27, Batch 10: Loss = 0.2754, Accuracy = 0.9405
2025-01-27 04:15:49,084 - INFO - Validation: Loss = 0.6909, Accuracy = 0.6959, Precision = 0.7161, Recall = 0.6831, F1 = 0.6992
2025-01-27 04:15:49,086 - INFO - Epoch 27/200: Train Accuracy = 0.9307, Val Loss = 0.6959
2025-01-27 04:15:49,849 - INFO - Epoch 28, Batch 5: Loss = 0.1736, Accuracy = 0.9552
2025-01-27 04:15:50,614 - INFO - Epoch 28, Batch 10: Loss = 0.1473, Accuracy = 0.9543
2025-01-27 04:15:51,677 - INFO - Validation: Loss = 0.6766, Accuracy = 0.7102, Precision = 0.7391, Recall = 0.6800, F1 = 0.7083
2025-01-27 04:15:51,679 - INFO - Epoch 28/200: Train Accuracy = 0.9497, Val Loss = 0.7102
2025-01-27 04:15:52,599 - INFO - Checkpoint saved at ./output/checkpoints//best_model.pth
2025-01-27 04:15:53,687 - INFO - Epoch 29, Batch 5: Loss = 0.1544, Accuracy = 0.9603
2025-01-27 04:15:54,451 - INFO - Epoch 29, Batch 10: Loss = 0.0988, Accuracy = 0.9638
2025-01-27 04:15:55,521 - INFO - Validation: Loss = 0.7398, Accuracy = 0.6863, Precision = 0.7520, Recall = 0.5877, F1 = 0.6598
2025-01-27 04:15:55,523 - INFO - Epoch 29/200: Train Accuracy = 0.9574, Val Loss = 0.6863
2025-01-27 04:15:56,296 - INFO - Epoch 30, Batch 5: Loss = 0.1265, Accuracy = 0.9362
2025-01-27 04:15:57,067 - INFO - Epoch 30, Batch 10: Loss = 0.1488, Accuracy = 0.9474
2025-01-27 04:15:58,132 - INFO - Validation: Loss = 0.7559, Accuracy = 0.7102, Precision = 0.7200, Recall = 0.7200, F1 = 0.7200
2025-01-27 04:15:58,134 - INFO - Epoch 30/200: Train Accuracy = 0.9510, Val Loss = 0.7102
2025-01-27 04:15:58,905 - INFO - Epoch 31, Batch 5: Loss = 0.1033, Accuracy = 0.9810
2025-01-27 04:15:59,672 - INFO - Epoch 31, Batch 10: Loss = 0.0986, Accuracy = 0.9810
2025-01-27 04:16:00,738 - INFO - Validation: Loss = 0.8717, Accuracy = 0.6497, Precision = 0.7807, Recall = 0.4492, F1 = 0.5703
2025-01-27 04:16:00,740 - INFO - Epoch 31/200: Train Accuracy = 0.9758, Val Loss = 0.6497
2025-01-27 04:16:01,514 - INFO - Epoch 32, Batch 5: Loss = 0.0566, Accuracy = 0.9741
2025-01-27 04:16:02,282 - INFO - Epoch 32, Batch 10: Loss = 0.0984, Accuracy = 0.9733
2025-01-27 04:16:03,345 - INFO - Validation: Loss = 0.7779, Accuracy = 0.7006, Precision = 0.7203, Recall = 0.6892, F1 = 0.7044
2025-01-27 04:16:03,347 - INFO - Epoch 32/200: Train Accuracy = 0.9752, Val Loss = 0.7006
2025-01-27 04:16:04,118 - INFO - Epoch 33, Batch 5: Loss = 0.0805, Accuracy = 0.9741
2025-01-27 04:16:04,884 - INFO - Epoch 33, Batch 10: Loss = 0.0985, Accuracy = 0.9655
2025-01-27 04:16:05,948 - INFO - Validation: Loss = 0.8788, Accuracy = 0.6831, Precision = 0.7812, Recall = 0.5385, F1 = 0.6375
2025-01-27 04:16:05,950 - INFO - Epoch 33/200: Train Accuracy = 0.9682, Val Loss = 0.6831
2025-01-27 04:16:06,718 - INFO - Epoch 34, Batch 5: Loss = 0.0994, Accuracy = 0.9603
2025-01-27 04:16:07,485 - INFO - Epoch 34, Batch 10: Loss = 0.1094, Accuracy = 0.9655
2025-01-27 04:16:08,545 - INFO - Validation: Loss = 0.8098, Accuracy = 0.6943, Precision = 0.7138, Recall = 0.6831, F1 = 0.6981
2025-01-27 04:16:08,547 - INFO - Epoch 34/200: Train Accuracy = 0.9676, Val Loss = 0.6943
2025-01-27 04:16:09,314 - INFO - Epoch 35, Batch 5: Loss = 0.0867, Accuracy = 0.9897
2025-01-27 04:16:10,083 - INFO - Epoch 35, Batch 10: Loss = 0.0569, Accuracy = 0.9879
2025-01-27 04:16:11,144 - INFO - Validation: Loss = 0.8756, Accuracy = 0.7022, Precision = 0.7078, Recall = 0.7231, F1 = 0.7154
2025-01-27 04:16:11,146 - INFO - Epoch 35/200: Train Accuracy = 0.9866, Val Loss = 0.7022
2025-01-27 04:16:11,915 - INFO - Epoch 36, Batch 5: Loss = 0.0601, Accuracy = 0.9966
2025-01-27 04:16:12,683 - INFO - Epoch 36, Batch 10: Loss = 0.0706, Accuracy = 0.9922
2025-01-27 04:16:13,745 - INFO - Validation: Loss = 0.9110, Accuracy = 0.7118, Precision = 0.6865, Recall = 0.8154, F1 = 0.7454
2025-01-27 04:16:13,747 - INFO - Epoch 36/200: Train Accuracy = 0.9885, Val Loss = 0.7118
2025-01-27 04:16:14,365 - INFO - Checkpoint saved at ./output/checkpoints//best_model.pth
2025-01-27 04:16:15,452 - INFO - Epoch 37, Batch 5: Loss = 0.0730, Accuracy = 0.9879
2025-01-27 04:16:16,221 - INFO - Epoch 37, Batch 10: Loss = 0.0432, Accuracy = 0.9905
2025-01-27 04:16:17,282 - INFO - Validation: Loss = 0.9141, Accuracy = 0.6975, Precision = 0.6870, Recall = 0.7631, F1 = 0.7230
2025-01-27 04:16:17,284 - INFO - Epoch 37/200: Train Accuracy = 0.9917, Val Loss = 0.6975
2025-01-27 04:16:18,062 - INFO - Epoch 38, Batch 5: Loss = 0.0322, Accuracy = 0.9948
2025-01-27 04:16:18,853 - INFO - Epoch 38, Batch 10: Loss = 0.0445, Accuracy = 0.9948
2025-01-27 04:16:19,951 - INFO - Validation: Loss = 0.8947, Accuracy = 0.6911, Precision = 0.7205, Recall = 0.6585, F1 = 0.6881
2025-01-27 04:16:19,953 - INFO - Epoch 38/200: Train Accuracy = 0.9930, Val Loss = 0.6911
2025-01-27 04:16:20,803 - INFO - Epoch 39, Batch 5: Loss = 0.0212, Accuracy = 0.9948
2025-01-27 04:16:21,707 - INFO - Epoch 39, Batch 10: Loss = 0.0414, Accuracy = 0.9957
2025-01-27 04:16:22,836 - INFO - Validation: Loss = 0.8949, Accuracy = 0.7006, Precision = 0.7188, Recall = 0.6923, F1 = 0.7053
2025-01-27 04:16:22,838 - INFO - Epoch 39/200: Train Accuracy = 0.9949, Val Loss = 0.7006
2025-01-27 04:16:23,681 - INFO - Epoch 40, Batch 5: Loss = 0.0248, Accuracy = 0.9966
2025-01-27 04:16:24,576 - INFO - Epoch 40, Batch 10: Loss = 0.0435, Accuracy = 0.9957
2025-01-27 04:16:25,695 - INFO - Validation: Loss = 0.8896, Accuracy = 0.7022, Precision = 0.7537, Recall = 0.6308, F1 = 0.6868
2025-01-27 04:16:25,697 - INFO - Epoch 40/200: Train Accuracy = 0.9949, Val Loss = 0.7022
2025-01-27 04:16:26,480 - INFO - Epoch 41, Batch 5: Loss = 0.0412, Accuracy = 0.9879
2025-01-27 04:16:27,254 - INFO - Epoch 41, Batch 10: Loss = 0.0352, Accuracy = 0.9905
2025-01-27 04:16:28,333 - INFO - Validation: Loss = 0.9268, Accuracy = 0.7006, Precision = 0.7528, Recall = 0.6277, F1 = 0.6846
2025-01-27 04:16:28,335 - INFO - Epoch 41/200: Train Accuracy = 0.9924, Val Loss = 0.7006
2025-01-27 04:16:29,119 - INFO - Epoch 42, Batch 5: Loss = 0.0211, Accuracy = 0.9983
2025-01-27 04:16:29,893 - INFO - Epoch 42, Batch 10: Loss = 0.0246, Accuracy = 0.9974
2025-01-27 04:16:30,949 - INFO - Validation: Loss = 0.8883, Accuracy = 0.6975, Precision = 0.7528, Recall = 0.6185, F1 = 0.6791
2025-01-27 04:16:30,951 - INFO - Epoch 42/200: Train Accuracy = 0.9968, Val Loss = 0.6975
2025-01-27 04:16:31,711 - INFO - Epoch 43, Batch 5: Loss = 0.0099, Accuracy = 0.9966
2025-01-27 04:16:32,469 - INFO - Epoch 43, Batch 10: Loss = 0.0375, Accuracy = 0.9974
2025-01-27 04:16:33,518 - INFO - Validation: Loss = 0.9898, Accuracy = 0.6736, Precision = 0.6685, Recall = 0.7323, F1 = 0.6990
2025-01-27 04:16:33,520 - INFO - Epoch 43/200: Train Accuracy = 0.9968, Val Loss = 0.6736
2025-01-27 04:16:34,293 - INFO - Epoch 44, Batch 5: Loss = 0.0418, Accuracy = 0.9879
2025-01-27 04:16:35,050 - INFO - Epoch 44, Batch 10: Loss = 0.0159, Accuracy = 0.9914
2025-01-27 04:16:36,101 - INFO - Validation: Loss = 0.9178, Accuracy = 0.7197, Precision = 0.7578, Recall = 0.6738, F1 = 0.7134
2025-01-27 04:16:36,103 - INFO - Epoch 44/200: Train Accuracy = 0.9930, Val Loss = 0.7197
2025-01-27 04:16:36,684 - INFO - Checkpoint saved at ./output/checkpoints//best_model.pth
2025-01-27 04:16:37,807 - INFO - Epoch 45, Batch 5: Loss = 0.0090, Accuracy = 1.0000
2025-01-27 04:16:38,591 - INFO - Epoch 45, Batch 10: Loss = 0.0276, Accuracy = 0.9983
2025-01-27 04:16:39,678 - INFO - Validation: Loss = 0.9876, Accuracy = 0.7054, Precision = 0.7215, Recall = 0.7015, F1 = 0.7114
2025-01-27 04:16:39,680 - INFO - Epoch 45/200: Train Accuracy = 0.9981, Val Loss = 0.7054
2025-01-27 04:16:40,496 - INFO - Epoch 46, Batch 5: Loss = 0.0214, Accuracy = 0.9966
2025-01-27 04:16:41,423 - INFO - Epoch 46, Batch 10: Loss = 0.0069, Accuracy = 0.9966
2025-01-27 04:16:42,498 - INFO - Validation: Loss = 1.0496, Accuracy = 0.6990, Precision = 0.6943, Recall = 0.7477, F1 = 0.7200
2025-01-27 04:16:42,500 - INFO - Epoch 46/200: Train Accuracy = 0.9968, Val Loss = 0.6990
2025-01-27 04:16:43,410 - INFO - Epoch 47, Batch 5: Loss = 0.0188, Accuracy = 0.9983
2025-01-27 04:16:44,261 - INFO - Epoch 47, Batch 10: Loss = 0.0247, Accuracy = 0.9966
2025-01-27 04:16:45,358 - INFO - Validation: Loss = 1.0196, Accuracy = 0.7022, Precision = 0.7212, Recall = 0.6923, F1 = 0.7064
2025-01-27 04:16:45,360 - INFO - Epoch 47/200: Train Accuracy = 0.9955, Val Loss = 0.7022
2025-01-27 04:16:46,153 - INFO - Epoch 48, Batch 5: Loss = 0.0156, Accuracy = 0.9983
2025-01-27 04:16:46,940 - INFO - Epoch 48, Batch 10: Loss = 0.0142, Accuracy = 0.9991
2025-01-27 04:16:48,032 - INFO - Validation: Loss = 1.0836, Accuracy = 0.6911, Precision = 0.6877, Recall = 0.7385, F1 = 0.7122
2025-01-27 04:16:48,034 - INFO - Epoch 48/200: Train Accuracy = 0.9987, Val Loss = 0.6911
2025-01-27 04:16:48,891 - INFO - Epoch 49, Batch 5: Loss = 0.0164, Accuracy = 1.0000
2025-01-27 04:16:49,672 - INFO - Epoch 49, Batch 10: Loss = 0.0102, Accuracy = 0.9991
2025-01-27 04:16:50,819 - INFO - Validation: Loss = 1.0902, Accuracy = 0.6799, Precision = 0.7230, Recall = 0.6185, F1 = 0.6667
2025-01-27 04:16:50,821 - INFO - Epoch 49/200: Train Accuracy = 0.9987, Val Loss = 0.6799
2025-01-27 04:16:51,645 - INFO - Epoch 50, Batch 5: Loss = 0.0141, Accuracy = 0.9948
2025-01-27 04:16:52,541 - INFO - Epoch 50, Batch 10: Loss = 0.0085, Accuracy = 0.9957
2025-01-27 04:16:53,701 - INFO - Validation: Loss = 0.9943, Accuracy = 0.7245, Precision = 0.7303, Recall = 0.7415, F1 = 0.7359
2025-01-27 04:16:53,703 - INFO - Epoch 50/200: Train Accuracy = 0.9968, Val Loss = 0.7245
2025-01-27 04:16:54,311 - INFO - Checkpoint saved at ./output/checkpoints//best_model.pth
2025-01-27 04:16:55,504 - INFO - Epoch 51, Batch 5: Loss = 0.0734, Accuracy = 0.9931
2025-01-27 04:16:56,293 - INFO - Epoch 51, Batch 10: Loss = 0.0583, Accuracy = 0.9922
2025-01-27 04:16:57,412 - INFO - Validation: Loss = 1.0145, Accuracy = 0.7277, Precision = 0.7265, Recall = 0.7600, F1 = 0.7429
2025-01-27 04:16:57,414 - INFO - Epoch 51/200: Train Accuracy = 0.9943, Val Loss = 0.7277
2025-01-27 04:16:57,983 - INFO - Checkpoint saved at ./output/checkpoints//best_model.pth
2025-01-27 04:16:59,192 - INFO - Epoch 52, Batch 5: Loss = 0.0046, Accuracy = 1.0000
2025-01-27 04:16:59,975 - INFO - Epoch 52, Batch 10: Loss = 0.0044, Accuracy = 1.0000
2025-01-27 04:17:01,108 - INFO - Validation: Loss = 1.0036, Accuracy = 0.7325, Precision = 0.7754, Recall = 0.6800, F1 = 0.7246
2025-01-27 04:17:01,110 - INFO - Epoch 52/200: Train Accuracy = 1.0000, Val Loss = 0.7325
2025-01-27 04:17:01,687 - INFO - Checkpoint saved at ./output/checkpoints//best_model.pth
2025-01-27 04:17:02,839 - INFO - Epoch 53, Batch 5: Loss = 0.0036, Accuracy = 1.0000
2025-01-27 04:17:03,626 - INFO - Epoch 53, Batch 10: Loss = 0.0057, Accuracy = 1.0000
2025-01-27 04:17:04,724 - INFO - Validation: Loss = 1.1342, Accuracy = 0.7086, Precision = 0.6878, Recall = 0.8000, F1 = 0.7397
2025-01-27 04:17:04,726 - INFO - Epoch 53/200: Train Accuracy = 1.0000, Val Loss = 0.7086
2025-01-27 04:17:05,489 - INFO - Epoch 54, Batch 5: Loss = 0.0097, Accuracy = 1.0000
2025-01-27 04:17:06,353 - INFO - Epoch 54, Batch 10: Loss = 0.0288, Accuracy = 0.9991
2025-01-27 04:17:07,621 - INFO - Validation: Loss = 0.9847, Accuracy = 0.7166, Precision = 0.7155, Recall = 0.7508, F1 = 0.7327
2025-01-27 04:17:07,623 - INFO - Epoch 54/200: Train Accuracy = 0.9994, Val Loss = 0.7166
2025-01-27 04:17:08,523 - INFO - Epoch 55, Batch 5: Loss = 0.0040, Accuracy = 0.9983
2025-01-27 04:17:09,306 - INFO - Epoch 55, Batch 10: Loss = 0.0078, Accuracy = 0.9991
2025-01-27 04:17:10,399 - INFO - Validation: Loss = 1.1674, Accuracy = 0.6863, Precision = 0.6693, Recall = 0.7785, F1 = 0.7198
2025-01-27 04:17:10,401 - INFO - Epoch 55/200: Train Accuracy = 0.9994, Val Loss = 0.6863
2025-01-27 04:17:11,172 - INFO - Epoch 56, Batch 5: Loss = 0.0034, Accuracy = 0.9983
2025-01-27 04:17:11,948 - INFO - Epoch 56, Batch 10: Loss = 0.0345, Accuracy = 0.9948
2025-01-27 04:17:13,024 - INFO - Validation: Loss = 1.0173, Accuracy = 0.7086, Precision = 0.7276, Recall = 0.6985, F1 = 0.7127
2025-01-27 04:17:13,026 - INFO - Epoch 56/200: Train Accuracy = 0.9955, Val Loss = 0.7086
2025-01-27 04:17:13,806 - INFO - Epoch 57, Batch 5: Loss = 0.0058, Accuracy = 0.9983
2025-01-27 04:17:14,649 - INFO - Epoch 57, Batch 10: Loss = nan, Accuracy = 0.8000
2025-01-27 04:17:15,854 - INFO - Validation: Loss = nan, Accuracy = 0.4825, Precision = 1.0000, Recall = 0.0000, F1 = 0.0000
2025-01-27 04:17:15,856 - INFO - Epoch 57/200: Train Accuracy = 0.7112, Val Loss = 0.4825
2025-01-27 04:17:16,636 - INFO - Epoch 58, Batch 5: Loss = nan, Accuracy = 0.5328
2025-01-27 04:17:17,420 - INFO - Epoch 58, Batch 10: Loss = nan, Accuracy = 0.5112
2025-01-27 04:17:18,505 - INFO - Validation: Loss = nan, Accuracy = 0.4825, Precision = 1.0000, Recall = 0.0000, F1 = 0.0000
2025-01-27 04:17:18,507 - INFO - Epoch 58/200: Train Accuracy = 0.5070, Val Loss = 0.4825
2025-01-27 04:17:19,292 - INFO - Epoch 59, Batch 5: Loss = nan, Accuracy = 0.5172
2025-01-27 04:17:20,071 - INFO - Epoch 59, Batch 10: Loss = nan, Accuracy = 0.5112
2025-01-27 04:17:21,141 - INFO - Validation: Loss = nan, Accuracy = 0.4825, Precision = 1.0000, Recall = 0.0000, F1 = 0.0000
2025-01-27 04:17:21,143 - INFO - Epoch 59/200: Train Accuracy = 0.5070, Val Loss = 0.4825
2025-01-27 04:17:21,974 - INFO - Epoch 60, Batch 5: Loss = nan, Accuracy = 0.4931
2025-01-27 04:17:22,762 - INFO - Epoch 60, Batch 10: Loss = nan, Accuracy = 0.4931
2025-01-27 04:17:23,839 - INFO - Validation: Loss = nan, Accuracy = 0.4825, Precision = 1.0000, Recall = 0.0000, F1 = 0.0000
2025-01-27 04:17:23,841 - INFO - Epoch 60/200: Train Accuracy = 0.5070, Val Loss = 0.4825
2025-01-27 04:17:24,650 - INFO - Epoch 61, Batch 5: Loss = nan, Accuracy = 0.5069
2025-01-27 04:17:25,434 - INFO - Epoch 61, Batch 10: Loss = nan, Accuracy = 0.5112
2025-01-27 04:17:26,514 - INFO - Validation: Loss = nan, Accuracy = 0.4825, Precision = 1.0000, Recall = 0.0000, F1 = 0.0000
2025-01-27 04:17:26,516 - INFO - Epoch 61/200: Train Accuracy = 0.5070, Val Loss = 0.4825
2025-01-27 04:17:27,312 - INFO - Epoch 62, Batch 5: Loss = nan, Accuracy = 0.4983
2025-01-27 04:17:28,102 - INFO - Epoch 62, Batch 10: Loss = nan, Accuracy = 0.5000
2025-01-27 04:17:29,193 - INFO - Validation: Loss = nan, Accuracy = 0.4825, Precision = 1.0000, Recall = 0.0000, F1 = 0.0000
2025-01-27 04:17:29,195 - INFO - Epoch 62/200: Train Accuracy = 0.5070, Val Loss = 0.4825
2025-01-27 04:17:29,974 - INFO - Epoch 63, Batch 5: Loss = nan, Accuracy = 0.5121
2025-01-27 04:17:30,753 - INFO - Epoch 63, Batch 10: Loss = nan, Accuracy = 0.4991
2025-01-27 04:17:31,835 - INFO - Validation: Loss = nan, Accuracy = 0.4825, Precision = 1.0000, Recall = 0.0000, F1 = 0.0000
2025-01-27 04:17:31,837 - INFO - Epoch 63/200: Train Accuracy = 0.5070, Val Loss = 0.4825
2025-01-27 04:17:32,634 - INFO - Epoch 64, Batch 5: Loss = nan, Accuracy = 0.4810
2025-01-27 04:17:33,423 - INFO - Epoch 64, Batch 10: Loss = nan, Accuracy = 0.5043
2025-01-27 04:17:34,523 - INFO - Validation: Loss = nan, Accuracy = 0.4825, Precision = 1.0000, Recall = 0.0000, F1 = 0.0000
2025-01-27 04:17:34,525 - INFO - Epoch 64/200: Train Accuracy = 0.5070, Val Loss = 0.4825
2025-01-27 04:17:35,310 - INFO - Epoch 65, Batch 5: Loss = nan, Accuracy = 0.4776
2025-01-27 04:17:36,079 - INFO - Epoch 65, Batch 10: Loss = nan, Accuracy = 0.5112
2025-01-27 04:17:37,266 - INFO - Validation: Loss = nan, Accuracy = 0.4825, Precision = 1.0000, Recall = 0.0000, F1 = 0.0000
2025-01-27 04:17:37,268 - INFO - Epoch 65/200: Train Accuracy = 0.5070, Val Loss = 0.4825
2025-01-27 04:17:38,034 - INFO - Epoch 66, Batch 5: Loss = nan, Accuracy = 0.5034
2025-01-27 04:17:38,798 - INFO - Epoch 66, Batch 10: Loss = nan, Accuracy = 0.5121
2025-01-27 04:17:39,852 - INFO - Validation: Loss = nan, Accuracy = 0.4825, Precision = 1.0000, Recall = 0.0000, F1 = 0.0000
2025-01-27 04:17:39,853 - INFO - Epoch 66/200: Train Accuracy = 0.5070, Val Loss = 0.4825
2025-01-27 04:17:40,616 - INFO - Epoch 67, Batch 5: Loss = nan, Accuracy = 0.4966
2025-01-27 04:17:41,380 - INFO - Epoch 67, Batch 10: Loss = nan, Accuracy = 0.5103
2025-01-27 04:17:42,431 - INFO - Validation: Loss = nan, Accuracy = 0.4825, Precision = 1.0000, Recall = 0.0000, F1 = 0.0000
2025-01-27 04:17:42,432 - INFO - Epoch 67/200: Train Accuracy = 0.5070, Val Loss = 0.4825
2025-01-27 04:17:43,196 - INFO - Epoch 68, Batch 5: Loss = nan, Accuracy = 0.5207
2025-01-27 04:17:43,954 - INFO - Epoch 68, Batch 10: Loss = nan, Accuracy = 0.5043
2025-01-27 04:17:45,005 - INFO - Validation: Loss = nan, Accuracy = 0.4825, Precision = 1.0000, Recall = 0.0000, F1 = 0.0000
2025-01-27 04:17:45,007 - INFO - Epoch 68/200: Train Accuracy = 0.5070, Val Loss = 0.4825
2025-01-27 04:17:45,774 - INFO - Epoch 69, Batch 5: Loss = nan, Accuracy = 0.5052
2025-01-27 04:17:46,540 - INFO - Epoch 69, Batch 10: Loss = nan, Accuracy = 0.5103
2025-01-27 04:17:47,600 - INFO - Validation: Loss = nan, Accuracy = 0.4825, Precision = 1.0000, Recall = 0.0000, F1 = 0.0000
2025-01-27 04:17:47,602 - INFO - Epoch 69/200: Train Accuracy = 0.5070, Val Loss = 0.4825
2025-01-27 04:17:48,372 - INFO - Epoch 70, Batch 5: Loss = nan, Accuracy = 0.5207
2025-01-27 04:17:49,131 - INFO - Epoch 70, Batch 10: Loss = nan, Accuracy = 0.5138
2025-01-27 04:17:50,182 - INFO - Validation: Loss = nan, Accuracy = 0.4825, Precision = 1.0000, Recall = 0.0000, F1 = 0.0000
2025-01-27 04:17:50,184 - INFO - Epoch 70/200: Train Accuracy = 0.5070, Val Loss = 0.4825
2025-01-27 04:17:50,950 - INFO - Epoch 71, Batch 5: Loss = nan, Accuracy = 0.5121
2025-01-27 04:17:51,715 - INFO - Epoch 71, Batch 10: Loss = nan, Accuracy = 0.5043
2025-01-27 04:17:52,771 - INFO - Validation: Loss = nan, Accuracy = 0.4825, Precision = 1.0000, Recall = 0.0000, F1 = 0.0000
2025-01-27 04:17:52,773 - INFO - Epoch 71/200: Train Accuracy = 0.5070, Val Loss = 0.4825
2025-01-27 04:17:53,542 - INFO - Epoch 72, Batch 5: Loss = nan, Accuracy = 0.4534
2025-01-27 04:17:54,306 - INFO - Epoch 72, Batch 10: Loss = nan, Accuracy = 0.5009
2025-01-27 04:17:55,375 - INFO - Validation: Loss = nan, Accuracy = 0.4825, Precision = 1.0000, Recall = 0.0000, F1 = 0.0000
2025-01-27 04:17:55,377 - INFO - Epoch 72/200: Train Accuracy = 0.5070, Val Loss = 0.4825
2025-01-27 04:17:56,149 - INFO - Epoch 73, Batch 5: Loss = nan, Accuracy = 0.5172
2025-01-27 04:17:56,917 - INFO - Epoch 73, Batch 10: Loss = nan, Accuracy = 0.5198
2025-01-27 04:17:57,979 - INFO - Validation: Loss = nan, Accuracy = 0.4825, Precision = 1.0000, Recall = 0.0000, F1 = 0.0000
2025-01-27 04:17:57,981 - INFO - Epoch 73/200: Train Accuracy = 0.5070, Val Loss = 0.4825
2025-01-27 04:17:58,753 - INFO - Epoch 74, Batch 5: Loss = nan, Accuracy = 0.5034
2025-01-27 04:17:59,526 - INFO - Epoch 74, Batch 10: Loss = nan, Accuracy = 0.5043
2025-01-27 04:18:00,588 - INFO - Validation: Loss = nan, Accuracy = 0.4825, Precision = 1.0000, Recall = 0.0000, F1 = 0.0000
2025-01-27 04:18:00,590 - INFO - Epoch 74/200: Train Accuracy = 0.5070, Val Loss = 0.4825
2025-01-27 04:18:01,357 - INFO - Epoch 75, Batch 5: Loss = nan, Accuracy = 0.5224
2025-01-27 04:18:02,123 - INFO - Epoch 75, Batch 10: Loss = nan, Accuracy = 0.5138
2025-01-27 04:18:03,183 - INFO - Validation: Loss = nan, Accuracy = 0.4825, Precision = 1.0000, Recall = 0.0000, F1 = 0.0000
2025-01-27 04:18:03,185 - INFO - Epoch 75/200: Train Accuracy = 0.5070, Val Loss = 0.4825
2025-01-27 04:18:03,960 - INFO - Epoch 76, Batch 5: Loss = nan, Accuracy = 0.5103
2025-01-27 04:18:04,728 - INFO - Epoch 76, Batch 10: Loss = nan, Accuracy = 0.5103
2025-01-27 04:18:05,790 - INFO - Validation: Loss = nan, Accuracy = 0.4825, Precision = 1.0000, Recall = 0.0000, F1 = 0.0000
2025-01-27 04:18:05,792 - INFO - Epoch 76/200: Train Accuracy = 0.5070, Val Loss = 0.4825
2025-01-27 04:18:06,561 - INFO - Epoch 77, Batch 5: Loss = nan, Accuracy = 0.5241
2025-01-27 04:18:07,322 - INFO - Epoch 77, Batch 10: Loss = nan, Accuracy = 0.5190
2025-01-27 04:18:08,374 - INFO - Validation: Loss = nan, Accuracy = 0.4825, Precision = 1.0000, Recall = 0.0000, F1 = 0.0000
2025-01-27 04:18:08,376 - INFO - Epoch 77/200: Train Accuracy = 0.5070, Val Loss = 0.4825
2025-01-27 04:18:09,141 - INFO - Epoch 78, Batch 5: Loss = nan, Accuracy = 0.4828
2025-01-27 04:18:09,904 - INFO - Epoch 78, Batch 10: Loss = nan, Accuracy = 0.4905
2025-01-27 04:18:10,957 - INFO - Validation: Loss = nan, Accuracy = 0.4825, Precision = 1.0000, Recall = 0.0000, F1 = 0.0000
2025-01-27 04:18:10,959 - INFO - Epoch 78/200: Train Accuracy = 0.5070, Val Loss = 0.4825
2025-01-27 04:18:11,720 - INFO - Epoch 79, Batch 5: Loss = nan, Accuracy = 0.5207
2025-01-27 04:18:12,486 - INFO - Epoch 79, Batch 10: Loss = nan, Accuracy = 0.5103
2025-01-27 04:18:13,551 - INFO - Validation: Loss = nan, Accuracy = 0.4825, Precision = 1.0000, Recall = 0.0000, F1 = 0.0000
2025-01-27 04:18:13,553 - INFO - Epoch 79/200: Train Accuracy = 0.5070, Val Loss = 0.4825
2025-01-27 04:18:14,328 - INFO - Epoch 80, Batch 5: Loss = nan, Accuracy = 0.5207
2025-01-27 04:18:15,098 - INFO - Epoch 80, Batch 10: Loss = nan, Accuracy = 0.5009
2025-01-27 04:18:16,164 - INFO - Validation: Loss = nan, Accuracy = 0.4825, Precision = 1.0000, Recall = 0.0000, F1 = 0.0000
2025-01-27 04:18:16,166 - INFO - Epoch 80/200: Train Accuracy = 0.5070, Val Loss = 0.4825
2025-01-27 04:18:16,937 - INFO - Epoch 81, Batch 5: Loss = nan, Accuracy = 0.5328
2025-01-27 04:18:17,707 - INFO - Epoch 81, Batch 10: Loss = nan, Accuracy = 0.5207
2025-01-27 04:18:18,772 - INFO - Validation: Loss = nan, Accuracy = 0.4825, Precision = 1.0000, Recall = 0.0000, F1 = 0.0000
2025-01-27 04:18:18,774 - INFO - Epoch 81/200: Train Accuracy = 0.5070, Val Loss = 0.4825
2025-01-27 04:18:19,545 - INFO - Epoch 82, Batch 5: Loss = nan, Accuracy = 0.5190
2025-01-27 04:18:20,318 - INFO - Epoch 82, Batch 10: Loss = nan, Accuracy = 0.5095
2025-01-27 04:18:21,384 - INFO - Validation: Loss = nan, Accuracy = 0.4825, Precision = 1.0000, Recall = 0.0000, F1 = 0.0000
2025-01-27 04:18:21,386 - INFO - Epoch 82/200: Train Accuracy = 0.5070, Val Loss = 0.4825
2025-01-27 04:18:22,163 - INFO - Epoch 83, Batch 5: Loss = nan, Accuracy = 0.5121
2025-01-27 04:18:22,933 - INFO - Epoch 83, Batch 10: Loss = nan, Accuracy = 0.5086
2025-01-27 04:18:24,001 - INFO - Validation: Loss = nan, Accuracy = 0.4825, Precision = 1.0000, Recall = 0.0000, F1 = 0.0000
2025-01-27 04:18:24,003 - INFO - Epoch 83/200: Train Accuracy = 0.5070, Val Loss = 0.4825
2025-01-27 04:18:24,777 - INFO - Epoch 84, Batch 5: Loss = nan, Accuracy = 0.4983
2025-01-27 04:18:25,547 - INFO - Epoch 84, Batch 10: Loss = nan, Accuracy = 0.4948
2025-01-27 04:18:26,617 - INFO - Validation: Loss = nan, Accuracy = 0.4825, Precision = 1.0000, Recall = 0.0000, F1 = 0.0000
2025-01-27 04:18:26,619 - INFO - Epoch 84/200: Train Accuracy = 0.5070, Val Loss = 0.4825
2025-01-27 04:18:27,392 - INFO - Epoch 85, Batch 5: Loss = nan, Accuracy = 0.4931
2025-01-27 04:18:28,165 - INFO - Epoch 85, Batch 10: Loss = nan, Accuracy = 0.4966
2025-01-27 04:18:29,232 - INFO - Validation: Loss = nan, Accuracy = 0.4825, Precision = 1.0000, Recall = 0.0000, F1 = 0.0000
2025-01-27 04:18:29,234 - INFO - Epoch 85/200: Train Accuracy = 0.5070, Val Loss = 0.4825
2025-01-27 04:18:30,009 - INFO - Epoch 86, Batch 5: Loss = nan, Accuracy = 0.5155
2025-01-27 04:18:30,779 - INFO - Epoch 86, Batch 10: Loss = nan, Accuracy = 0.5155
2025-01-27 04:18:31,844 - INFO - Validation: Loss = nan, Accuracy = 0.4825, Precision = 1.0000, Recall = 0.0000, F1 = 0.0000
2025-01-27 04:18:31,846 - INFO - Epoch 86/200: Train Accuracy = 0.5070, Val Loss = 0.4825
2025-01-27 04:18:32,619 - INFO - Epoch 87, Batch 5: Loss = nan, Accuracy = 0.4983
2025-01-27 04:18:33,391 - INFO - Epoch 87, Batch 10: Loss = nan, Accuracy = 0.5190
2025-01-27 04:18:34,458 - INFO - Validation: Loss = nan, Accuracy = 0.4825, Precision = 1.0000, Recall = 0.0000, F1 = 0.0000
2025-01-27 04:18:34,460 - INFO - Epoch 87/200: Train Accuracy = 0.5070, Val Loss = 0.4825
2025-01-27 04:18:35,231 - INFO - Epoch 88, Batch 5: Loss = nan, Accuracy = 0.4966
2025-01-27 04:18:36,001 - INFO - Epoch 88, Batch 10: Loss = nan, Accuracy = 0.4966
2025-01-27 04:18:37,065 - INFO - Validation: Loss = nan, Accuracy = 0.4825, Precision = 1.0000, Recall = 0.0000, F1 = 0.0000
2025-01-27 04:18:37,067 - INFO - Epoch 88/200: Train Accuracy = 0.5070, Val Loss = 0.4825
2025-01-27 04:18:37,841 - INFO - Epoch 89, Batch 5: Loss = nan, Accuracy = 0.5121
2025-01-27 04:18:38,612 - INFO - Epoch 89, Batch 10: Loss = nan, Accuracy = 0.5224
2025-01-27 04:18:39,675 - INFO - Validation: Loss = nan, Accuracy = 0.4825, Precision = 1.0000, Recall = 0.0000, F1 = 0.0000
2025-01-27 04:18:39,677 - INFO - Epoch 89/200: Train Accuracy = 0.5070, Val Loss = 0.4825
2025-01-27 04:18:40,448 - INFO - Epoch 90, Batch 5: Loss = nan, Accuracy = 0.5224
2025-01-27 04:18:41,216 - INFO - Epoch 90, Batch 10: Loss = nan, Accuracy = 0.5164
2025-01-27 04:18:42,274 - INFO - Validation: Loss = nan, Accuracy = 0.4825, Precision = 1.0000, Recall = 0.0000, F1 = 0.0000
2025-01-27 04:18:42,275 - INFO - Epoch 90/200: Train Accuracy = 0.5070, Val Loss = 0.4825
2025-01-27 04:18:43,043 - INFO - Epoch 91, Batch 5: Loss = nan, Accuracy = 0.5034
2025-01-27 04:18:43,810 - INFO - Epoch 91, Batch 10: Loss = nan, Accuracy = 0.5078
2025-01-27 04:18:44,862 - INFO - Validation: Loss = nan, Accuracy = 0.4825, Precision = 1.0000, Recall = 0.0000, F1 = 0.0000
2025-01-27 04:18:44,863 - INFO - Epoch 91/200: Train Accuracy = 0.5070, Val Loss = 0.4825
2025-01-27 04:18:45,628 - INFO - Epoch 92, Batch 5: Loss = nan, Accuracy = 0.5086
2025-01-27 04:18:46,390 - INFO - Epoch 92, Batch 10: Loss = nan, Accuracy = 0.5069
2025-01-27 04:18:47,442 - INFO - Validation: Loss = nan, Accuracy = 0.4825, Precision = 1.0000, Recall = 0.0000, F1 = 0.0000
2025-01-27 04:18:47,444 - INFO - Epoch 92/200: Train Accuracy = 0.5070, Val Loss = 0.4825
2025-01-27 04:18:48,208 - INFO - Epoch 93, Batch 5: Loss = nan, Accuracy = 0.5414
2025-01-27 04:18:48,968 - INFO - Epoch 93, Batch 10: Loss = nan, Accuracy = 0.5095
2025-01-27 04:18:50,017 - INFO - Validation: Loss = nan, Accuracy = 0.4825, Precision = 1.0000, Recall = 0.0000, F1 = 0.0000
2025-01-27 04:18:50,019 - INFO - Epoch 93/200: Train Accuracy = 0.5070, Val Loss = 0.4825
2025-01-27 04:18:50,781 - INFO - Epoch 94, Batch 5: Loss = nan, Accuracy = 0.5103
2025-01-27 04:18:51,543 - INFO - Epoch 94, Batch 10: Loss = nan, Accuracy = 0.5069
2025-01-27 04:18:52,596 - INFO - Validation: Loss = nan, Accuracy = 0.4825, Precision = 1.0000, Recall = 0.0000, F1 = 0.0000
2025-01-27 04:18:52,597 - INFO - Epoch 94/200: Train Accuracy = 0.5070, Val Loss = 0.4825
2025-01-27 04:18:53,364 - INFO - Epoch 95, Batch 5: Loss = nan, Accuracy = 0.5017
2025-01-27 04:18:54,131 - INFO - Epoch 95, Batch 10: Loss = nan, Accuracy = 0.5155
2025-01-27 04:18:55,188 - INFO - Validation: Loss = nan, Accuracy = 0.4825, Precision = 1.0000, Recall = 0.0000, F1 = 0.0000
2025-01-27 04:18:55,190 - INFO - Epoch 95/200: Train Accuracy = 0.5070, Val Loss = 0.4825
2025-01-27 04:18:55,955 - INFO - Epoch 96, Batch 5: Loss = nan, Accuracy = 0.5293
2025-01-27 04:18:56,723 - INFO - Epoch 96, Batch 10: Loss = nan, Accuracy = 0.5078
2025-01-27 04:18:57,789 - INFO - Validation: Loss = nan, Accuracy = 0.4825, Precision = 1.0000, Recall = 0.0000, F1 = 0.0000
2025-01-27 04:18:57,791 - INFO - Epoch 96/200: Train Accuracy = 0.5070, Val Loss = 0.4825
2025-01-27 04:18:58,567 - INFO - Epoch 97, Batch 5: Loss = nan, Accuracy = 0.5086
2025-01-27 04:18:59,337 - INFO - Epoch 97, Batch 10: Loss = nan, Accuracy = 0.5052
2025-01-27 04:19:00,408 - INFO - Validation: Loss = nan, Accuracy = 0.4825, Precision = 1.0000, Recall = 0.0000, F1 = 0.0000
2025-01-27 04:19:00,410 - INFO - Epoch 97/200: Train Accuracy = 0.5070, Val Loss = 0.4825
2025-01-27 04:19:01,185 - INFO - Epoch 98, Batch 5: Loss = nan, Accuracy = 0.5069
2025-01-27 04:19:01,952 - INFO - Epoch 98, Batch 10: Loss = nan, Accuracy = 0.5216
2025-01-27 04:19:03,005 - INFO - Validation: Loss = nan, Accuracy = 0.4825, Precision = 1.0000, Recall = 0.0000, F1 = 0.0000
2025-01-27 04:19:03,007 - INFO - Epoch 98/200: Train Accuracy = 0.5070, Val Loss = 0.4825
2025-01-27 04:19:03,770 - INFO - Epoch 99, Batch 5: Loss = nan, Accuracy = 0.5017
2025-01-27 04:19:04,528 - INFO - Epoch 99, Batch 10: Loss = nan, Accuracy = 0.5017
2025-01-27 04:19:05,579 - INFO - Validation: Loss = nan, Accuracy = 0.4825, Precision = 1.0000, Recall = 0.0000, F1 = 0.0000
2025-01-27 04:19:05,581 - INFO - Epoch 99/200: Train Accuracy = 0.5070, Val Loss = 0.4825
2025-01-27 04:19:06,341 - INFO - Epoch 100, Batch 5: Loss = nan, Accuracy = 0.5345
2025-01-27 04:19:07,100 - INFO - Epoch 100, Batch 10: Loss = nan, Accuracy = 0.5172
2025-01-27 04:19:08,148 - INFO - Validation: Loss = nan, Accuracy = 0.4825, Precision = 1.0000, Recall = 0.0000, F1 = 0.0000
2025-01-27 04:19:08,150 - INFO - Epoch 100/200: Train Accuracy = 0.5070, Val Loss = 0.4825
2025-01-27 04:19:08,914 - INFO - Epoch 101, Batch 5: Loss = nan, Accuracy = 0.5138
2025-01-27 04:19:09,676 - INFO - Epoch 101, Batch 10: Loss = nan, Accuracy = 0.5086
2025-01-27 04:19:10,725 - INFO - Validation: Loss = nan, Accuracy = 0.4825, Precision = 1.0000, Recall = 0.0000, F1 = 0.0000
2025-01-27 04:19:10,727 - INFO - Epoch 101/200: Train Accuracy = 0.5070, Val Loss = 0.4825
2025-01-27 04:19:11,487 - INFO - Epoch 102, Batch 5: Loss = nan, Accuracy = 0.4862
2025-01-27 04:19:12,247 - INFO - Epoch 102, Batch 10: Loss = nan, Accuracy = 0.5086
2025-01-27 04:19:13,294 - INFO - Validation: Loss = nan, Accuracy = 0.4825, Precision = 1.0000, Recall = 0.0000, F1 = 0.0000
2025-01-27 04:19:13,296 - INFO - Epoch 102/200: Train Accuracy = 0.5070, Val Loss = 0.4825
2025-01-27 04:19:13,296 - INFO - Early stopping triggered.
