2025-01-21 14:10:01,475 - INFO - Initialized Conv2d weights with mean=0.0, std=0.01
2025-01-21 14:10:01,475 - INFO - Initialized Conv2d bias with mean=0.5, std=0.01
2025-01-21 14:10:01,478 - INFO - Initialized Conv2d weights with mean=0.0, std=0.01
2025-01-21 14:10:01,478 - INFO - Initialized Conv2d bias with mean=0.5, std=0.01
2025-01-21 14:10:01,479 - INFO - Initialized Conv2d weights with mean=0.0, std=0.01
2025-01-21 14:10:01,479 - INFO - Initialized Conv2d bias with mean=0.5, std=0.01
2025-01-21 14:10:01,482 - INFO - Initialized Conv2d weights with mean=0.0, std=0.01
2025-01-21 14:10:01,482 - INFO - Initialized Conv2d bias with mean=0.5, std=0.01
2025-01-21 14:10:01,664 - INFO - Initialized Linear weights with mean=0.0, std=0.2
2025-01-21 14:10:01,664 - INFO - Initialized Linear bias with mean=0.5, std=0.01
2025-01-21 14:10:01,664 - INFO - Initialized Linear weights with mean=0.0, std=0.2
2025-01-21 14:10:01,664 - INFO - Initialized Linear bias with mean=0.5, std=0.01
2025-01-21 14:10:02,386 - INFO - 
Split Results:
2025-01-21 14:10:02,387 - INFO - +-------------------+---------+--------------+
| Metric            |   Count | Percentage   |
+===================+=========+==============+
| Train People      |    1520 |              |
+-------------------+---------+--------------+
| Train Pairs       |    1572 | (71.45%)     |
+-------------------+---------+--------------+
| Validation People |     612 |              |
+-------------------+---------+--------------+
| Validation Pairs  |     628 | (28.55%)     |
+-------------------+---------+--------------+
| Dropped Pairs     |       0 | (0.00%)      |
+-------------------+---------+--------------+
2025-01-21 14:10:02,388 - INFO - Data prepared: 1572 training pairs, 628 validation pairs.
2025-01-21 14:10:02,388 - INFO - nn.BCELoss function defined as loss function.
2025-01-21 14:10:02,388 - INFO - Adam optimizer defined with lr=1e-05, weight_decay=1e-05
