2025-01-22 17:34:46,738 - INFO - Initialized Conv2d weights with mean=0.0, std=0.01
2025-01-22 17:34:46,738 - INFO - Initialized Conv2d bias with mean=0.5, std=0.01
2025-01-22 17:34:46,740 - INFO - Initialized Conv2d weights with mean=0.0, std=0.01
2025-01-22 17:34:46,740 - INFO - Initialized Conv2d bias with mean=0.5, std=0.01
2025-01-22 17:34:46,742 - INFO - Initialized Conv2d weights with mean=0.0, std=0.01
2025-01-22 17:34:46,742 - INFO - Initialized Conv2d bias with mean=0.5, std=0.01
2025-01-22 17:34:46,745 - INFO - Initialized Conv2d weights with mean=0.0, std=0.01
2025-01-22 17:34:46,745 - INFO - Initialized Conv2d bias with mean=0.5, std=0.01
2025-01-22 17:34:46,929 - INFO - Initialized Linear weights with mean=0.0, std=0.2
2025-01-22 17:34:46,930 - INFO - Initialized Linear bias with mean=0.5, std=0.01
2025-01-22 17:34:46,930 - INFO - Initialized Linear weights with mean=0.0, std=0.2
2025-01-22 17:34:46,930 - INFO - Initialized Linear bias with mean=0.5, std=0.01
2025-01-22 17:34:47,626 - INFO - Split Results:
2025-01-22 17:34:47,627 - INFO - 
+-------------------+---------+--------------+
| Metric            |   Count | Percentage   |
+===================+=========+==============+
| Train People      |    1520 |              |
+-------------------+---------+--------------+
| Train Pairs       |    1572 | (71.45%)     |
+-------------------+---------+--------------+
| Validation People |     612 |              |
+-------------------+---------+--------------+
| Validation Pairs  |     628 | (28.55%)     |
+-------------------+---------+--------------+
| Dropped Pairs     |       0 | (0.00%)      |
+-------------------+---------+--------------+
2025-01-22 17:34:47,628 - INFO - Data prepared: 1572 training pairs, 628 validation pairs.
2025-01-22 17:34:47,628 - INFO - _regularized_loss function defined as loss function.
2025-01-22 17:34:47,628 - INFO - SGD optimizer initialized with parameters: {'momentum': 0.5, 'lr': 1e-05, 'betas': (0.9, 0.999), 'weight_decay': 1e-05}
