2025-01-20 12:43:04,048 - INFO - Initialized Conv2d weights with mean=0.0, std=0.01
2025-01-20 12:43:04,048 - INFO - Initialized Conv2d bias with mean=0.5, std=0.01
2025-01-20 12:43:04,050 - INFO - Initialized Conv2d weights with mean=0.0, std=0.01
2025-01-20 12:43:04,050 - INFO - Initialized Conv2d bias with mean=0.5, std=0.01
2025-01-20 12:43:04,052 - INFO - Initialized Conv2d weights with mean=0.0, std=0.01
2025-01-20 12:43:04,052 - INFO - Initialized Conv2d bias with mean=0.5, std=0.01
2025-01-20 12:43:04,055 - INFO - Initialized Conv2d weights with mean=0.0, std=0.01
2025-01-20 12:43:04,055 - INFO - Initialized Conv2d bias with mean=0.5, std=0.01
2025-01-20 12:43:04,243 - INFO - Initialized Linear weights with mean=0.0, std=0.2
2025-01-20 12:43:04,244 - INFO - Initialized Linear bias with mean=0.5, std=0.01
2025-01-20 12:43:04,244 - INFO - Initialized Linear weights with mean=0.0, std=0.2
2025-01-20 12:43:04,244 - INFO - Initialized Linear bias with mean=0.5, std=0.01
2025-01-20 12:43:04,870 - INFO - Data prepared: 1953 training pairs, 247 validation pairs.
2025-01-20 12:43:04,870 - INFO - nn.BCELoss function defined as loss function.
2025-01-20 12:43:04,870 - INFO - Adam optimizer defined with lr=1e-05, weight_decay=1e-05
2025-01-20 12:43:07,380 - INFO - Epoch 1, Batch 5: Loss = 0.6950, Accuracy = 0.4562
2025-01-20 12:43:09,200 - INFO - Epoch 1, Batch 10: Loss = 0.6746, Accuracy = 0.5008
2025-01-20 12:43:10,884 - INFO - Epoch 1, Batch 15: Loss = 0.6749, Accuracy = 0.5448
2025-01-20 12:43:11,350 - INFO - Validation: Loss = 0.7817, Accuracy = 0.2672, Precision = 0.9355, Recall = 0.1394, F1 = 0.2427
2025-01-20 12:43:11,354 - INFO - Epoch 1/200: Train Loss = 0.6930, Val Loss = 0.7817
2025-01-20 12:43:12,268 - INFO - Checkpoint saved at ./output/checkpoints//best_model.pth
2025-01-20 12:43:12,504 - INFO - Model improved at epoch 1. Checkpoint saved.
2025-01-20 12:43:14,194 - INFO - Epoch 2, Batch 5: Loss = 0.6576, Accuracy = 0.5766
2025-01-20 12:43:15,896 - INFO - Epoch 2, Batch 10: Loss = 0.6573, Accuracy = 0.5938
2025-01-20 12:43:17,582 - INFO - Epoch 2, Batch 15: Loss = 0.6526, Accuracy = 0.5880
2025-01-20 12:43:18,044 - INFO - Validation: Loss = 0.7578, Accuracy = 0.2996, Precision = 0.9070, Recall = 0.1875, F1 = 0.3108
2025-01-20 12:43:18,048 - INFO - Epoch 2/200: Train Loss = 0.6666, Val Loss = 0.7578
2025-01-20 12:43:18,979 - INFO - Checkpoint saved at ./output/checkpoints//best_model.pth
2025-01-20 12:43:19,450 - INFO - Model improved at epoch 2. Checkpoint saved.
2025-01-20 12:43:21,160 - INFO - Epoch 3, Batch 5: Loss = 0.6434, Accuracy = 0.6047
2025-01-20 12:43:22,847 - INFO - Epoch 3, Batch 10: Loss = 0.6396, Accuracy = 0.6125
2025-01-20 12:43:24,527 - INFO - Epoch 3, Batch 15: Loss = 0.6580, Accuracy = 0.6047
2025-01-20 12:43:24,986 - INFO - Validation: Loss = 0.7372, Accuracy = 0.3603, Precision = 0.8906, Recall = 0.2740, F1 = 0.4191
2025-01-20 12:43:24,991 - INFO - Epoch 3/200: Train Loss = 0.6587, Val Loss = 0.7372
2025-01-20 12:43:25,922 - INFO - Checkpoint saved at ./output/checkpoints//best_model.pth
2025-01-20 12:43:26,378 - INFO - Model improved at epoch 3. Checkpoint saved.
2025-01-20 12:43:28,057 - INFO - Epoch 4, Batch 5: Loss = 0.6405, Accuracy = 0.6422
2025-01-20 12:43:29,744 - INFO - Epoch 4, Batch 10: Loss = 0.6723, Accuracy = 0.6164
2025-01-20 12:43:31,423 - INFO - Epoch 4, Batch 15: Loss = 0.6332, Accuracy = 0.6167
2025-01-20 12:43:31,884 - INFO - Validation: Loss = 0.7689, Accuracy = 0.2915, Precision = 0.8837, Recall = 0.1827, F1 = 0.3028
2025-01-20 12:43:31,888 - INFO - Epoch 4/200: Train Loss = 0.6478, Val Loss = 0.7689
2025-01-20 12:43:33,590 - INFO - Epoch 5, Batch 5: Loss = 0.6478, Accuracy = 0.5828
2025-01-20 12:43:35,261 - INFO - Epoch 5, Batch 10: Loss = 0.6721, Accuracy = 0.6000
2025-01-20 12:43:36,926 - INFO - Epoch 5, Batch 15: Loss = 0.6415, Accuracy = 0.6109
2025-01-20 12:43:37,381 - INFO - Validation: Loss = 0.7309, Accuracy = 0.4251, Precision = 0.8837, Recall = 0.3654, F1 = 0.5170
2025-01-20 12:43:37,385 - INFO - Epoch 5/200: Train Loss = 0.6484, Val Loss = 0.7309
2025-01-20 12:43:38,249 - INFO - Checkpoint saved at ./output/checkpoints//best_model.pth
2025-01-20 12:43:38,702 - INFO - Model improved at epoch 5. Checkpoint saved.
2025-01-20 12:43:40,376 - INFO - Epoch 6, Batch 5: Loss = 0.6392, Accuracy = 0.6016
2025-01-20 12:43:42,048 - INFO - Epoch 6, Batch 10: Loss = 0.6426, Accuracy = 0.6055
2025-01-20 12:43:43,773 - INFO - Epoch 6, Batch 15: Loss = 0.6363, Accuracy = 0.6151
2025-01-20 12:43:44,237 - INFO - Validation: Loss = 0.7263, Accuracy = 0.4413, Precision = 0.8646, Recall = 0.3990, F1 = 0.5461
2025-01-20 12:43:44,260 - INFO - Epoch 6/200: Train Loss = 0.6448, Val Loss = 0.7263
2025-01-20 12:43:45,144 - INFO - Checkpoint saved at ./output/checkpoints//best_model.pth
2025-01-20 12:43:45,618 - INFO - Model improved at epoch 6. Checkpoint saved.
2025-01-20 12:43:47,416 - INFO - Epoch 7, Batch 5: Loss = 0.6204, Accuracy = 0.6531
2025-01-20 12:43:49,235 - INFO - Epoch 7, Batch 10: Loss = 0.6449, Accuracy = 0.6359
2025-01-20 12:43:50,959 - INFO - Epoch 7, Batch 15: Loss = 0.6636, Accuracy = 0.6453
2025-01-20 12:43:51,442 - INFO - Validation: Loss = 0.7123, Accuracy = 0.4858, Precision = 0.8785, Recall = 0.4519, F1 = 0.5968
2025-01-20 12:43:51,446 - INFO - Epoch 7/200: Train Loss = 0.6371, Val Loss = 0.7123
2025-01-20 12:43:52,443 - INFO - Checkpoint saved at ./output/checkpoints//best_model.pth
2025-01-20 12:43:52,943 - INFO - Model improved at epoch 7. Checkpoint saved.
2025-01-20 12:43:54,788 - INFO - Epoch 8, Batch 5: Loss = 0.6296, Accuracy = 0.6516
2025-01-20 12:43:56,469 - INFO - Epoch 8, Batch 10: Loss = 0.6443, Accuracy = 0.6562
2025-01-20 12:43:58,166 - INFO - Epoch 8, Batch 15: Loss = 0.6910, Accuracy = 0.6474
2025-01-20 12:43:58,633 - INFO - Validation: Loss = 0.7418, Accuracy = 0.4453, Precision = 0.8901, Recall = 0.3894, F1 = 0.5418
2025-01-20 12:43:58,637 - INFO - Epoch 8/200: Train Loss = 0.6356, Val Loss = 0.7418
2025-01-20 12:44:00,335 - INFO - Epoch 9, Batch 5: Loss = 0.6436, Accuracy = 0.6438
2025-01-20 12:44:02,007 - INFO - Epoch 9, Batch 10: Loss = 0.6399, Accuracy = 0.6516
2025-01-20 12:44:03,677 - INFO - Epoch 9, Batch 15: Loss = 0.6445, Accuracy = 0.6526
2025-01-20 12:44:04,141 - INFO - Validation: Loss = 0.7571, Accuracy = 0.4089, Precision = 0.8875, Recall = 0.3413, F1 = 0.4931
2025-01-20 12:44:04,152 - INFO - Epoch 9/200: Train Loss = 0.6294, Val Loss = 0.7571
2025-01-20 12:44:05,858 - INFO - Epoch 10, Batch 5: Loss = 0.6516, Accuracy = 0.6375
2025-01-20 12:44:07,537 - INFO - Epoch 10, Batch 10: Loss = 0.6305, Accuracy = 0.6555
2025-01-20 12:44:09,368 - INFO - Epoch 10, Batch 15: Loss = 0.6485, Accuracy = 0.6578
2025-01-20 12:44:09,857 - INFO - Validation: Loss = 0.7037, Accuracy = 0.5223, Precision = 0.8750, Recall = 0.5048, F1 = 0.6402
2025-01-20 12:44:09,862 - INFO - Epoch 10/200: Train Loss = 0.6229, Val Loss = 0.7037
2025-01-20 12:44:10,844 - INFO - Checkpoint saved at ./output/checkpoints//best_model.pth
2025-01-20 12:44:11,312 - INFO - Model improved at epoch 10. Checkpoint saved.
2025-01-20 12:44:13,133 - INFO - Epoch 11, Batch 5: Loss = 0.6136, Accuracy = 0.6797
2025-01-20 12:44:14,927 - INFO - Epoch 11, Batch 10: Loss = 0.6409, Accuracy = 0.6492
2025-01-20 12:44:16,758 - INFO - Epoch 11, Batch 15: Loss = 0.6058, Accuracy = 0.6557
2025-01-20 12:44:17,249 - INFO - Validation: Loss = 0.7045, Accuracy = 0.5101, Precision = 0.8783, Recall = 0.4856, F1 = 0.6254
2025-01-20 12:44:17,253 - INFO - Epoch 11/200: Train Loss = 0.6214, Val Loss = 0.7045
2025-01-20 12:44:19,060 - INFO - Epoch 12, Batch 5: Loss = 0.5991, Accuracy = 0.6516
2025-01-20 12:44:20,842 - INFO - Epoch 12, Batch 10: Loss = 0.6398, Accuracy = 0.6687
2025-01-20 12:44:22,555 - INFO - Epoch 12, Batch 15: Loss = 0.6127, Accuracy = 0.6651
2025-01-20 12:44:23,017 - INFO - Validation: Loss = 0.6446, Accuracy = 0.6802, Precision = 0.8772, Recall = 0.7212, F1 = 0.7916
2025-01-20 12:44:23,021 - INFO - Epoch 12/200: Train Loss = 0.6219, Val Loss = 0.6446
2025-01-20 12:44:23,950 - INFO - Checkpoint saved at ./output/checkpoints//best_model.pth
2025-01-20 12:44:24,411 - INFO - Model improved at epoch 12. Checkpoint saved.
2025-01-20 12:44:26,092 - INFO - Epoch 13, Batch 5: Loss = 0.6342, Accuracy = 0.6656
2025-01-20 12:44:27,763 - INFO - Epoch 13, Batch 10: Loss = 0.6468, Accuracy = 0.6570
2025-01-20 12:44:29,488 - INFO - Epoch 13, Batch 15: Loss = 0.5915, Accuracy = 0.6677
2025-01-20 12:44:29,949 - INFO - Validation: Loss = 0.6974, Accuracy = 0.5425, Precision = 0.8800, Recall = 0.5288, F1 = 0.6607
2025-01-20 12:44:29,953 - INFO - Epoch 13/200: Train Loss = 0.6196, Val Loss = 0.6974
2025-01-20 12:44:31,656 - INFO - Epoch 14, Batch 5: Loss = 0.6160, Accuracy = 0.6547
2025-01-20 12:44:33,356 - INFO - Epoch 14, Batch 10: Loss = 0.5917, Accuracy = 0.6695
2025-01-20 12:44:35,025 - INFO - Epoch 14, Batch 15: Loss = 0.6185, Accuracy = 0.6625
2025-01-20 12:44:35,488 - INFO - Validation: Loss = 0.7184, Accuracy = 0.5223, Precision = 0.8814, Recall = 0.5000, F1 = 0.6380
2025-01-20 12:44:35,492 - INFO - Epoch 14/200: Train Loss = 0.6172, Val Loss = 0.7184
2025-01-20 12:44:37,198 - INFO - Epoch 15, Batch 5: Loss = 0.6145, Accuracy = 0.6562
2025-01-20 12:44:38,879 - INFO - Epoch 15, Batch 10: Loss = 0.5996, Accuracy = 0.6742
2025-01-20 12:44:40,551 - INFO - Epoch 15, Batch 15: Loss = 0.5974, Accuracy = 0.6745
2025-01-20 12:44:41,015 - INFO - Validation: Loss = 0.7413, Accuracy = 0.4777, Precision = 0.8762, Recall = 0.4423, F1 = 0.5879
2025-01-20 12:44:41,019 - INFO - Epoch 15/200: Train Loss = 0.6114, Val Loss = 0.7413
2025-01-20 12:44:42,719 - INFO - Epoch 16, Batch 5: Loss = 0.5961, Accuracy = 0.6813
2025-01-20 12:44:44,521 - INFO - Epoch 16, Batch 10: Loss = 0.6283, Accuracy = 0.6758
2025-01-20 12:44:46,254 - INFO - Epoch 16, Batch 15: Loss = 0.6233, Accuracy = 0.6786
2025-01-20 12:44:46,736 - INFO - Validation: Loss = 0.7870, Accuracy = 0.4211, Precision = 0.9012, Recall = 0.3510, F1 = 0.5052
2025-01-20 12:44:46,740 - INFO - Epoch 16/200: Train Loss = 0.6132, Val Loss = 0.7870
2025-01-20 12:44:48,483 - INFO - Epoch 17, Batch 5: Loss = 0.5943, Accuracy = 0.6734
2025-01-20 12:44:50,166 - INFO - Epoch 17, Batch 10: Loss = 0.6319, Accuracy = 0.6914
2025-01-20 12:44:51,840 - INFO - Epoch 17, Batch 15: Loss = 0.6193, Accuracy = 0.6745
2025-01-20 12:44:52,301 - INFO - Validation: Loss = 0.7003, Accuracy = 0.5344, Precision = 0.8720, Recall = 0.5240, F1 = 0.6547
2025-01-20 12:44:52,305 - INFO - Epoch 17/200: Train Loss = 0.6121, Val Loss = 0.7003
2025-01-20 12:44:54,008 - INFO - Epoch 18, Batch 5: Loss = 0.5929, Accuracy = 0.6891
2025-01-20 12:44:55,692 - INFO - Epoch 18, Batch 10: Loss = 0.6412, Accuracy = 0.6781
2025-01-20 12:44:57,379 - INFO - Epoch 18, Batch 15: Loss = 0.6036, Accuracy = 0.6750
2025-01-20 12:44:57,838 - INFO - Validation: Loss = 0.6829, Accuracy = 0.6113, Precision = 0.8944, Recall = 0.6106, F1 = 0.7257
2025-01-20 12:44:57,842 - INFO - Epoch 18/200: Train Loss = 0.6045, Val Loss = 0.6829
2025-01-20 12:44:59,559 - INFO - Epoch 19, Batch 5: Loss = 0.5992, Accuracy = 0.6844
2025-01-20 12:45:01,238 - INFO - Epoch 19, Batch 10: Loss = 0.5413, Accuracy = 0.6875
2025-01-20 12:45:02,914 - INFO - Epoch 19, Batch 15: Loss = 0.6001, Accuracy = 0.6792
2025-01-20 12:45:03,374 - INFO - Validation: Loss = 0.7385, Accuracy = 0.5020, Precision = 0.8829, Recall = 0.4712, F1 = 0.6144
2025-01-20 12:45:03,378 - INFO - Epoch 19/200: Train Loss = 0.5995, Val Loss = 0.7385
2025-01-20 12:45:05,077 - INFO - Epoch 20, Batch 5: Loss = 0.5679, Accuracy = 0.6766
2025-01-20 12:45:06,744 - INFO - Epoch 20, Batch 10: Loss = 0.5940, Accuracy = 0.6867
2025-01-20 12:45:08,413 - INFO - Epoch 20, Batch 15: Loss = 0.6060, Accuracy = 0.6813
2025-01-20 12:45:08,872 - INFO - Validation: Loss = 0.6907, Accuracy = 0.5668, Precision = 0.8797, Recall = 0.5625, F1 = 0.6862
2025-01-20 12:45:08,876 - INFO - Epoch 20/200: Train Loss = 0.6037, Val Loss = 0.6907
2025-01-20 12:45:10,581 - INFO - Epoch 21, Batch 5: Loss = 0.6368, Accuracy = 0.6422
2025-01-20 12:45:12,255 - INFO - Epoch 21, Batch 10: Loss = 0.6117, Accuracy = 0.6680
2025-01-20 12:45:13,929 - INFO - Epoch 21, Batch 15: Loss = 0.5517, Accuracy = 0.6823
2025-01-20 12:45:14,391 - INFO - Validation: Loss = 0.6635, Accuracy = 0.6356, Precision = 0.8831, Recall = 0.6538, F1 = 0.7514
2025-01-20 12:45:14,395 - INFO - Epoch 21/200: Train Loss = 0.5976, Val Loss = 0.6635
2025-01-20 12:45:16,093 - INFO - Epoch 22, Batch 5: Loss = 0.5606, Accuracy = 0.6734
2025-01-20 12:45:17,769 - INFO - Epoch 22, Batch 10: Loss = 0.5871, Accuracy = 0.6805
2025-01-20 12:45:19,440 - INFO - Epoch 22, Batch 15: Loss = 0.6110, Accuracy = 0.6771
2025-01-20 12:45:19,902 - INFO - Validation: Loss = 0.7383, Accuracy = 0.5020, Precision = 0.8899, Recall = 0.4663, F1 = 0.6120
2025-01-20 12:45:19,907 - INFO - Epoch 22/200: Train Loss = 0.5986, Val Loss = 0.7383
2025-01-20 12:45:21,614 - INFO - Epoch 23, Batch 5: Loss = 0.6406, Accuracy = 0.6750
2025-01-20 12:45:23,295 - INFO - Epoch 23, Batch 10: Loss = 0.6247, Accuracy = 0.6711
2025-01-20 12:45:24,983 - INFO - Epoch 23, Batch 15: Loss = 0.5719, Accuracy = 0.6776
2025-01-20 12:45:25,451 - INFO - Validation: Loss = 0.7039, Accuracy = 0.5385, Precision = 0.8730, Recall = 0.5288, F1 = 0.6587
2025-01-20 12:45:25,455 - INFO - Epoch 23/200: Train Loss = 0.6018, Val Loss = 0.7039
2025-01-20 12:45:27,177 - INFO - Epoch 24, Batch 5: Loss = 0.5817, Accuracy = 0.6813
2025-01-20 12:45:28,864 - INFO - Epoch 24, Batch 10: Loss = 0.6169, Accuracy = 0.6680
2025-01-20 12:45:30,561 - INFO - Epoch 24, Batch 15: Loss = 0.5893, Accuracy = 0.6734
2025-01-20 12:45:31,025 - INFO - Validation: Loss = 0.6244, Accuracy = 0.6842, Precision = 0.8869, Recall = 0.7163, F1 = 0.7926
2025-01-20 12:45:31,029 - INFO - Epoch 24/200: Train Loss = 0.5991, Val Loss = 0.6244
2025-01-20 12:45:31,967 - INFO - Checkpoint saved at ./output/checkpoints//best_model.pth
2025-01-20 12:45:32,433 - INFO - Model improved at epoch 24. Checkpoint saved.
2025-01-20 12:45:34,127 - INFO - Epoch 25, Batch 5: Loss = 0.5735, Accuracy = 0.6828
2025-01-20 12:45:35,844 - INFO - Epoch 25, Batch 10: Loss = 0.6144, Accuracy = 0.6781
2025-01-20 12:45:37,529 - INFO - Epoch 25, Batch 15: Loss = 0.5855, Accuracy = 0.6833
2025-01-20 12:45:37,992 - INFO - Validation: Loss = 0.7050, Accuracy = 0.5709, Precision = 0.8923, Recall = 0.5577, F1 = 0.6864
2025-01-20 12:45:37,996 - INFO - Epoch 25/200: Train Loss = 0.5932, Val Loss = 0.7050
2025-01-20 12:45:39,708 - INFO - Epoch 26, Batch 5: Loss = 0.6137, Accuracy = 0.6875
2025-01-20 12:45:41,393 - INFO - Epoch 26, Batch 10: Loss = 0.5387, Accuracy = 0.7016
2025-01-20 12:45:43,079 - INFO - Epoch 26, Batch 15: Loss = 0.6011, Accuracy = 0.7052
2025-01-20 12:45:43,544 - INFO - Validation: Loss = 0.7108, Accuracy = 0.5547, Precision = 0.8889, Recall = 0.5385, F1 = 0.6707
2025-01-20 12:45:43,548 - INFO - Epoch 26/200: Train Loss = 0.5839, Val Loss = 0.7108
2025-01-20 12:45:45,289 - INFO - Epoch 27, Batch 5: Loss = 0.5776, Accuracy = 0.7109
2025-01-20 12:45:46,986 - INFO - Epoch 27, Batch 10: Loss = 0.5875, Accuracy = 0.7047
2025-01-20 12:45:48,685 - INFO - Epoch 27, Batch 15: Loss = 0.5288, Accuracy = 0.7104
2025-01-20 12:45:49,145 - INFO - Validation: Loss = 0.7163, Accuracy = 0.5668, Precision = 0.9040, Recall = 0.5433, F1 = 0.6787
2025-01-20 12:45:49,150 - INFO - Epoch 27/200: Train Loss = 0.5804, Val Loss = 0.7163
2025-01-20 12:45:50,858 - INFO - Epoch 28, Batch 5: Loss = 0.5771, Accuracy = 0.7016
2025-01-20 12:45:52,543 - INFO - Epoch 28, Batch 10: Loss = 0.5446, Accuracy = 0.6891
2025-01-20 12:45:54,231 - INFO - Epoch 28, Batch 15: Loss = 0.5868, Accuracy = 0.6990
2025-01-20 12:45:54,692 - INFO - Validation: Loss = 0.7006, Accuracy = 0.5911, Precision = 0.8794, Recall = 0.5962, F1 = 0.7106
2025-01-20 12:45:54,697 - INFO - Epoch 28/200: Train Loss = 0.5759, Val Loss = 0.7006
2025-01-20 12:45:56,403 - INFO - Epoch 29, Batch 5: Loss = 0.5744, Accuracy = 0.7188
2025-01-20 12:45:58,086 - INFO - Epoch 29, Batch 10: Loss = 0.5614, Accuracy = 0.7141
2025-01-20 12:45:59,765 - INFO - Epoch 29, Batch 15: Loss = 0.5643, Accuracy = 0.7130
2025-01-20 12:46:00,227 - INFO - Validation: Loss = 0.7027, Accuracy = 0.5749, Precision = 0.8992, Recall = 0.5577, F1 = 0.6884
2025-01-20 12:46:00,231 - INFO - Epoch 29/200: Train Loss = 0.5740, Val Loss = 0.7027
2025-01-20 12:46:01,930 - INFO - Epoch 30, Batch 5: Loss = 0.5855, Accuracy = 0.7078
2025-01-20 12:46:03,614 - INFO - Epoch 30, Batch 10: Loss = 0.6319, Accuracy = 0.7023
2025-01-20 12:46:05,302 - INFO - Epoch 30, Batch 15: Loss = 0.6039, Accuracy = 0.7005
2025-01-20 12:46:05,762 - INFO - Validation: Loss = 0.7707, Accuracy = 0.5101, Precision = 0.9143, Recall = 0.4615, F1 = 0.6134
2025-01-20 12:46:05,766 - INFO - Epoch 30/200: Train Loss = 0.5792, Val Loss = 0.7707
2025-01-20 12:46:07,472 - INFO - Epoch 31, Batch 5: Loss = 0.5857, Accuracy = 0.7141
2025-01-20 12:46:09,155 - INFO - Epoch 31, Batch 10: Loss = 0.5810, Accuracy = 0.7086
2025-01-20 12:46:10,834 - INFO - Epoch 31, Batch 15: Loss = 0.5313, Accuracy = 0.7167
2025-01-20 12:46:11,291 - INFO - Validation: Loss = 0.7295, Accuracy = 0.5344, Precision = 0.8974, Recall = 0.5048, F1 = 0.6462
2025-01-20 12:46:11,295 - INFO - Epoch 31/200: Train Loss = 0.5718, Val Loss = 0.7295
2025-01-20 12:46:13,000 - INFO - Epoch 32, Batch 5: Loss = 0.5326, Accuracy = 0.7234
2025-01-20 12:46:14,678 - INFO - Epoch 32, Batch 10: Loss = 0.5613, Accuracy = 0.7180
2025-01-20 12:46:16,350 - INFO - Epoch 32, Batch 15: Loss = 0.5799, Accuracy = 0.7078
2025-01-20 12:46:16,809 - INFO - Validation: Loss = 0.7690, Accuracy = 0.5142, Precision = 0.9151, Recall = 0.4663, F1 = 0.6178
2025-01-20 12:46:16,814 - INFO - Epoch 32/200: Train Loss = 0.5642, Val Loss = 0.7690
2025-01-20 12:46:18,528 - INFO - Epoch 33, Batch 5: Loss = 0.5590, Accuracy = 0.6984
2025-01-20 12:46:20,215 - INFO - Epoch 33, Batch 10: Loss = 0.5800, Accuracy = 0.6937
2025-01-20 12:46:21,897 - INFO - Epoch 33, Batch 15: Loss = 0.5881, Accuracy = 0.6990
2025-01-20 12:46:22,357 - INFO - Validation: Loss = 0.7313, Accuracy = 0.5547, Precision = 0.9153, Recall = 0.5192, F1 = 0.6626
2025-01-20 12:46:22,361 - INFO - Epoch 33/200: Train Loss = 0.5732, Val Loss = 0.7313
2025-01-20 12:46:24,077 - INFO - Epoch 34, Batch 5: Loss = 0.4861, Accuracy = 0.7297
2025-01-20 12:46:25,767 - INFO - Epoch 34, Batch 10: Loss = 0.5733, Accuracy = 0.7336
2025-01-20 12:46:27,451 - INFO - Epoch 34, Batch 15: Loss = 0.5648, Accuracy = 0.7224
2025-01-20 12:46:27,913 - INFO - Validation: Loss = 0.6826, Accuracy = 0.5951, Precision = 0.8803, Recall = 0.6010, F1 = 0.7143
2025-01-20 12:46:27,918 - INFO - Epoch 34/200: Train Loss = 0.5637, Val Loss = 0.6826
2025-01-20 12:46:29,630 - INFO - Epoch 35, Batch 5: Loss = 0.5685, Accuracy = 0.7000
2025-01-20 12:46:31,301 - INFO - Epoch 35, Batch 10: Loss = 0.5273, Accuracy = 0.7180
2025-01-20 12:46:32,972 - INFO - Epoch 35, Batch 15: Loss = 0.6027, Accuracy = 0.7156
2025-01-20 12:46:33,431 - INFO - Validation: Loss = 0.6164, Accuracy = 0.6883, Precision = 0.8970, Recall = 0.7115, F1 = 0.7936
2025-01-20 12:46:33,435 - INFO - Epoch 35/200: Train Loss = 0.5506, Val Loss = 0.6164
2025-01-20 12:46:34,369 - INFO - Checkpoint saved at ./output/checkpoints//best_model.pth
2025-01-20 12:46:34,831 - INFO - Model improved at epoch 35. Checkpoint saved.
2025-01-20 12:46:36,516 - INFO - Epoch 36, Batch 5: Loss = 0.5612, Accuracy = 0.7297
2025-01-20 12:46:38,217 - INFO - Epoch 36, Batch 10: Loss = 0.6185, Accuracy = 0.7188
2025-01-20 12:46:39,899 - INFO - Epoch 36, Batch 15: Loss = 0.5766, Accuracy = 0.7141
2025-01-20 12:46:40,362 - INFO - Validation: Loss = 0.7068, Accuracy = 0.5789, Precision = 0.8939, Recall = 0.5673, F1 = 0.6941
2025-01-20 12:46:40,367 - INFO - Epoch 36/200: Train Loss = 0.5646, Val Loss = 0.7068
2025-01-20 12:46:42,071 - INFO - Epoch 37, Batch 5: Loss = 0.5358, Accuracy = 0.7328
2025-01-20 12:46:43,753 - INFO - Epoch 37, Batch 10: Loss = 0.5917, Accuracy = 0.7242
2025-01-20 12:46:45,431 - INFO - Epoch 37, Batch 15: Loss = 0.5957, Accuracy = 0.7203
2025-01-20 12:46:45,893 - INFO - Validation: Loss = 0.6899, Accuracy = 0.5951, Precision = 0.8857, Recall = 0.5962, F1 = 0.7126
2025-01-20 12:46:45,897 - INFO - Epoch 37/200: Train Loss = 0.5579, Val Loss = 0.6899
2025-01-20 12:46:47,605 - INFO - Epoch 38, Batch 5: Loss = 0.6024, Accuracy = 0.6828
2025-01-20 12:46:49,317 - INFO - Epoch 38, Batch 10: Loss = 0.5510, Accuracy = 0.7016
2025-01-20 12:46:51,005 - INFO - Epoch 38, Batch 15: Loss = 0.5136, Accuracy = 0.7109
2025-01-20 12:46:51,467 - INFO - Validation: Loss = 0.6257, Accuracy = 0.6478, Precision = 0.8712, Recall = 0.6827, F1 = 0.7655
2025-01-20 12:46:51,471 - INFO - Epoch 38/200: Train Loss = 0.5578, Val Loss = 0.6257
2025-01-20 12:46:53,195 - INFO - Epoch 39, Batch 5: Loss = 0.4475, Accuracy = 0.7281
2025-01-20 12:46:54,879 - INFO - Epoch 39, Batch 10: Loss = 0.5521, Accuracy = 0.7352
2025-01-20 12:46:56,574 - INFO - Epoch 39, Batch 15: Loss = 0.5420, Accuracy = 0.7365
2025-01-20 12:46:57,040 - INFO - Validation: Loss = 0.6779, Accuracy = 0.6154, Precision = 0.8844, Recall = 0.6250, F1 = 0.7324
2025-01-20 12:46:57,044 - INFO - Epoch 39/200: Train Loss = 0.5416, Val Loss = 0.6779
2025-01-20 12:46:58,772 - INFO - Epoch 40, Batch 5: Loss = 0.5845, Accuracy = 0.7531
2025-01-20 12:47:00,463 - INFO - Epoch 40, Batch 10: Loss = 0.5824, Accuracy = 0.7344
2025-01-20 12:47:02,154 - INFO - Epoch 40, Batch 15: Loss = 0.5498, Accuracy = 0.7354
2025-01-20 12:47:02,617 - INFO - Validation: Loss = 0.7558, Accuracy = 0.5425, Precision = 0.8862, Recall = 0.5240, F1 = 0.6586
2025-01-20 12:47:02,621 - INFO - Epoch 40/200: Train Loss = 0.5347, Val Loss = 0.7558
2025-01-20 12:47:04,334 - INFO - Epoch 41, Batch 5: Loss = 0.5783, Accuracy = 0.6906
2025-01-20 12:47:06,015 - INFO - Epoch 41, Batch 10: Loss = 0.5388, Accuracy = 0.7258
2025-01-20 12:47:07,694 - INFO - Epoch 41, Batch 15: Loss = 0.5476, Accuracy = 0.7396
2025-01-20 12:47:08,158 - INFO - Validation: Loss = 0.6925, Accuracy = 0.5789, Precision = 0.8881, Recall = 0.5721, F1 = 0.6959
2025-01-20 12:47:08,162 - INFO - Epoch 41/200: Train Loss = 0.5432, Val Loss = 0.6925
2025-01-20 12:47:09,867 - INFO - Epoch 42, Batch 5: Loss = 0.6027, Accuracy = 0.7125
2025-01-20 12:47:11,545 - INFO - Epoch 42, Batch 10: Loss = 0.5438, Accuracy = 0.7227
2025-01-20 12:47:13,213 - INFO - Epoch 42, Batch 15: Loss = 0.5675, Accuracy = 0.7219
2025-01-20 12:47:13,676 - INFO - Validation: Loss = 0.6391, Accuracy = 0.6437, Precision = 0.8797, Recall = 0.6683, F1 = 0.7596
2025-01-20 12:47:13,680 - INFO - Epoch 42/200: Train Loss = 0.5439, Val Loss = 0.6391
2025-01-20 12:47:15,380 - INFO - Epoch 43, Batch 5: Loss = 0.4972, Accuracy = 0.7266
2025-01-20 12:47:17,065 - INFO - Epoch 43, Batch 10: Loss = 0.4887, Accuracy = 0.7438
2025-01-20 12:47:18,748 - INFO - Epoch 43, Batch 15: Loss = 0.5121, Accuracy = 0.7365
2025-01-20 12:47:19,213 - INFO - Validation: Loss = 0.7100, Accuracy = 0.5992, Precision = 0.9098, Recall = 0.5817, F1 = 0.7097
2025-01-20 12:47:19,217 - INFO - Epoch 43/200: Train Loss = 0.5373, Val Loss = 0.7100
2025-01-20 12:47:21,036 - INFO - Epoch 44, Batch 5: Loss = 0.5571, Accuracy = 0.7422
2025-01-20 12:47:22,850 - INFO - Epoch 44, Batch 10: Loss = 0.5142, Accuracy = 0.7539
2025-01-20 12:47:24,538 - INFO - Epoch 44, Batch 15: Loss = 0.5244, Accuracy = 0.7464
2025-01-20 12:47:25,001 - INFO - Validation: Loss = 0.6540, Accuracy = 0.6316, Precision = 0.8774, Recall = 0.6538, F1 = 0.7493
2025-01-20 12:47:25,005 - INFO - Epoch 44/200: Train Loss = 0.5208, Val Loss = 0.6540
2025-01-20 12:47:26,715 - INFO - Epoch 45, Batch 5: Loss = 0.5190, Accuracy = 0.7562
2025-01-20 12:47:28,396 - INFO - Epoch 45, Batch 10: Loss = 0.5069, Accuracy = 0.7414
2025-01-20 12:47:30,072 - INFO - Epoch 45, Batch 15: Loss = 0.4802, Accuracy = 0.7411
2025-01-20 12:47:30,542 - INFO - Validation: Loss = 0.6211, Accuracy = 0.6559, Precision = 0.8683, Recall = 0.6971, F1 = 0.7733
2025-01-20 12:47:30,546 - INFO - Epoch 45/200: Train Loss = 0.5193, Val Loss = 0.6211
2025-01-20 12:47:32,243 - INFO - Epoch 46, Batch 5: Loss = 0.5323, Accuracy = 0.7609
2025-01-20 12:47:33,914 - INFO - Epoch 46, Batch 10: Loss = 0.4908, Accuracy = 0.7492
2025-01-20 12:47:35,583 - INFO - Epoch 46, Batch 15: Loss = 0.5270, Accuracy = 0.7438
2025-01-20 12:47:36,048 - INFO - Validation: Loss = 0.7425, Accuracy = 0.5547, Precision = 0.8952, Recall = 0.5337, F1 = 0.6687
2025-01-20 12:47:36,052 - INFO - Epoch 46/200: Train Loss = 0.5272, Val Loss = 0.7425
2025-01-20 12:47:37,765 - INFO - Epoch 47, Batch 5: Loss = 0.5931, Accuracy = 0.7219
2025-01-20 12:47:39,457 - INFO - Epoch 47, Batch 10: Loss = 0.4970, Accuracy = 0.7398
2025-01-20 12:47:41,202 - INFO - Epoch 47, Batch 15: Loss = 0.4910, Accuracy = 0.7490
2025-01-20 12:47:41,675 - INFO - Validation: Loss = 0.8522, Accuracy = 0.4696, Precision = 0.9053, Recall = 0.4135, F1 = 0.5677
2025-01-20 12:47:41,680 - INFO - Epoch 47/200: Train Loss = 0.5147, Val Loss = 0.8522
2025-01-20 12:47:43,442 - INFO - Epoch 48, Batch 5: Loss = 0.5960, Accuracy = 0.7281
2025-01-20 12:47:45,128 - INFO - Epoch 48, Batch 10: Loss = 0.5662, Accuracy = 0.7281
2025-01-20 12:47:46,811 - INFO - Epoch 48, Batch 15: Loss = 0.5115, Accuracy = 0.7339
2025-01-20 12:47:47,272 - INFO - Validation: Loss = 0.6910, Accuracy = 0.6032, Precision = 0.8767, Recall = 0.6154, F1 = 0.7232
2025-01-20 12:47:47,276 - INFO - Epoch 48/200: Train Loss = 0.5284, Val Loss = 0.6910
2025-01-20 12:47:48,997 - INFO - Epoch 49, Batch 5: Loss = 0.5346, Accuracy = 0.7344
2025-01-20 12:47:50,684 - INFO - Epoch 49, Batch 10: Loss = 0.5925, Accuracy = 0.7367
2025-01-20 12:47:52,510 - INFO - Epoch 49, Batch 15: Loss = 0.4861, Accuracy = 0.7448
2025-01-20 12:47:53,016 - INFO - Validation: Loss = 0.5735, Accuracy = 0.7247, Precision = 0.8804, Recall = 0.7788, F1 = 0.8265
2025-01-20 12:47:53,020 - INFO - Epoch 49/200: Train Loss = 0.5329, Val Loss = 0.5735
2025-01-20 12:47:53,935 - INFO - Checkpoint saved at ./output/checkpoints//best_model.pth
2025-01-20 12:47:54,390 - INFO - Model improved at epoch 49. Checkpoint saved.
2025-01-20 12:47:56,424 - INFO - Epoch 50, Batch 5: Loss = 0.4931, Accuracy = 0.7375
2025-01-20 12:47:58,298 - INFO - Epoch 50, Batch 10: Loss = 0.5087, Accuracy = 0.7289
2025-01-20 12:48:00,370 - INFO - Epoch 50, Batch 15: Loss = 0.4613, Accuracy = 0.7359
2025-01-20 12:48:00,894 - INFO - Validation: Loss = 0.7496, Accuracy = 0.5628, Precision = 0.9098, Recall = 0.5337, F1 = 0.6727
2025-01-20 12:48:00,898 - INFO - Epoch 50/200: Train Loss = 0.5225, Val Loss = 0.7496
2025-01-20 12:48:02,947 - INFO - Epoch 51, Batch 5: Loss = 0.4732, Accuracy = 0.7359
2025-01-20 12:48:04,647 - INFO - Epoch 51, Batch 10: Loss = 0.5204, Accuracy = 0.7500
2025-01-20 12:48:06,352 - INFO - Epoch 51, Batch 15: Loss = 0.4637, Accuracy = 0.7505
2025-01-20 12:48:06,818 - INFO - Validation: Loss = 0.6603, Accuracy = 0.6316, Precision = 0.8726, Recall = 0.6587, F1 = 0.7507
2025-01-20 12:48:06,822 - INFO - Epoch 51/200: Train Loss = 0.5150, Val Loss = 0.6603
2025-01-20 12:48:08,637 - INFO - Epoch 52, Batch 5: Loss = 0.5449, Accuracy = 0.7516
2025-01-20 12:48:10,361 - INFO - Epoch 52, Batch 10: Loss = 0.5545, Accuracy = 0.7594
2025-01-20 12:48:12,296 - INFO - Epoch 52, Batch 15: Loss = 0.4937, Accuracy = 0.7625
2025-01-20 12:48:12,845 - INFO - Validation: Loss = 0.6882, Accuracy = 0.6194, Precision = 0.8958, Recall = 0.6202, F1 = 0.7330
2025-01-20 12:48:12,849 - INFO - Epoch 52/200: Train Loss = 0.5010, Val Loss = 0.6882
2025-01-20 12:48:14,576 - INFO - Epoch 53, Batch 5: Loss = 0.4803, Accuracy = 0.7609
2025-01-20 12:48:16,465 - INFO - Epoch 53, Batch 10: Loss = 0.5230, Accuracy = 0.7570
2025-01-20 12:48:18,457 - INFO - Epoch 53, Batch 15: Loss = 0.5261, Accuracy = 0.7609
2025-01-20 12:48:18,998 - INFO - Validation: Loss = 0.7834, Accuracy = 0.5425, Precision = 0.8992, Recall = 0.5144, F1 = 0.6544
2025-01-20 12:48:19,002 - INFO - Epoch 53/200: Train Loss = 0.4997, Val Loss = 0.7834
2025-01-20 12:48:20,750 - INFO - Epoch 54, Batch 5: Loss = 0.4486, Accuracy = 0.7766
2025-01-20 12:48:22,457 - INFO - Epoch 54, Batch 10: Loss = 0.5541, Accuracy = 0.7508
2025-01-20 12:48:24,183 - INFO - Epoch 54, Batch 15: Loss = 0.5376, Accuracy = 0.7526
2025-01-20 12:48:24,653 - INFO - Validation: Loss = 0.7059, Accuracy = 0.6113, Precision = 0.9058, Recall = 0.6010, F1 = 0.7225
2025-01-20 12:48:24,657 - INFO - Epoch 54/200: Train Loss = 0.5033, Val Loss = 0.7059
2025-01-20 12:48:26,385 - INFO - Epoch 55, Batch 5: Loss = 0.5152, Accuracy = 0.7641
2025-01-20 12:48:28,198 - INFO - Epoch 55, Batch 10: Loss = 0.5325, Accuracy = 0.7461
2025-01-20 12:48:29,899 - INFO - Epoch 55, Batch 15: Loss = 0.5555, Accuracy = 0.7385
2025-01-20 12:48:30,395 - INFO - Validation: Loss = 0.6411, Accuracy = 0.6356, Precision = 0.8734, Recall = 0.6635, F1 = 0.7541
2025-01-20 12:48:30,399 - INFO - Epoch 55/200: Train Loss = 0.5096, Val Loss = 0.6411
2025-01-20 12:48:32,246 - INFO - Epoch 56, Batch 5: Loss = 0.5024, Accuracy = 0.7562
2025-01-20 12:48:34,082 - INFO - Epoch 56, Batch 10: Loss = 0.4837, Accuracy = 0.7477
2025-01-20 12:48:35,903 - INFO - Epoch 56, Batch 15: Loss = 0.5185, Accuracy = 0.7526
2025-01-20 12:48:36,504 - INFO - Validation: Loss = 0.7109, Accuracy = 0.5789, Precision = 0.8881, Recall = 0.5721, F1 = 0.6959
2025-01-20 12:48:36,508 - INFO - Epoch 56/200: Train Loss = 0.5008, Val Loss = 0.7109
2025-01-20 12:48:38,278 - INFO - Epoch 57, Batch 5: Loss = 0.4541, Accuracy = 0.7750
2025-01-20 12:48:40,078 - INFO - Epoch 57, Batch 10: Loss = 0.5269, Accuracy = 0.7602
2025-01-20 12:48:41,838 - INFO - Epoch 57, Batch 15: Loss = 0.4907, Accuracy = 0.7703
2025-01-20 12:48:42,307 - INFO - Validation: Loss = 0.7758, Accuracy = 0.5749, Precision = 0.9187, Recall = 0.5433, F1 = 0.6828
2025-01-20 12:48:42,311 - INFO - Epoch 57/200: Train Loss = 0.4844, Val Loss = 0.7758
2025-01-20 12:48:44,029 - INFO - Epoch 58, Batch 5: Loss = 0.4754, Accuracy = 0.7547
2025-01-20 12:48:45,800 - INFO - Epoch 58, Batch 10: Loss = 0.4970, Accuracy = 0.7664
2025-01-20 12:48:47,508 - INFO - Epoch 58, Batch 15: Loss = 0.5294, Accuracy = 0.7651
2025-01-20 12:48:47,981 - INFO - Validation: Loss = 0.6991, Accuracy = 0.6356, Precision = 0.9097, Recall = 0.6298, F1 = 0.7443
2025-01-20 12:48:47,999 - INFO - Epoch 58/200: Train Loss = 0.4905, Val Loss = 0.6991
2025-01-20 12:48:49,757 - INFO - Epoch 59, Batch 5: Loss = 0.4959, Accuracy = 0.7578
2025-01-20 12:48:51,460 - INFO - Epoch 59, Batch 10: Loss = 0.4327, Accuracy = 0.7695
2025-01-20 12:48:53,165 - INFO - Epoch 59, Batch 15: Loss = 0.5065, Accuracy = 0.7661
2025-01-20 12:48:53,632 - INFO - Validation: Loss = 0.7038, Accuracy = 0.5911, Precision = 0.8849, Recall = 0.5913, F1 = 0.7089
2025-01-20 12:48:53,636 - INFO - Epoch 59/200: Train Loss = 0.4920, Val Loss = 0.7038
2025-01-20 12:48:55,388 - INFO - Epoch 60, Batch 5: Loss = 0.5084, Accuracy = 0.7797
2025-01-20 12:48:57,199 - INFO - Epoch 60, Batch 10: Loss = 0.5074, Accuracy = 0.7602
2025-01-20 12:48:58,944 - INFO - Epoch 60, Batch 15: Loss = 0.5194, Accuracy = 0.7589
2025-01-20 12:48:59,415 - INFO - Validation: Loss = 0.7133, Accuracy = 0.6194, Precision = 0.8904, Recall = 0.6250, F1 = 0.7345
2025-01-20 12:48:59,419 - INFO - Epoch 60/200: Train Loss = 0.4842, Val Loss = 0.7133
2025-01-20 12:49:01,122 - INFO - Epoch 61, Batch 5: Loss = 0.4936, Accuracy = 0.7766
2025-01-20 12:49:02,812 - INFO - Epoch 61, Batch 10: Loss = 0.5077, Accuracy = 0.7742
2025-01-20 12:49:04,498 - INFO - Epoch 61, Batch 15: Loss = 0.4965, Accuracy = 0.7745
2025-01-20 12:49:04,959 - INFO - Validation: Loss = 0.7510, Accuracy = 0.5709, Precision = 0.8923, Recall = 0.5577, F1 = 0.6864
2025-01-20 12:49:04,964 - INFO - Epoch 61/200: Train Loss = 0.4853, Val Loss = 0.7510
2025-01-20 12:49:06,680 - INFO - Epoch 62, Batch 5: Loss = 0.5037, Accuracy = 0.7734
2025-01-20 12:49:08,364 - INFO - Epoch 62, Batch 10: Loss = 0.4528, Accuracy = 0.7781
2025-01-20 12:49:10,060 - INFO - Epoch 62, Batch 15: Loss = 0.4798, Accuracy = 0.7698
2025-01-20 12:49:10,522 - INFO - Validation: Loss = 0.7647, Accuracy = 0.5709, Precision = 0.8984, Recall = 0.5529, F1 = 0.6845
2025-01-20 12:49:10,526 - INFO - Epoch 62/200: Train Loss = 0.4817, Val Loss = 0.7647
2025-01-20 12:49:12,237 - INFO - Epoch 63, Batch 5: Loss = 0.4498, Accuracy = 0.8016
2025-01-20 12:49:13,922 - INFO - Epoch 63, Batch 10: Loss = 0.5233, Accuracy = 0.7844
2025-01-20 12:49:15,604 - INFO - Epoch 63, Batch 15: Loss = 0.4983, Accuracy = 0.7760
2025-01-20 12:49:16,066 - INFO - Validation: Loss = 0.7698, Accuracy = 0.5709, Precision = 0.9048, Recall = 0.5481, F1 = 0.6826
2025-01-20 12:49:16,070 - INFO - Epoch 63/200: Train Loss = 0.4648, Val Loss = 0.7698
2025-01-20 12:49:17,774 - INFO - Epoch 64, Batch 5: Loss = 0.5374, Accuracy = 0.7656
2025-01-20 12:49:19,456 - INFO - Epoch 64, Batch 10: Loss = 0.4388, Accuracy = 0.7688
2025-01-20 12:49:21,152 - INFO - Epoch 64, Batch 15: Loss = 0.5516, Accuracy = 0.7656
2025-01-20 12:49:21,617 - INFO - Validation: Loss = 0.7606, Accuracy = 0.5992, Precision = 0.9160, Recall = 0.5769, F1 = 0.7080
2025-01-20 12:49:21,621 - INFO - Epoch 64/200: Train Loss = 0.4824, Val Loss = 0.7606
2025-01-20 12:49:23,329 - INFO - Epoch 65, Batch 5: Loss = 0.5319, Accuracy = 0.7719
2025-01-20 12:49:25,016 - INFO - Epoch 65, Batch 10: Loss = 0.5144, Accuracy = 0.7773
2025-01-20 12:49:26,705 - INFO - Epoch 65, Batch 15: Loss = 0.4247, Accuracy = 0.7750
2025-01-20 12:49:27,167 - INFO - Validation: Loss = 0.8534, Accuracy = 0.5020, Precision = 0.9126, Recall = 0.4519, F1 = 0.6045
2025-01-20 12:49:27,171 - INFO - Epoch 65/200: Train Loss = 0.4802, Val Loss = 0.8534
2025-01-20 12:49:28,869 - INFO - Epoch 66, Batch 5: Loss = 0.4616, Accuracy = 0.7812
2025-01-20 12:49:30,550 - INFO - Epoch 66, Batch 10: Loss = 0.4719, Accuracy = 0.7695
2025-01-20 12:49:32,223 - INFO - Epoch 66, Batch 15: Loss = 0.4470, Accuracy = 0.7620
2025-01-20 12:49:32,684 - INFO - Validation: Loss = 0.6802, Accuracy = 0.6194, Precision = 0.8851, Recall = 0.6298, F1 = 0.7360
2025-01-20 12:49:32,688 - INFO - Epoch 66/200: Train Loss = 0.4762, Val Loss = 0.6802
2025-01-20 12:49:34,390 - INFO - Epoch 67, Batch 5: Loss = 0.4657, Accuracy = 0.7828
2025-01-20 12:49:36,076 - INFO - Epoch 67, Batch 10: Loss = 0.4232, Accuracy = 0.7836
2025-01-20 12:49:37,793 - INFO - Epoch 67, Batch 15: Loss = 0.4416, Accuracy = 0.7875
2025-01-20 12:49:38,256 - INFO - Validation: Loss = 0.6727, Accuracy = 0.6559, Precision = 0.9073, Recall = 0.6587, F1 = 0.7632
2025-01-20 12:49:38,260 - INFO - Epoch 67/200: Train Loss = 0.4640, Val Loss = 0.6727
2025-01-20 12:49:39,978 - INFO - Epoch 68, Batch 5: Loss = 0.4694, Accuracy = 0.7797
2025-01-20 12:49:41,666 - INFO - Epoch 68, Batch 10: Loss = 0.4813, Accuracy = 0.7852
2025-01-20 12:49:43,347 - INFO - Epoch 68, Batch 15: Loss = 0.4504, Accuracy = 0.7797
2025-01-20 12:49:43,811 - INFO - Validation: Loss = 0.7563, Accuracy = 0.5749, Precision = 0.8872, Recall = 0.5673, F1 = 0.6921
2025-01-20 12:49:43,815 - INFO - Epoch 68/200: Train Loss = 0.4678, Val Loss = 0.7563
2025-01-20 12:49:45,531 - INFO - Epoch 69, Batch 5: Loss = 0.4960, Accuracy = 0.7859
2025-01-20 12:49:47,207 - INFO - Epoch 69, Batch 10: Loss = 0.5277, Accuracy = 0.7773
2025-01-20 12:49:48,882 - INFO - Epoch 69, Batch 15: Loss = 0.3939, Accuracy = 0.7797
2025-01-20 12:49:49,345 - INFO - Validation: Loss = 0.7450, Accuracy = 0.5911, Precision = 0.9023, Recall = 0.5769, F1 = 0.7038
2025-01-20 12:49:49,349 - INFO - Epoch 69/200: Train Loss = 0.4618, Val Loss = 0.7450
2025-01-20 12:49:51,054 - INFO - Epoch 70, Batch 5: Loss = 0.4347, Accuracy = 0.8000
2025-01-20 12:49:52,748 - INFO - Epoch 70, Batch 10: Loss = 0.4287, Accuracy = 0.7914
2025-01-20 12:49:54,436 - INFO - Epoch 70, Batch 15: Loss = 0.4528, Accuracy = 0.7870
2025-01-20 12:49:54,899 - INFO - Validation: Loss = 0.6863, Accuracy = 0.6437, Precision = 0.9000, Recall = 0.6490, F1 = 0.7542
2025-01-20 12:49:54,903 - INFO - Epoch 70/200: Train Loss = 0.4524, Val Loss = 0.6863
2025-01-20 12:49:56,606 - INFO - Epoch 71, Batch 5: Loss = 0.3920, Accuracy = 0.8000
2025-01-20 12:49:58,290 - INFO - Epoch 71, Batch 10: Loss = 0.5574, Accuracy = 0.7836
2025-01-20 12:50:00,002 - INFO - Epoch 71, Batch 15: Loss = 0.4426, Accuracy = 0.7833
2025-01-20 12:50:00,463 - INFO - Validation: Loss = 0.7120, Accuracy = 0.6154, Precision = 0.9007, Recall = 0.6106, F1 = 0.7278
2025-01-20 12:50:00,467 - INFO - Epoch 71/200: Train Loss = 0.4635, Val Loss = 0.7120
2025-01-20 12:50:02,182 - INFO - Epoch 72, Batch 5: Loss = 0.4070, Accuracy = 0.8094
2025-01-20 12:50:03,874 - INFO - Epoch 72, Batch 10: Loss = 0.4753, Accuracy = 0.7937
2025-01-20 12:50:05,557 - INFO - Epoch 72, Batch 15: Loss = 0.4839, Accuracy = 0.7839
2025-01-20 12:50:06,020 - INFO - Validation: Loss = 0.8067, Accuracy = 0.5547, Precision = 0.9016, Recall = 0.5288, F1 = 0.6667
2025-01-20 12:50:06,024 - INFO - Epoch 72/200: Train Loss = 0.4566, Val Loss = 0.8067
2025-01-20 12:50:07,735 - INFO - Epoch 73, Batch 5: Loss = 0.5049, Accuracy = 0.7625
2025-01-20 12:50:09,418 - INFO - Epoch 73, Batch 10: Loss = 0.5253, Accuracy = 0.7820
2025-01-20 12:50:11,105 - INFO - Epoch 73, Batch 15: Loss = 0.3535, Accuracy = 0.7849
2025-01-20 12:50:11,563 - INFO - Validation: Loss = 0.9144, Accuracy = 0.5061, Precision = 0.9135, Recall = 0.4567, F1 = 0.6090
2025-01-20 12:50:11,567 - INFO - Epoch 73/200: Train Loss = 0.4734, Val Loss = 0.9144
2025-01-20 12:50:13,268 - INFO - Epoch 74, Batch 5: Loss = 0.4463, Accuracy = 0.7453
2025-01-20 12:50:14,952 - INFO - Epoch 74, Batch 10: Loss = 0.4908, Accuracy = 0.7727
2025-01-20 12:50:16,634 - INFO - Epoch 74, Batch 15: Loss = 0.4478, Accuracy = 0.7776
2025-01-20 12:50:17,096 - INFO - Validation: Loss = 0.9051, Accuracy = 0.5223, Precision = 0.9167, Recall = 0.4760, F1 = 0.6266
2025-01-20 12:50:17,100 - INFO - Epoch 74/200: Train Loss = 0.4546, Val Loss = 0.9051
2025-01-20 12:50:18,805 - INFO - Epoch 75, Batch 5: Loss = 0.4052, Accuracy = 0.7844
2025-01-20 12:50:20,500 - INFO - Epoch 75, Batch 10: Loss = 0.5477, Accuracy = 0.7961
2025-01-20 12:50:22,183 - INFO - Epoch 75, Batch 15: Loss = 0.4679, Accuracy = 0.7964
2025-01-20 12:50:22,644 - INFO - Validation: Loss = 0.7726, Accuracy = 0.5749, Precision = 0.9055, Recall = 0.5529, F1 = 0.6866
2025-01-20 12:50:22,648 - INFO - Epoch 75/200: Train Loss = 0.4566, Val Loss = 0.7726
2025-01-20 12:50:24,348 - INFO - Epoch 76, Batch 5: Loss = 0.4007, Accuracy = 0.8047
2025-01-20 12:50:26,021 - INFO - Epoch 76, Batch 10: Loss = 0.4744, Accuracy = 0.7937
2025-01-20 12:50:27,695 - INFO - Epoch 76, Batch 15: Loss = 0.4769, Accuracy = 0.7943
2025-01-20 12:50:28,156 - INFO - Validation: Loss = 0.7514, Accuracy = 0.5830, Precision = 0.8947, Recall = 0.5721, F1 = 0.6979
2025-01-20 12:50:28,160 - INFO - Epoch 76/200: Train Loss = 0.4486, Val Loss = 0.7514
2025-01-20 12:50:29,859 - INFO - Epoch 77, Batch 5: Loss = 0.4440, Accuracy = 0.7812
2025-01-20 12:50:31,545 - INFO - Epoch 77, Batch 10: Loss = 0.4135, Accuracy = 0.7891
2025-01-20 12:50:33,241 - INFO - Epoch 77, Batch 15: Loss = 0.4312, Accuracy = 0.7891
2025-01-20 12:50:33,699 - INFO - Validation: Loss = 0.7506, Accuracy = 0.5992, Precision = 0.9098, Recall = 0.5817, F1 = 0.7097
2025-01-20 12:50:33,704 - INFO - Epoch 77/200: Train Loss = 0.4401, Val Loss = 0.7506
2025-01-20 12:50:35,418 - INFO - Epoch 78, Batch 5: Loss = 0.4100, Accuracy = 0.8391
2025-01-20 12:50:37,107 - INFO - Epoch 78, Batch 10: Loss = 0.4483, Accuracy = 0.8164
2025-01-20 12:50:38,781 - INFO - Epoch 78, Batch 15: Loss = 0.4462, Accuracy = 0.8167
2025-01-20 12:50:39,245 - INFO - Validation: Loss = 0.7758, Accuracy = 0.5870, Precision = 0.9077, Recall = 0.5673, F1 = 0.6982
2025-01-20 12:50:39,250 - INFO - Epoch 78/200: Train Loss = 0.4400, Val Loss = 0.7758
2025-01-20 12:50:40,955 - INFO - Epoch 79, Batch 5: Loss = 0.4613, Accuracy = 0.8000
2025-01-20 12:50:42,627 - INFO - Epoch 79, Batch 10: Loss = 0.4258, Accuracy = 0.7906
2025-01-20 12:50:44,299 - INFO - Epoch 79, Batch 15: Loss = 0.4489, Accuracy = 0.7922
2025-01-20 12:50:44,759 - INFO - Validation: Loss = 0.6954, Accuracy = 0.6275, Precision = 0.8919, Recall = 0.6346, F1 = 0.7416
2025-01-20 12:50:44,763 - INFO - Epoch 79/200: Train Loss = 0.4536, Val Loss = 0.6954
2025-01-20 12:50:46,459 - INFO - Epoch 80, Batch 5: Loss = 0.4258, Accuracy = 0.8156
2025-01-20 12:50:48,138 - INFO - Epoch 80, Batch 10: Loss = 0.4510, Accuracy = 0.8063
2025-01-20 12:50:49,806 - INFO - Epoch 80, Batch 15: Loss = 0.4290, Accuracy = 0.8031
2025-01-20 12:50:50,271 - INFO - Validation: Loss = 0.7317, Accuracy = 0.6316, Precision = 0.9149, Recall = 0.6202, F1 = 0.7393
2025-01-20 12:50:50,275 - INFO - Epoch 80/200: Train Loss = 0.4362, Val Loss = 0.7317
2025-01-20 12:50:51,975 - INFO - Epoch 81, Batch 5: Loss = 0.3910, Accuracy = 0.8063
2025-01-20 12:50:53,649 - INFO - Epoch 81, Batch 10: Loss = 0.4149, Accuracy = 0.8016
2025-01-20 12:50:55,325 - INFO - Epoch 81, Batch 15: Loss = 0.3973, Accuracy = 0.8031
2025-01-20 12:50:55,789 - INFO - Validation: Loss = 0.7031, Accuracy = 0.6235, Precision = 0.8966, Recall = 0.6250, F1 = 0.7365
2025-01-20 12:50:55,793 - INFO - Epoch 81/200: Train Loss = 0.4280, Val Loss = 0.7031
2025-01-20 12:50:57,502 - INFO - Epoch 82, Batch 5: Loss = 0.4121, Accuracy = 0.8187
2025-01-20 12:50:59,192 - INFO - Epoch 82, Batch 10: Loss = 0.4411, Accuracy = 0.8031
2025-01-20 12:51:00,880 - INFO - Epoch 82, Batch 15: Loss = 0.4197, Accuracy = 0.8036
2025-01-20 12:51:01,342 - INFO - Validation: Loss = 0.6260, Accuracy = 0.7004, Precision = 0.8988, Recall = 0.7260, F1 = 0.8032
2025-01-20 12:51:01,346 - INFO - Epoch 82/200: Train Loss = 0.4400, Val Loss = 0.6260
2025-01-20 12:51:03,060 - INFO - Epoch 83, Batch 5: Loss = 0.4136, Accuracy = 0.8109
2025-01-20 12:51:04,751 - INFO - Epoch 83, Batch 10: Loss = 0.4256, Accuracy = 0.8078
2025-01-20 12:51:06,438 - INFO - Epoch 83, Batch 15: Loss = 0.3794, Accuracy = 0.8068
2025-01-20 12:51:06,899 - INFO - Validation: Loss = 0.7522, Accuracy = 0.6154, Precision = 0.9124, Recall = 0.6010, F1 = 0.7246
2025-01-20 12:51:06,903 - INFO - Epoch 83/200: Train Loss = 0.4321, Val Loss = 0.7522
2025-01-20 12:51:08,616 - INFO - Epoch 84, Batch 5: Loss = 0.4102, Accuracy = 0.7828
2025-01-20 12:51:10,297 - INFO - Epoch 84, Batch 10: Loss = 0.4567, Accuracy = 0.7898
2025-01-20 12:51:11,975 - INFO - Epoch 84, Batch 15: Loss = 0.4131, Accuracy = 0.7979
2025-01-20 12:51:12,437 - INFO - Validation: Loss = 0.7556, Accuracy = 0.6032, Precision = 0.9104, Recall = 0.5865, F1 = 0.7135
2025-01-20 12:51:12,441 - INFO - Epoch 84/200: Train Loss = 0.4280, Val Loss = 0.7556
2025-01-20 12:51:14,152 - INFO - Epoch 85, Batch 5: Loss = 0.4747, Accuracy = 0.8031
2025-01-20 12:51:15,828 - INFO - Epoch 85, Batch 10: Loss = 0.4202, Accuracy = 0.8000
2025-01-20 12:51:17,510 - INFO - Epoch 85, Batch 15: Loss = 0.4224, Accuracy = 0.8089
2025-01-20 12:51:17,970 - INFO - Validation: Loss = 0.7816, Accuracy = 0.5911, Precision = 0.9147, Recall = 0.5673, F1 = 0.7003
2025-01-20 12:51:17,974 - INFO - Epoch 85/200: Train Loss = 0.4235, Val Loss = 0.7816
2025-01-20 12:51:19,683 - INFO - Epoch 86, Batch 5: Loss = 0.3644, Accuracy = 0.8344
2025-01-20 12:51:21,366 - INFO - Epoch 86, Batch 10: Loss = 0.4242, Accuracy = 0.8266
2025-01-20 12:51:23,036 - INFO - Epoch 86, Batch 15: Loss = 0.4831, Accuracy = 0.8161
2025-01-20 12:51:23,496 - INFO - Validation: Loss = 0.8567, Accuracy = 0.5506, Precision = 0.9217, Recall = 0.5096, F1 = 0.6563
2025-01-20 12:51:23,500 - INFO - Epoch 86/200: Train Loss = 0.4288, Val Loss = 0.8567
2025-01-20 12:51:25,200 - INFO - Epoch 87, Batch 5: Loss = 0.3914, Accuracy = 0.8219
2025-01-20 12:51:26,876 - INFO - Epoch 87, Batch 10: Loss = 0.4423, Accuracy = 0.8086
2025-01-20 12:51:28,552 - INFO - Epoch 87, Batch 15: Loss = 0.4238, Accuracy = 0.8120
2025-01-20 12:51:29,013 - INFO - Validation: Loss = 0.7970, Accuracy = 0.5587, Precision = 0.8960, Recall = 0.5385, F1 = 0.6727
2025-01-20 12:51:29,018 - INFO - Epoch 87/200: Train Loss = 0.4428, Val Loss = 0.7970
2025-01-20 12:51:30,726 - INFO - Epoch 88, Batch 5: Loss = 0.3579, Accuracy = 0.8344
2025-01-20 12:51:32,415 - INFO - Epoch 88, Batch 10: Loss = 0.4824, Accuracy = 0.8180
2025-01-20 12:51:34,107 - INFO - Epoch 88, Batch 15: Loss = 0.4454, Accuracy = 0.8083
2025-01-20 12:51:34,568 - INFO - Validation: Loss = 0.8012, Accuracy = 0.6032, Precision = 0.9231, Recall = 0.5769, F1 = 0.7101
2025-01-20 12:51:34,572 - INFO - Epoch 88/200: Train Loss = 0.4169, Val Loss = 0.8012
2025-01-20 12:51:36,279 - INFO - Epoch 89, Batch 5: Loss = 0.3873, Accuracy = 0.8031
2025-01-20 12:51:37,965 - INFO - Epoch 89, Batch 10: Loss = 0.3982, Accuracy = 0.8078
2025-01-20 12:51:39,649 - INFO - Epoch 89, Batch 15: Loss = 0.4112, Accuracy = 0.8172
2025-01-20 12:51:40,111 - INFO - Validation: Loss = 0.8119, Accuracy = 0.5466, Precision = 0.9068, Recall = 0.5144, F1 = 0.6564
2025-01-20 12:51:40,115 - INFO - Epoch 89/200: Train Loss = 0.4285, Val Loss = 0.8119
2025-01-20 12:51:41,827 - INFO - Epoch 90, Batch 5: Loss = 0.4353, Accuracy = 0.8250
2025-01-20 12:51:43,511 - INFO - Epoch 90, Batch 10: Loss = 0.4000, Accuracy = 0.8203
2025-01-20 12:51:45,199 - INFO - Epoch 90, Batch 15: Loss = 0.4101, Accuracy = 0.8161
2025-01-20 12:51:45,666 - INFO - Validation: Loss = 0.7558, Accuracy = 0.5830, Precision = 0.8947, Recall = 0.5721, F1 = 0.6979
2025-01-20 12:51:45,670 - INFO - Epoch 90/200: Train Loss = 0.4165, Val Loss = 0.7558
2025-01-20 12:51:47,390 - INFO - Epoch 91, Batch 5: Loss = 0.4455, Accuracy = 0.8156
2025-01-20 12:51:49,081 - INFO - Epoch 91, Batch 10: Loss = 0.4273, Accuracy = 0.8195
2025-01-20 12:51:50,796 - INFO - Epoch 91, Batch 15: Loss = 0.3790, Accuracy = 0.8187
2025-01-20 12:51:51,261 - INFO - Validation: Loss = 0.7621, Accuracy = 0.5749, Precision = 0.8872, Recall = 0.5673, F1 = 0.6921
2025-01-20 12:51:51,265 - INFO - Epoch 91/200: Train Loss = 0.4123, Val Loss = 0.7621
2025-01-20 12:51:52,982 - INFO - Epoch 92, Batch 5: Loss = 0.5224, Accuracy = 0.8031
2025-01-20 12:51:54,684 - INFO - Epoch 92, Batch 10: Loss = 0.4278, Accuracy = 0.8023
2025-01-20 12:51:56,387 - INFO - Epoch 92, Batch 15: Loss = 0.4023, Accuracy = 0.8104
2025-01-20 12:51:56,849 - INFO - Validation: Loss = 0.7153, Accuracy = 0.6599, Precision = 0.9026, Recall = 0.6683, F1 = 0.7680
2025-01-20 12:51:56,854 - INFO - Epoch 92/200: Train Loss = 0.4128, Val Loss = 0.7153
2025-01-20 12:51:58,562 - INFO - Epoch 93, Batch 5: Loss = 0.4620, Accuracy = 0.8156
2025-01-20 12:52:00,254 - INFO - Epoch 93, Batch 10: Loss = 0.4313, Accuracy = 0.8266
2025-01-20 12:52:01,956 - INFO - Epoch 93, Batch 15: Loss = 0.4091, Accuracy = 0.8203
2025-01-20 12:52:02,421 - INFO - Validation: Loss = 0.6735, Accuracy = 0.6721, Precision = 0.8944, Recall = 0.6923, F1 = 0.7805
2025-01-20 12:52:02,425 - INFO - Epoch 93/200: Train Loss = 0.4132, Val Loss = 0.6735
2025-01-20 12:52:04,142 - INFO - Epoch 94, Batch 5: Loss = 0.4086, Accuracy = 0.8141
2025-01-20 12:52:05,837 - INFO - Epoch 94, Batch 10: Loss = 0.4513, Accuracy = 0.8242
2025-01-20 12:52:07,558 - INFO - Epoch 94, Batch 15: Loss = 0.3787, Accuracy = 0.8187
2025-01-20 12:52:08,030 - INFO - Validation: Loss = 0.7360, Accuracy = 0.6154, Precision = 0.8897, Recall = 0.6202, F1 = 0.7309
2025-01-20 12:52:08,035 - INFO - Epoch 94/200: Train Loss = 0.4120, Val Loss = 0.7360
2025-01-20 12:52:09,755 - INFO - Epoch 95, Batch 5: Loss = 0.4719, Accuracy = 0.8094
2025-01-20 12:52:11,459 - INFO - Epoch 95, Batch 10: Loss = 0.4499, Accuracy = 0.8133
2025-01-20 12:52:13,150 - INFO - Epoch 95, Batch 15: Loss = 0.3927, Accuracy = 0.8167
2025-01-20 12:52:13,614 - INFO - Validation: Loss = 0.7312, Accuracy = 0.5992, Precision = 0.8921, Recall = 0.5962, F1 = 0.7147
2025-01-20 12:52:13,619 - INFO - Epoch 95/200: Train Loss = 0.4202, Val Loss = 0.7312
2025-01-20 12:52:15,330 - INFO - Epoch 96, Batch 5: Loss = 0.4217, Accuracy = 0.8094
2025-01-20 12:52:17,013 - INFO - Epoch 96, Batch 10: Loss = 0.4406, Accuracy = 0.8117
2025-01-20 12:52:18,692 - INFO - Epoch 96, Batch 15: Loss = 0.3884, Accuracy = 0.8161
2025-01-20 12:52:19,167 - INFO - Validation: Loss = 0.6870, Accuracy = 0.6518, Precision = 0.9013, Recall = 0.6587, F1 = 0.7611
2025-01-20 12:52:19,171 - INFO - Epoch 96/200: Train Loss = 0.4122, Val Loss = 0.6870
2025-01-20 12:52:20,892 - INFO - Epoch 97, Batch 5: Loss = 0.4572, Accuracy = 0.8313
2025-01-20 12:52:22,573 - INFO - Epoch 97, Batch 10: Loss = 0.4603, Accuracy = 0.8187
2025-01-20 12:52:24,251 - INFO - Epoch 97, Batch 15: Loss = 0.3924, Accuracy = 0.8229
2025-01-20 12:52:24,728 - INFO - Validation: Loss = 0.7629, Accuracy = 0.5870, Precision = 0.8897, Recall = 0.5817, F1 = 0.7035
2025-01-20 12:52:24,732 - INFO - Epoch 97/200: Train Loss = 0.4212, Val Loss = 0.7629
2025-01-20 12:52:26,439 - INFO - Epoch 98, Batch 5: Loss = 0.4154, Accuracy = 0.8422
2025-01-20 12:52:28,126 - INFO - Epoch 98, Batch 10: Loss = 0.3555, Accuracy = 0.8172
2025-01-20 12:52:29,810 - INFO - Epoch 98, Batch 15: Loss = 0.4411, Accuracy = 0.8234
2025-01-20 12:52:30,274 - INFO - Validation: Loss = 0.7616, Accuracy = 0.5911, Precision = 0.8905, Recall = 0.5865, F1 = 0.7072
2025-01-20 12:52:30,278 - INFO - Epoch 98/200: Train Loss = 0.4086, Val Loss = 0.7616
2025-01-20 12:52:32,009 - INFO - Epoch 99, Batch 5: Loss = 0.4201, Accuracy = 0.8172
2025-01-20 12:52:33,706 - INFO - Epoch 99, Batch 10: Loss = 0.3915, Accuracy = 0.8203
2025-01-20 12:52:35,401 - INFO - Epoch 99, Batch 15: Loss = 0.3528, Accuracy = 0.8328
2025-01-20 12:52:35,866 - INFO - Validation: Loss = 0.7596, Accuracy = 0.5830, Precision = 0.8832, Recall = 0.5817, F1 = 0.7014
2025-01-20 12:52:35,870 - INFO - Epoch 99/200: Train Loss = 0.4085, Val Loss = 0.7596
2025-01-20 12:52:35,871 - INFO - Early stopping triggered.
