2025-01-27 06:08:03,821 - INFO - Hyperparameter tuning is disabled. Using predefined training configuration.
2025-01-27 06:08:03,821 - INFO - 

2025-01-27 06:08:03,949 - INFO - Initialized Conv2d weights with Xavier initialization.
2025-01-27 06:08:03,950 - INFO - Initialized Conv2d weights with Xavier initialization.
2025-01-27 06:08:03,951 - INFO - Initialized Conv2d weights with Xavier initialization.
2025-01-27 06:08:03,953 - INFO - Initialized Conv2d weights with Xavier initialization.
2025-01-27 06:08:04,054 - INFO - Initialized Linear weights with Xavier initialization.
2025-01-27 06:08:04,054 - INFO - Initialized Linear weights with Xavier initialization.
2025-01-27 06:08:04,674 - INFO - Split Results:
2025-01-27 06:08:04,674 - INFO - 
+-------------------+---------+--------------+
| Metric            |   Count | Percentage   |
+===================+=========+==============+
| Train People      |    1520 |              |
+-------------------+---------+--------------+
| Train Pairs       |    1572 | (71.45%)     |
+-------------------+---------+--------------+
| Validation People |     612 |              |
+-------------------+---------+--------------+
| Validation Pairs  |     628 | (28.55%)     |
+-------------------+---------+--------------+
| Dropped Pairs     |       0 | (0.00%)      |
+-------------------+---------+--------------+
2025-01-27 06:08:04,675 - INFO - Data prepared: 1572 training pairs, 628 validation pairs (Batch Size = 116).
2025-01-27 06:08:04,675 - INFO - nn.BCELoss function defined as loss function.
2025-01-27 06:08:04,675 - INFO - Adam optimizer initialized with parameters: {'lr': 0.0004589905310509041, 'betas': (0.5, 0.9), 'weight_decay': 2.204425101193955e-06}
2025-01-27 06:08:04,675 - INFO - Trainer attributes updated from configuration.
2025-01-27 06:08:06,283 - INFO - Epoch 1, Batch 5: Loss = 0.6795, Accuracy = 0.5052
2025-01-27 06:08:07,057 - INFO - Epoch 1, Batch 10: Loss = 0.6915, Accuracy = 0.5164
2025-01-27 06:08:08,139 - INFO - Validation: Loss = 0.6852, Accuracy = 0.5653, Precision = 0.6327, Recall = 0.3815, F1 = 0.4760
2025-01-27 06:08:08,142 - INFO - Epoch 1/200: Train Loss = 0.6924, Val Loss = 0.6852
2025-01-27 06:08:08,765 - INFO - Checkpoint saved at ./output/checkpoints//best_model.pth
2025-01-27 06:08:09,691 - INFO - Epoch 2, Batch 5: Loss = 0.6758, Accuracy = 0.5707
2025-01-27 06:08:10,464 - INFO - Epoch 2, Batch 10: Loss = 0.6640, Accuracy = 0.5603
2025-01-27 06:08:11,558 - INFO - Validation: Loss = 0.6118, Accuracy = 0.6306, Precision = 0.7268, Recall = 0.4585, F1 = 0.5623
2025-01-27 06:08:11,560 - INFO - Epoch 2/200: Train Loss = 0.6666, Val Loss = 0.6118
2025-01-27 06:08:12,149 - INFO - Checkpoint saved at ./output/checkpoints//best_model.pth
2025-01-27 06:08:13,254 - INFO - Epoch 3, Batch 5: Loss = 0.6609, Accuracy = 0.6259
2025-01-27 06:08:14,011 - INFO - Epoch 3, Batch 10: Loss = 0.7065, Accuracy = 0.6138
2025-01-27 06:08:15,082 - INFO - Validation: Loss = 0.6294, Accuracy = 0.6529, Precision = 0.6656, Recall = 0.6615, F1 = 0.6636
2025-01-27 06:08:15,084 - INFO - Epoch 3/200: Train Loss = 0.6392, Val Loss = 0.6294
2025-01-27 06:08:15,840 - INFO - Epoch 4, Batch 5: Loss = 0.6328, Accuracy = 0.6414
2025-01-27 06:08:16,600 - INFO - Epoch 4, Batch 10: Loss = 0.6131, Accuracy = 0.6457
2025-01-27 06:08:17,660 - INFO - Validation: Loss = 0.5857, Accuracy = 0.6959, Precision = 0.7120, Recall = 0.6923, F1 = 0.7020
2025-01-27 06:08:17,662 - INFO - Epoch 4/200: Train Loss = 0.6256, Val Loss = 0.5857
2025-01-27 06:08:18,229 - INFO - Checkpoint saved at ./output/checkpoints//best_model.pth
2025-01-27 06:08:19,299 - INFO - Epoch 5, Batch 5: Loss = 0.6045, Accuracy = 0.6759
2025-01-27 06:08:20,068 - INFO - Epoch 5, Batch 10: Loss = 0.6181, Accuracy = 0.6707
2025-01-27 06:08:21,143 - INFO - Validation: Loss = 0.6138, Accuracy = 0.6895, Precision = 0.6757, Recall = 0.7692, F1 = 0.7194
2025-01-27 06:08:21,145 - INFO - Epoch 5/200: Train Loss = 0.6043, Val Loss = 0.6138
2025-01-27 06:08:21,900 - INFO - Epoch 6, Batch 5: Loss = 0.6057, Accuracy = 0.7000
2025-01-27 06:08:22,651 - INFO - Epoch 6, Batch 10: Loss = 0.6398, Accuracy = 0.7034
2025-01-27 06:08:23,704 - INFO - Validation: Loss = 0.5878, Accuracy = 0.7006, Precision = 0.7528, Recall = 0.6277, F1 = 0.6846
2025-01-27 06:08:23,706 - INFO - Epoch 6/200: Train Loss = 0.5851, Val Loss = 0.5878
2025-01-27 06:08:24,466 - INFO - Epoch 7, Batch 5: Loss = 0.5072, Accuracy = 0.7207
2025-01-27 06:08:25,225 - INFO - Epoch 7, Batch 10: Loss = 0.5989, Accuracy = 0.7172
2025-01-27 06:08:26,284 - INFO - Validation: Loss = 0.5730, Accuracy = 0.6943, Precision = 0.6997, Recall = 0.7169, F1 = 0.7082
2025-01-27 06:08:26,286 - INFO - Epoch 7/200: Train Loss = 0.5626, Val Loss = 0.5730
2025-01-27 06:08:26,900 - INFO - Checkpoint saved at ./output/checkpoints//best_model.pth
2025-01-27 06:08:27,996 - INFO - Epoch 8, Batch 5: Loss = 0.6323, Accuracy = 0.7121
2025-01-27 06:08:28,750 - INFO - Epoch 8, Batch 10: Loss = 0.5049, Accuracy = 0.7138
2025-01-27 06:08:29,798 - INFO - Validation: Loss = 0.6124, Accuracy = 0.6847, Precision = 0.6616, Recall = 0.8000, F1 = 0.7242
2025-01-27 06:08:29,800 - INFO - Epoch 8/200: Train Loss = 0.5394, Val Loss = 0.6124
2025-01-27 06:08:30,554 - INFO - Epoch 9, Batch 5: Loss = 0.5503, Accuracy = 0.7362
2025-01-27 06:08:31,304 - INFO - Epoch 9, Batch 10: Loss = 0.5577, Accuracy = 0.7440
2025-01-27 06:08:32,353 - INFO - Validation: Loss = 0.5969, Accuracy = 0.6688, Precision = 0.6918, Recall = 0.6492, F1 = 0.6698
2025-01-27 06:08:32,355 - INFO - Epoch 9/200: Train Loss = 0.5016, Val Loss = 0.5969
2025-01-27 06:08:33,111 - INFO - Epoch 10, Batch 5: Loss = 0.4209, Accuracy = 0.8121
2025-01-27 06:08:33,864 - INFO - Epoch 10, Batch 10: Loss = 0.4965, Accuracy = 0.8043
2025-01-27 06:08:34,912 - INFO - Validation: Loss = 0.6248, Accuracy = 0.6863, Precision = 0.6608, Recall = 0.8092, F1 = 0.7275
2025-01-27 06:08:34,914 - INFO - Epoch 10/200: Train Loss = 0.4620, Val Loss = 0.6248
2025-01-27 06:08:35,669 - INFO - Epoch 11, Batch 5: Loss = 0.4272, Accuracy = 0.7828
2025-01-27 06:08:36,420 - INFO - Epoch 11, Batch 10: Loss = 0.3579, Accuracy = 0.8069
2025-01-27 06:08:37,481 - INFO - Validation: Loss = 0.6036, Accuracy = 0.6959, Precision = 0.7055, Recall = 0.7077, F1 = 0.7066
2025-01-27 06:08:37,483 - INFO - Epoch 11/200: Train Loss = 0.4269, Val Loss = 0.6036
2025-01-27 06:08:38,251 - INFO - Epoch 12, Batch 5: Loss = 0.4683, Accuracy = 0.8379
2025-01-27 06:08:39,000 - INFO - Epoch 12, Batch 10: Loss = 0.3836, Accuracy = 0.8198
2025-01-27 06:08:40,042 - INFO - Validation: Loss = 0.6272, Accuracy = 0.6895, Precision = 0.6879, Recall = 0.7323, F1 = 0.7094
2025-01-27 06:08:40,044 - INFO - Epoch 12/200: Train Loss = 0.4094, Val Loss = 0.6272
2025-01-27 06:08:40,800 - INFO - Epoch 13, Batch 5: Loss = 0.3338, Accuracy = 0.8552
2025-01-27 06:08:41,550 - INFO - Epoch 13, Batch 10: Loss = 0.4351, Accuracy = 0.8431
2025-01-27 06:08:42,599 - INFO - Validation: Loss = 0.6204, Accuracy = 0.6720, Precision = 0.6990, Recall = 0.6431, F1 = 0.6699
2025-01-27 06:08:42,601 - INFO - Epoch 13/200: Train Loss = 0.3756, Val Loss = 0.6204
2025-01-27 06:08:43,349 - INFO - Epoch 14, Batch 5: Loss = 0.2640, Accuracy = 0.8914
2025-01-27 06:08:44,097 - INFO - Epoch 14, Batch 10: Loss = 0.2699, Accuracy = 0.8741
2025-01-27 06:08:45,133 - INFO - Validation: Loss = 0.6324, Accuracy = 0.6911, Precision = 0.7066, Recall = 0.6892, F1 = 0.6978
2025-01-27 06:08:45,135 - INFO - Epoch 14/200: Train Loss = 0.3345, Val Loss = 0.6324
2025-01-27 06:08:45,886 - INFO - Epoch 15, Batch 5: Loss = 0.2597, Accuracy = 0.8707
2025-01-27 06:08:46,630 - INFO - Epoch 15, Batch 10: Loss = 0.3083, Accuracy = 0.8690
2025-01-27 06:08:47,666 - INFO - Validation: Loss = 0.6761, Accuracy = 0.6863, Precision = 0.6720, Recall = 0.7692, F1 = 0.7174
2025-01-27 06:08:47,668 - INFO - Epoch 15/200: Train Loss = 0.3234, Val Loss = 0.6761
2025-01-27 06:08:48,413 - INFO - Epoch 16, Batch 5: Loss = 0.2699, Accuracy = 0.8983
2025-01-27 06:08:49,163 - INFO - Epoch 16, Batch 10: Loss = 0.2252, Accuracy = 0.8897
2025-01-27 06:08:50,211 - INFO - Validation: Loss = 0.6977, Accuracy = 0.6895, Precision = 0.6923, Recall = 0.7200, F1 = 0.7059
2025-01-27 06:08:50,213 - INFO - Epoch 16/200: Train Loss = 0.2777, Val Loss = 0.6977
2025-01-27 06:08:50,968 - INFO - Epoch 17, Batch 5: Loss = 0.2460, Accuracy = 0.8948
2025-01-27 06:08:51,720 - INFO - Epoch 17, Batch 10: Loss = 0.2936, Accuracy = 0.9000
2025-01-27 06:08:52,767 - INFO - Validation: Loss = 0.6979, Accuracy = 0.6927, Precision = 0.6953, Recall = 0.7231, F1 = 0.7089
2025-01-27 06:08:52,769 - INFO - Epoch 17/200: Train Loss = 0.2548, Val Loss = 0.6979
2025-01-27 06:08:53,523 - INFO - Epoch 18, Batch 5: Loss = 0.2189, Accuracy = 0.9155
2025-01-27 06:08:54,273 - INFO - Epoch 18, Batch 10: Loss = 0.2406, Accuracy = 0.9138
2025-01-27 06:08:55,317 - INFO - Validation: Loss = 0.6835, Accuracy = 0.6975, Precision = 0.7157, Recall = 0.6892, F1 = 0.7022
2025-01-27 06:08:55,319 - INFO - Epoch 18/200: Train Loss = 0.2305, Val Loss = 0.6835
2025-01-27 06:08:56,076 - INFO - Epoch 19, Batch 5: Loss = 0.1733, Accuracy = 0.9466
2025-01-27 06:08:56,831 - INFO - Epoch 19, Batch 10: Loss = 0.2373, Accuracy = 0.9319
2025-01-27 06:08:57,877 - INFO - Validation: Loss = 0.7210, Accuracy = 0.7070, Precision = 0.7104, Recall = 0.7323, F1 = 0.7212
2025-01-27 06:08:57,879 - INFO - Epoch 19/200: Train Loss = 0.1884, Val Loss = 0.7210
2025-01-27 06:08:58,636 - INFO - Epoch 20, Batch 5: Loss = 0.2269, Accuracy = 0.9379
2025-01-27 06:08:59,393 - INFO - Epoch 20, Batch 10: Loss = 0.2170, Accuracy = 0.9388
2025-01-27 06:09:00,443 - INFO - Validation: Loss = 0.7219, Accuracy = 0.7038, Precision = 0.6936, Recall = 0.7662, F1 = 0.7281
2025-01-27 06:09:00,445 - INFO - Epoch 20/200: Train Loss = 0.1898, Val Loss = 0.7219
2025-01-27 06:09:01,200 - INFO - Epoch 21, Batch 5: Loss = 0.1352, Accuracy = 0.9517
2025-01-27 06:09:01,953 - INFO - Epoch 21, Batch 10: Loss = 0.1752, Accuracy = 0.9448
2025-01-27 06:09:03,001 - INFO - Validation: Loss = 0.7161, Accuracy = 0.7006, Precision = 0.7095, Recall = 0.7138, F1 = 0.7117
2025-01-27 06:09:03,003 - INFO - Epoch 21/200: Train Loss = 0.1643, Val Loss = 0.7161
2025-01-27 06:09:03,755 - INFO - Epoch 22, Batch 5: Loss = 0.1432, Accuracy = 0.9466
2025-01-27 06:09:04,508 - INFO - Epoch 22, Batch 10: Loss = 0.1403, Accuracy = 0.9517
2025-01-27 06:09:05,561 - INFO - Validation: Loss = 0.7736, Accuracy = 0.7118, Precision = 0.7236, Recall = 0.7169, F1 = 0.7202
2025-01-27 06:09:05,563 - INFO - Epoch 22/200: Train Loss = 0.1376, Val Loss = 0.7736
2025-01-27 06:09:06,321 - INFO - Epoch 23, Batch 5: Loss = 0.1188, Accuracy = 0.9655
2025-01-27 06:09:07,076 - INFO - Epoch 23, Batch 10: Loss = 0.0883, Accuracy = 0.9638
2025-01-27 06:09:08,127 - INFO - Validation: Loss = 0.7471, Accuracy = 0.6975, Precision = 0.7129, Recall = 0.6954, F1 = 0.7040
2025-01-27 06:09:08,129 - INFO - Epoch 23/200: Train Loss = 0.1128, Val Loss = 0.7471
2025-01-27 06:09:08,877 - INFO - Epoch 24, Batch 5: Loss = 0.0766, Accuracy = 0.9776
2025-01-27 06:09:09,624 - INFO - Epoch 24, Batch 10: Loss = 0.0880, Accuracy = 0.9784
2025-01-27 06:09:10,671 - INFO - Validation: Loss = 0.7721, Accuracy = 0.7070, Precision = 0.7491, Recall = 0.6523, F1 = 0.6974
2025-01-27 06:09:10,673 - INFO - Epoch 24/200: Train Loss = 0.0914, Val Loss = 0.7721
2025-01-27 06:09:11,431 - INFO - Epoch 25, Batch 5: Loss = 0.0499, Accuracy = 0.9828
2025-01-27 06:09:12,175 - INFO - Epoch 25, Batch 10: Loss = 0.1544, Accuracy = 0.9707
2025-01-27 06:09:13,211 - INFO - Validation: Loss = 0.7935, Accuracy = 0.7261, Precision = 0.7368, Recall = 0.7323, F1 = 0.7346
2025-01-27 06:09:13,213 - INFO - Epoch 25/200: Train Loss = 0.0938, Val Loss = 0.7935
2025-01-27 06:09:13,958 - INFO - Epoch 26, Batch 5: Loss = 0.1088, Accuracy = 0.9759
2025-01-27 06:09:14,709 - INFO - Epoch 26, Batch 10: Loss = 0.0764, Accuracy = 0.9784
2025-01-27 06:09:15,748 - INFO - Validation: Loss = 0.8772, Accuracy = 0.7102, Precision = 0.7085, Recall = 0.7477, F1 = 0.7275
2025-01-27 06:09:15,750 - INFO - Epoch 26/200: Train Loss = 0.0834, Val Loss = 0.8772
2025-01-27 06:09:16,497 - INFO - Epoch 27, Batch 5: Loss = 0.0589, Accuracy = 0.9897
2025-01-27 06:09:17,244 - INFO - Epoch 27, Batch 10: Loss = 0.0511, Accuracy = 0.9897
2025-01-27 06:09:18,282 - INFO - Validation: Loss = 0.8856, Accuracy = 0.6863, Precision = 0.6882, Recall = 0.7200, F1 = 0.7038
2025-01-27 06:09:18,283 - INFO - Epoch 27/200: Train Loss = 0.0651, Val Loss = 0.8856
2025-01-27 06:09:19,031 - INFO - Epoch 28, Batch 5: Loss = 0.0499, Accuracy = 0.9897
2025-01-27 06:09:19,776 - INFO - Epoch 28, Batch 10: Loss = 0.0624, Accuracy = 0.9845
2025-01-27 06:09:20,811 - INFO - Validation: Loss = 0.9082, Accuracy = 0.7102, Precision = 0.7147, Recall = 0.7323, F1 = 0.7234
2025-01-27 06:09:20,813 - INFO - Epoch 28/200: Train Loss = 0.0634, Val Loss = 0.9082
2025-01-27 06:09:21,561 - INFO - Epoch 29, Batch 5: Loss = 0.0626, Accuracy = 0.9741
2025-01-27 06:09:22,310 - INFO - Epoch 29, Batch 10: Loss = 0.0355, Accuracy = 0.9819
2025-01-27 06:09:23,356 - INFO - Validation: Loss = 0.9248, Accuracy = 0.7134, Precision = 0.7287, Recall = 0.7108, F1 = 0.7196
2025-01-27 06:09:23,358 - INFO - Epoch 29/200: Train Loss = 0.0608, Val Loss = 0.9248
2025-01-27 06:09:24,112 - INFO - Epoch 30, Batch 5: Loss = 0.0418, Accuracy = 0.9931
2025-01-27 06:09:24,864 - INFO - Epoch 30, Batch 10: Loss = 0.0542, Accuracy = 0.9922
2025-01-27 06:09:25,915 - INFO - Validation: Loss = 0.9492, Accuracy = 0.7086, Precision = 0.7205, Recall = 0.7138, F1 = 0.7172
2025-01-27 06:09:25,917 - INFO - Epoch 30/200: Train Loss = 0.0576, Val Loss = 0.9492
2025-01-27 06:09:26,669 - INFO - Epoch 31, Batch 5: Loss = 0.0389, Accuracy = 0.9931
2025-01-27 06:09:27,421 - INFO - Epoch 31, Batch 10: Loss = 0.0513, Accuracy = 0.9948
2025-01-27 06:09:28,468 - INFO - Validation: Loss = 0.8762, Accuracy = 0.7150, Precision = 0.7340, Recall = 0.7046, F1 = 0.7190
2025-01-27 06:09:28,469 - INFO - Epoch 31/200: Train Loss = 0.0403, Val Loss = 0.8762
2025-01-27 06:09:29,224 - INFO - Epoch 32, Batch 5: Loss = 0.0211, Accuracy = 0.9948
2025-01-27 06:09:29,973 - INFO - Epoch 32, Batch 10: Loss = 0.0321, Accuracy = 0.9931
2025-01-27 06:09:31,023 - INFO - Validation: Loss = 0.9595, Accuracy = 0.7309, Precision = 0.7378, Recall = 0.7446, F1 = 0.7412
2025-01-27 06:09:31,025 - INFO - Epoch 32/200: Train Loss = 0.0325, Val Loss = 0.9595
2025-01-27 06:09:31,777 - INFO - Epoch 33, Batch 5: Loss = 0.0263, Accuracy = 0.9948
2025-01-27 06:09:32,530 - INFO - Epoch 33, Batch 10: Loss = 0.0400, Accuracy = 0.9957
2025-01-27 06:09:33,578 - INFO - Validation: Loss = 0.9263, Accuracy = 0.7038, Precision = 0.7340, Recall = 0.6708, F1 = 0.7010
2025-01-27 06:09:33,580 - INFO - Epoch 33/200: Train Loss = 0.0343, Val Loss = 0.9263
2025-01-27 06:09:34,328 - INFO - Epoch 34, Batch 5: Loss = 0.0170, Accuracy = 0.9879
2025-01-27 06:09:35,074 - INFO - Epoch 34, Batch 10: Loss = 0.0328, Accuracy = 0.9905
2025-01-27 06:09:36,114 - INFO - Validation: Loss = 0.9446, Accuracy = 0.7118, Precision = 0.7368, Recall = 0.6892, F1 = 0.7122
2025-01-27 06:09:36,116 - INFO - Epoch 34/200: Train Loss = 0.0345, Val Loss = 0.9446
2025-01-27 06:09:36,869 - INFO - Epoch 35, Batch 5: Loss = 0.0165, Accuracy = 0.9983
2025-01-27 06:09:37,620 - INFO - Epoch 35, Batch 10: Loss = 0.0439, Accuracy = 0.9940
2025-01-27 06:09:38,664 - INFO - Validation: Loss = 0.9968, Accuracy = 0.7022, Precision = 0.7091, Recall = 0.7200, F1 = 0.7145
2025-01-27 06:09:38,666 - INFO - Epoch 35/200: Train Loss = 0.0291, Val Loss = 0.9968
2025-01-27 06:09:39,418 - INFO - Epoch 36, Batch 5: Loss = 0.0152, Accuracy = 0.9983
2025-01-27 06:09:40,175 - INFO - Epoch 36, Batch 10: Loss = 0.0159, Accuracy = 0.9983
2025-01-27 06:09:41,241 - INFO - Validation: Loss = 0.9409, Accuracy = 0.7118, Precision = 0.7156, Recall = 0.7354, F1 = 0.7253
2025-01-27 06:09:41,243 - INFO - Epoch 36/200: Train Loss = 0.0187, Val Loss = 0.9409
2025-01-27 06:09:41,999 - INFO - Epoch 37, Batch 5: Loss = 0.0205, Accuracy = 0.9948
2025-01-27 06:09:42,757 - INFO - Epoch 37, Batch 10: Loss = 0.0107, Accuracy = 0.9974
2025-01-27 06:09:43,809 - INFO - Validation: Loss = 1.0524, Accuracy = 0.6959, Precision = 0.6994, Recall = 0.7231, F1 = 0.7110
2025-01-27 06:09:43,811 - INFO - Epoch 37/200: Train Loss = 0.0182, Val Loss = 1.0524
2025-01-27 06:09:44,564 - INFO - Epoch 38, Batch 5: Loss = 0.0167, Accuracy = 1.0000
2025-01-27 06:09:45,307 - INFO - Epoch 38, Batch 10: Loss = 0.0264, Accuracy = 0.9966
2025-01-27 06:09:46,357 - INFO - Validation: Loss = 1.0869, Accuracy = 0.7134, Precision = 0.6997, Recall = 0.7815, F1 = 0.7384
2025-01-27 06:09:46,359 - INFO - Epoch 38/200: Train Loss = 0.0196, Val Loss = 1.0869
2025-01-27 06:09:47,112 - INFO - Epoch 39, Batch 5: Loss = 0.0193, Accuracy = 0.9966
2025-01-27 06:09:47,858 - INFO - Epoch 39, Batch 10: Loss = 0.0159, Accuracy = 0.9983
2025-01-27 06:09:48,898 - INFO - Validation: Loss = 1.0859, Accuracy = 0.7166, Precision = 0.7333, Recall = 0.7108, F1 = 0.7219
2025-01-27 06:09:48,899 - INFO - Epoch 39/200: Train Loss = 0.0158, Val Loss = 1.0859
2025-01-27 06:09:49,652 - INFO - Epoch 40, Batch 5: Loss = 0.0165, Accuracy = 1.0000
2025-01-27 06:09:50,399 - INFO - Epoch 40, Batch 10: Loss = 0.1346, Accuracy = 0.9922
2025-01-27 06:09:51,437 - INFO - Validation: Loss = 1.1050, Accuracy = 0.6895, Precision = 0.6711, Recall = 0.7846, F1 = 0.7234
2025-01-27 06:09:51,439 - INFO - Epoch 40/200: Train Loss = 0.0291, Val Loss = 1.1050
2025-01-27 06:09:52,190 - INFO - Epoch 41, Batch 5: Loss = 0.0158, Accuracy = 0.9983
2025-01-27 06:09:52,944 - INFO - Epoch 41, Batch 10: Loss = 0.0491, Accuracy = 0.9974
2025-01-27 06:09:53,991 - INFO - Validation: Loss = 1.0108, Accuracy = 0.7134, Precision = 0.7164, Recall = 0.7385, F1 = 0.7273
2025-01-27 06:09:53,993 - INFO - Epoch 41/200: Train Loss = 0.0181, Val Loss = 1.0108
2025-01-27 06:09:54,749 - INFO - Epoch 42, Batch 5: Loss = 0.0062, Accuracy = 1.0000
2025-01-27 06:09:55,500 - INFO - Epoch 42, Batch 10: Loss = 0.0085, Accuracy = 0.9983
2025-01-27 06:09:56,549 - INFO - Validation: Loss = 1.0462, Accuracy = 0.7118, Precision = 0.7236, Recall = 0.7169, F1 = 0.7202
2025-01-27 06:09:56,551 - INFO - Epoch 42/200: Train Loss = 0.0093, Val Loss = 1.0462
2025-01-27 06:09:57,298 - INFO - Epoch 43, Batch 5: Loss = 0.0242, Accuracy = 0.9983
2025-01-27 06:09:58,046 - INFO - Epoch 43, Batch 10: Loss = 0.0135, Accuracy = 0.9983
2025-01-27 06:09:59,089 - INFO - Validation: Loss = 1.1848, Accuracy = 0.7118, Precision = 0.6827, Recall = 0.8277, F1 = 0.7483
2025-01-27 06:09:59,091 - INFO - Epoch 43/200: Train Loss = 0.0136, Val Loss = 1.1848
2025-01-27 06:09:59,840 - INFO - Epoch 44, Batch 5: Loss = 0.0172, Accuracy = 1.0000
2025-01-27 06:10:00,586 - INFO - Epoch 44, Batch 10: Loss = 0.0161, Accuracy = 0.9991
2025-01-27 06:10:01,635 - INFO - Validation: Loss = 1.0067, Accuracy = 0.7197, Precision = 0.7443, Recall = 0.6985, F1 = 0.7206
2025-01-27 06:10:01,637 - INFO - Epoch 44/200: Train Loss = 0.0130, Val Loss = 1.0067
2025-01-27 06:10:02,394 - INFO - Epoch 45, Batch 5: Loss = 0.0074, Accuracy = 1.0000
2025-01-27 06:10:03,149 - INFO - Epoch 45, Batch 10: Loss = 0.0083, Accuracy = 1.0000
2025-01-27 06:10:04,199 - INFO - Validation: Loss = 1.0664, Accuracy = 0.7102, Precision = 0.7049, Recall = 0.7569, F1 = 0.7300
2025-01-27 06:10:04,201 - INFO - Epoch 45/200: Train Loss = 0.0113, Val Loss = 1.0664
2025-01-27 06:10:04,955 - INFO - Epoch 46, Batch 5: Loss = 0.0110, Accuracy = 0.9983
2025-01-27 06:10:05,708 - INFO - Epoch 46, Batch 10: Loss = 0.0088, Accuracy = 0.9983
2025-01-27 06:10:06,757 - INFO - Validation: Loss = 1.1081, Accuracy = 0.7070, Precision = 0.7043, Recall = 0.7477, F1 = 0.7254
2025-01-27 06:10:06,759 - INFO - Epoch 46/200: Train Loss = 0.0118, Val Loss = 1.1081
2025-01-27 06:10:07,512 - INFO - Epoch 47, Batch 5: Loss = 0.0208, Accuracy = 0.9948
2025-01-27 06:10:08,263 - INFO - Epoch 47, Batch 10: Loss = 0.0074, Accuracy = 0.9966
2025-01-27 06:10:09,302 - INFO - Validation: Loss = 1.0820, Accuracy = 0.7166, Precision = 0.7262, Recall = 0.7262, F1 = 0.7262
2025-01-27 06:10:09,304 - INFO - Epoch 47/200: Train Loss = 0.0149, Val Loss = 1.0820
2025-01-27 06:10:10,058 - INFO - Epoch 48, Batch 5: Loss = 0.0096, Accuracy = 0.9983
2025-01-27 06:10:10,810 - INFO - Epoch 48, Batch 10: Loss = 0.0051, Accuracy = 0.9974
2025-01-27 06:10:11,861 - INFO - Validation: Loss = 1.0595, Accuracy = 0.7118, Precision = 0.7118, Recall = 0.7446, F1 = 0.7278
2025-01-27 06:10:11,863 - INFO - Epoch 48/200: Train Loss = 0.0110, Val Loss = 1.0595
2025-01-27 06:10:12,616 - INFO - Epoch 49, Batch 5: Loss = 0.0049, Accuracy = 1.0000
2025-01-27 06:10:13,368 - INFO - Epoch 49, Batch 10: Loss = 0.0079, Accuracy = 1.0000
2025-01-27 06:10:14,418 - INFO - Validation: Loss = 1.1266, Accuracy = 0.7245, Precision = 0.7375, Recall = 0.7262, F1 = 0.7318
2025-01-27 06:10:14,420 - INFO - Epoch 49/200: Train Loss = 0.0054, Val Loss = 1.1266
2025-01-27 06:10:15,173 - INFO - Epoch 50, Batch 5: Loss = 0.0025, Accuracy = 1.0000
2025-01-27 06:10:15,929 - INFO - Epoch 50, Batch 10: Loss = 0.0037, Accuracy = 0.9983
2025-01-27 06:10:16,980 - INFO - Validation: Loss = 1.3331, Accuracy = 0.7022, Precision = 0.6760, Recall = 0.8154, F1 = 0.7392
2025-01-27 06:10:16,982 - INFO - Epoch 50/200: Train Loss = 0.0059, Val Loss = 1.3331
2025-01-27 06:10:17,737 - INFO - Epoch 51, Batch 5: Loss = 0.0074, Accuracy = 1.0000
2025-01-27 06:10:18,488 - INFO - Epoch 51, Batch 10: Loss = 0.0193, Accuracy = 0.9974
2025-01-27 06:10:19,539 - INFO - Validation: Loss = 1.3404, Accuracy = 0.6959, Precision = 0.6667, Recall = 0.8246, F1 = 0.7373
2025-01-27 06:10:19,541 - INFO - Epoch 51/200: Train Loss = 0.0105, Val Loss = 1.3404
2025-01-27 06:10:20,298 - INFO - Epoch 52, Batch 5: Loss = 0.0046, Accuracy = 0.9983
2025-01-27 06:10:21,051 - INFO - Epoch 52, Batch 10: Loss = 0.0023, Accuracy = 0.9991
2025-01-27 06:10:22,106 - INFO - Validation: Loss = 1.2021, Accuracy = 0.7182, Precision = 0.7126, Recall = 0.7631, F1 = 0.7370
2025-01-27 06:10:22,108 - INFO - Epoch 52/200: Train Loss = 0.0077, Val Loss = 1.2021
2025-01-27 06:10:22,864 - INFO - Epoch 53, Batch 5: Loss = 0.0012, Accuracy = 1.0000
2025-01-27 06:10:23,615 - INFO - Epoch 53, Batch 10: Loss = 0.0066, Accuracy = 0.9991
2025-01-27 06:10:24,660 - INFO - Validation: Loss = 1.1744, Accuracy = 0.7150, Precision = 0.7296, Recall = 0.7138, F1 = 0.7216
2025-01-27 06:10:24,662 - INFO - Epoch 53/200: Train Loss = 0.0063, Val Loss = 1.1744
2025-01-27 06:10:25,417 - INFO - Epoch 54, Batch 5: Loss = 0.0027, Accuracy = 0.9966
2025-01-27 06:10:26,173 - INFO - Epoch 54, Batch 10: Loss = 0.0039, Accuracy = 0.9974
2025-01-27 06:10:27,222 - INFO - Validation: Loss = 1.2521, Accuracy = 0.7022, Precision = 0.7078, Recall = 0.7231, F1 = 0.7154
2025-01-27 06:10:27,224 - INFO - Epoch 54/200: Train Loss = 0.0087, Val Loss = 1.2521
2025-01-27 06:10:27,977 - INFO - Epoch 55, Batch 5: Loss = 0.0074, Accuracy = 0.9983
2025-01-27 06:10:28,730 - INFO - Epoch 55, Batch 10: Loss = 0.0028, Accuracy = 0.9983
2025-01-27 06:10:29,774 - INFO - Validation: Loss = 1.2599, Accuracy = 0.7150, Precision = 0.6995, Recall = 0.7877, F1 = 0.7410
2025-01-27 06:10:29,775 - INFO - Epoch 55/200: Train Loss = 0.0061, Val Loss = 1.2599
2025-01-27 06:10:30,519 - INFO - Epoch 56, Batch 5: Loss = 0.0017, Accuracy = 1.0000
2025-01-27 06:10:31,265 - INFO - Epoch 56, Batch 10: Loss = 0.0084, Accuracy = 1.0000
2025-01-27 06:10:32,300 - INFO - Validation: Loss = 1.2500, Accuracy = 0.7006, Precision = 0.6908, Recall = 0.7631, F1 = 0.7251
2025-01-27 06:10:32,302 - INFO - Epoch 56/200: Train Loss = 0.0033, Val Loss = 1.2500
2025-01-27 06:10:33,048 - INFO - Epoch 57, Batch 5: Loss = 0.0046, Accuracy = 1.0000
2025-01-27 06:10:33,794 - INFO - Epoch 57, Batch 10: Loss = 0.0013, Accuracy = 1.0000
2025-01-27 06:10:34,836 - INFO - Validation: Loss = 1.2698, Accuracy = 0.7166, Precision = 0.7155, Recall = 0.7508, F1 = 0.7327
2025-01-27 06:10:34,838 - INFO - Epoch 57/200: Train Loss = 0.0021, Val Loss = 1.2698
2025-01-27 06:10:34,838 - INFO - Early stopping triggered.
