2025-01-22 14:05:07,441 - INFO - Initialized Conv2d weights with mean=0.0, std=0.01
2025-01-22 14:05:07,441 - INFO - Initialized Conv2d bias with mean=0.5, std=0.01
2025-01-22 14:05:07,443 - INFO - Initialized Conv2d weights with mean=0.0, std=0.01
2025-01-22 14:05:07,443 - INFO - Initialized Conv2d bias with mean=0.5, std=0.01
2025-01-22 14:05:07,445 - INFO - Initialized Conv2d weights with mean=0.0, std=0.01
2025-01-22 14:05:07,445 - INFO - Initialized Conv2d bias with mean=0.5, std=0.01
2025-01-22 14:05:07,448 - INFO - Initialized Conv2d weights with mean=0.0, std=0.01
2025-01-22 14:05:07,448 - INFO - Initialized Conv2d bias with mean=0.5, std=0.01
2025-01-22 14:05:07,632 - INFO - Initialized Linear weights with mean=0.0, std=0.2
2025-01-22 14:05:07,632 - INFO - Initialized Linear bias with mean=0.5, std=0.01
2025-01-22 14:05:07,633 - INFO - Initialized Linear weights with mean=0.0, std=0.2
2025-01-22 14:05:07,633 - INFO - Initialized Linear bias with mean=0.5, std=0.01
2025-01-22 14:05:08,335 - INFO - Split Results:
2025-01-22 14:05:08,336 - INFO - 
+-------------------+---------+--------------+
| Metric            |   Count | Percentage   |
+===================+=========+==============+
| Train People      |    1520 |              |
+-------------------+---------+--------------+
| Train Pairs       |    1572 | (71.45%)     |
+-------------------+---------+--------------+
| Validation People |     612 |              |
+-------------------+---------+--------------+
| Validation Pairs  |     628 | (28.55%)     |
+-------------------+---------+--------------+
| Dropped Pairs     |       0 | (0.00%)      |
+-------------------+---------+--------------+
2025-01-22 14:05:08,337 - INFO - Data prepared: 1572 training pairs, 628 validation pairs.
2025-01-22 14:05:08,337 - INFO - nn.BCELoss function defined as loss function.
2025-01-22 14:05:08,337 - INFO - Adam optimizer initialized with parameters: {'betas': (0.9, 0.999), 'weight_decay': 1e-05}
2025-01-22 14:05:11,115 - INFO - Epoch 1, Batch 5: Loss = 0.6791, Accuracy = 0.5031
2025-01-22 14:05:12,804 - INFO - Epoch 1, Batch 10: Loss = 0.7411, Accuracy = 0.5055
