2025-01-22 14:14:26,180 - INFO - Initialized Conv2d weights with mean=0.0, std=0.01
2025-01-22 14:14:26,180 - INFO - Initialized Conv2d bias with mean=0.5, std=0.01
2025-01-22 14:14:26,182 - INFO - Initialized Conv2d weights with mean=0.0, std=0.01
2025-01-22 14:14:26,183 - INFO - Initialized Conv2d bias with mean=0.5, std=0.01
2025-01-22 14:14:26,184 - INFO - Initialized Conv2d weights with mean=0.0, std=0.01
2025-01-22 14:14:26,184 - INFO - Initialized Conv2d bias with mean=0.5, std=0.01
2025-01-22 14:14:26,187 - INFO - Initialized Conv2d weights with mean=0.0, std=0.01
2025-01-22 14:14:26,187 - INFO - Initialized Conv2d bias with mean=0.5, std=0.01
2025-01-22 14:14:26,367 - INFO - Initialized Linear weights with mean=0.0, std=0.2
2025-01-22 14:14:26,368 - INFO - Initialized Linear bias with mean=0.5, std=0.01
2025-01-22 14:14:26,368 - INFO - Initialized Linear weights with mean=0.0, std=0.2
2025-01-22 14:14:26,368 - INFO - Initialized Linear bias with mean=0.5, std=0.01
2025-01-22 14:14:27,077 - INFO - Split Results:
2025-01-22 14:14:27,078 - INFO - 
+-------------------+---------+--------------+
| Metric            |   Count | Percentage   |
+===================+=========+==============+
| Train People      |    1520 |              |
+-------------------+---------+--------------+
| Train Pairs       |    1572 | (71.45%)     |
+-------------------+---------+--------------+
| Validation People |     612 |              |
+-------------------+---------+--------------+
| Validation Pairs  |     628 | (28.55%)     |
+-------------------+---------+--------------+
| Dropped Pairs     |       0 | (0.00%)      |
+-------------------+---------+--------------+
2025-01-22 14:14:27,078 - INFO - Data prepared: 1572 training pairs, 628 validation pairs.
2025-01-22 14:14:27,078 - INFO - nn.BCELoss function defined as loss function.
2025-01-22 14:14:27,078 - INFO - Adam optimizer initialized with parameters: {'betas': (0.9, 0.999), 'weight_decay': 1e-05}
2025-01-22 14:14:29,796 - INFO - Epoch 1, Batch 5: Loss = 0.6838, Accuracy = 0.5094
2025-01-22 14:14:31,468 - INFO - Epoch 1, Batch 10: Loss = 0.7184, Accuracy = 0.5047
2025-01-22 14:14:32,389 - INFO - Epoch 1: AUC = 0.5142
2025-01-22 14:14:33,296 - INFO - Validation: Loss = 0.7248, Accuracy = 0.5080, Precision = 0.5166, Recall = 0.7662, F1 = 0.6171
2025-01-22 14:14:33,301 - INFO - Epoch 1/200: Train Loss = 0.7320, Val Loss = 0.7248
2025-01-22 14:14:34,506 - INFO - Checkpoint saved at ./output/checkpoints//best_model.pth
2025-01-22 14:14:34,753 - INFO - Model improved at epoch 1. Checkpoint saved.
2025-01-22 14:14:36,432 - INFO - Epoch 2, Batch 5: Loss = 0.7531, Accuracy = 0.4813
2025-01-22 14:14:38,091 - INFO - Epoch 2, Batch 10: Loss = 0.7575, Accuracy = 0.5039
2025-01-22 14:14:38,957 - INFO - Epoch 2: AUC = 0.5065
2025-01-22 14:14:39,867 - INFO - Validation: Loss = 0.7185, Accuracy = 0.5159, Precision = 0.5167, Recall = 0.9969, F1 = 0.6807
2025-01-22 14:14:39,871 - INFO - Epoch 2/200: Train Loss = 0.7324, Val Loss = 0.7185
2025-01-22 14:14:40,993 - INFO - Checkpoint saved at ./output/checkpoints//best_model.pth
2025-01-22 14:14:41,488 - INFO - Model improved at epoch 2. Checkpoint saved.
2025-01-22 14:14:43,153 - INFO - Epoch 3, Batch 5: Loss = 0.8096, Accuracy = 0.4781
2025-01-22 14:14:44,810 - INFO - Epoch 3, Batch 10: Loss = 0.7630, Accuracy = 0.4906
2025-01-22 14:14:45,672 - INFO - Epoch 3: AUC = 0.4908
2025-01-22 14:14:46,604 - INFO - Validation: Loss = 0.7174, Accuracy = 0.5191, Precision = 0.5184, Recall = 0.9969, F1 = 0.6821
2025-01-22 14:14:46,608 - INFO - Epoch 3/200: Train Loss = 0.7378, Val Loss = 0.7174
2025-01-22 14:14:47,854 - INFO - Checkpoint saved at ./output/checkpoints//best_model.pth
2025-01-22 14:14:48,568 - INFO - Model improved at epoch 3. Checkpoint saved.
2025-01-22 14:14:50,241 - INFO - Epoch 4, Batch 5: Loss = 0.7177, Accuracy = 0.5016
2025-01-22 14:14:51,914 - INFO - Epoch 4, Batch 10: Loss = 0.7244, Accuracy = 0.5008
2025-01-22 14:14:52,783 - INFO - Epoch 4: AUC = 0.5172
2025-01-22 14:14:53,690 - INFO - Validation: Loss = 0.7163, Accuracy = 0.5175, Precision = 0.5175, Recall = 1.0000, F1 = 0.6821
2025-01-22 14:14:53,694 - INFO - Epoch 4/200: Train Loss = 0.7164, Val Loss = 0.7163
2025-01-22 14:14:54,973 - INFO - Checkpoint saved at ./output/checkpoints//best_model.pth
2025-01-22 14:14:55,487 - INFO - Model improved at epoch 4. Checkpoint saved.
2025-01-22 14:14:57,239 - INFO - Epoch 5, Batch 5: Loss = 0.7331, Accuracy = 0.4969
2025-01-22 14:14:59,063 - INFO - Epoch 5, Batch 10: Loss = 0.7345, Accuracy = 0.4961
2025-01-22 14:14:59,968 - INFO - Epoch 5: AUC = 0.5039
2025-01-22 14:15:01,125 - INFO - Validation: Loss = 0.7149, Accuracy = 0.5175, Precision = 0.5175, Recall = 1.0000, F1 = 0.6821
2025-01-22 14:15:01,132 - INFO - Epoch 5/200: Train Loss = 0.7200, Val Loss = 0.7149
2025-01-22 14:15:02,463 - INFO - Checkpoint saved at ./output/checkpoints//best_model.pth
2025-01-22 14:15:03,027 - INFO - Model improved at epoch 5. Checkpoint saved.
2025-01-22 14:15:04,700 - INFO - Epoch 6, Batch 5: Loss = 0.7334, Accuracy = 0.4938
2025-01-22 14:15:06,387 - INFO - Epoch 6, Batch 10: Loss = 0.7194, Accuracy = 0.4875
2025-01-22 14:15:07,246 - INFO - Epoch 6: AUC = 0.5013
2025-01-22 14:15:08,150 - INFO - Validation: Loss = 0.7168, Accuracy = 0.5175, Precision = 0.5175, Recall = 1.0000, F1 = 0.6821
2025-01-22 14:15:08,154 - INFO - Epoch 6/200: Train Loss = 0.7202, Val Loss = 0.7168
2025-01-22 14:15:09,842 - INFO - Epoch 7, Batch 5: Loss = 0.7438, Accuracy = 0.4672
2025-01-22 14:15:11,501 - INFO - Epoch 7, Batch 10: Loss = 0.7078, Accuracy = 0.4859
2025-01-22 14:15:12,362 - INFO - Epoch 7: AUC = 0.4857
2025-01-22 14:15:13,265 - INFO - Validation: Loss = 0.7273, Accuracy = 0.5143, Precision = 0.5160, Recall = 0.9938, F1 = 0.6793
2025-01-22 14:15:13,269 - INFO - Epoch 7/200: Train Loss = 0.7209, Val Loss = 0.7273
2025-01-22 14:15:14,978 - INFO - Epoch 8, Batch 5: Loss = 0.7280, Accuracy = 0.4859
2025-01-22 14:15:16,635 - INFO - Epoch 8, Batch 10: Loss = 0.6982, Accuracy = 0.4930
2025-01-22 14:15:17,508 - INFO - Epoch 8: AUC = 0.4841
2025-01-22 14:15:18,415 - INFO - Validation: Loss = 0.7109, Accuracy = 0.5175, Precision = 0.5175, Recall = 1.0000, F1 = 0.6821
2025-01-22 14:15:18,420 - INFO - Epoch 8/200: Train Loss = 0.7186, Val Loss = 0.7109
2025-01-22 14:15:19,696 - INFO - Checkpoint saved at ./output/checkpoints//best_model.pth
2025-01-22 14:15:20,229 - INFO - Model improved at epoch 8. Checkpoint saved.
2025-01-22 14:15:21,950 - INFO - Epoch 9, Batch 5: Loss = 0.7128, Accuracy = 0.4672
2025-01-22 14:15:23,603 - INFO - Epoch 9, Batch 10: Loss = 0.7045, Accuracy = 0.4922
2025-01-22 14:15:24,465 - INFO - Epoch 9: AUC = 0.4956
2025-01-22 14:15:25,366 - INFO - Validation: Loss = 0.7100, Accuracy = 0.5175, Precision = 0.5175, Recall = 1.0000, F1 = 0.6821
2025-01-22 14:15:25,370 - INFO - Epoch 9/200: Train Loss = 0.7170, Val Loss = 0.7100
2025-01-22 14:15:26,254 - INFO - Checkpoint saved at ./output/checkpoints//best_model.pth
2025-01-22 14:15:26,756 - INFO - Model improved at epoch 9. Checkpoint saved.
2025-01-22 14:15:28,420 - INFO - Epoch 10, Batch 5: Loss = 0.7159, Accuracy = 0.5094
2025-01-22 14:15:30,082 - INFO - Epoch 10, Batch 10: Loss = 0.7158, Accuracy = 0.4906
2025-01-22 14:15:30,941 - INFO - Epoch 10: AUC = 0.5054
2025-01-22 14:15:31,845 - INFO - Validation: Loss = 0.7089, Accuracy = 0.5175, Precision = 0.5175, Recall = 1.0000, F1 = 0.6821
2025-01-22 14:15:31,850 - INFO - Epoch 10/200: Train Loss = 0.7143, Val Loss = 0.7089
2025-01-22 14:15:33,053 - INFO - Checkpoint saved at ./output/checkpoints//best_model.pth
2025-01-22 14:15:33,601 - INFO - Model improved at epoch 10. Checkpoint saved.
2025-01-22 14:15:35,249 - INFO - Epoch 11, Batch 5: Loss = 0.7086, Accuracy = 0.4969
2025-01-22 14:15:36,910 - INFO - Epoch 11, Batch 10: Loss = 0.7189, Accuracy = 0.4953
2025-01-22 14:15:37,766 - INFO - Epoch 11: AUC = 0.4925
2025-01-22 14:15:38,675 - INFO - Validation: Loss = 0.7081, Accuracy = 0.5175, Precision = 0.5175, Recall = 1.0000, F1 = 0.6821
2025-01-22 14:15:38,679 - INFO - Epoch 11/200: Train Loss = 0.7145, Val Loss = 0.7081
2025-01-22 14:15:39,958 - INFO - Checkpoint saved at ./output/checkpoints//best_model.pth
2025-01-22 14:15:40,673 - INFO - Model improved at epoch 11. Checkpoint saved.
2025-01-22 14:15:42,351 - INFO - Epoch 12, Batch 5: Loss = 0.7135, Accuracy = 0.4828
2025-01-22 14:15:43,996 - INFO - Epoch 12, Batch 10: Loss = 0.7362, Accuracy = 0.4953
2025-01-22 14:15:44,854 - INFO - Epoch 12: AUC = 0.5058
2025-01-22 14:15:45,758 - INFO - Validation: Loss = 0.7069, Accuracy = 0.5175, Precision = 0.5175, Recall = 1.0000, F1 = 0.6821
2025-01-22 14:15:45,762 - INFO - Epoch 12/200: Train Loss = 0.7135, Val Loss = 0.7069
2025-01-22 14:15:46,632 - INFO - Checkpoint saved at ./output/checkpoints//best_model.pth
2025-01-22 14:15:47,105 - INFO - Model improved at epoch 12. Checkpoint saved.
2025-01-22 14:15:48,773 - INFO - Epoch 13, Batch 5: Loss = 0.6812, Accuracy = 0.4938
2025-01-22 14:15:50,431 - INFO - Epoch 13, Batch 10: Loss = 0.7176, Accuracy = 0.5008
2025-01-22 14:15:51,291 - INFO - Epoch 13: AUC = 0.5124
2025-01-22 14:15:52,195 - INFO - Validation: Loss = 0.7061, Accuracy = 0.5175, Precision = 0.5175, Recall = 1.0000, F1 = 0.6821
2025-01-22 14:15:52,199 - INFO - Epoch 13/200: Train Loss = 0.7141, Val Loss = 0.7061
2025-01-22 14:15:53,059 - INFO - Checkpoint saved at ./output/checkpoints//best_model.pth
2025-01-22 14:15:53,529 - INFO - Model improved at epoch 13. Checkpoint saved.
2025-01-22 14:15:55,177 - INFO - Epoch 14, Batch 5: Loss = 0.7057, Accuracy = 0.4891
2025-01-22 14:15:56,829 - INFO - Epoch 14, Batch 10: Loss = 0.7211, Accuracy = 0.4883
2025-01-22 14:15:57,689 - INFO - Epoch 14: AUC = 0.4976
2025-01-22 14:15:58,589 - INFO - Validation: Loss = 0.7010, Accuracy = 0.5000, Precision = 0.5095, Recall = 0.9077, F1 = 0.6527
2025-01-22 14:15:58,593 - INFO - Epoch 14/200: Train Loss = 0.7128, Val Loss = 0.7010
2025-01-22 14:15:59,860 - INFO - Checkpoint saved at ./output/checkpoints//best_model.pth
2025-01-22 14:16:00,566 - INFO - Model improved at epoch 14. Checkpoint saved.
2025-01-22 14:16:02,235 - INFO - Epoch 15, Batch 5: Loss = 0.7100, Accuracy = 0.5297
2025-01-22 14:16:03,899 - INFO - Epoch 15, Batch 10: Loss = 0.7457, Accuracy = 0.5078
2025-01-22 14:16:04,769 - INFO - Epoch 15: AUC = 0.5091
2025-01-22 14:16:05,679 - INFO - Validation: Loss = 0.6985, Accuracy = 0.5350, Precision = 0.5364, Recall = 0.7477, F1 = 0.6247
2025-01-22 14:16:05,683 - INFO - Epoch 15/200: Train Loss = 0.7081, Val Loss = 0.6985
2025-01-22 14:16:06,936 - INFO - Checkpoint saved at ./output/checkpoints//best_model.pth
2025-01-22 14:16:07,576 - INFO - Model improved at epoch 15. Checkpoint saved.
2025-01-22 14:16:09,235 - INFO - Epoch 16, Batch 5: Loss = 0.7717, Accuracy = 0.4938
2025-01-22 14:16:10,909 - INFO - Epoch 16, Batch 10: Loss = 0.6957, Accuracy = 0.4875
2025-01-22 14:16:11,774 - INFO - Epoch 16: AUC = 0.4861
2025-01-22 14:16:12,686 - INFO - Validation: Loss = 0.7048, Accuracy = 0.5159, Precision = 0.5168, Recall = 0.9938, F1 = 0.6800
2025-01-22 14:16:12,690 - INFO - Epoch 16/200: Train Loss = 0.7117, Val Loss = 0.7048
2025-01-22 14:16:14,380 - INFO - Epoch 17, Batch 5: Loss = 0.7047, Accuracy = 0.5219
2025-01-22 14:16:16,037 - INFO - Epoch 17, Batch 10: Loss = 0.7174, Accuracy = 0.4930
2025-01-22 14:16:16,922 - INFO - Epoch 17: AUC = 0.5119
2025-01-22 14:16:17,866 - INFO - Validation: Loss = 0.7032, Accuracy = 0.5175, Precision = 0.5175, Recall = 1.0000, F1 = 0.6821
2025-01-22 14:16:17,870 - INFO - Epoch 17/200: Train Loss = 0.7096, Val Loss = 0.7032
2025-01-22 14:16:19,581 - INFO - Epoch 18, Batch 5: Loss = 0.6980, Accuracy = 0.5078
2025-01-22 14:16:21,245 - INFO - Epoch 18, Batch 10: Loss = 0.6930, Accuracy = 0.4914
2025-01-22 14:16:22,107 - INFO - Epoch 18: AUC = 0.5046
2025-01-22 14:16:23,005 - INFO - Validation: Loss = 0.7025, Accuracy = 0.5175, Precision = 0.5175, Recall = 1.0000, F1 = 0.6821
2025-01-22 14:16:23,009 - INFO - Epoch 18/200: Train Loss = 0.7083, Val Loss = 0.7025
2025-01-22 14:16:24,682 - INFO - Epoch 19, Batch 5: Loss = 0.7141, Accuracy = 0.4891
2025-01-22 14:16:26,341 - INFO - Epoch 19, Batch 10: Loss = 0.6996, Accuracy = 0.4836
2025-01-22 14:16:27,206 - INFO - Epoch 19: AUC = 0.5041
2025-01-22 14:16:28,116 - INFO - Validation: Loss = 0.7018, Accuracy = 0.5175, Precision = 0.5175, Recall = 1.0000, F1 = 0.6821
2025-01-22 14:16:28,120 - INFO - Epoch 19/200: Train Loss = 0.7076, Val Loss = 0.7018
2025-01-22 14:16:29,800 - INFO - Epoch 20, Batch 5: Loss = 0.6970, Accuracy = 0.4859
2025-01-22 14:16:31,460 - INFO - Epoch 20, Batch 10: Loss = 0.6966, Accuracy = 0.5000
2025-01-22 14:16:32,325 - INFO - Epoch 20: AUC = 0.5048
2025-01-22 14:16:33,233 - INFO - Validation: Loss = 0.6953, Accuracy = 0.5127, Precision = 0.5155, Recall = 0.9723, F1 = 0.6738
2025-01-22 14:16:33,237 - INFO - Epoch 20/200: Train Loss = 0.7070, Val Loss = 0.6953
2025-01-22 14:16:34,529 - INFO - Checkpoint saved at ./output/checkpoints//best_model.pth
2025-01-22 14:16:35,261 - INFO - Model improved at epoch 20. Checkpoint saved.
2025-01-22 14:16:36,943 - INFO - Epoch 21, Batch 5: Loss = 0.6767, Accuracy = 0.5203
2025-01-22 14:16:38,615 - INFO - Epoch 21, Batch 10: Loss = 0.7029, Accuracy = 0.5016
2025-01-22 14:16:39,478 - INFO - Epoch 21: AUC = 0.4974
2025-01-22 14:16:40,377 - INFO - Validation: Loss = 0.7005, Accuracy = 0.5175, Precision = 0.5175, Recall = 1.0000, F1 = 0.6821
2025-01-22 14:16:40,381 - INFO - Epoch 21/200: Train Loss = 0.7054, Val Loss = 0.7005
2025-01-22 14:16:42,055 - INFO - Epoch 22, Batch 5: Loss = 0.7109, Accuracy = 0.5000
2025-01-22 14:16:43,717 - INFO - Epoch 22, Batch 10: Loss = 0.6793, Accuracy = 0.4922
2025-01-22 14:16:44,577 - INFO - Epoch 22: AUC = 0.5098
2025-01-22 14:16:45,482 - INFO - Validation: Loss = 0.6999, Accuracy = 0.5175, Precision = 0.5175, Recall = 1.0000, F1 = 0.6821
2025-01-22 14:16:45,486 - INFO - Epoch 22/200: Train Loss = 0.7069, Val Loss = 0.6999
2025-01-22 14:16:47,171 - INFO - Epoch 23, Batch 5: Loss = 0.7040, Accuracy = 0.4891
2025-01-22 14:16:48,826 - INFO - Epoch 23, Batch 10: Loss = 0.6853, Accuracy = 0.5039
2025-01-22 14:16:49,688 - INFO - Epoch 23: AUC = 0.5073
2025-01-22 14:16:50,595 - INFO - Validation: Loss = 0.7003, Accuracy = 0.5159, Precision = 0.5167, Recall = 0.9969, F1 = 0.6807
2025-01-22 14:16:50,599 - INFO - Epoch 23/200: Train Loss = 0.7055, Val Loss = 0.7003
2025-01-22 14:16:52,282 - INFO - Epoch 24, Batch 5: Loss = 0.6972, Accuracy = 0.5156
2025-01-22 14:16:53,968 - INFO - Epoch 24, Batch 10: Loss = 0.6990, Accuracy = 0.4953
2025-01-22 14:16:54,977 - INFO - Epoch 24: AUC = 0.5071
2025-01-22 14:16:55,897 - INFO - Validation: Loss = 0.6987, Accuracy = 0.5175, Precision = 0.5175, Recall = 1.0000, F1 = 0.6821
2025-01-22 14:16:55,901 - INFO - Epoch 24/200: Train Loss = 0.7012, Val Loss = 0.6987
2025-01-22 14:16:57,580 - INFO - Epoch 25, Batch 5: Loss = 0.7026, Accuracy = 0.5000
2025-01-22 14:16:59,257 - INFO - Epoch 25, Batch 10: Loss = 0.7228, Accuracy = 0.4875
2025-01-22 14:17:00,125 - INFO - Epoch 25: AUC = 0.5017
2025-01-22 14:17:01,030 - INFO - Validation: Loss = 0.6985, Accuracy = 0.5175, Precision = 0.5175, Recall = 1.0000, F1 = 0.6821
2025-01-22 14:17:01,035 - INFO - Epoch 25/200: Train Loss = 0.7020, Val Loss = 0.6985
2025-01-22 14:17:02,729 - INFO - Epoch 26, Batch 5: Loss = 0.7038, Accuracy = 0.4875
2025-01-22 14:17:04,396 - INFO - Epoch 26, Batch 10: Loss = 0.7059, Accuracy = 0.4906
2025-01-22 14:17:05,257 - INFO - Epoch 26: AUC = 0.4933
2025-01-22 14:17:06,167 - INFO - Validation: Loss = 0.6978, Accuracy = 0.5175, Precision = 0.5175, Recall = 1.0000, F1 = 0.6821
2025-01-22 14:17:06,190 - INFO - Epoch 26/200: Train Loss = 0.7014, Val Loss = 0.6978
2025-01-22 14:17:07,864 - INFO - Epoch 27, Batch 5: Loss = 0.7014, Accuracy = 0.4938
2025-01-22 14:17:09,520 - INFO - Epoch 27, Batch 10: Loss = 0.6885, Accuracy = 0.4984
2025-01-22 14:17:10,378 - INFO - Epoch 27: AUC = 0.4986
2025-01-22 14:17:11,281 - INFO - Validation: Loss = 0.6976, Accuracy = 0.5175, Precision = 0.5175, Recall = 1.0000, F1 = 0.6821
2025-01-22 14:17:11,304 - INFO - Epoch 27/200: Train Loss = 0.7014, Val Loss = 0.6976
2025-01-22 14:17:12,976 - INFO - Epoch 28, Batch 5: Loss = 0.7027, Accuracy = 0.5031
2025-01-22 14:17:14,647 - INFO - Epoch 28, Batch 10: Loss = 0.6906, Accuracy = 0.5031
2025-01-22 14:17:15,526 - INFO - Epoch 28: AUC = 0.5142
2025-01-22 14:17:16,436 - INFO - Validation: Loss = 0.6976, Accuracy = 0.5175, Precision = 0.5175, Recall = 1.0000, F1 = 0.6821
2025-01-22 14:17:16,440 - INFO - Epoch 28/200: Train Loss = 0.6990, Val Loss = 0.6976
2025-01-22 14:17:18,137 - INFO - Epoch 29, Batch 5: Loss = 0.6988, Accuracy = 0.4891
2025-01-22 14:17:19,806 - INFO - Epoch 29, Batch 10: Loss = 0.7053, Accuracy = 0.4938
2025-01-22 14:17:20,677 - INFO - Epoch 29: AUC = 0.4982
2025-01-22 14:17:21,590 - INFO - Validation: Loss = 0.6969, Accuracy = 0.5175, Precision = 0.5175, Recall = 1.0000, F1 = 0.6821
2025-01-22 14:17:21,594 - INFO - Epoch 29/200: Train Loss = 0.6982, Val Loss = 0.6969
2025-01-22 14:17:23,281 - INFO - Epoch 30, Batch 5: Loss = 0.6968, Accuracy = 0.4969
2025-01-22 14:17:24,940 - INFO - Epoch 30, Batch 10: Loss = 0.7062, Accuracy = 0.4828
2025-01-22 14:17:25,800 - INFO - Epoch 30: AUC = 0.4940
2025-01-22 14:17:26,710 - INFO - Validation: Loss = 0.6966, Accuracy = 0.5175, Precision = 0.5175, Recall = 1.0000, F1 = 0.6821
2025-01-22 14:17:26,715 - INFO - Epoch 30/200: Train Loss = 0.7000, Val Loss = 0.6966
2025-01-22 14:17:28,405 - INFO - Epoch 31, Batch 5: Loss = 0.6903, Accuracy = 0.4703
2025-01-22 14:17:30,068 - INFO - Epoch 31, Batch 10: Loss = 0.7025, Accuracy = 0.4898
2025-01-22 14:17:30,947 - INFO - Epoch 31: AUC = 0.4726
2025-01-22 14:17:31,852 - INFO - Validation: Loss = 0.6960, Accuracy = 0.5175, Precision = 0.5175, Recall = 1.0000, F1 = 0.6821
2025-01-22 14:17:31,856 - INFO - Epoch 31/200: Train Loss = 0.6998, Val Loss = 0.6960
2025-01-22 14:17:33,546 - INFO - Epoch 32, Batch 5: Loss = 0.7052, Accuracy = 0.5016
2025-01-22 14:17:35,197 - INFO - Epoch 32, Batch 10: Loss = 0.6991, Accuracy = 0.4969
2025-01-22 14:17:36,050 - INFO - Epoch 32: AUC = 0.5078
2025-01-22 14:17:36,953 - INFO - Validation: Loss = 0.6960, Accuracy = 0.5175, Precision = 0.5175, Recall = 1.0000, F1 = 0.6821
2025-01-22 14:17:36,957 - INFO - Epoch 32/200: Train Loss = 0.6991, Val Loss = 0.6960
2025-01-22 14:17:38,642 - INFO - Epoch 33, Batch 5: Loss = 0.6931, Accuracy = 0.5266
2025-01-22 14:17:40,301 - INFO - Epoch 33, Batch 10: Loss = 0.6988, Accuracy = 0.4930
2025-01-22 14:17:41,168 - INFO - Epoch 33: AUC = 0.5198
2025-01-22 14:17:42,081 - INFO - Validation: Loss = 0.6956, Accuracy = 0.5175, Precision = 0.5175, Recall = 1.0000, F1 = 0.6821
2025-01-22 14:17:42,085 - INFO - Epoch 33/200: Train Loss = 0.6995, Val Loss = 0.6956
2025-01-22 14:17:43,777 - INFO - Epoch 34, Batch 5: Loss = 0.6915, Accuracy = 0.4938
2025-01-22 14:17:45,446 - INFO - Epoch 34, Batch 10: Loss = 0.6956, Accuracy = 0.4852
2025-01-22 14:17:46,308 - INFO - Epoch 34: AUC = 0.4894
2025-01-22 14:17:47,215 - INFO - Validation: Loss = 0.6956, Accuracy = 0.5175, Precision = 0.5175, Recall = 1.0000, F1 = 0.6821
2025-01-22 14:17:47,220 - INFO - Epoch 34/200: Train Loss = 0.6970, Val Loss = 0.6956
2025-01-22 14:17:48,899 - INFO - Epoch 35, Batch 5: Loss = 0.7167, Accuracy = 0.4891
2025-01-22 14:17:50,564 - INFO - Epoch 35, Batch 10: Loss = 0.6888, Accuracy = 0.4859
2025-01-22 14:17:51,427 - INFO - Epoch 35: AUC = 0.4978
2025-01-22 14:17:52,340 - INFO - Validation: Loss = 0.6952, Accuracy = 0.5175, Precision = 0.5175, Recall = 1.0000, F1 = 0.6821
2025-01-22 14:17:52,344 - INFO - Epoch 35/200: Train Loss = 0.6977, Val Loss = 0.6952
2025-01-22 14:17:54,042 - INFO - Epoch 36, Batch 5: Loss = 0.6914, Accuracy = 0.4734
2025-01-22 14:17:55,715 - INFO - Epoch 36, Batch 10: Loss = 0.6905, Accuracy = 0.4828
2025-01-22 14:17:56,591 - INFO - Epoch 36: AUC = 0.4761
2025-01-22 14:17:57,503 - INFO - Validation: Loss = 0.6951, Accuracy = 0.5175, Precision = 0.5175, Recall = 1.0000, F1 = 0.6821
2025-01-22 14:17:57,507 - INFO - Epoch 36/200: Train Loss = 0.6972, Val Loss = 0.6951
2025-01-22 14:17:58,443 - INFO - Checkpoint saved at ./output/checkpoints//best_model.pth
2025-01-22 14:17:58,909 - INFO - Model improved at epoch 36. Checkpoint saved.
2025-01-22 14:18:00,568 - INFO - Epoch 37, Batch 5: Loss = 0.6889, Accuracy = 0.4828
2025-01-22 14:18:02,231 - INFO - Epoch 37, Batch 10: Loss = 0.7089, Accuracy = 0.4875
2025-01-22 14:18:03,087 - INFO - Epoch 37: AUC = 0.4892
2025-01-22 14:18:03,989 - INFO - Validation: Loss = 0.6950, Accuracy = 0.5175, Precision = 0.5175, Recall = 1.0000, F1 = 0.6821
2025-01-22 14:18:03,993 - INFO - Epoch 37/200: Train Loss = 0.6970, Val Loss = 0.6950
2025-01-22 14:18:05,676 - INFO - Epoch 38, Batch 5: Loss = 0.6948, Accuracy = 0.5031
2025-01-22 14:18:07,340 - INFO - Epoch 38, Batch 10: Loss = 0.6992, Accuracy = 0.4992
2025-01-22 14:18:08,207 - INFO - Epoch 38: AUC = 0.5154
2025-01-22 14:18:09,122 - INFO - Validation: Loss = 0.6947, Accuracy = 0.5175, Precision = 0.5175, Recall = 1.0000, F1 = 0.6821
2025-01-22 14:18:09,126 - INFO - Epoch 38/200: Train Loss = 0.6969, Val Loss = 0.6947
2025-01-22 14:18:10,351 - INFO - Checkpoint saved at ./output/checkpoints//best_model.pth
2025-01-22 14:18:10,827 - INFO - Model improved at epoch 38. Checkpoint saved.
2025-01-22 14:18:12,510 - INFO - Epoch 39, Batch 5: Loss = 0.6880, Accuracy = 0.5172
2025-01-22 14:18:14,218 - INFO - Epoch 39, Batch 10: Loss = 0.6819, Accuracy = 0.5141
2025-01-22 14:18:15,073 - INFO - Epoch 39: AUC = 0.5109
2025-01-22 14:18:15,979 - INFO - Validation: Loss = 0.6945, Accuracy = 0.5175, Precision = 0.5175, Recall = 1.0000, F1 = 0.6821
2025-01-22 14:18:15,983 - INFO - Epoch 39/200: Train Loss = 0.6974, Val Loss = 0.6945
2025-01-22 14:18:17,212 - INFO - Checkpoint saved at ./output/checkpoints//best_model.pth
2025-01-22 14:18:17,769 - INFO - Model improved at epoch 39. Checkpoint saved.
2025-01-22 14:18:19,420 - INFO - Epoch 40, Batch 5: Loss = 0.6899, Accuracy = 0.4906
2025-01-22 14:18:21,081 - INFO - Epoch 40, Batch 10: Loss = 0.6869, Accuracy = 0.4953
2025-01-22 14:18:21,942 - INFO - Epoch 40: AUC = 0.4910
2025-01-22 14:18:22,850 - INFO - Validation: Loss = 0.6944, Accuracy = 0.5175, Precision = 0.5175, Recall = 1.0000, F1 = 0.6821
2025-01-22 14:18:22,854 - INFO - Epoch 40/200: Train Loss = 0.6970, Val Loss = 0.6944
2025-01-22 14:18:23,776 - INFO - Checkpoint saved at ./output/checkpoints//best_model.pth
2025-01-22 14:18:24,242 - INFO - Model improved at epoch 40. Checkpoint saved.
2025-01-22 14:18:25,932 - INFO - Epoch 41, Batch 5: Loss = 0.7047, Accuracy = 0.4781
2025-01-22 14:18:27,604 - INFO - Epoch 41, Batch 10: Loss = 0.6932, Accuracy = 0.4820
2025-01-22 14:18:28,469 - INFO - Epoch 41: AUC = 0.4769
2025-01-22 14:18:29,371 - INFO - Validation: Loss = 0.6942, Accuracy = 0.5175, Precision = 0.5175, Recall = 1.0000, F1 = 0.6821
2025-01-22 14:18:29,375 - INFO - Epoch 41/200: Train Loss = 0.6958, Val Loss = 0.6942
2025-01-22 14:18:30,687 - INFO - Checkpoint saved at ./output/checkpoints//best_model.pth
2025-01-22 14:18:31,175 - INFO - Model improved at epoch 41. Checkpoint saved.
2025-01-22 14:18:32,844 - INFO - Epoch 42, Batch 5: Loss = 0.6971, Accuracy = 0.4906
2025-01-22 14:18:34,520 - INFO - Epoch 42, Batch 10: Loss = 0.6925, Accuracy = 0.4875
2025-01-22 14:18:35,386 - INFO - Epoch 42: AUC = 0.4914
2025-01-22 14:18:36,295 - INFO - Validation: Loss = 0.6941, Accuracy = 0.5175, Precision = 0.5175, Recall = 1.0000, F1 = 0.6821
2025-01-22 14:18:36,316 - INFO - Epoch 42/200: Train Loss = 0.6954, Val Loss = 0.6941
2025-01-22 14:18:37,547 - INFO - Checkpoint saved at ./output/checkpoints//best_model.pth
2025-01-22 14:18:38,277 - INFO - Model improved at epoch 42. Checkpoint saved.
2025-01-22 14:18:39,940 - INFO - Epoch 43, Batch 5: Loss = 0.7027, Accuracy = 0.5062
2025-01-22 14:18:41,615 - INFO - Epoch 43, Batch 10: Loss = 0.7016, Accuracy = 0.4891
2025-01-22 14:18:42,481 - INFO - Epoch 43: AUC = 0.5111
2025-01-22 14:18:43,386 - INFO - Validation: Loss = 0.6940, Accuracy = 0.5175, Precision = 0.5175, Recall = 1.0000, F1 = 0.6821
2025-01-22 14:18:43,390 - INFO - Epoch 43/200: Train Loss = 0.6969, Val Loss = 0.6940
2025-01-22 14:18:44,340 - INFO - Checkpoint saved at ./output/checkpoints//best_model.pth
2025-01-22 14:18:44,819 - INFO - Model improved at epoch 43. Checkpoint saved.
2025-01-22 14:18:46,487 - INFO - Epoch 44, Batch 5: Loss = 0.6949, Accuracy = 0.4859
2025-01-22 14:18:48,154 - INFO - Epoch 44, Batch 10: Loss = 0.6966, Accuracy = 0.4820
2025-01-22 14:18:49,018 - INFO - Epoch 44: AUC = 0.4873
2025-01-22 14:18:49,927 - INFO - Validation: Loss = 0.6938, Accuracy = 0.5175, Precision = 0.5175, Recall = 1.0000, F1 = 0.6821
2025-01-22 14:18:49,931 - INFO - Epoch 44/200: Train Loss = 0.6956, Val Loss = 0.6938
2025-01-22 14:18:51,170 - INFO - Checkpoint saved at ./output/checkpoints//best_model.pth
2025-01-22 14:18:51,685 - INFO - Model improved at epoch 44. Checkpoint saved.
2025-01-22 14:18:53,348 - INFO - Epoch 45, Batch 5: Loss = 0.6947, Accuracy = 0.5031
2025-01-22 14:18:55,006 - INFO - Epoch 45, Batch 10: Loss = 0.7032, Accuracy = 0.4992
2025-01-22 14:18:55,884 - INFO - Epoch 45: AUC = 0.5147
2025-01-22 14:18:56,797 - INFO - Validation: Loss = 0.6938, Accuracy = 0.5175, Precision = 0.5175, Recall = 1.0000, F1 = 0.6821
2025-01-22 14:18:56,801 - INFO - Epoch 45/200: Train Loss = 0.6952, Val Loss = 0.6938
2025-01-22 14:18:58,490 - INFO - Epoch 46, Batch 5: Loss = 0.6937, Accuracy = 0.4969
2025-01-22 14:19:00,160 - INFO - Epoch 46, Batch 10: Loss = 0.6937, Accuracy = 0.4953
2025-01-22 14:19:01,020 - INFO - Epoch 46: AUC = 0.5075
2025-01-22 14:19:01,928 - INFO - Validation: Loss = 0.6936, Accuracy = 0.5175, Precision = 0.5175, Recall = 1.0000, F1 = 0.6821
2025-01-22 14:19:01,932 - INFO - Epoch 46/200: Train Loss = 0.6949, Val Loss = 0.6936
2025-01-22 14:19:02,809 - INFO - Checkpoint saved at ./output/checkpoints//best_model.pth
2025-01-22 14:19:03,302 - INFO - Model improved at epoch 46. Checkpoint saved.
2025-01-22 14:19:04,964 - INFO - Epoch 47, Batch 5: Loss = 0.6991, Accuracy = 0.5047
2025-01-22 14:19:06,623 - INFO - Epoch 47, Batch 10: Loss = 0.6998, Accuracy = 0.4914
2025-01-22 14:19:07,485 - INFO - Epoch 47: AUC = 0.5041
2025-01-22 14:19:08,395 - INFO - Validation: Loss = 0.6936, Accuracy = 0.5175, Precision = 0.5175, Recall = 1.0000, F1 = 0.6821
2025-01-22 14:19:08,399 - INFO - Epoch 47/200: Train Loss = 0.6949, Val Loss = 0.6936
2025-01-22 14:19:10,088 - INFO - Epoch 48, Batch 5: Loss = 0.6996, Accuracy = 0.5078
2025-01-22 14:19:11,738 - INFO - Epoch 48, Batch 10: Loss = 0.6928, Accuracy = 0.4891
2025-01-22 14:19:12,590 - INFO - Epoch 48: AUC = 0.5064
2025-01-22 14:19:13,512 - INFO - Validation: Loss = 0.6935, Accuracy = 0.5175, Precision = 0.5175, Recall = 1.0000, F1 = 0.6821
2025-01-22 14:19:13,535 - INFO - Epoch 48/200: Train Loss = 0.6946, Val Loss = 0.6935
2025-01-22 14:19:14,757 - INFO - Checkpoint saved at ./output/checkpoints//best_model.pth
2025-01-22 14:19:15,446 - INFO - Model improved at epoch 48. Checkpoint saved.
2025-01-22 14:19:17,135 - INFO - Epoch 49, Batch 5: Loss = 0.6971, Accuracy = 0.4625
2025-01-22 14:19:18,792 - INFO - Epoch 49, Batch 10: Loss = 0.6892, Accuracy = 0.4984
2025-01-22 14:19:19,649 - INFO - Epoch 49: AUC = 0.4842
2025-01-22 14:19:20,553 - INFO - Validation: Loss = 0.6934, Accuracy = 0.5175, Precision = 0.5175, Recall = 1.0000, F1 = 0.6821
2025-01-22 14:19:20,557 - INFO - Epoch 49/200: Train Loss = 0.6952, Val Loss = 0.6934
2025-01-22 14:19:22,235 - INFO - Epoch 50, Batch 5: Loss = 0.6941, Accuracy = 0.4859
2025-01-22 14:19:23,909 - INFO - Epoch 50, Batch 10: Loss = 0.6921, Accuracy = 0.4922
2025-01-22 14:19:24,803 - INFO - Epoch 50: AUC = 0.4962
2025-01-22 14:19:25,709 - INFO - Validation: Loss = 0.6934, Accuracy = 0.5175, Precision = 0.5175, Recall = 1.0000, F1 = 0.6821
2025-01-22 14:19:25,713 - INFO - Epoch 50/200: Train Loss = 0.6952, Val Loss = 0.6934
2025-01-22 14:19:26,932 - INFO - Checkpoint saved at ./output/checkpoints//best_model.pth
2025-01-22 14:19:27,417 - INFO - Model improved at epoch 50. Checkpoint saved.
2025-01-22 14:19:29,068 - INFO - Epoch 51, Batch 5: Loss = 0.6895, Accuracy = 0.5156
2025-01-22 14:19:30,731 - INFO - Epoch 51, Batch 10: Loss = 0.6990, Accuracy = 0.4930
2025-01-22 14:19:31,592 - INFO - Epoch 51: AUC = 0.5190
2025-01-22 14:19:32,503 - INFO - Validation: Loss = 0.6933, Accuracy = 0.5175, Precision = 0.5175, Recall = 1.0000, F1 = 0.6821
2025-01-22 14:19:32,507 - INFO - Epoch 51/200: Train Loss = 0.6944, Val Loss = 0.6933
2025-01-22 14:19:34,188 - INFO - Epoch 52, Batch 5: Loss = 0.6927, Accuracy = 0.5406
2025-01-22 14:19:35,853 - INFO - Epoch 52, Batch 10: Loss = 0.7024, Accuracy = 0.4961
2025-01-22 14:19:36,715 - INFO - Epoch 52: AUC = 0.5415
2025-01-22 14:19:37,612 - INFO - Validation: Loss = 0.6933, Accuracy = 0.5175, Precision = 0.5175, Recall = 1.0000, F1 = 0.6821
2025-01-22 14:19:37,616 - INFO - Epoch 52/200: Train Loss = 0.6939, Val Loss = 0.6933
2025-01-22 14:19:39,301 - INFO - Epoch 53, Batch 5: Loss = 0.6917, Accuracy = 0.5047
2025-01-22 14:19:40,956 - INFO - Epoch 53, Batch 10: Loss = 0.6932, Accuracy = 0.4828
2025-01-22 14:19:41,825 - INFO - Epoch 53: AUC = 0.4928
2025-01-22 14:19:42,730 - INFO - Validation: Loss = 0.6932, Accuracy = 0.5175, Precision = 0.5175, Recall = 1.0000, F1 = 0.6821
2025-01-22 14:19:42,734 - INFO - Epoch 53/200: Train Loss = 0.6949, Val Loss = 0.6932
2025-01-22 14:19:43,868 - INFO - Checkpoint saved at ./output/checkpoints//best_model.pth
2025-01-22 14:19:44,350 - INFO - Model improved at epoch 53. Checkpoint saved.
2025-01-22 14:19:46,022 - INFO - Epoch 54, Batch 5: Loss = 0.6965, Accuracy = 0.4766
2025-01-22 14:19:47,680 - INFO - Epoch 54, Batch 10: Loss = 0.6927, Accuracy = 0.4938
2025-01-22 14:19:48,540 - INFO - Epoch 54: AUC = 0.4960
2025-01-22 14:19:49,446 - INFO - Validation: Loss = 0.6930, Accuracy = 0.5175, Precision = 0.5175, Recall = 1.0000, F1 = 0.6821
2025-01-22 14:19:49,464 - INFO - Epoch 54/200: Train Loss = 0.6939, Val Loss = 0.6930
2025-01-22 14:19:50,755 - INFO - Checkpoint saved at ./output/checkpoints//best_model.pth
2025-01-22 14:19:51,455 - INFO - Model improved at epoch 54. Checkpoint saved.
2025-01-22 14:19:53,124 - INFO - Epoch 55, Batch 5: Loss = 0.6978, Accuracy = 0.5000
2025-01-22 14:19:54,777 - INFO - Epoch 55, Batch 10: Loss = 0.6967, Accuracy = 0.4922
2025-01-22 14:19:55,639 - INFO - Epoch 55: AUC = 0.4945
2025-01-22 14:19:56,555 - INFO - Validation: Loss = 0.6932, Accuracy = 0.5175, Precision = 0.5175, Recall = 1.0000, F1 = 0.6821
2025-01-22 14:19:56,559 - INFO - Epoch 55/200: Train Loss = 0.6945, Val Loss = 0.6932
2025-01-22 14:19:58,245 - INFO - Epoch 56, Batch 5: Loss = 0.6917, Accuracy = 0.4969
2025-01-22 14:19:59,907 - INFO - Epoch 56, Batch 10: Loss = 0.6984, Accuracy = 0.5023
2025-01-22 14:20:00,769 - INFO - Epoch 56: AUC = 0.4835
2025-01-22 14:20:01,677 - INFO - Validation: Loss = 0.6928, Accuracy = 0.5191, Precision = 0.5185, Recall = 0.9908, F1 = 0.6808
2025-01-22 14:20:01,681 - INFO - Epoch 56/200: Train Loss = 0.6938, Val Loss = 0.6928
2025-01-22 14:20:02,986 - INFO - Checkpoint saved at ./output/checkpoints//best_model.pth
2025-01-22 14:20:03,529 - INFO - Model improved at epoch 56. Checkpoint saved.
2025-01-22 14:20:05,233 - INFO - Epoch 57, Batch 5: Loss = 0.6891, Accuracy = 0.5047
2025-01-22 14:20:06,899 - INFO - Epoch 57, Batch 10: Loss = 0.6931, Accuracy = 0.4984
2025-01-22 14:20:07,780 - INFO - Epoch 57: AUC = 0.5058
2025-01-22 14:20:08,688 - INFO - Validation: Loss = 0.6931, Accuracy = 0.5175, Precision = 0.5175, Recall = 1.0000, F1 = 0.6821
2025-01-22 14:20:08,692 - INFO - Epoch 57/200: Train Loss = 0.6951, Val Loss = 0.6931
2025-01-22 14:20:10,384 - INFO - Epoch 58, Batch 5: Loss = 0.6951, Accuracy = 0.4984
2025-01-22 14:20:12,038 - INFO - Epoch 58, Batch 10: Loss = 0.6924, Accuracy = 0.4969
2025-01-22 14:20:12,898 - INFO - Epoch 58: AUC = 0.5018
2025-01-22 14:20:13,804 - INFO - Validation: Loss = 0.6946, Accuracy = 0.5096, Precision = 0.5146, Recall = 0.9200, F1 = 0.6600
2025-01-22 14:20:13,808 - INFO - Epoch 58/200: Train Loss = 0.6943, Val Loss = 0.6946
2025-01-22 14:20:15,484 - INFO - Epoch 59, Batch 5: Loss = 0.6950, Accuracy = 0.5062
2025-01-22 14:20:17,138 - INFO - Epoch 59, Batch 10: Loss = 0.6915, Accuracy = 0.5016
2025-01-22 14:20:17,998 - INFO - Epoch 59: AUC = 0.5140
2025-01-22 14:20:18,904 - INFO - Validation: Loss = 0.6931, Accuracy = 0.5175, Precision = 0.5175, Recall = 1.0000, F1 = 0.6821
2025-01-22 14:20:18,908 - INFO - Epoch 59/200: Train Loss = 0.6945, Val Loss = 0.6931
2025-01-22 14:20:20,588 - INFO - Epoch 60, Batch 5: Loss = 0.6931, Accuracy = 0.4953
2025-01-22 14:20:22,257 - INFO - Epoch 60, Batch 10: Loss = 0.6924, Accuracy = 0.5000
2025-01-22 14:20:23,117 - INFO - Epoch 60: AUC = 0.5020
2025-01-22 14:20:24,025 - INFO - Validation: Loss = 0.6930, Accuracy = 0.5175, Precision = 0.5175, Recall = 1.0000, F1 = 0.6821
2025-01-22 14:20:24,029 - INFO - Epoch 60/200: Train Loss = 0.6938, Val Loss = 0.6930
2025-01-22 14:20:25,716 - INFO - Epoch 61, Batch 5: Loss = 0.6940, Accuracy = 0.5188
2025-01-22 14:20:27,380 - INFO - Epoch 61, Batch 10: Loss = 0.6944, Accuracy = 0.5070
2025-01-22 14:20:28,239 - INFO - Epoch 61: AUC = 0.5355
2025-01-22 14:20:29,152 - INFO - Validation: Loss = 0.6930, Accuracy = 0.5175, Precision = 0.5175, Recall = 1.0000, F1 = 0.6821
2025-01-22 14:20:29,156 - INFO - Epoch 61/200: Train Loss = 0.6939, Val Loss = 0.6930
2025-01-22 14:20:30,836 - INFO - Epoch 62, Batch 5: Loss = 0.6943, Accuracy = 0.4766
2025-01-22 14:20:32,500 - INFO - Epoch 62, Batch 10: Loss = 0.6927, Accuracy = 0.4914
2025-01-22 14:20:33,373 - INFO - Epoch 62: AUC = 0.4948
2025-01-22 14:20:34,285 - INFO - Validation: Loss = 0.6930, Accuracy = 0.5175, Precision = 0.5175, Recall = 1.0000, F1 = 0.6821
2025-01-22 14:20:34,289 - INFO - Epoch 62/200: Train Loss = 0.6935, Val Loss = 0.6930
2025-01-22 14:20:35,980 - INFO - Epoch 63, Batch 5: Loss = 0.6917, Accuracy = 0.4641
2025-01-22 14:20:37,643 - INFO - Epoch 63, Batch 10: Loss = 0.6943, Accuracy = 0.4805
2025-01-22 14:20:38,506 - INFO - Epoch 63: AUC = 0.4748
2025-01-22 14:20:39,411 - INFO - Validation: Loss = 0.6930, Accuracy = 0.5175, Precision = 0.5175, Recall = 1.0000, F1 = 0.6821
2025-01-22 14:20:39,415 - INFO - Epoch 63/200: Train Loss = 0.6936, Val Loss = 0.6930
2025-01-22 14:20:41,103 - INFO - Epoch 64, Batch 5: Loss = 0.6960, Accuracy = 0.4766
2025-01-22 14:20:42,765 - INFO - Epoch 64, Batch 10: Loss = 0.6930, Accuracy = 0.4977
2025-01-22 14:20:43,626 - INFO - Epoch 64: AUC = 0.4920
2025-01-22 14:20:44,531 - INFO - Validation: Loss = 0.6930, Accuracy = 0.5175, Precision = 0.5175, Recall = 1.0000, F1 = 0.6821
2025-01-22 14:20:44,535 - INFO - Epoch 64/200: Train Loss = 0.6936, Val Loss = 0.6930
2025-01-22 14:20:46,209 - INFO - Epoch 65, Batch 5: Loss = 0.6944, Accuracy = 0.4766
2025-01-22 14:20:47,899 - INFO - Epoch 65, Batch 10: Loss = 0.6955, Accuracy = 0.4898
2025-01-22 14:20:48,759 - INFO - Epoch 65: AUC = 0.4933
2025-01-22 14:20:49,661 - INFO - Validation: Loss = 0.6930, Accuracy = 0.5175, Precision = 0.5175, Recall = 1.0000, F1 = 0.6821
2025-01-22 14:20:49,665 - INFO - Epoch 65/200: Train Loss = 0.6936, Val Loss = 0.6930
2025-01-22 14:20:51,347 - INFO - Epoch 66, Batch 5: Loss = 0.6928, Accuracy = 0.5219
2025-01-22 14:20:53,010 - INFO - Epoch 66, Batch 10: Loss = 0.6949, Accuracy = 0.4922
2025-01-22 14:20:53,870 - INFO - Epoch 66: AUC = 0.5285
2025-01-22 14:20:54,779 - INFO - Validation: Loss = 0.6930, Accuracy = 0.5175, Precision = 0.5175, Recall = 1.0000, F1 = 0.6821
2025-01-22 14:20:54,783 - INFO - Epoch 66/200: Train Loss = 0.6933, Val Loss = 0.6930
2025-01-22 14:20:56,471 - INFO - Epoch 67, Batch 5: Loss = 0.6934, Accuracy = 0.4906
2025-01-22 14:20:58,132 - INFO - Epoch 67, Batch 10: Loss = 0.6934, Accuracy = 0.4859
2025-01-22 14:20:58,997 - INFO - Epoch 67: AUC = 0.4891
2025-01-22 14:20:59,916 - INFO - Validation: Loss = 0.6930, Accuracy = 0.5175, Precision = 0.5175, Recall = 1.0000, F1 = 0.6821
2025-01-22 14:20:59,921 - INFO - Epoch 67/200: Train Loss = 0.6935, Val Loss = 0.6930
2025-01-22 14:21:01,607 - INFO - Epoch 68, Batch 5: Loss = 0.6939, Accuracy = 0.4641
2025-01-22 14:21:03,268 - INFO - Epoch 68, Batch 10: Loss = 0.6924, Accuracy = 0.4898
2025-01-22 14:21:04,128 - INFO - Epoch 68: AUC = 0.4742
2025-01-22 14:21:05,038 - INFO - Validation: Loss = 0.6930, Accuracy = 0.5175, Precision = 0.5175, Recall = 1.0000, F1 = 0.6821
2025-01-22 14:21:05,042 - INFO - Epoch 68/200: Train Loss = 0.6935, Val Loss = 0.6930
2025-01-22 14:21:06,736 - INFO - Epoch 69, Batch 5: Loss = 0.6942, Accuracy = 0.5031
2025-01-22 14:21:08,388 - INFO - Epoch 69, Batch 10: Loss = 0.6943, Accuracy = 0.4984
2025-01-22 14:21:09,251 - INFO - Epoch 69: AUC = 0.5216
2025-01-22 14:21:10,160 - INFO - Validation: Loss = 0.6930, Accuracy = 0.5175, Precision = 0.5175, Recall = 1.0000, F1 = 0.6821
2025-01-22 14:21:10,164 - INFO - Epoch 69/200: Train Loss = 0.6933, Val Loss = 0.6930
2025-01-22 14:21:11,853 - INFO - Epoch 70, Batch 5: Loss = 0.6942, Accuracy = 0.4547
2025-01-22 14:21:13,506 - INFO - Epoch 70, Batch 10: Loss = 0.6941, Accuracy = 0.4789
2025-01-22 14:21:14,367 - INFO - Epoch 70: AUC = 0.4652
2025-01-22 14:21:15,275 - INFO - Validation: Loss = 0.6931, Accuracy = 0.5175, Precision = 0.5175, Recall = 1.0000, F1 = 0.6821
2025-01-22 14:21:15,279 - INFO - Epoch 70/200: Train Loss = 0.6933, Val Loss = 0.6931
2025-01-22 14:21:16,980 - INFO - Epoch 71, Batch 5: Loss = 0.6934, Accuracy = 0.4797
2025-01-22 14:21:18,667 - INFO - Epoch 71, Batch 10: Loss = 0.6929, Accuracy = 0.4828
2025-01-22 14:21:19,534 - INFO - Epoch 71: AUC = 0.4773
2025-01-22 14:21:20,445 - INFO - Validation: Loss = 0.6931, Accuracy = 0.5175, Precision = 0.5175, Recall = 1.0000, F1 = 0.6821
2025-01-22 14:21:20,449 - INFO - Epoch 71/200: Train Loss = 0.6931, Val Loss = 0.6931
2025-01-22 14:21:22,124 - INFO - Epoch 72, Batch 5: Loss = 0.6933, Accuracy = 0.5000
2025-01-22 14:21:23,780 - INFO - Epoch 72, Batch 10: Loss = 0.6937, Accuracy = 0.4906
2025-01-22 14:21:24,642 - INFO - Epoch 72: AUC = 0.5154
2025-01-22 14:21:25,557 - INFO - Validation: Loss = 0.6931, Accuracy = 0.5175, Precision = 0.5175, Recall = 1.0000, F1 = 0.6821
2025-01-22 14:21:25,561 - INFO - Epoch 72/200: Train Loss = 0.6933, Val Loss = 0.6931
2025-01-22 14:21:27,290 - INFO - Epoch 73, Batch 5: Loss = 0.6940, Accuracy = 0.4828
2025-01-22 14:21:29,014 - INFO - Epoch 73, Batch 10: Loss = 0.6937, Accuracy = 0.4891
2025-01-22 14:21:30,034 - INFO - Epoch 73: AUC = 0.4894
2025-01-22 14:21:30,945 - INFO - Validation: Loss = 0.6931, Accuracy = 0.5175, Precision = 0.5175, Recall = 1.0000, F1 = 0.6821
2025-01-22 14:21:30,949 - INFO - Epoch 73/200: Train Loss = 0.6932, Val Loss = 0.6931
2025-01-22 14:21:32,635 - INFO - Epoch 74, Batch 5: Loss = 0.6932, Accuracy = 0.5172
2025-01-22 14:21:34,307 - INFO - Epoch 74, Batch 10: Loss = 0.6948, Accuracy = 0.4992
2025-01-22 14:21:35,178 - INFO - Epoch 74: AUC = 0.4746
2025-01-22 14:21:36,094 - INFO - Validation: Loss = 0.6931, Accuracy = 0.5175, Precision = 0.5175, Recall = 1.0000, F1 = 0.6821
2025-01-22 14:21:36,098 - INFO - Epoch 74/200: Train Loss = 0.6933, Val Loss = 0.6931
2025-01-22 14:21:37,795 - INFO - Epoch 75, Batch 5: Loss = 0.6932, Accuracy = 0.4672
2025-01-22 14:21:39,463 - INFO - Epoch 75, Batch 10: Loss = 0.6927, Accuracy = 0.4852
2025-01-22 14:21:40,326 - INFO - Epoch 75: AUC = 0.4870
2025-01-22 14:21:41,245 - INFO - Validation: Loss = 0.6931, Accuracy = 0.5175, Precision = 0.5175, Recall = 1.0000, F1 = 0.6821
2025-01-22 14:21:41,249 - INFO - Epoch 75/200: Train Loss = 0.6933, Val Loss = 0.6931
2025-01-22 14:21:42,931 - INFO - Epoch 76, Batch 5: Loss = 0.6937, Accuracy = 0.4672
2025-01-22 14:21:44,591 - INFO - Epoch 76, Batch 10: Loss = 0.6936, Accuracy = 0.4789
2025-01-22 14:21:45,460 - INFO - Epoch 76: AUC = 0.4976
2025-01-22 14:21:46,378 - INFO - Validation: Loss = 0.6931, Accuracy = 0.5175, Precision = 0.5175, Recall = 1.0000, F1 = 0.6821
2025-01-22 14:21:46,382 - INFO - Epoch 76/200: Train Loss = 0.6933, Val Loss = 0.6931
2025-01-22 14:21:48,075 - INFO - Epoch 77, Batch 5: Loss = 0.6934, Accuracy = 0.4859
2025-01-22 14:21:49,732 - INFO - Epoch 77, Batch 10: Loss = 0.6938, Accuracy = 0.5000
2025-01-22 14:21:50,621 - INFO - Epoch 77: AUC = 0.4919
2025-01-22 14:21:51,536 - INFO - Validation: Loss = 0.6931, Accuracy = 0.5175, Precision = 0.5175, Recall = 1.0000, F1 = 0.6821
2025-01-22 14:21:51,541 - INFO - Epoch 77/200: Train Loss = 0.6932, Val Loss = 0.6931
2025-01-22 14:21:53,211 - INFO - Epoch 78, Batch 5: Loss = 0.6930, Accuracy = 0.5016
2025-01-22 14:21:54,872 - INFO - Epoch 78, Batch 10: Loss = 0.6930, Accuracy = 0.4984
2025-01-22 14:21:55,752 - INFO - Epoch 78: AUC = 0.5049
2025-01-22 14:21:56,662 - INFO - Validation: Loss = 0.6931, Accuracy = 0.5175, Precision = 0.5175, Recall = 1.0000, F1 = 0.6821
2025-01-22 14:21:56,666 - INFO - Epoch 78/200: Train Loss = 0.6932, Val Loss = 0.6931
2025-01-22 14:21:58,358 - INFO - Epoch 79, Batch 5: Loss = 0.6932, Accuracy = 0.4906
2025-01-22 14:22:00,038 - INFO - Epoch 79, Batch 10: Loss = 0.6933, Accuracy = 0.4750
2025-01-22 14:22:00,903 - INFO - Epoch 79: AUC = 0.4848
2025-01-22 14:22:01,814 - INFO - Validation: Loss = 0.6931, Accuracy = 0.5175, Precision = 0.5175, Recall = 1.0000, F1 = 0.6821
2025-01-22 14:22:01,818 - INFO - Epoch 79/200: Train Loss = 0.6932, Val Loss = 0.6931
2025-01-22 14:22:03,511 - INFO - Epoch 80, Batch 5: Loss = 0.6932, Accuracy = 0.4719
2025-01-22 14:22:05,189 - INFO - Epoch 80, Batch 10: Loss = 0.6932, Accuracy = 0.4953
2025-01-22 14:22:06,063 - INFO - Epoch 80: AUC = 0.4923
2025-01-22 14:22:06,978 - INFO - Validation: Loss = 0.6931, Accuracy = 0.5175, Precision = 0.5175, Recall = 1.0000, F1 = 0.6821
2025-01-22 14:22:06,982 - INFO - Epoch 80/200: Train Loss = 0.6931, Val Loss = 0.6931
2025-01-22 14:22:08,672 - INFO - Epoch 81, Batch 5: Loss = 0.6932, Accuracy = 0.4609
2025-01-22 14:22:10,330 - INFO - Epoch 81, Batch 10: Loss = 0.6931, Accuracy = 0.4922
2025-01-22 14:22:11,198 - INFO - Epoch 81: AUC = 0.4650
2025-01-22 14:22:12,111 - INFO - Validation: Loss = 0.6931, Accuracy = 0.5175, Precision = 0.5175, Recall = 1.0000, F1 = 0.6821
2025-01-22 14:22:12,115 - INFO - Epoch 81/200: Train Loss = 0.6932, Val Loss = 0.6931
2025-01-22 14:22:13,799 - INFO - Epoch 82, Batch 5: Loss = 0.6931, Accuracy = 0.4984
2025-01-22 14:22:15,466 - INFO - Epoch 82, Batch 10: Loss = 0.6932, Accuracy = 0.4820
2025-01-22 14:22:16,331 - INFO - Epoch 82: AUC = 0.4903
2025-01-22 14:22:17,234 - INFO - Validation: Loss = 0.6931, Accuracy = 0.4825, Precision = 1.0000, Recall = 0.0000, F1 = 0.0000
2025-01-22 14:22:17,238 - INFO - Epoch 82/200: Train Loss = 0.6932, Val Loss = 0.6931
2025-01-22 14:22:18,921 - INFO - Epoch 83, Batch 5: Loss = 0.6931, Accuracy = 0.5016
2025-01-22 14:22:20,620 - INFO - Epoch 83, Batch 10: Loss = 0.6931, Accuracy = 0.5094
2025-01-22 14:22:21,487 - INFO - Epoch 83: AUC = 0.5094
2025-01-22 14:22:22,421 - INFO - Validation: Loss = 0.6932, Accuracy = 0.4825, Precision = 1.0000, Recall = 0.0000, F1 = 0.0000
2025-01-22 14:22:22,425 - INFO - Epoch 83/200: Train Loss = 0.6932, Val Loss = 0.6932
2025-01-22 14:22:24,124 - INFO - Epoch 84, Batch 5: Loss = 0.6932, Accuracy = 0.5047
2025-01-22 14:22:25,790 - INFO - Epoch 84, Batch 10: Loss = 0.6932, Accuracy = 0.5062
2025-01-22 14:22:26,657 - INFO - Epoch 84: AUC = 0.5069
2025-01-22 14:22:27,570 - INFO - Validation: Loss = 0.6932, Accuracy = 0.4825, Precision = 1.0000, Recall = 0.0000, F1 = 0.0000
2025-01-22 14:22:27,574 - INFO - Epoch 84/200: Train Loss = 0.6931, Val Loss = 0.6932
2025-01-22 14:22:29,265 - INFO - Epoch 85, Batch 5: Loss = 0.6930, Accuracy = 0.5094
2025-01-22 14:22:30,932 - INFO - Epoch 85, Batch 10: Loss = 0.6933, Accuracy = 0.5070
2025-01-22 14:22:31,802 - INFO - Epoch 85: AUC = 0.5019
2025-01-22 14:22:32,724 - INFO - Validation: Loss = 0.6932, Accuracy = 0.4825, Precision = 1.0000, Recall = 0.0000, F1 = 0.0000
2025-01-22 14:22:32,728 - INFO - Epoch 85/200: Train Loss = 0.6931, Val Loss = 0.6932
2025-01-22 14:22:34,409 - INFO - Epoch 86, Batch 5: Loss = 0.6932, Accuracy = 0.5344
2025-01-22 14:22:36,072 - INFO - Epoch 86, Batch 10: Loss = 0.6934, Accuracy = 0.5117
2025-01-22 14:22:36,933 - INFO - Epoch 86: AUC = 0.4770
2025-01-22 14:22:37,842 - INFO - Validation: Loss = 0.6932, Accuracy = 0.4825, Precision = 1.0000, Recall = 0.0000, F1 = 0.0000
2025-01-22 14:22:37,846 - INFO - Epoch 86/200: Train Loss = 0.6931, Val Loss = 0.6932
2025-01-22 14:22:39,531 - INFO - Epoch 87, Batch 5: Loss = 0.6932, Accuracy = 0.5047
2025-01-22 14:22:41,200 - INFO - Epoch 87, Batch 10: Loss = 0.6933, Accuracy = 0.5039
2025-01-22 14:22:42,071 - INFO - Epoch 87: AUC = 0.5077
2025-01-22 14:22:42,982 - INFO - Validation: Loss = 0.6932, Accuracy = 0.4825, Precision = 1.0000, Recall = 0.0000, F1 = 0.0000
2025-01-22 14:22:42,986 - INFO - Epoch 87/200: Train Loss = 0.6931, Val Loss = 0.6932
2025-01-22 14:22:44,682 - INFO - Epoch 88, Batch 5: Loss = 0.6928, Accuracy = 0.4797
2025-01-22 14:22:46,346 - INFO - Epoch 88, Batch 10: Loss = 0.6930, Accuracy = 0.5031
2025-01-22 14:22:47,205 - INFO - Epoch 88: AUC = 0.5019
2025-01-22 14:22:48,121 - INFO - Validation: Loss = 0.6932, Accuracy = 0.4825, Precision = 1.0000, Recall = 0.0000, F1 = 0.0000
2025-01-22 14:22:48,125 - INFO - Epoch 88/200: Train Loss = 0.6930, Val Loss = 0.6932
2025-01-22 14:22:49,812 - INFO - Epoch 89, Batch 5: Loss = 0.6928, Accuracy = 0.5234
2025-01-22 14:22:51,484 - INFO - Epoch 89, Batch 10: Loss = 0.6927, Accuracy = 0.5055
2025-01-22 14:22:52,352 - INFO - Epoch 89: AUC = 0.4991
2025-01-22 14:22:53,267 - INFO - Validation: Loss = 0.6932, Accuracy = 0.4825, Precision = 1.0000, Recall = 0.0000, F1 = 0.0000
2025-01-22 14:22:53,271 - INFO - Epoch 89/200: Train Loss = 0.6931, Val Loss = 0.6932
2025-01-22 14:22:54,972 - INFO - Epoch 90, Batch 5: Loss = 0.6926, Accuracy = 0.5125
2025-01-22 14:22:56,671 - INFO - Epoch 90, Batch 10: Loss = 0.6940, Accuracy = 0.5031
2025-01-22 14:22:57,540 - INFO - Epoch 90: AUC = 0.4822
2025-01-22 14:22:58,448 - INFO - Validation: Loss = 0.6932, Accuracy = 0.4825, Precision = 1.0000, Recall = 0.0000, F1 = 0.0000
2025-01-22 14:22:58,452 - INFO - Epoch 90/200: Train Loss = 0.6932, Val Loss = 0.6932
2025-01-22 14:23:00,139 - INFO - Epoch 91, Batch 5: Loss = 0.6931, Accuracy = 0.5109
2025-01-22 14:23:01,805 - INFO - Epoch 91, Batch 10: Loss = 0.6929, Accuracy = 0.5086
2025-01-22 14:23:02,692 - INFO - Epoch 91: AUC = 0.4995
2025-01-22 14:23:03,607 - INFO - Validation: Loss = 0.6932, Accuracy = 0.4825, Precision = 1.0000, Recall = 0.0000, F1 = 0.0000
2025-01-22 14:23:03,611 - INFO - Epoch 91/200: Train Loss = 0.6931, Val Loss = 0.6932
2025-01-22 14:23:05,298 - INFO - Epoch 92, Batch 5: Loss = 0.6937, Accuracy = 0.4969
2025-01-22 14:23:06,967 - INFO - Epoch 92, Batch 10: Loss = 0.6936, Accuracy = 0.5000
2025-01-22 14:23:07,826 - INFO - Epoch 92: AUC = 0.4717
2025-01-22 14:23:08,731 - INFO - Validation: Loss = 0.6933, Accuracy = 0.4825, Precision = 1.0000, Recall = 0.0000, F1 = 0.0000
2025-01-22 14:23:08,735 - INFO - Epoch 92/200: Train Loss = 0.6931, Val Loss = 0.6933
2025-01-22 14:23:10,414 - INFO - Epoch 93, Batch 5: Loss = 0.6930, Accuracy = 0.4922
2025-01-22 14:23:12,109 - INFO - Epoch 93, Batch 10: Loss = 0.6933, Accuracy = 0.5023
2025-01-22 14:23:12,993 - INFO - Epoch 93: AUC = 0.4937
2025-01-22 14:23:13,898 - INFO - Validation: Loss = 0.6933, Accuracy = 0.4825, Precision = 1.0000, Recall = 0.0000, F1 = 0.0000
2025-01-22 14:23:13,902 - INFO - Epoch 93/200: Train Loss = 0.6931, Val Loss = 0.6933
2025-01-22 14:23:15,591 - INFO - Epoch 94, Batch 5: Loss = 0.6933, Accuracy = 0.4797
2025-01-22 14:23:17,251 - INFO - Epoch 94, Batch 10: Loss = 0.6925, Accuracy = 0.5055
2025-01-22 14:23:18,114 - INFO - Epoch 94: AUC = 0.4880
2025-01-22 14:23:19,024 - INFO - Validation: Loss = 0.6932, Accuracy = 0.4825, Precision = 1.0000, Recall = 0.0000, F1 = 0.0000
2025-01-22 14:23:19,028 - INFO - Epoch 94/200: Train Loss = 0.6927, Val Loss = 0.6932
2025-01-22 14:23:20,723 - INFO - Epoch 95, Batch 5: Loss = 0.6982, Accuracy = 0.4859
2025-01-22 14:23:22,388 - INFO - Epoch 95, Batch 10: Loss = 0.6934, Accuracy = 0.5008
2025-01-22 14:23:23,301 - INFO - Epoch 95: AUC = 0.5125
2025-01-22 14:23:24,215 - INFO - Validation: Loss = 0.6929, Accuracy = 0.4825, Precision = 1.0000, Recall = 0.0000, F1 = 0.0000
2025-01-22 14:23:24,219 - INFO - Epoch 95/200: Train Loss = 0.6933, Val Loss = 0.6929
2025-01-22 14:23:25,954 - INFO - Epoch 96, Batch 5: Loss = 0.6935, Accuracy = 0.5109
2025-01-22 14:23:27,659 - INFO - Epoch 96, Batch 10: Loss = 0.6931, Accuracy = 0.5086
2025-01-22 14:23:28,523 - INFO - Epoch 96: AUC = 0.4792
2025-01-22 14:23:29,483 - INFO - Validation: Loss = 0.6933, Accuracy = 0.4825, Precision = 1.0000, Recall = 0.0000, F1 = 0.0000
2025-01-22 14:23:29,487 - INFO - Epoch 96/200: Train Loss = 0.6929, Val Loss = 0.6933
2025-01-22 14:23:31,184 - INFO - Epoch 97, Batch 5: Loss = 0.6946, Accuracy = 0.4891
2025-01-22 14:23:32,976 - INFO - Epoch 97, Batch 10: Loss = 0.6927, Accuracy = 0.5039
2025-01-22 14:23:33,844 - INFO - Epoch 97: AUC = 0.5106
2025-01-22 14:23:34,758 - INFO - Validation: Loss = 0.6933, Accuracy = 0.4825, Precision = 1.0000, Recall = 0.0000, F1 = 0.0000
2025-01-22 14:23:34,762 - INFO - Epoch 97/200: Train Loss = 0.6929, Val Loss = 0.6933
2025-01-22 14:23:36,458 - INFO - Epoch 98, Batch 5: Loss = 0.6922, Accuracy = 0.5391
2025-01-22 14:23:38,125 - INFO - Epoch 98, Batch 10: Loss = 0.6935, Accuracy = 0.5148
2025-01-22 14:23:38,989 - INFO - Epoch 98: AUC = 0.4723
2025-01-22 14:23:39,901 - INFO - Validation: Loss = 0.6934, Accuracy = 0.4825, Precision = 1.0000, Recall = 0.0000, F1 = 0.0000
2025-01-22 14:23:39,905 - INFO - Epoch 98/200: Train Loss = 0.6928, Val Loss = 0.6934
2025-01-22 14:23:41,603 - INFO - Epoch 99, Batch 5: Loss = 0.6929, Accuracy = 0.4813
2025-01-22 14:23:43,290 - INFO - Epoch 99, Batch 10: Loss = 0.6909, Accuracy = 0.5016
2025-01-22 14:23:44,152 - INFO - Epoch 99: AUC = 0.5266
2025-01-22 14:23:45,067 - INFO - Validation: Loss = 0.6934, Accuracy = 0.4825, Precision = 1.0000, Recall = 0.0000, F1 = 0.0000
2025-01-22 14:23:45,071 - INFO - Epoch 99/200: Train Loss = 0.6931, Val Loss = 0.6934
2025-01-22 14:23:46,754 - INFO - Epoch 100, Batch 5: Loss = 0.6936, Accuracy = 0.5125
2025-01-22 14:23:48,429 - INFO - Epoch 100, Batch 10: Loss = 0.6923, Accuracy = 0.5094
2025-01-22 14:23:49,293 - INFO - Epoch 100: AUC = 0.5004
2025-01-22 14:23:50,204 - INFO - Validation: Loss = 0.6934, Accuracy = 0.4825, Precision = 1.0000, Recall = 0.0000, F1 = 0.0000
2025-01-22 14:23:50,208 - INFO - Epoch 100/200: Train Loss = 0.6931, Val Loss = 0.6934
2025-01-22 14:23:51,895 - INFO - Epoch 101, Batch 5: Loss = 0.6941, Accuracy = 0.4766
2025-01-22 14:23:53,563 - INFO - Epoch 101, Batch 10: Loss = 0.6930, Accuracy = 0.4969
2025-01-22 14:23:54,420 - INFO - Epoch 101: AUC = 0.4772
2025-01-22 14:23:55,321 - INFO - Validation: Loss = 0.6934, Accuracy = 0.4825, Precision = 1.0000, Recall = 0.0000, F1 = 0.0000
2025-01-22 14:23:55,325 - INFO - Epoch 101/200: Train Loss = 0.6930, Val Loss = 0.6934
2025-01-22 14:23:57,015 - INFO - Epoch 102, Batch 5: Loss = 0.6934, Accuracy = 0.5141
2025-01-22 14:23:58,680 - INFO - Epoch 102, Batch 10: Loss = 0.6940, Accuracy = 0.5055
2025-01-22 14:23:59,540 - INFO - Epoch 102: AUC = 0.4890
2025-01-22 14:24:00,451 - INFO - Validation: Loss = 0.6934, Accuracy = 0.4825, Precision = 1.0000, Recall = 0.0000, F1 = 0.0000
2025-01-22 14:24:00,455 - INFO - Epoch 102/200: Train Loss = 0.6931, Val Loss = 0.6934
2025-01-22 14:24:02,146 - INFO - Epoch 103, Batch 5: Loss = 0.6948, Accuracy = 0.5172
2025-01-22 14:24:03,808 - INFO - Epoch 103, Batch 10: Loss = 0.6940, Accuracy = 0.4984
2025-01-22 14:24:04,671 - INFO - Epoch 103: AUC = 0.4735
2025-01-22 14:24:05,578 - INFO - Validation: Loss = 0.6934, Accuracy = 0.4825, Precision = 1.0000, Recall = 0.0000, F1 = 0.0000
2025-01-22 14:24:05,582 - INFO - Epoch 103/200: Train Loss = 0.6929, Val Loss = 0.6934
2025-01-22 14:24:07,260 - INFO - Epoch 104, Batch 5: Loss = 0.6954, Accuracy = 0.4875
2025-01-22 14:24:08,927 - INFO - Epoch 104, Batch 10: Loss = 0.6922, Accuracy = 0.5125
2025-01-22 14:24:09,785 - INFO - Epoch 104: AUC = 0.4858
2025-01-22 14:24:10,687 - INFO - Validation: Loss = 0.6934, Accuracy = 0.4825, Precision = 1.0000, Recall = 0.0000, F1 = 0.0000
2025-01-22 14:24:10,691 - INFO - Epoch 104/200: Train Loss = 0.6931, Val Loss = 0.6934
2025-01-22 14:24:12,389 - INFO - Epoch 105, Batch 5: Loss = 0.6926, Accuracy = 0.5172
2025-01-22 14:24:14,048 - INFO - Epoch 105, Batch 10: Loss = 0.6932, Accuracy = 0.5133
2025-01-22 14:24:14,901 - INFO - Epoch 105: AUC = 0.4896
2025-01-22 14:24:15,806 - INFO - Validation: Loss = 0.6934, Accuracy = 0.4825, Precision = 1.0000, Recall = 0.0000, F1 = 0.0000
2025-01-22 14:24:15,810 - INFO - Epoch 105/200: Train Loss = 0.6933, Val Loss = 0.6934
2025-01-22 14:24:17,490 - INFO - Epoch 106, Batch 5: Loss = 0.6934, Accuracy = 0.5109
2025-01-22 14:24:19,154 - INFO - Epoch 106, Batch 10: Loss = 0.6919, Accuracy = 0.5148
2025-01-22 14:24:20,007 - INFO - Epoch 106: AUC = 0.4977
2025-01-22 14:24:20,915 - INFO - Validation: Loss = 0.6934, Accuracy = 0.4825, Precision = 1.0000, Recall = 0.0000, F1 = 0.0000
2025-01-22 14:24:20,919 - INFO - Epoch 106/200: Train Loss = 0.6931, Val Loss = 0.6934
2025-01-22 14:24:20,920 - INFO - Early stopping triggered.
