2025-01-22 14:03:04,616 - INFO - Initialized Conv2d weights with mean=0.0, std=0.01
2025-01-22 14:03:04,616 - INFO - Initialized Conv2d bias with mean=0.5, std=0.01
2025-01-22 14:03:04,618 - INFO - Initialized Conv2d weights with mean=0.0, std=0.01
2025-01-22 14:03:04,619 - INFO - Initialized Conv2d bias with mean=0.5, std=0.01
2025-01-22 14:03:04,620 - INFO - Initialized Conv2d weights with mean=0.0, std=0.01
2025-01-22 14:03:04,620 - INFO - Initialized Conv2d bias with mean=0.5, std=0.01
2025-01-22 14:03:04,623 - INFO - Initialized Conv2d weights with mean=0.0, std=0.01
2025-01-22 14:03:04,623 - INFO - Initialized Conv2d bias with mean=0.5, std=0.01
2025-01-22 14:03:04,810 - INFO - Initialized Linear weights with mean=0.0, std=0.2
2025-01-22 14:03:04,810 - INFO - Initialized Linear bias with mean=0.5, std=0.01
2025-01-22 14:03:04,810 - INFO - Initialized Linear weights with mean=0.0, std=0.2
2025-01-22 14:03:04,810 - INFO - Initialized Linear bias with mean=0.5, std=0.01
2025-01-22 14:03:05,554 - INFO - Split Results:
2025-01-22 14:03:05,555 - INFO - 
+-------------------+---------+--------------+
| Metric            |   Count | Percentage   |
+===================+=========+==============+
| Train People      |    1520 |              |
+-------------------+---------+--------------+
| Train Pairs       |    1572 | (71.45%)     |
+-------------------+---------+--------------+
| Validation People |     612 |              |
+-------------------+---------+--------------+
| Validation Pairs  |     628 | (28.55%)     |
+-------------------+---------+--------------+
| Dropped Pairs     |       0 | (0.00%)      |
+-------------------+---------+--------------+
2025-01-22 14:03:05,556 - INFO - Data prepared: 1572 training pairs, 628 validation pairs.
2025-01-22 14:03:05,556 - INFO - nn.BCELoss function defined as loss function.
2025-01-22 14:03:05,556 - INFO - Adam optimizer initialized with parameters: {'betas': [0.9, 0.999], 'weight_decay': '1e-5'}
